[0KRunning with gitlab-runner 13.7.0 (943fc252)
[0;m[0K  on Web Core Client - Tests- docker+machine Gu_oFDiR
[0;msection_start:1619092589:prepare_executor[0K[0K[36;1mPreparing the "docker+machine" executor[0;m
[0;m[0KUsing Docker executor with image node:12.16.1 ...
[0;m[0KPulling docker image node:12.16.1 ...
[0;m[0KUsing docker image sha256:88c089733a3b980b3517e8e2e8afa46b338f69d7562550cb3c2e9fd852a2fbac for node:12.16.1 with digest node@sha256:46f4c17e1edbde36d60a9f6362db7912cfe301bac89afef7cc92421ab3e7ca18 ...
[0;msection_end:1619092592:prepare_executor[0Ksection_start:1619092592:prepare_script[0K[0K[36;1mPreparing environment[0;m
[0;mRunning on runner-guofdir-project-20143087-concurrent-0 via runner-guofdir-IS-Pipeline-gitlab-runner-1619092072-32439f8d...
section_end:1619092593:prepare_script[0Ksection_start:1619092593:get_sources[0K[0K[36;1mGetting source from Git repository[0;m
[0;m[32;1mFetching changes with git depth set to 1...[0;m
Initialized empty Git repository in /builds/infraspeak/web/web-core-client/.git/
[32;1mCreated fresh repository.[0;m
[32;1mChecking out 4047889d as v0.99.7...[0;m

[32;1mSkipping Git submodules setup[0;m
section_end:1619092596:get_sources[0Ksection_start:1619092596:restore_cache[0K[0K[36;1mRestoring cache[0;m
[0;m[32;1mChecking cache for v0-99-7...[0;m
Downloading cache.zip from https://is-gitlab-runners-cache.s3.dualstack.eu-west-1.amazonaws.com/project/20143087/v0-99-7[0;m 
[32;1mSuccessfully extracted cache[0;m
section_end:1619092631:restore_cache[0Ksection_start:1619092631:step_script[0K[0K[36;1mExecuting "step_script" stage of the job script[0;m
[0;m[32;1m$ npm run build-production[0;m

> infraspeak-web-core-client@0.99.0 build-production /builds/infraspeak/web/web-core-client
> vue-cli-service build --mode production --dest dist


-  Building for production...
Starting type checking service...
Using 1 worker with 2048MB memory limit
Browserslist: caniuse-lite is outdated. Please run:
npx browserslist@latest --update-db

Why you should do it regularly:
https://github.com/browserslist/browserslist#browsers-data-updating
Browserslist: caniuse-lite is outdated. Please run:
npx browserslist@latest --update-db

Why you should do it regularly:
https://github.com/browserslist/browserslist#browsers-data-updating
 WARNING  Compiled with 20 warnings12:02:11 PM

Module Warning (from ./node_modules/eslint-loader/index.js):
error: Unexpected console statement (no-console) at src/components/chart/analytic/ChartAnalytic.vue:249:25:
  247 |                         this.isLoadingData = false
  248 | 
> 249 |                         console.error('error getting data: ', error)
      |                         ^
  250 |                     })
  251 |             }
  252 | 


error: Unexpected console statement (no-console) at src/components/chart/analytic/ChartAnalytic.vue:329:29:
  327 |                         })
  328 |                         .catch(error => {
> 329 |                             console.error('error exporting data: ', error)
      |                             ^
  330 |                         })
  331 |                         .finally(progressNoty.close)
  332 | 


2 errors found.

You may use special comments to disable some warnings.
Use // eslint-disable-next-line to ignore the next line.
Use /* eslint-disable */ to ignore all warnings in a file.
 warning  in ./src/models/Base.transformer.ts

Module Warning (from ./node_modules/thread-loader/dist/cjs.js):

/builds/infraspeak/web/web-core-client/src/models/Base.transformer.ts
  46:17  error  Unexpected console statement  no-console

✖ 1 problem (1 error, 0 warnings)


 @ ./src/models/entity/Entity.transformer.v3.ts 7:0-60 70:2-17
 @ ./src/api/entity.api.ts
 @ ./src/store/root/Root.store.ts
 @ ./src/plugins/analytics/analytics.plugin.ts
 @ ./src/main.ts
 @ multi ./src/main.ts

 warning  in ./src/store/root/Root.store.ts

Module Warning (from ./node_modules/thread-loader/dist/cjs.js):

/builds/infraspeak/web/web-core-client/src/store/root/Root.store.ts
  342:17  error  Unexpected console statement  no-console

✖ 1 problem (1 error, 0 warnings)


 @ ./src/plugins/analytics/analytics.plugin.ts 9:0-52 19:14-23 20:16-25 21:16-25 22:40-49 27:8-17 28:27-36 29:28-37 52:19-28 52:49-58
 @ ./src/main.ts
 @ multi ./src/main.ts

 warning  

chunk chunk-323a1331 [mini-css-extract-plugin]
Conflicting order. Following module has been added:
 * css ./node_modules/css-loader/dist/cjs.js??ref--6-oneOf-1-1!./node_modules/vue-loader/lib/loaders/stylePostLoader.js!./node_modules/postcss-loader/src??ref--6-oneOf-1-2!./node_modules/cache-loader/dist/cjs.js??ref--0-0!./node_modules/vue-loader/lib??vue-loader-options!./src/assets/images/IsGearLogo.vue?vue&type=style&index=0&lang=css&
despite it was not able to fulfill desired ordering with these modules:
 * css ./node_modules/css-loader/dist/cjs.js??ref--8-oneOf-1-1!./node_modules/vue-loader/lib/loaders/stylePostLoader.js!./node_modules/postcss-loader/src??ref--8-oneOf-1-2!./node_modules/sass-loader/dist/cjs.js??ref--8-oneOf-1-3!./node_modules/cache-loader/dist/cjs.js??ref--0-0!./node_modules/vue-loader/lib??vue-loader-options!./src/components/common/tag/popover/IsTagPopover.vue?vue&type=style&index=0&lang=scss&
   - couldn't fulfill desired order of chunk group(s) assets-screen, failures-screen, planner-screen, purchases-screen, sales-screen, sales-quotes, , , , , , , , , , , , , 
   - while fulfilling desired order of chunk group(s) scheduled-works-screen, works-screen, screen-direct-app, , , , 

 warning  

chunk chunk-323a1331 [mini-css-extract-plugin]
Conflicting order. Following module has been added:
 * css ./node_modules/css-loader/dist/cjs.js??ref--8-oneOf-1-1!./node_modules/vue-loader/lib/loaders/stylePostLoader.js!./node_modules/postcss-loader/src??ref--8-oneOf-1-2!./node_modules/sass-loader/dist/cjs.js??ref--8-oneOf-1-3!./node_modules/cache-loader/dist/cjs.js??ref--0-0!./node_modules/vue-loader/lib??vue-loader-options!./src/components/common/tag/popover/IsTagPopover.vue?vue&type=style&index=0&lang=scss&
despite it was not able to fulfill desired ordering with these modules:
 * css ./node_modules/css-loader/dist/cjs.js??ref--8-oneOf-1-1!./node_modules/vue-loader/lib/loaders/stylePostLoader.js!./node_modules/postcss-loader/src??ref--8-oneOf-1-2!./node_modules/sass-loader/dist/cjs.js??ref--8-oneOf-1-3!./node_modules/cache-loader/dist/cjs.js??ref--0-0!./node_modules/vue-loader/lib??vue-loader-options!./src/components/common/select/IsSelect.vue?vue&type=style&index=0&lang=scss&
   - couldn't fulfill desired order of chunk group(s) scheduled-works-screen, works-screen, screen-direct-app, , , 
   - while fulfilling desired order of chunk group(s) assets-screen, failures-screen, planner-screen, purchases-screen, sales-screen, sales-quotes, , , , , , , , , , , , , , 

 warning  

chunk chunk-3abb3d5c [mini-css-extract-plugin]
Conflicting order. Following module has been added:
 * css ./node_modules/css-loader/dist/cjs.js??ref--8-oneOf-1-1!./node_modules/vue-loader/lib/loaders/stylePostLoader.js!./node_modules/postcss-loader/src??ref--8-oneOf-1-2!./node_modules/sass-loader/dist/cjs.js??ref--8-oneOf-1-3!./node_modules/cache-loader/dist/cjs.js??ref--0-0!./node_modules/vue-loader/lib??vue-loader-options!./src/components/summary/operator/SummaryOperator.vue?vue&type=style&index=0&id=51377b1a&lang=scss&scoped=true&
despite it was not able to fulfill desired ordering with these modules:
 * css ./node_modules/css-loader/dist/cjs.js??ref--8-oneOf-1-1!./node_modules/vue-loader/lib/loaders/stylePostLoader.js!./node_modules/postcss-loader/src??ref--8-oneOf-1-2!./node_modules/sass-loader/dist/cjs.js??ref--8-oneOf-1-3!./node_modules/cache-loader/dist/cjs.js??ref--0-0!./node_modules/vue-loader/lib??vue-loader-options!./src/components/common/navigation-panel/IsNavigationPanel.vue?vue&type=style&index=0&lang=scss&
   - couldn't fulfill desired order of chunk group(s) failures-screen, purchases-screen, sales-screen, sales-quotes, screen-direct-app, , , , , , 
   - while fulfilling desired order of chunk group(s) assets-screen, scheduled-works-screen, works-screen, 
 * css ./node_modules/css-loader/dist/cjs.js??ref--8-oneOf-1-1!./node_modules/vue-loader/lib/loaders/stylePostLoader.js!./node_modules/postcss-loader/src??ref--8-oneOf-1-2!./node_modules/sass-loader/dist/cjs.js??ref--8-oneOf-1-3!./node_modules/cache-loader/dist/cjs.js??ref--0-0!./node_modules/vue-loader/lib??vue-loader-options!./src/components/common/section-title/IsSectionTitle.vue?vue&type=style&index=0&id=436d790a&lang=scss&scoped=true&
   - couldn't fulfill desired order of chunk group(s) failures-screen, purchases-screen, sales-screen, sales-quotes, screen-direct-app, , , , , , 
   - while fulfilling desired order of chunk group(s) assets-screen, scheduled-works-screen, works-screen, 
 * css ./node_modules/css-loader/dist/cjs.js??ref--8-oneOf-1-1!./node_modules/vue-loader/lib/loaders/stylePostLoader.js!./node_modules/postcss-loader/src??ref--8-oneOf-1-2!./node_modules/sass-loader/dist/cjs.js??ref--8-oneOf-1-3!./node_modules/cache-loader/dist/cjs.js??ref--0-0!./node_modules/vue-loader/lib??vue-loader-options!./src/components/summary/contact/SummaryContact.vue?vue&type=style&index=0&id=8bf1c9a2&lang=scss&scoped=true&
   - couldn't fulfill desired order of chunk group(s) sales-quotes, screen-direct-app, 
   - while fulfilling desired order of chunk group(s) assets-screen, failures-screen, scheduled-works-screen, purchases-screen, sales-screen, works-screen, , , , , , 

 warning  

chunk chunk-3abb3d5c [mini-css-extract-plugin]
Conflicting order. Following module has been added:
 * css ./node_modules/css-loader/dist/cjs.js??ref--8-oneOf-1-1!./node_modules/vue-loader/lib/loaders/stylePostLoader.js!./node_modules/postcss-loader/src??ref--8-oneOf-1-2!./node_modules/sass-loader/dist/cjs.js??ref--8-oneOf-1-3!./node_modules/cache-loader/dist/cjs.js??ref--0-0!./node_modules/vue-loader/lib??vue-loader-options!./src/components/summary/contact/SummaryContact.vue?vue&type=style&index=0&id=8bf1c9a2&lang=scss&scoped=true&
despite it was not able to fulfill desired ordering with these modules:
 * css ./node_modules/css-loader/dist/cjs.js??ref--8-oneOf-1-1!./node_modules/vue-loader/lib/loaders/stylePostLoader.js!./node_modules/postcss-loader/src??ref--8-oneOf-1-2!./node_modules/sass-loader/dist/cjs.js??ref--8-oneOf-1-3!./node_modules/cache-loader/dist/cjs.js??ref--0-0!./node_modules/vue-loader/lib??vue-loader-options!./src/components/chip/operator/ChipOperator.vue?vue&type=style&index=0&id=6fb0e1b8&lang=scss&scoped=true&
   - couldn't fulfill desired order of chunk group(s) failures-screen, scheduled-works-screen, purchases-screen, sales-screen, works-screen, , , , , 
   - while fulfilling desired order of chunk group(s) assets-screen, sales-quotes, screen-direct-app, , 
 * css ./node_modules/css-loader/dist/cjs.js??ref--8-oneOf-1-1!./node_modules/vue-loader/lib/loaders/stylePostLoader.js!./node_modules/postcss-loader/src??ref--8-oneOf-1-2!./node_modules/sass-loader/dist/cjs.js??ref--8-oneOf-1-3!./node_modules/cache-loader/dist/cjs.js??ref--0-0!./node_modules/vue-loader/lib??vue-loader-options!./src/components/common/navigation-panel/IsNavigationPanel.vue?vue&type=style&index=0&lang=scss&
   - couldn't fulfill desired order of chunk group(s) failures-screen, scheduled-works-screen, purchases-screen, sales-screen, sales-quotes, works-screen, , , , , 
   - while fulfilling desired order of chunk group(s) assets-screen, screen-direct-app, , 
 * css ./node_modules/css-loader/dist/cjs.js??ref--8-oneOf-1-1!./node_modules/vue-loader/lib/loaders/stylePostLoader.js!./node_modules/postcss-loader/src??ref--8-oneOf-1-2!./node_modules/sass-loader/dist/cjs.js??ref--8-oneOf-1-3!./node_modules/cache-loader/dist/cjs.js??ref--0-0!./node_modules/vue-loader/lib??vue-loader-options!./src/components/common/section-title/IsSectionTitle.vue?vue&type=style&index=0&id=436d790a&lang=scss&scoped=true&
   - couldn't fulfill desired order of chunk group(s) failures-screen, scheduled-works-screen, purchases-screen, sales-screen, sales-quotes, works-screen, , , , , 
   - while fulfilling desired order of chunk group(s) assets-screen, screen-direct-app, , 

 warning  

chunk chunk-3abb3d5c [mini-css-extract-plugin]
Conflicting order. Following module has been added:
 * css ./node_modules/css-loader/dist/cjs.js??ref--8-oneOf-1-1!./node_modules/vue-loader/lib/loaders/stylePostLoader.js!./node_modules/postcss-loader/src??ref--8-oneOf-1-2!./node_modules/sass-loader/dist/cjs.js??ref--8-oneOf-1-3!./node_modules/cache-loader/dist/cjs.js??ref--0-0!./node_modules/vue-loader/lib??vue-loader-options!./src/components/tag-popover/contact/TagPopoverContact.vue?vue&type=style&index=0&id=064a5c39&lang=scss&scoped=true&
despite it was not able to fulfill desired ordering with these modules:
 * css ./node_modules/css-loader/dist/cjs.js??ref--8-oneOf-1-1!./node_modules/vue-loader/lib/loaders/stylePostLoader.js!./node_modules/postcss-loader/src??ref--8-oneOf-1-2!./node_modules/sass-loader/dist/cjs.js??ref--8-oneOf-1-3!./node_modules/cache-loader/dist/cjs.js??ref--0-0!./node_modules/vue-loader/lib??vue-loader-options!./src/components/chip/operator/ChipOperator.vue?vue&type=style&index=0&id=6fb0e1b8&lang=scss&scoped=true&
   - couldn't fulfill desired order of chunk group(s) failures-screen, scheduled-works-screen, purchases-screen, sales-screen, sales-quotes, works-screen, screen-direct-app, , , , , , 
   - while fulfilling desired order of chunk group(s) assets-screen, 
 * css ./node_modules/css-loader/dist/cjs.js??ref--8-oneOf-1-1!./node_modules/vue-loader/lib/loaders/stylePostLoader.js!./node_modules/postcss-loader/src??ref--8-oneOf-1-2!./node_modules/sass-loader/dist/cjs.js??ref--8-oneOf-1-3!./node_modules/cache-loader/dist/cjs.js??ref--0-0!./node_modules/vue-loader/lib??vue-loader-options!./src/components/common/navigation-panel/IsNavigationPanel.vue?vue&type=style&index=0&lang=scss&
   - couldn't fulfill desired order of chunk group(s) failures-screen, scheduled-works-screen, purchases-screen, sales-screen, sales-quotes, works-screen, screen-direct-app, , , , , , 
   - while fulfilling desired order of chunk group(s) assets-screen, 
 * css ./node_modules/css-loader/dist/cjs.js??ref--8-oneOf-1-1!./node_modules/vue-loader/lib/loaders/stylePostLoader.js!./node_modules/postcss-loader/src??ref--8-oneOf-1-2!./node_modules/sass-loader/dist/cjs.js??ref--8-oneOf-1-3!./node_modules/cache-loader/dist/cjs.js??ref--0-0!./node_modules/vue-loader/lib??vue-loader-options!./src/components/common/section-title/IsSectionTitle.vue?vue&type=style&index=0&id=436d790a&lang=scss&scoped=true&
   - couldn't fulfill desired order of chunk group(s) failures-screen, scheduled-works-screen, purchases-screen, sales-screen, sales-quotes, works-screen, screen-direct-app, , , , , , 
   - while fulfilling desired order of chunk group(s) assets-screen, 

 warning  

chunk chunk-3abb3d5c [mini-css-extract-plugin]
Conflicting order. Following module has been added:
 * css ./node_modules/css-loader/dist/cjs.js??ref--8-oneOf-1-1!./node_modules/vue-loader/lib/loaders/stylePostLoader.js!./node_modules/postcss-loader/src??ref--8-oneOf-1-2!./node_modules/sass-loader/dist/cjs.js??ref--8-oneOf-1-3!./node_modules/cache-loader/dist/cjs.js??ref--0-0!./node_modules/vue-loader/lib??vue-loader-options!./src/components/common/history-item/IsHistoryItemHeader.vue?vue&type=style&index=0&lang=scss&
despite it was not able to fulfill desired ordering with these modules:
 * css ./node_modules/css-loader/dist/cjs.js??ref--8-oneOf-1-1!./node_modules/vue-loader/lib/loaders/stylePostLoader.js!./node_modules/postcss-loader/src??ref--8-oneOf-1-2!./node_modules/sass-loader/dist/cjs.js??ref--8-oneOf-1-3!./node_modules/cache-loader/dist/cjs.js??ref--0-0!./node_modules/vue-loader/lib??vue-loader-options!./src/components/chip/operator/ChipOperator.vue?vue&type=style&index=0&id=6fb0e1b8&lang=scss&scoped=true&
   - couldn't fulfill desired order of chunk group(s) failures-screen, scheduled-works-screen, purchases-screen, sales-screen, sales-quotes, works-screen, screen-direct-app, , , , , , 
   - while fulfilling desired order of chunk group(s) assets-screen, 
 * css ./node_modules/css-loader/dist/cjs.js??ref--8-oneOf-1-1!./node_modules/vue-loader/lib/loaders/stylePostLoader.js!./node_modules/postcss-loader/src??ref--8-oneOf-1-2!./node_modules/sass-loader/dist/cjs.js??ref--8-oneOf-1-3!./node_modules/cache-loader/dist/cjs.js??ref--0-0!./node_modules/vue-loader/lib??vue-loader-options!./src/components/common/navigation-panel/IsNavigationPanel.vue?vue&type=style&index=0&lang=scss&
   - couldn't fulfill desired order of chunk group(s) failures-screen, scheduled-works-screen, purchases-screen, sales-screen, sales-quotes, works-screen, screen-direct-app, , , , , , 
   - while fulfilling desired order of chunk group(s) assets-screen, 
 * css ./node_modules/css-loader/dist/cjs.js??ref--8-oneOf-1-1!./node_modules/vue-loader/lib/loaders/stylePostLoader.js!./node_modules/postcss-loader/src??ref--8-oneOf-1-2!./node_modules/sass-loader/dist/cjs.js??ref--8-oneOf-1-3!./node_modules/cache-loader/dist/cjs.js??ref--0-0!./node_modules/vue-loader/lib??vue-loader-options!./src/components/common/section-title/IsSectionTitle.vue?vue&type=style&index=0&id=436d790a&lang=scss&scoped=true&
   - couldn't fulfill desired order of chunk group(s) failures-screen, scheduled-works-screen, purchases-screen, sales-screen, sales-quotes, works-screen, screen-direct-app, , , , , , 
   - while fulfilling desired order of chunk group(s) assets-screen, 

 warning  

chunk chunk-3abb3d5c [mini-css-extract-plugin]
Conflicting order. Following module has been added:
 * css ./node_modules/css-loader/dist/cjs.js??ref--8-oneOf-1-1!./node_modules/vue-loader/lib/loaders/stylePostLoader.js!./node_modules/postcss-loader/src??ref--8-oneOf-1-2!./node_modules/sass-loader/dist/cjs.js??ref--8-oneOf-1-3!./node_modules/cache-loader/dist/cjs.js??ref--0-0!./node_modules/vue-loader/lib??vue-loader-options!./src/components/common/section-title/IsSectionTitle.vue?vue&type=style&index=0&id=436d790a&lang=scss&scoped=true&
despite it was not able to fulfill desired ordering with these modules:
 * css ./node_modules/css-loader/dist/cjs.js??ref--8-oneOf-1-1!./node_modules/vue-loader/lib/loaders/stylePostLoader.js!./node_modules/postcss-loader/src??ref--8-oneOf-1-2!./node_modules/sass-loader/dist/cjs.js??ref--8-oneOf-1-3!./node_modules/cache-loader/dist/cjs.js??ref--0-0!./node_modules/vue-loader/lib??vue-loader-options!./src/components/chip/operator/ChipOperator.vue?vue&type=style&index=0&id=6fb0e1b8&lang=scss&scoped=true&
   - couldn't fulfill desired order of chunk group(s) assets-screen, scheduled-works-screen, works-screen, 
   - while fulfilling desired order of chunk group(s) failures-screen, purchases-screen, sales-screen, sales-quotes, screen-direct-app, , , , , , 
 * css ./node_modules/css-loader/dist/cjs.js??ref--8-oneOf-1-1!./node_modules/vue-loader/lib/loaders/stylePostLoader.js!./node_modules/postcss-loader/src??ref--8-oneOf-1-2!./node_modules/sass-loader/dist/cjs.js??ref--8-oneOf-1-3!./node_modules/cache-loader/dist/cjs.js??ref--0-0!./node_modules/vue-loader/lib??vue-loader-options!./src/components/common/history-item/IsHistoryItem.vue?vue&type=style&index=0&lang=scss&
   - couldn't fulfill desired order of chunk group(s) assets-screen, 
   - while fulfilling desired order of chunk group(s) failures-screen, scheduled-works-screen, purchases-screen, sales-screen, sales-quotes, works-screen, screen-direct-app, , , , , , 

 warning  

chunk chunk-3abb3d5c [mini-css-extract-plugin]
Conflicting order. Following module has been added:
 * css ./node_modules/css-loader/dist/cjs.js??ref--8-oneOf-1-1!./node_modules/vue-loader/lib/loaders/stylePostLoader.js!./node_modules/postcss-loader/src??ref--8-oneOf-1-2!./node_modules/sass-loader/dist/cjs.js??ref--8-oneOf-1-3!./node_modules/cache-loader/dist/cjs.js??ref--0-0!./node_modules/vue-loader/lib??vue-loader-options!./src/components/common/history-item/IsHistoryItem.vue?vue&type=style&index=0&lang=scss&
despite it was not able to fulfill desired ordering with these modules:
 * css ./node_modules/css-loader/dist/cjs.js??ref--8-oneOf-1-1!./node_modules/vue-loader/lib/loaders/stylePostLoader.js!./node_modules/postcss-loader/src??ref--8-oneOf-1-2!./node_modules/sass-loader/dist/cjs.js??ref--8-oneOf-1-3!./node_modules/cache-loader/dist/cjs.js??ref--0-0!./node_modules/vue-loader/lib??vue-loader-options!./src/components/chip/operator/ChipOperator.vue?vue&type=style&index=0&id=6fb0e1b8&lang=scss&scoped=true&
   - couldn't fulfill desired order of chunk group(s) failures-screen, scheduled-works-screen, purchases-screen, sales-screen, sales-quotes, works-screen, screen-direct-app, , , , , , 
   - while fulfilling desired order of chunk group(s) assets-screen, 
 * css ./node_modules/css-loader/dist/cjs.js??ref--8-oneOf-1-1!./node_modules/vue-loader/lib/loaders/stylePostLoader.js!./node_modules/postcss-loader/src??ref--8-oneOf-1-2!./node_modules/sass-loader/dist/cjs.js??ref--8-oneOf-1-3!./node_modules/cache-loader/dist/cjs.js??ref--0-0!./node_modules/vue-loader/lib??vue-loader-options!./src/components/common/navigation-panel/IsNavigationPanel.vue?vue&type=style&index=0&lang=scss&
   - couldn't fulfill desired order of chunk group(s) failures-screen, scheduled-works-screen, purchases-screen, sales-screen, sales-quotes, works-screen, screen-direct-app, , , , , , 
   - while fulfilling desired order of chunk group(s) assets-screen, 

 warning  

chunk chunk-3abb3d5c [mini-css-extract-plugin]
Conflicting order. Following module has been added:
 * css ./node_modules/css-loader/dist/cjs.js??ref--8-oneOf-1-1!./node_modules/vue-loader/lib/loaders/stylePostLoader.js!./node_modules/postcss-loader/src??ref--8-oneOf-1-2!./node_modules/sass-loader/dist/cjs.js??ref--8-oneOf-1-3!./node_modules/cache-loader/dist/cjs.js??ref--0-0!./node_modules/vue-loader/lib??vue-loader-options!./src/components/chip/operator/ChipOperator.vue?vue&type=style&index=0&id=6fb0e1b8&lang=scss&scoped=true&
despite it was not able to fulfill desired ordering with these modules:
 * css ./node_modules/css-loader/dist/cjs.js??ref--8-oneOf-1-1!./node_modules/vue-loader/lib/loaders/stylePostLoader.js!./node_modules/postcss-loader/src??ref--8-oneOf-1-2!./node_modules/sass-loader/dist/cjs.js??ref--8-oneOf-1-3!./node_modules/cache-loader/dist/cjs.js??ref--0-0!./node_modules/vue-loader/lib??vue-loader-options!./src/components/common/navigation-panel/IsNavigationPanel.vue?vue&type=style&index=0&lang=scss&
   - couldn't fulfill desired order of chunk group(s) failures-screen, purchases-screen, sales-screen, sales-quotes, screen-direct-app, , , , , , 
   - while fulfilling desired order of chunk group(s) assets-screen, scheduled-works-screen, works-screen, 

 warning  

chunk chunk-4a4a2e6d [mini-css-extract-plugin]
Conflicting order. Following module has been added:
 * css ./node_modules/css-loader/dist/cjs.js??ref--8-oneOf-1-1!./node_modules/vue-loader/lib/loaders/stylePostLoader.js!./node_modules/postcss-loader/src??ref--8-oneOf-1-2!./node_modules/sass-loader/dist/cjs.js??ref--8-oneOf-1-3!./node_modules/cache-loader/dist/cjs.js??ref--0-0!./node_modules/vue-loader/lib??vue-loader-options!./src/components/summary/operator/SummaryOperator.vue?vue&type=style&index=0&id=51377b1a&lang=scss&scoped=true&
despite it was not able to fulfill desired ordering with these modules:
 * css ./node_modules/css-loader/dist/cjs.js??ref--8-oneOf-1-1!./node_modules/vue-loader/lib/loaders/stylePostLoader.js!./node_modules/postcss-loader/src??ref--8-oneOf-1-2!./node_modules/sass-loader/dist/cjs.js??ref--8-oneOf-1-3!./node_modules/cache-loader/dist/cjs.js??ref--0-0!./node_modules/vue-loader/lib??vue-loader-options!./src/components/common/time-picker/IsTimePicker.vue?vue&type=style&index=0&id=84536cda&lang=scss&scoped=true&
   - couldn't fulfill desired order of chunk group(s) , 
   - while fulfilling desired order of chunk group(s) planner-screen

 warning  

chunk chunk-4a4a2e6d [mini-css-extract-plugin]
Conflicting order. Following module has been added:
 * css ./node_modules/css-loader/dist/cjs.js??ref--8-oneOf-1-1!./node_modules/vue-loader/lib/loaders/stylePostLoader.js!./node_modules/postcss-loader/src??ref--8-oneOf-1-2!./node_modules/sass-loader/dist/cjs.js??ref--8-oneOf-1-3!./node_modules/cache-loader/dist/cjs.js??ref--0-0!./node_modules/vue-loader/lib??vue-loader-options!./src/components/chip/operator/ChipOperator.vue?vue&type=style&index=0&id=6fb0e1b8&lang=scss&scoped=true&
despite it was not able to fulfill desired ordering with these modules:
 * css ./node_modules/css-loader/dist/cjs.js??ref--8-oneOf-1-1!./node_modules/vue-loader/lib/loaders/stylePostLoader.js!./node_modules/postcss-loader/src??ref--8-oneOf-1-2!./node_modules/sass-loader/dist/cjs.js??ref--8-oneOf-1-3!./node_modules/cache-loader/dist/cjs.js??ref--0-0!./node_modules/vue-loader/lib??vue-loader-options!./src/components/common/time-picker/IsTimePicker.vue?vue&type=style&index=0&id=84536cda&lang=scss&scoped=true&
   - couldn't fulfill desired order of chunk group(s) , 
   - while fulfilling desired order of chunk group(s) planner-screen

 warning  

chunk chunk-d634c212 [mini-css-extract-plugin]
Conflicting order. Following module has been added:
 * css ./node_modules/css-loader/dist/cjs.js??ref--8-oneOf-1-1!./node_modules/vue-loader/lib/loaders/stylePostLoader.js!./node_modules/postcss-loader/src??ref--8-oneOf-1-2!./node_modules/sass-loader/dist/cjs.js??ref--8-oneOf-1-3!./node_modules/cache-loader/dist/cjs.js??ref--0-0!./node_modules/vue-loader/lib??vue-loader-options!./src/components/tag/file/TagFile.vue?vue&type=style&index=0&id=0f740e49&lang=scss&scoped=true&
despite it was not able to fulfill desired ordering with these modules:
 * css ./node_modules/css-loader/dist/cjs.js??ref--8-oneOf-1-1!./node_modules/vue-loader/lib/loaders/stylePostLoader.js!./node_modules/postcss-loader/src??ref--8-oneOf-1-2!./node_modules/sass-loader/dist/cjs.js??ref--8-oneOf-1-3!./node_modules/cache-loader/dist/cjs.js??ref--0-0!./node_modules/vue-loader/lib??vue-loader-options!./src/components/common/card-collapse/IsCardCollapse.vue?vue&type=style&index=0&lang=scss&
   - couldn't fulfill desired order of chunk group(s) assets-screen, , 
   - while fulfilling desired order of chunk group(s) failures-screen, scheduled-works-screen, purchases-screen, sales-screen, sales-quotes, works-screen, screen-direct-app, , , , , , 
 * css ./node_modules/css-loader/dist/cjs.js??ref--8-oneOf-1-1!./node_modules/vue-loader/lib/loaders/stylePostLoader.js!./node_modules/postcss-loader/src??ref--8-oneOf-1-2!./node_modules/sass-loader/dist/cjs.js??ref--8-oneOf-1-3!./node_modules/cache-loader/dist/cjs.js??ref--0-0!./node_modules/vue-loader/lib??vue-loader-options!./src/components/common/field/IsField.vue?vue&type=style&index=0&lang=scss&
   - couldn't fulfill desired order of chunk group(s) failures-screen, purchases-screen, sales-screen, works-screen, , , , , 
   - while fulfilling desired order of chunk group(s) assets-screen, scheduled-works-screen, sales-quotes, screen-direct-app, , , 

 warning  

chunk chunk-d634c212 [mini-css-extract-plugin]
Conflicting order. Following module has been added:
 * css ./node_modules/css-loader/dist/cjs.js??ref--8-oneOf-1-1!./node_modules/vue-loader/lib/loaders/stylePostLoader.js!./node_modules/postcss-loader/src??ref--8-oneOf-1-2!./node_modules/sass-loader/dist/cjs.js??ref--8-oneOf-1-3!./node_modules/cache-loader/dist/cjs.js??ref--0-0!./node_modules/vue-loader/lib??vue-loader-options!./src/components/common/card-collapse/IsCardCollapse.vue?vue&type=style&index=0&lang=scss&
despite it was not able to fulfill desired ordering with these modules:
 * css ./node_modules/css-loader/dist/cjs.js??ref--8-oneOf-1-1!./node_modules/vue-loader/lib/loaders/stylePostLoader.js!./node_modules/postcss-loader/src??ref--8-oneOf-1-2!./node_modules/sass-loader/dist/cjs.js??ref--8-oneOf-1-3!./node_modules/cache-loader/dist/cjs.js??ref--0-0!./node_modules/vue-loader/lib??vue-loader-options!./src/components/card/file/CardFile.vue?vue&type=style&index=0&lang=scss&
   - couldn't fulfill desired order of chunk group(s) failures-screen, scheduled-works-screen, purchases-screen, sales-screen, sales-quotes, works-screen, screen-direct-app, , , , , , 
   - while fulfilling desired order of chunk group(s) assets-screen, , 
 * css ./node_modules/css-loader/dist/cjs.js??ref--8-oneOf-1-1!./node_modules/vue-loader/lib/loaders/stylePostLoader.js!./node_modules/postcss-loader/src??ref--8-oneOf-1-2!./node_modules/sass-loader/dist/cjs.js??ref--8-oneOf-1-3!./node_modules/cache-loader/dist/cjs.js??ref--0-0!./node_modules/vue-loader/lib??vue-loader-options!./src/components/common/field/IsField.vue?vue&type=style&index=0&lang=scss&
   - couldn't fulfill desired order of chunk group(s) failures-screen, purchases-screen, sales-screen, sales-quotes, works-screen, screen-direct-app, , , , , , 
   - while fulfilling desired order of chunk group(s) assets-screen, scheduled-works-screen, , 

 warning  

chunk chunk-d634c212 [mini-css-extract-plugin]
Conflicting order. Following module has been added:
 * css ./node_modules/css-loader/dist/cjs.js??ref--8-oneOf-1-1!./node_modules/vue-loader/lib/loaders/stylePostLoader.js!./node_modules/postcss-loader/src??ref--8-oneOf-1-2!./node_modules/sass-loader/dist/cjs.js??ref--8-oneOf-1-3!./node_modules/cache-loader/dist/cjs.js??ref--0-0!./node_modules/vue-loader/lib??vue-loader-options!./src/components/card/file/CardFile.vue?vue&type=style&index=0&lang=scss&
despite it was not able to fulfill desired ordering with these modules:
 * css ./node_modules/css-loader/dist/cjs.js??ref--8-oneOf-1-1!./node_modules/vue-loader/lib/loaders/stylePostLoader.js!./node_modules/postcss-loader/src??ref--8-oneOf-1-2!./node_modules/sass-loader/dist/cjs.js??ref--8-oneOf-1-3!./node_modules/cache-loader/dist/cjs.js??ref--0-0!./node_modules/vue-loader/lib??vue-loader-options!./src/components/common/field/IsField.vue?vue&type=style&index=0&lang=scss&
   - couldn't fulfill desired order of chunk group(s) failures-screen, purchases-screen, sales-screen, works-screen, , , , , 
   - while fulfilling desired order of chunk group(s) assets-screen, scheduled-works-screen, sales-quotes, screen-direct-app, , , 

 warning  

chunk home-screen~planner-screen [mini-css-extract-plugin]
Conflicting order. Following module has been added:
 * css ./node_modules/css-loader/dist/cjs.js??ref--8-oneOf-1-1!./node_modules/vue-loader/lib/loaders/stylePostLoader.js!./node_modules/postcss-loader/src??ref--8-oneOf-1-2!./node_modules/sass-loader/dist/cjs.js??ref--8-oneOf-1-3!./node_modules/cache-loader/dist/cjs.js??ref--0-0!./node_modules/vue-loader/lib??vue-loader-options!./src/components/tag/new/TagNew.vue?vue&type=style&index=0&lang=scss&
despite it was not able to fulfill desired ordering with these modules:
 * css ./node_modules/css-loader/dist/cjs.js??ref--8-oneOf-1-1!./node_modules/vue-loader/lib/loaders/stylePostLoader.js!./node_modules/postcss-loader/src??ref--8-oneOf-1-2!./node_modules/sass-loader/dist/cjs.js??ref--8-oneOf-1-3!./node_modules/cache-loader/dist/cjs.js??ref--0-0!./node_modules/vue-loader/lib??vue-loader-options!./src/components/common/action-buttons/IsActionButtons.vue?vue&type=style&index=0&id=1eb0ca3d&lang=scss&scoped=true&
   - couldn't fulfill desired order of chunk group(s) planner-screen
   - while fulfilling desired order of chunk group(s) home-screen

 warning  

asset size limit: The following asset(s) exceed the recommended size limit (244 KiB).
This can impact web performance.
Assets: 
  fonts/fa-light-300.1980e028.eot (484 KiB)
  fonts/fa-light-300.f056755c.woff (247 KiB)
  fonts/fa-light-300.5bdaa858.ttf (483 KiB)
  fonts/fa-solid-900.eb397dfa.eot (379 KiB)
  fonts/fa-solid-900.ba008862.ttf (378 KiB)
  img/fa-solid-900.bb8ecec4.svg (1.7 MiB)
  img/fa-light-300.4433b4f4.svg (2.31 MiB)
  css/app.da5eb40c.css (375 KiB)
  js/app.fe3d6f7b.js (440 KiB)
  js/assets-screen.aae512f8.js (1.27 MiB)
  js/chunk-0c3390cd.732bd8db.js (929 KiB)
  js/chunk-1c14a3b1.3c5fad7f.js (251 KiB)
  js/chunk-5ea105b7.6eaf0c84.js (267 KiB)
  js/chunk-6349865a.648ef8a1.js (256 KiB)
  js/chunk-7bf06274.510e8889.js (369 KiB)
  js/chunk-ddf5fe8a.d4508724.js (1.14 MiB)
  js/chunk-vendors.94d80639.js (1.87 MiB)
  js/dashboard-screen.8a00cae1.js (1.31 MiB)
  js/failures-screen.a6fd1ef5.js (384 KiB)
  js/purchases-screen.cedd6842.js (280 KiB)
  js/sales-quotes.82a73073.js (377 KiB)
  js/sales-screen.70977cf6.js (390 KiB)
  js/scheduled-works-screen.e018e41f.js (568 KiB)
  js/screen-direct-app.82e0c469.js (459 KiB)
  js/utilities-screen.0d53763a.js (926 KiB)
  js/works-screen.648a89e5.js (348 KiB)

 warning  

entrypoint size limit: The following entrypoint(s) combined asset size exceeds the recommended limit (244 KiB). This can impact web performance.
Entrypoints:
  app (2.67 MiB)
      css/chunk-vendors.b7d36435.css
      js/chunk-vendors.94d80639.js
      css/app.da5eb40c.css
      js/app.fe3d6f7b.js


  File                                      Size             Gzipped

  dist/js/chunk-vendors.94d80639.js         1911.24 KiB      530.24 KiB
  dist/js/dashboard-screen.8a00cae1.js      1337.55 KiB      428.70 KiB
  dist/js/assets-screen.aae512f8.js         1297.25 KiB      416.32 KiB
  dist/js/chunk-ddf5fe8a.d4508724.js        1168.12 KiB      379.55 KiB
  dist/js/chunk-0c3390cd.732bd8db.js        928.81 KiB       416.22 KiB
  dist/js/utilities-screen.0d53763a.js      925.84 KiB       312.73 KiB
  dist/js/scheduled-works-screen.e018e41    567.83 KiB       115.97 KiB
  f.js
  dist/js/screen-direct-app.82e0c469.js     458.53 KiB       88.24 KiB
  dist/js/app.fe3d6f7b.js                   440.15 KiB       87.43 KiB
  dist/js/sales-screen.70977cf6.js          390.05 KiB       84.60 KiB
  dist/js/failures-screen.a6fd1ef5.js       384.31 KiB       82.16 KiB
  dist/js/sales-quotes.82a73073.js          376.81 KiB       78.81 KiB
  dist/js/chunk-7bf06274.510e8889.js        368.91 KiB       67.88 KiB
  dist/js/works-screen.648a89e5.js          348.36 KiB       76.47 KiB
  dist/js/purchases-screen.cedd6842.js      280.18 KiB       62.23 KiB
  dist/js/chunk-5ea105b7.6eaf0c84.js        267.27 KiB       50.75 KiB
  dist/js/chunk-6349865a.648ef8a1.js        256.09 KiB       47.89 KiB
  dist/js/chunk-1c14a3b1.3c5fad7f.js        251.23 KiB       45.07 KiB
  dist/js/chunk-1571d4e6.99fa6066.js        203.85 KiB       39.54 KiB
  dist/js/chunk-199c9414.367e6a8d.js        181.24 KiB       34.92 KiB
  dist/js/chunk-47182cb3.8b84d986.js        172.62 KiB       32.18 KiB
  dist/js/home-screen.d47d9c03.js           167.53 KiB       30.68 KiB
  dist/js/planner-screen.a6e261f6.js        157.73 KiB       31.46 KiB
  dist/js/chunk-2af4b988.04c62463.js        124.91 KiB       35.75 KiB
  dist/js/chunk-2f0865b0.53487c83.js        75.37 KiB        14.03 KiB
  dist/js/client-prices-old-cms-screen.5    68.22 KiB        17.05 KiB
  fcc4eee.js
  dist/js/chunk-011d881e.7113f7ce.js        67.02 KiB        13.42 KiB
  dist/js/chunk-726946aa.5e60fc18.js        57.63 KiB        12.77 KiB
  dist/js/utility-types-management-scree    49.38 KiB        9.77 KiB
  n.943e1749.js
  dist/js/iot-management-screen.0a811f58    47.99 KiB        12.07 KiB
  .js
  dist/js/webhooks-management-screen.02c    46.43 KiB        10.58 KiB
  87182.js
  dist/js/home-screen~planner-screen.976    46.16 KiB        10.20 KiB
  b97f0.js
  dist/js/personal-access-tokens-managem    44.34 KiB        9.71 KiB
  ent-screen.acd79259.js
  dist/js/webhook-logs-management-screen    43.71 KiB        9.94 KiB
  .ee7b9e87.js
  dist/js/chunk-93d5cffa.f31112fc.js        43.41 KiB        9.64 KiB
  dist/js/chunk-dd9232fc.b455d39d.js        42.82 KiB        9.41 KiB
  dist/js/settings-screen.65a2e813.js       39.00 KiB        9.29 KiB
  dist/js/analytics-screen.c2af2269.js      39.00 KiB        9.71 KiB
  dist/js/cost-center-management-screen.    38.55 KiB        8.38 KiB
  41163546.js
  dist/js/chunk-0571f35c.766becfb.js        37.68 KiB        8.75 KiB
  dist/js/chunk-e5ba3fd2.079f2691.js        35.99 KiB        10.97 KiB
  dist/js/chunk-6f682a76.8cdeb4aa.js        35.16 KiB        8.18 KiB
  dist/js/other-cost-management-screen.8    35.15 KiB        7.87 KiB
  4376f91.js
  dist/js/chunk-ff74dda2.c34a40f0.js        34.26 KiB        8.37 KiB
  dist/js/chunk-3abb3d5c.4974c15d.js        34.17 KiB        9.68 KiB
  dist/js/gatekeeper-screen.ac093ee3.js     34.15 KiB        7.59 KiB
  dist/js/chunk-f701cf02.9dcb90d2.js        33.47 KiB        8.29 KiB
  dist/new-relic/new-relic-staging.js       33.31 KiB        10.18 KiB
  dist/new-relic/new-relic-production.js    33.27 KiB        10.17 KiB
  dist/js/chunk-c3fab488.12a4307a.js        32.16 KiB        7.81 KiB
  dist/precache-manifest.09ca3b02a14d65d    31.85 KiB        7.91 KiB
  5653e68931e6b5e8d.js
  dist/js/chunk-29d327c6.811bc6e0.js        31.70 KiB        7.50 KiB
  dist/js/welcome-screen.4840a6a6.js        31.22 KiB        6.78 KiB
  dist/js/chunk-96593c88.a39cf468.js        31.17 KiB        7.75 KiB
  dist/js/chunk-2a4cdf1b.c944327b.js        30.85 KiB        7.40 KiB
  dist/js/chunk-986d6064.b316dfd4.js        30.51 KiB        9.39 KiB
  dist/js/chunk-203974bd.eb9165dd.js        30.16 KiB        9.26 KiB
  dist/js/chunk-bb8bb71c.ab6cf129.js        29.86 KiB        7.37 KiB
  dist/js/chunk-0f86bf14.15714a5d.js        27.87 KiB        6.88 KiB
  dist/js/chunk-7c9229cd.61716458.js        26.85 KiB        5.93 KiB
  dist/js/chunk-bd6c36a6.07cd99a7.js        26.59 KiB        6.50 KiB
  dist/js/chunk-edd6f50e.483b0e32.js        26.49 KiB        6.77 KiB
  dist/js/chunk-6e79fb70.ee431e15.js        26.26 KiB        6.44 KiB
  dist/js/integrations-management-screen    25.74 KiB        7.47 KiB
  .3ecad0fc.js
  dist/js/chunk-ad7aaefc.54418721.js        25.57 KiB        8.21 KiB
  dist/js/old-cms-screen.f0e93376.js        24.97 KiB        6.44 KiB
  dist/js/chunk-9c520eaa.59cd5b82.js        24.96 KiB        7.88 KiB
  dist/js/chunk-63ec3a1d.933eec84.js        24.90 KiB        6.59 KiB
  dist/js/chunk-00d685cf.5072855b.js        24.85 KiB        6.45 KiB
  dist/js/chunk-d447b52a.fc327b67.js        23.95 KiB        5.24 KiB
  dist/js/chunk-01575096.c5b5f893.js        23.68 KiB        7.86 KiB
  dist/js/chunk-79f7fb9b.84586b13.js        23.49 KiB        5.17 KiB
  dist/js/chunk-0f3fcfff.afb0d94a.js        23.12 KiB        5.78 KiB
  dist/js/cost-center-management-screen~    21.67 KiB        7.34 KiB
  gatekeeper-screen~other-cost-managemen
  t-screen~personal-access-tokens-~6d41d
  455.14dcba89.js
  dist/js/chunk-3683d3dc.c859d2f9.js        21.11 KiB        5.34 KiB
  dist/js/chunk-0b963646.847ac822.js        20.97 KiB        5.46 KiB
  dist/js/chunk-50ba1901.673d16b0.js        20.55 KiB        5.45 KiB
  dist/js/dashboard-screen~home-screen~p    20.10 KiB        6.50 KiB
  lanner-screen.71708500.js
  dist/js/chunk-514f34b5.1accdc79.js        19.89 KiB        4.74 KiB
  dist/js/chunk-3f264440.76b7e33f.js        19.00 KiB        6.87 KiB
  dist/js/chunk-2f39d752.3fec484b.js        18.91 KiB        5.21 KiB
  dist/js/welcome-whats-new.f7dadbec.js     18.29 KiB        5.83 KiB
  dist/js/chunk-42b58206.9dac3e4e.js        18.21 KiB        4.45 KiB
  dist/js/chunk-2c474fae.0e24d516.js        17.81 KiB        6.61 KiB
  dist/js/chunk-d486d454.1d94a230.js        17.73 KiB        4.83 KiB
  dist/js/chunk-9e9c9b90.5c5cdf13.js        17.06 KiB        6.44 KiB
  dist/js/chunk-00679d99.8b79a012.js        16.82 KiB        3.15 KiB
  dist/js/chunk-d634c212.054b35d7.js        16.76 KiB        4.10 KiB
  dist/js/chunk-3b274010.3bab4cd1.js        15.58 KiB        3.82 KiB
  dist/js/chunk-323a1331.93fc8d72.js        15.17 KiB        4.33 KiB
  dist/js/chunk-762f8226.eb97f664.js        14.94 KiB        3.65 KiB
  dist/js/chunk-351f8eab.e603b673.js        14.33 KiB        3.13 KiB
  dist/js/hub-apps~hub-screen.74d07430.j    13.32 KiB        3.64 KiB
  s
  dist/js/chunk-5db3340d.010faa1e.js        12.48 KiB        5.15 KiB
  dist/js/chunk-4a4a2e6d.eee81875.js        12.22 KiB        2.94 KiB
  dist/js/chunk-60cc3e74.f3243cc6.js        12.13 KiB        2.80 KiB
  dist/js/chunk-5439ff79.55ec33af.js        12.07 KiB        3.28 KiB
  dist/js/chunk-2ca6309a.9f8ebc1e.js        11.89 KiB        3.11 KiB
  dist/js/chunk-64aebc23.c603a00a.js        11.70 KiB        3.30 KiB
  dist/js/hub-screen.21ee2012.js            10.51 KiB        2.87 KiB
  dist/js/account-blocked.7e01f20b.js       10.18 KiB        3.74 KiB
  dist/js/hub-apps.5855bfd5.js              10.16 KiB        2.79 KiB
  dist/js/login-screen.d83c7296.js          9.91 KiB         3.91 KiB
  dist/js/chunk-053c745c.e2d83047.js        8.63 KiB         2.65 KiB
  dist/js/chunk-76a05bde.9be890d7.js        8.08 KiB         2.33 KiB
  dist/js/chunk-a4692d46.7f930a25.js        8.06 KiB         2.72 KiB
  dist/js/chunk-5b653a01.c80a80f4.js        7.74 KiB         2.67 KiB
  dist/js/chunk-f2b884e2.8993f215.js        7.63 KiB         2.38 KiB
  dist/js/chunk-27ecb80c.087a63a4.js        7.23 KiB         2.25 KiB
  dist/js/chunk-751bd99d.3fa4e596.js        5.98 KiB         1.67 KiB
  dist/js/chunk-7edb60e6.d07aefdc.js        5.75 KiB         2.03 KiB
  dist/js/chunk-61bb3ffe.5ce317dd.js        5.71 KiB         1.86 KiB
  dist/js/chunk-76c155c2.1ae0e9ba.js        4.36 KiB         1.28 KiB
  dist/js/chunk-2d0d8057.3c3ed904.js        3.48 KiB         1.19 KiB
  dist/js/page-not-found-screen.d97cdf12    3.40 KiB         1.52 KiB
  .js
  dist/basic.js                             3.36 KiB         1.05 KiB
  dist/js/chunk-2d212ff2.6629aa81.js        3.00 KiB         1.13 KiB
  dist/js/chunk-2d2261a8.da626f13.js        2.97 KiB         1.21 KiB
  dist/js/chunk-2d0b1be8.d9984fd0.js        2.94 KiB         1.13 KiB
  dist/js/chunk-421f3692.6ae7dbe6.js        2.73 KiB         1.02 KiB
  dist/js/chunk-2d0e91af.ad0f37a9.js        2.64 KiB         1.14 KiB
  dist/js/chunk-2d0e1dae.cdc5bfc6.js        2.62 KiB         1.18 KiB
  dist/js/chunk-2d0e4a7c.6b07ec80.js        2.60 KiB         1.15 KiB
  dist/js/chunk-2d0ce796.5f2a3efe.js        2.52 KiB         1.16 KiB
  dist/js/chunk-2d0db486.34bed1c2.js        2.50 KiB         1.15 KiB
  dist/js/chunk-2d21b27e.07be6566.js        2.49 KiB         1.09 KiB
  dist/js/chunk-2d229616.f7ca2457.js        2.47 KiB         1.13 KiB
  dist/js/chunk-2d228e49.d768461f.js        2.41 KiB         1.07 KiB
  dist/js/chunk-2d22d238.2e039c12.js        2.40 KiB         1.11 KiB
  dist/js/chunk-2d0b2213.6a128350.js        2.38 KiB         1.03 KiB
  dist/js/chunk-7f881f28.8006f612.js        2.36 KiB         0.99 KiB
  dist/js/chunk-2d0da6ab.74241921.js        2.19 KiB         1.05 KiB
  dist/js/chunk-2d0d622d.38de996c.js        2.13 KiB         0.97 KiB
  dist/js/chunk-2d0cba55.e7d6e534.js        2.07 KiB         1.00 KiB
  dist/js/chunk-f50c655a.2c67370a.js        2.00 KiB         0.87 KiB
  dist/js/chunk-2d0f0dec.d782f997.js        1.98 KiB         0.97 KiB
  dist/js/chunk-2d216de6.77705d1b.js        1.96 KiB         1.02 KiB
  dist/js/chunk-2d2132bb.b65fbc8c.js        1.96 KiB         0.94 KiB
  dist/js/chunk-2d0b2ee7.2a81427c.js        1.94 KiB         1.01 KiB
  dist/js/chunk-2d0cf17f.e3785b20.js        1.94 KiB         0.99 KiB
  dist/js/chunk-2d0bdb3c.439f6ea8.js        1.93 KiB         0.98 KiB
  dist/js/chunk-2d237f33.2a8c2cae.js        1.93 KiB         1.00 KiB
  dist/js/chunk-2d0e26c3.1dbaca88.js        1.93 KiB         0.97 KiB
  dist/js/chunk-2d2259d8.83888308.js        1.92 KiB         0.94 KiB
  dist/js/chunk-2d0d70e6.c3640bf9.js        1.91 KiB         0.98 KiB
  dist/js/chunk-2d0ea0ba.3e43d6b9.js        1.90 KiB         0.98 KiB
  dist/js/chunk-2d0d6a95.3d883ea9.js        1.90 KiB         0.93 KiB
  dist/js/chunk-2d0cca32.2bac9c9b.js        1.90 KiB         0.91 KiB
  dist/js/chunk-2d0d03e8.594e85b0.js        1.90 KiB         0.92 KiB
  dist/js/chunk-2d0d70c6.67724bf1.js        1.90 KiB         0.96 KiB
  dist/js/chunk-2d0c575a.9770dc11.js        1.90 KiB         0.94 KiB
  dist/js/chunk-2d0e9ba2.c8755efe.js        1.89 KiB         0.94 KiB
  dist/js/chunk-2d0b9447.463d5376.js        1.88 KiB         0.92 KiB
  dist/js/chunk-2d0a45e0.4ae886a3.js        1.87 KiB         0.91 KiB
  dist/js/chunk-2d217af6.ab91f521.js        1.87 KiB         1.01 KiB
  dist/js/chunk-2d0b23c4.8daecc20.js        1.86 KiB         0.93 KiB
  dist/js/chunk-2d2107bd.2b521a96.js        1.86 KiB         0.92 KiB
  dist/js/chunk-2d22e165.96d5bfa2.js        1.86 KiB         0.91 KiB
  dist/js/chunk-2d20f204.6b3c5220.js        1.85 KiB         0.97 KiB
  dist/js/chunk-2d21a5d7.22ef6e49.js        1.85 KiB         0.92 KiB
  dist/js/chunk-2d0e57ff.3ecd9637.js        1.85 KiB         0.89 KiB
  dist/js/chunk-2d2288f4.b828a075.js        1.85 KiB         0.89 KiB
  dist/js/chunk-77215428.c7d3206c.js        1.84 KiB         0.95 KiB
  dist/js/chunk-2d0cbca7.f3384819.js        1.83 KiB         0.94 KiB
  dist/js/chunk-2d0d0f3c.81b63e6b.js        1.80 KiB         0.91 KiB
  dist/js/chunk-2d0d3ea6.e6f28ebc.js        1.79 KiB         0.93 KiB
  dist/js/chunk-2d0e5eb9.8665eff2.js        1.79 KiB         0.91 KiB
  dist/js/chunk-2d20e85d.6479021d.js        1.77 KiB         0.87 KiB
  dist/js/chunk-2d20f558.03553899.js        1.76 KiB         0.86 KiB
  dist/service-worker.js                    1.06 KiB         0.62 KiB
  dist/js/scheduled-work-analytics-scree    0.52 KiB         0.35 KiB
  n.664c3d73.js
  dist/css/app.da5eb40c.css                 375.36 KiB       61.13 KiB
  dist/css/scheduled-works-screen.86bacd    68.91 KiB        10.32 KiB
  86.css
  dist/css/chunk-7bf06274.f2553530.css      57.51 KiB        8.45 KiB
  dist/css/assets-screen.4174a282.css       45.85 KiB        7.57 KiB
  dist/css/screen-direct-app.92430b67.cs    45.09 KiB        6.73 KiB
  s
  dist/css/sales-screen.84db64ca.css        42.02 KiB        6.88 KiB
  dist/css/dashboard-screen.27fe6afd.css    40.62 KiB        10.51 KiB
  dist/css/works-screen.b2fa9748.css        37.45 KiB        6.41 KiB
  dist/css/chunk-ddf5fe8a.e5f98c5f.css      36.23 KiB        6.07 KiB
  dist/css/chunk-5ea105b7.3bff62d1.css      35.38 KiB        5.80 KiB
  dist/css/failures-screen.b978bb48.css     34.51 KiB        6.09 KiB
  dist/css/sales-quotes.fbc9aeea.css        32.78 KiB        5.64 KiB
  dist/css/purchases-screen.ff730168.css    31.66 KiB        4.99 KiB
  dist/css/chunk-199c9414.37f70825.css      29.07 KiB        4.68 KiB
  dist/css/chunk-1571d4e6.088f5b63.css      28.14 KiB        4.89 KiB
  dist/css/chunk-1c14a3b1.5a1e1ec5.css      26.03 KiB        4.59 KiB
  dist/css/chunk-6349865a.53a2b52d.css      25.45 KiB        4.60 KiB
  dist/css/home-screen.a9f892b3.css         24.75 KiB        4.30 KiB
  dist/css/chunk-47182cb3.591720a3.css      23.57 KiB        3.68 KiB
  dist/css/chunk-0c3390cd.3f04f8da.css      23.29 KiB        4.16 KiB
  dist/css/planner-screen.7c47cc78.css      21.70 KiB        3.95 KiB
  dist/css/utilities-screen.81305f31.css    16.93 KiB        2.93 KiB
  dist/css/chunk-3683d3dc.3d651d5f.css      15.36 KiB        2.66 KiB
  dist/css/welcome-screen.b1668bd2.css      14.80 KiB        1.75 KiB
  dist/css/chunk-0b963646.9b43a963.css      14.41 KiB        1.73 KiB
  dist/css/chunk-96593c88.5e199908.css      14.11 KiB        2.57 KiB
  dist/css/chunk-93d5cffa.7f5052fa.css      13.78 KiB        2.46 KiB
  dist/css/webhook-logs-management-scree    13.63 KiB        2.62 KiB
  n.bb24b7b3.css
  dist/css/webhooks-management-screen.4c    12.75 KiB        2.45 KiB
  5501ef.css
  dist/css/chunk-3abb3d5c.e1222462.css      12.66 KiB        2.22 KiB
  dist/css/chunk-011d881e.32ed8e3d.css      12.21 KiB        2.22 KiB
  dist/css/utility-types-management-scre    12.07 KiB        2.31 KiB
  en.e7e6b915.css
  dist/css/client-prices-old-cms-screen.    12.01 KiB        2.22 KiB
  ae503150.css
  dist/css/chunk-726946aa.8c604b1a.css      11.88 KiB        2.30 KiB
  dist/css/chunk-f701cf02.6eaea80a.css      11.59 KiB        2.21 KiB
  dist/css/chunk-ff74dda2.a4e76ca8.css      11.35 KiB        2.26 KiB
  dist/css/chunk-2af4b988.42d28b51.css      11.19 KiB        2.20 KiB
  dist/css/iot-management-screen.551a30f    11.17 KiB        2.05 KiB
  5.css
  dist/css/chunk-2f0865b0.099594bd.css      10.92 KiB        1.92 KiB
  dist/css/chunk-6f682a76.5ec3fcd6.css      10.86 KiB        2.16 KiB
  dist/css/chunk-dd9232fc.352a19d0.css      10.55 KiB        2.03 KiB
  dist/css/chunk-bb8bb71c.96674774.css      10.55 KiB        2.09 KiB
  dist/css/chunk-c3fab488.18bb778f.css      10.49 KiB        2.09 KiB
  dist/css/chunk-edd6f50e.5162c550.css      10.39 KiB        2.04 KiB
  dist/css/chunk-d634c212.3e64ff54.css      9.25 KiB         1.76 KiB
  dist/css/chunk-0571f35c.8c26b343.css      8.32 KiB         1.76 KiB
  dist/basic.css                            8.28 KiB         1.63 KiB
  dist/css/hub-apps.a262c1fd.css            7.81 KiB         1.80 KiB
  dist/css/chunk-323a1331.3b210025.css      7.80 KiB         1.49 KiB
  dist/css/chunk-60cc3e74.131ae645.css      7.54 KiB         1.54 KiB
  dist/css/chunk-bd6c36a6.b87f8e74.css      7.54 KiB         1.67 KiB
  dist/css/settings-screen.33818e77.css     7.18 KiB         1.50 KiB
  dist/css/chunk-351f8eab.050d3879.css      7.07 KiB         1.60 KiB
  dist/css/analytics-screen.833fb265.css    7.05 KiB         1.37 KiB
  dist/css/personal-access-tokens-manage    6.49 KiB         1.56 KiB
  ment-screen.05002bc7.css
  dist/css/chunk-3b274010.8c1a0add.css      6.47 KiB         1.38 KiB
  dist/css/welcome-whats-new.902b3dee.cs    5.94 KiB         1.53 KiB
  s
  dist/css/cost-center-management-screen    5.26 KiB         1.32 KiB
  .4c25d925.css
  dist/css/hub-screen.0910a7e2.css          5.20 KiB         1.35 KiB
  dist/css/gatekeeper-screen.2076c928.cs    4.98 KiB         1.25 KiB
  s
  dist/css/other-cost-management-screen.    4.98 KiB         1.25 KiB
  2076c928.css
  dist/css/chunk-29d327c6.83f2c96c.css      4.87 KiB         1.29 KiB
  dist/css/chunk-6e79fb70.01331cac.css      4.49 KiB         1.19 KiB
  dist/css/cost-center-management-screen    4.13 KiB         1.04 KiB
  ~gatekeeper-screen~other-cost-manageme
  nt-screen~personal-access-tokens-~6d41
  d455.a17662e9.css
  dist/css/chunk-63ec3a1d.ef3b0c5c.css      3.99 KiB         1.06 KiB
  dist/css/chunk-42b58206.f8f6ba49.css      3.94 KiB         1.00 KiB
  dist/css/chunk-0f86bf14.66c1e3e5.css      3.90 KiB         1.08 KiB
  dist/css/chunk-2a4cdf1b.16100c1f.css      3.77 KiB         1.06 KiB
  dist/css/chunk-e5ba3fd2.a57cb424.css      3.70 KiB         1.02 KiB
  dist/css/chunk-50ba1901.d149da47.css      3.60 KiB         0.99 KiB
  dist/css/chunk-d486d454.d149da47.css      3.60 KiB         0.99 KiB
  dist/css/chunk-00d685cf.2677c49e.css      3.56 KiB         0.97 KiB
  dist/css/chunk-0f3fcfff.2677c49e.css      3.56 KiB         0.97 KiB
  dist/css/page-not-found-screen.ba0016c    3.46 KiB         0.58 KiB
  4.css
  dist/css/chunk-vendors.b7d36435.css       3.37 KiB         0.66 KiB
  dist/css/login-screen.692cb65f.css        3.35 KiB         0.96 KiB
  dist/css/chunk-7c9229cd.5946d312.css      3.27 KiB         0.90 KiB
  dist/css/chunk-2f39d752.82eb1be9.css      3.26 KiB         0.90 KiB
  dist/css/chunk-4a4a2e6d.be67eb1a.css      3.17 KiB         0.82 KiB
  dist/css/integrations-management-scree    2.99 KiB         0.78 KiB
  n.cda864ab.css
  dist/css/chunk-2ca6309a.513e9a44.css      2.78 KiB         0.81 KiB
  dist/css/chunk-01575096.97d011b6.css      2.73 KiB         0.78 KiB
  dist/css/chunk-203974bd.97d011b6.css      2.73 KiB         0.78 KiB
  dist/css/chunk-986d6064.97d011b6.css      2.73 KiB         0.78 KiB
  dist/css/chunk-9c520eaa.97d011b6.css      2.73 KiB         0.78 KiB
  dist/css/chunk-79f7fb9b.66a8ccf1.css      2.63 KiB         0.75 KiB
  dist/css/chunk-7edb60e6.f0e25438.css      2.61 KiB         0.78 KiB
  dist/css/chunk-76a05bde.a75d3a54.css      2.59 KiB         0.73 KiB
  dist/css/chunk-ad7aaefc.a75d3a54.css      2.59 KiB         0.73 KiB
  dist/css/chunk-d447b52a.a75d3a54.css      2.59 KiB         0.73 KiB
  dist/css/chunk-762f8226.ef3521a4.css      2.54 KiB         0.68 KiB
  dist/css/chunk-61bb3ffe.a4f9bc31.css      2.44 KiB         0.79 KiB
  dist/css/chunk-751bd99d.cdc822cf.css      2.22 KiB         0.62 KiB
  dist/css/chunk-3f264440.88b2c577.css      1.96 KiB         0.58 KiB
  dist/css/chunk-76c155c2.402c21a8.css      1.82 KiB         0.52 KiB
  dist/css/dashboard-screen~home-screen~    1.67 KiB         0.57 KiB
  planner-screen.e93da536.css
  dist/css/chunk-2c474fae.dfda00ef.css      1.63 KiB         0.52 KiB
  dist/css/chunk-514f34b5.8da7986f.css      1.08 KiB         0.39 KiB
  dist/css/hub-apps~hub-screen.5c3ae5cf.    1.06 KiB         0.41 KiB
  css
  dist/css/chunk-64aebc23.23c9b06e.css      1.05 KiB         0.40 KiB
  dist/css/chunk-5439ff79.cfcddede.css      0.92 KiB         0.33 KiB
  dist/css/account-blocked.df783ce2.css     0.82 KiB         0.34 KiB
  dist/css/home-screen~planner-screen.47    0.65 KiB         0.34 KiB
  6a5808.css
  dist/css/old-cms-screen.b5dc59b7.css      0.62 KiB         0.32 KiB
  dist/css/chunk-5db3340d.b12ac32e.css      0.43 KiB         0.20 KiB
  dist/css/chunk-f2b884e2.75149533.css      0.42 KiB         0.22 KiB
  dist/css/chunk-27ecb80c.eacf9950.css      0.42 KiB         0.22 KiB
  dist/css/chunk-a4692d46.eb6b6e0e.css      0.36 KiB         0.18 KiB
  dist/css/chunk-5b653a01.8fa64d17.css      0.34 KiB         0.17 KiB
  dist/css/chunk-421f3692.e283f141.css      0.24 KiB         0.16 KiB
  dist/css/chunk-f50c655a.6ce1c6d5.css      0.23 KiB         0.15 KiB
  dist/css/chunk-7f881f28.2f279e35.css      0.05 KiB         0.07 KiB

  Images and other types of assets omitted.

 DONE  Build complete. The dist directory is ready to be deployed.
 INFO  Check out deployment instructions at https://cli.vuejs.org/guide/deployment.html
      
section_end:1619092933:step_script[0Ksection_start:1619092933:archive_cache[0K[0K[36;1mSaving cache for successful job[0;m
[0;m[32;1mCreating cache v0-99-7...[0;m
dist/: found 361 matching files and directories   [0;m 
node_modules/: found 106853 matching files and directories[0;m 
Uploading cache.zip to https://is-gitlab-runners-cache.s3.dualstack.eu-west-1.amazonaws.com/project/20143087/v0-99-7[0;m 
[32;1mCreated cache[0;m
section_end:1619092997:archive_cache[0Ksection_start:1619092997:cleanup_file_variables[0K[0K[36;1mCleaning up file based variables[0;m
[0;msection_end:1619092997:cleanup_file_variables[0K[32;1mJob succeeded
[0;m