[0KRunning with gitlab-runner 13.7.0 (943fc252)
[0;m[0K  on Web Core Client - Tests- docker+machine Gu_oFDiR
[0;msection_start:1620300444:resolve_secrets[0K[0K[36;1mResolving secrets[0;m
[0;msection_end:1620300444:resolve_secrets[0Ksection_start:1620300444:prepare_executor[0K[0K[36;1mPreparing the "docker+machine" executor[0;m
[0;m[0KUsing Docker executor with image node:12.16.1 ...
[0;m[0KPulling docker image node:12.16.1 ...
[0;m[0KUsing docker image sha256:88c089733a3b980b3517e8e2e8afa46b338f69d7562550cb3c2e9fd852a2fbac for node:12.16.1 with digest node@sha256:46f4c17e1edbde36d60a9f6362db7912cfe301bac89afef7cc92421ab3e7ca18 ...
[0;msection_end:1620300452:prepare_executor[0Ksection_start:1620300452:prepare_script[0K[0K[36;1mPreparing environment[0;m
[0;mRunning on runner-guofdir-project-20143087-concurrent-0 via runner-guofdir-IS-Pipeline-gitlab-runner-1620297809-0aa6c22e...
section_end:1620300453:prepare_script[0Ksection_start:1620300453:get_sources[0K[0K[36;1mGetting source from Git repository[0;m
[0;m[32;1mFetching changes with git depth set to 1...[0;m
Initialized empty Git repository in /builds/infraspeak/web/web-core-client/.git/
[32;1mCreated fresh repository.[0;m
[32;1mChecking out ceb35c9a as v0.100.6...[0;m

[32;1mSkipping Git submodules setup[0;m
section_end:1620300456:get_sources[0Ksection_start:1620300456:restore_cache[0K[0K[36;1mRestoring cache[0;m
[0;m[32;1mChecking cache for v0-100-6...[0;m
Downloading cache.zip from https://is-gitlab-runners-cache.s3.dualstack.eu-west-1.amazonaws.com/project/20143087/v0-100-6[0;m 
[32;1mSuccessfully extracted cache[0;m
section_end:1620300517:restore_cache[0Ksection_start:1620300517:step_script[0K[0K[36;1mExecuting "step_script" stage of the job script[0;m
[0;m[32;1m$ npm run build-production[0;m

> infraspeak-web-core-client@0.100.0 build-production /builds/infraspeak/web/web-core-client
> vue-cli-service build --mode production --dest dist


-  Building for production...
Starting type checking service...
Using 1 worker with 2048MB memory limit
Browserslist: caniuse-lite is outdated. Please run:
npx browserslist@latest --update-db

Why you should do it regularly:
https://github.com/browserslist/browserslist#browsers-data-updating
Browserslist: caniuse-lite is outdated. Please run:
npx browserslist@latest --update-db

Why you should do it regularly:
https://github.com/browserslist/browserslist#browsers-data-updating
 WARNING  Compiled with 15 warnings11:33:58 AM

Module Warning (from ./node_modules/eslint-loader/index.js):
error: Unexpected console statement (no-console) at src/components/chart/analytic/ChartAnalytic.vue:249:25:
  247 |                         this.isLoadingData = false
  248 | 
> 249 |                         console.error('error getting data: ', error)
      |                         ^
  250 |                     })
  251 |             }
  252 | 


error: Unexpected console statement (no-console) at src/components/chart/analytic/ChartAnalytic.vue:329:29:
  327 |                         })
  328 |                         .catch(error => {
> 329 |                             console.error('error exporting data: ', error)
      |                             ^
  330 |                         })
  331 |                         .finally(progressNoty.close)
  332 | 


2 errors found.

You may use special comments to disable some warnings.
Use // eslint-disable-next-line to ignore the next line.
Use /* eslint-disable */ to ignore all warnings in a file.
 warning  in ./src/helpers/cookies.helper.ts

Module Warning (from ./node_modules/thread-loader/dist/cjs.js):

/builds/infraspeak/web/web-core-client/src/helpers/cookies.helper.ts
  40:5   error  Unexpected var, use let or const instead   no-var
  40:40  error  Extra semicolon                            semi
  41:5   error  Unexpected var, use let or const instead   no-var
  41:65  error  Extra semicolon                            semi
  42:5   error  Unexpected var, use let or const instead   no-var
  42:77  error  Missing space before function parentheses  space-before-function-paren
  43:69  error  Extra semicolon                            semi
  44:17  error  Extra semicolon                            semi
  46:35  error  Extra semicolon                            semi

✖ 9 problems (9 errors, 0 warnings)
  9 errors and 0 warnings potentially fixable with the `--fix` option.


 @ ./src/store/root/Root.store.ts 22:0-56 60:26-38
 @ ./src/plugins/analytics/analytics.plugin.ts
 @ ./src/main.ts
 @ multi ./src/main.ts

 warning  in ./src/models/Base.transformer.ts

Module Warning (from ./node_modules/thread-loader/dist/cjs.js):

/builds/infraspeak/web/web-core-client/src/models/Base.transformer.ts
  46:17  error  Unexpected console statement  no-console

✖ 1 problem (1 error, 0 warnings)


 @ ./src/models/entity/Entity.transformer.v3.ts 7:0-60 70:2-17
 @ ./src/api/entity.api.ts
 @ ./src/store/root/Root.store.ts
 @ ./src/plugins/analytics/analytics.plugin.ts
 @ ./src/main.ts
 @ multi ./src/main.ts

 warning  in ./src/store/root/Root.store.ts

Module Warning (from ./node_modules/thread-loader/dist/cjs.js):

/builds/infraspeak/web/web-core-client/src/store/root/Root.store.ts
  352:17  error  Unexpected console statement  no-console

✖ 1 problem (1 error, 0 warnings)


 @ ./src/plugins/analytics/analytics.plugin.ts 9:0-52 19:14-23 20:16-25 21:16-25 22:40-49 27:8-17 28:27-36 29:28-37 52:19-28 52:49-58
 @ ./src/main.ts
 @ multi ./src/main.ts

 warning  

chunk chunk-323a1331 [mini-css-extract-plugin]
Conflicting order. Following module has been added:
 * css ./node_modules/css-loader/dist/cjs.js??ref--6-oneOf-1-1!./node_modules/vue-loader/lib/loaders/stylePostLoader.js!./node_modules/postcss-loader/src??ref--6-oneOf-1-2!./node_modules/cache-loader/dist/cjs.js??ref--0-0!./node_modules/vue-loader/lib??vue-loader-options!./src/assets/images/IsGearLogo.vue?vue&type=style&index=0&lang=css&
despite it was not able to fulfill desired ordering with these modules:
 * css ./node_modules/css-loader/dist/cjs.js??ref--8-oneOf-1-1!./node_modules/vue-loader/lib/loaders/stylePostLoader.js!./node_modules/postcss-loader/src??ref--8-oneOf-1-2!./node_modules/sass-loader/dist/cjs.js??ref--8-oneOf-1-3!./node_modules/cache-loader/dist/cjs.js??ref--0-0!./node_modules/vue-loader/lib??vue-loader-options!./src/components/common/tag/popover/IsTagPopover.vue?vue&type=style&index=0&lang=scss&
   - couldn't fulfill desired order of chunk group(s) assets-screen, failures-screen, planner-screen, purchases-screen, scheduled-work-analytics-screen, sales-screen, sales-quotes, , , , , , , , , , , , , 
   - while fulfilling desired order of chunk group(s) scheduled-works-screen, works-screen, screen-direct-app, , , , 

 warning  

chunk chunk-323a1331 [mini-css-extract-plugin]
Conflicting order. Following module has been added:
 * css ./node_modules/css-loader/dist/cjs.js??ref--8-oneOf-1-1!./node_modules/vue-loader/lib/loaders/stylePostLoader.js!./node_modules/postcss-loader/src??ref--8-oneOf-1-2!./node_modules/sass-loader/dist/cjs.js??ref--8-oneOf-1-3!./node_modules/cache-loader/dist/cjs.js??ref--0-0!./node_modules/vue-loader/lib??vue-loader-options!./src/components/common/tag/popover/IsTagPopover.vue?vue&type=style&index=0&lang=scss&
despite it was not able to fulfill desired ordering with these modules:
 * css ./node_modules/css-loader/dist/cjs.js??ref--8-oneOf-1-1!./node_modules/vue-loader/lib/loaders/stylePostLoader.js!./node_modules/postcss-loader/src??ref--8-oneOf-1-2!./node_modules/sass-loader/dist/cjs.js??ref--8-oneOf-1-3!./node_modules/cache-loader/dist/cjs.js??ref--0-0!./node_modules/vue-loader/lib??vue-loader-options!./src/components/common/select/IsSelect.vue?vue&type=style&index=0&lang=scss&
   - couldn't fulfill desired order of chunk group(s) scheduled-works-screen, works-screen, screen-direct-app, , , 
   - while fulfilling desired order of chunk group(s) assets-screen, failures-screen, planner-screen, purchases-screen, scheduled-work-analytics-screen, sales-screen, sales-quotes, , , , , , , , , , , , , , 

 warning  

chunk chunk-d634c212 [mini-css-extract-plugin]
Conflicting order. Following module has been added:
 * css ./node_modules/css-loader/dist/cjs.js??ref--8-oneOf-1-1!./node_modules/vue-loader/lib/loaders/stylePostLoader.js!./node_modules/postcss-loader/src??ref--8-oneOf-1-2!./node_modules/sass-loader/dist/cjs.js??ref--8-oneOf-1-3!./node_modules/cache-loader/dist/cjs.js??ref--0-0!./node_modules/vue-loader/lib??vue-loader-options!./src/components/tag/file/TagFile.vue?vue&type=style&index=0&id=0f740e49&lang=scss&scoped=true&
despite it was not able to fulfill desired ordering with these modules:
 * css ./node_modules/css-loader/dist/cjs.js??ref--8-oneOf-1-1!./node_modules/vue-loader/lib/loaders/stylePostLoader.js!./node_modules/postcss-loader/src??ref--8-oneOf-1-2!./node_modules/sass-loader/dist/cjs.js??ref--8-oneOf-1-3!./node_modules/cache-loader/dist/cjs.js??ref--0-0!./node_modules/vue-loader/lib??vue-loader-options!./src/components/common/card-collapse/IsCardCollapse.vue?vue&type=style&index=0&lang=scss&
   - couldn't fulfill desired order of chunk group(s) assets-screen, , 
   - while fulfilling desired order of chunk group(s) failures-screen, scheduled-works-screen, purchases-screen, sales-screen, sales-quotes, works-screen, screen-direct-app, , , , , , 
 * css ./node_modules/css-loader/dist/cjs.js??ref--8-oneOf-1-1!./node_modules/vue-loader/lib/loaders/stylePostLoader.js!./node_modules/postcss-loader/src??ref--8-oneOf-1-2!./node_modules/sass-loader/dist/cjs.js??ref--8-oneOf-1-3!./node_modules/cache-loader/dist/cjs.js??ref--0-0!./node_modules/vue-loader/lib??vue-loader-options!./src/components/common/field/IsField.vue?vue&type=style&index=0&lang=scss&
   - couldn't fulfill desired order of chunk group(s) failures-screen, purchases-screen, sales-screen, works-screen, , , , , 
   - while fulfilling desired order of chunk group(s) assets-screen, scheduled-works-screen, sales-quotes, screen-direct-app, , , 

 warning  

chunk chunk-d634c212 [mini-css-extract-plugin]
Conflicting order. Following module has been added:
 * css ./node_modules/css-loader/dist/cjs.js??ref--8-oneOf-1-1!./node_modules/vue-loader/lib/loaders/stylePostLoader.js!./node_modules/postcss-loader/src??ref--8-oneOf-1-2!./node_modules/sass-loader/dist/cjs.js??ref--8-oneOf-1-3!./node_modules/cache-loader/dist/cjs.js??ref--0-0!./node_modules/vue-loader/lib??vue-loader-options!./src/components/common/card-collapse/IsCardCollapse.vue?vue&type=style&index=0&lang=scss&
despite it was not able to fulfill desired ordering with these modules:
 * css ./node_modules/css-loader/dist/cjs.js??ref--8-oneOf-1-1!./node_modules/vue-loader/lib/loaders/stylePostLoader.js!./node_modules/postcss-loader/src??ref--8-oneOf-1-2!./node_modules/sass-loader/dist/cjs.js??ref--8-oneOf-1-3!./node_modules/cache-loader/dist/cjs.js??ref--0-0!./node_modules/vue-loader/lib??vue-loader-options!./src/components/card/file/CardFile.vue?vue&type=style&index=0&lang=scss&
   - couldn't fulfill desired order of chunk group(s) failures-screen, scheduled-works-screen, purchases-screen, sales-screen, sales-quotes, works-screen, screen-direct-app, , , , , , 
   - while fulfilling desired order of chunk group(s) assets-screen, , 
 * css ./node_modules/css-loader/dist/cjs.js??ref--8-oneOf-1-1!./node_modules/vue-loader/lib/loaders/stylePostLoader.js!./node_modules/postcss-loader/src??ref--8-oneOf-1-2!./node_modules/sass-loader/dist/cjs.js??ref--8-oneOf-1-3!./node_modules/cache-loader/dist/cjs.js??ref--0-0!./node_modules/vue-loader/lib??vue-loader-options!./src/components/common/field/IsField.vue?vue&type=style&index=0&lang=scss&
   - couldn't fulfill desired order of chunk group(s) failures-screen, purchases-screen, sales-screen, sales-quotes, works-screen, screen-direct-app, , , , , , 
   - while fulfilling desired order of chunk group(s) assets-screen, scheduled-works-screen, , 

 warning  

chunk chunk-d634c212 [mini-css-extract-plugin]
Conflicting order. Following module has been added:
 * css ./node_modules/css-loader/dist/cjs.js??ref--8-oneOf-1-1!./node_modules/vue-loader/lib/loaders/stylePostLoader.js!./node_modules/postcss-loader/src??ref--8-oneOf-1-2!./node_modules/sass-loader/dist/cjs.js??ref--8-oneOf-1-3!./node_modules/cache-loader/dist/cjs.js??ref--0-0!./node_modules/vue-loader/lib??vue-loader-options!./src/components/card/file/CardFile.vue?vue&type=style&index=0&lang=scss&
despite it was not able to fulfill desired ordering with these modules:
 * css ./node_modules/css-loader/dist/cjs.js??ref--8-oneOf-1-1!./node_modules/vue-loader/lib/loaders/stylePostLoader.js!./node_modules/postcss-loader/src??ref--8-oneOf-1-2!./node_modules/sass-loader/dist/cjs.js??ref--8-oneOf-1-3!./node_modules/cache-loader/dist/cjs.js??ref--0-0!./node_modules/vue-loader/lib??vue-loader-options!./src/components/common/field/IsField.vue?vue&type=style&index=0&lang=scss&
   - couldn't fulfill desired order of chunk group(s) failures-screen, purchases-screen, sales-screen, works-screen, , , , , 
   - while fulfilling desired order of chunk group(s) assets-screen, scheduled-works-screen, sales-quotes, screen-direct-app, , , 

 warning  

chunk chunk-d9620424 [mini-css-extract-plugin]
Conflicting order. Following module has been added:
 * css ./node_modules/css-loader/dist/cjs.js??ref--8-oneOf-1-1!./node_modules/vue-loader/lib/loaders/stylePostLoader.js!./node_modules/postcss-loader/src??ref--8-oneOf-1-2!./node_modules/sass-loader/dist/cjs.js??ref--8-oneOf-1-3!./node_modules/cache-loader/dist/cjs.js??ref--0-0!./node_modules/vue-loader/lib??vue-loader-options!./src/components/common/show-all/IsShowAll.vue?vue&type=style&index=0&id=59795ca0&lang=scss&scoped=true&
despite it was not able to fulfill desired ordering with these modules:
 * css ./node_modules/css-loader/dist/cjs.js??ref--8-oneOf-1-1!./node_modules/vue-loader/lib/loaders/stylePostLoader.js!./node_modules/postcss-loader/src??ref--8-oneOf-1-2!./node_modules/sass-loader/dist/cjs.js??ref--8-oneOf-1-3!./node_modules/cache-loader/dist/cjs.js??ref--0-0!./node_modules/vue-loader/lib??vue-loader-options!./src/components/common/popover-summary/IsPopoverSummary.vue?vue&type=style&index=0&lang=scss&
   - couldn't fulfill desired order of chunk group(s) assets-screen, purchases-screen, sales-screen, works-screen, , , , , , , 
   - while fulfilling desired order of chunk group(s) dashboard-screen, scheduled-works-screen, planner-screen, sales-quotes, screen-direct-app, , 

 warning  

chunk chunk-d9620424 [mini-css-extract-plugin]
Conflicting order. Following module has been added:
 * css ./node_modules/css-loader/dist/cjs.js??ref--8-oneOf-1-1!./node_modules/vue-loader/lib/loaders/stylePostLoader.js!./node_modules/postcss-loader/src??ref--8-oneOf-1-2!./node_modules/sass-loader/dist/cjs.js??ref--8-oneOf-1-3!./node_modules/cache-loader/dist/cjs.js??ref--0-0!./node_modules/vue-loader/lib??vue-loader-options!./src/components/common/list/IsList.vue?vue&type=style&index=0&id=2fe9468a&lang=scss&scoped=true&
despite it was not able to fulfill desired ordering with these modules:
 * css ./node_modules/css-loader/dist/cjs.js??ref--8-oneOf-1-1!./node_modules/vue-loader/lib/loaders/stylePostLoader.js!./node_modules/postcss-loader/src??ref--8-oneOf-1-2!./node_modules/sass-loader/dist/cjs.js??ref--8-oneOf-1-3!./node_modules/cache-loader/dist/cjs.js??ref--0-0!./node_modules/vue-loader/lib??vue-loader-options!./src/components/common/popover-summary/IsPopoverSummary.vue?vue&type=style&index=0&lang=scss&
   - couldn't fulfill desired order of chunk group(s) assets-screen, purchases-screen, sales-screen, works-screen, , , , , , , 
   - while fulfilling desired order of chunk group(s) dashboard-screen, scheduled-works-screen, planner-screen, sales-quotes, screen-direct-app, , 

 warning  

chunk home-screen~planner-screen [mini-css-extract-plugin]
Conflicting order. Following module has been added:
 * css ./node_modules/css-loader/dist/cjs.js??ref--8-oneOf-1-1!./node_modules/vue-loader/lib/loaders/stylePostLoader.js!./node_modules/postcss-loader/src??ref--8-oneOf-1-2!./node_modules/sass-loader/dist/cjs.js??ref--8-oneOf-1-3!./node_modules/cache-loader/dist/cjs.js??ref--0-0!./node_modules/vue-loader/lib??vue-loader-options!./src/components/common/profile-picture/IsProfilePicture.vue?vue&type=style&index=0&lang=scss&
despite it was not able to fulfill desired ordering with these modules:
 * css ./node_modules/css-loader/dist/cjs.js??ref--8-oneOf-1-1!./node_modules/vue-loader/lib/loaders/stylePostLoader.js!./node_modules/postcss-loader/src??ref--8-oneOf-1-2!./node_modules/sass-loader/dist/cjs.js??ref--8-oneOf-1-3!./node_modules/cache-loader/dist/cjs.js??ref--0-0!./node_modules/vue-loader/lib??vue-loader-options!./src/components/common/action-buttons/IsActionButtons.vue?vue&type=style&index=0&id=1eb0ca3d&lang=scss&scoped=true&
   - couldn't fulfill desired order of chunk group(s) planner-screen
   - while fulfilling desired order of chunk group(s) home-screen

 warning  

chunk home-screen~planner-screen [mini-css-extract-plugin]
Conflicting order. Following module has been added:
 * css ./node_modules/css-loader/dist/cjs.js??ref--8-oneOf-1-1!./node_modules/vue-loader/lib/loaders/stylePostLoader.js!./node_modules/postcss-loader/src??ref--8-oneOf-1-2!./node_modules/sass-loader/dist/cjs.js??ref--8-oneOf-1-3!./node_modules/cache-loader/dist/cjs.js??ref--0-0!./node_modules/vue-loader/lib??vue-loader-options!./src/components/tag/new/TagNew.vue?vue&type=style&index=0&lang=scss&
despite it was not able to fulfill desired ordering with these modules:
 * css ./node_modules/css-loader/dist/cjs.js??ref--8-oneOf-1-1!./node_modules/vue-loader/lib/loaders/stylePostLoader.js!./node_modules/postcss-loader/src??ref--8-oneOf-1-2!./node_modules/sass-loader/dist/cjs.js??ref--8-oneOf-1-3!./node_modules/cache-loader/dist/cjs.js??ref--0-0!./node_modules/vue-loader/lib??vue-loader-options!./src/components/common/action-buttons/IsActionButtons.vue?vue&type=style&index=0&id=1eb0ca3d&lang=scss&scoped=true&
   - couldn't fulfill desired order of chunk group(s) planner-screen
   - while fulfilling desired order of chunk group(s) home-screen

 warning  

asset size limit: The following asset(s) exceed the recommended size limit (244 KiB).
This can impact web performance.
Assets: 
  fonts/fa-light-300.1980e028.eot (484 KiB)
  fonts/fa-light-300.f056755c.woff (247 KiB)
  fonts/fa-light-300.5bdaa858.ttf (483 KiB)
  fonts/fa-solid-900.eb397dfa.eot (379 KiB)
  fonts/fa-solid-900.ba008862.ttf (378 KiB)
  img/fa-solid-900.bb8ecec4.svg (1.7 MiB)
  img/fa-light-300.4433b4f4.svg (2.31 MiB)
  css/app.aa5cc3c2.css (378 KiB)
  js/app.6a13c832.js (446 KiB)
  js/assets-screen.e9861d88.js (1.3 MiB)
  js/chunk-0a8eee72.cd1361e1.js (281 KiB)
  js/chunk-39690591.20e773b0.js (401 KiB)
  js/chunk-47051872.7db559db.js (929 KiB)
  js/chunk-49145e25.11454f44.js (285 KiB)
  js/chunk-77156438.0760688e.js (301 KiB)
  js/chunk-cf05ec68.7054cf4a.js (1.17 MiB)
  js/chunk-vendors.e69cc814.js (1.98 MiB)
  js/dashboard-screen.266b629e.js (1.33 MiB)
  js/failures-screen.500e2e63.js (410 KiB)
  js/purchases-screen.a3a92bf4.js (306 KiB)
  js/sales-quotes.b75f9461.js (404 KiB)
  js/sales-screen.18128353.js (417 KiB)
  js/scheduled-works-screen.683239bd.js (598 KiB)
  js/screen-direct-app.2ed834dd.js (492 KiB)
  js/utilities-screen.5c9dcfd7.js (925 KiB)
  js/works-screen.0e6774d5.js (375 KiB)

 warning  

entrypoint size limit: The following entrypoint(s) combined asset size exceeds the recommended limit (244 KiB). This can impact web performance.
Entrypoints:
  app (2.79 MiB)
      css/chunk-vendors.b7d36435.css
      js/chunk-vendors.e69cc814.js
      css/app.aa5cc3c2.css
      js/app.6a13c832.js


  File                                      Size             Gzipped

  dist/js/chunk-vendors.e69cc814.js         2026.16 KiB      565.35 KiB
  dist/js/dashboard-screen.266b629e.js      1357.77 KiB      435.51 KiB
  dist/js/assets-screen.e9861d88.js         1326.97 KiB      426.30 KiB
  dist/js/chunk-cf05ec68.7054cf4a.js        1200.86 KiB      390.26 KiB
  dist/js/chunk-47051872.7db559db.js        929.05 KiB       416.27 KiB
  dist/js/utilities-screen.5c9dcfd7.js      925.14 KiB       312.46 KiB
  dist/js/scheduled-works-screen.683239b    598.28 KiB       125.00 KiB
  d.js
  dist/js/screen-direct-app.2ed834dd.js     492.25 KiB       97.96 KiB
  dist/js/app.6a13c832.js                   445.58 KiB       89.75 KiB
  dist/js/sales-screen.18128353.js          417.41 KiB       92.92 KiB
  dist/js/failures-screen.500e2e63.js       410.08 KiB       87.35 KiB
  dist/js/sales-quotes.b75f9461.js          404.15 KiB       87.08 KiB
  dist/js/chunk-39690591.20e773b0.js        401.33 KiB       77.78 KiB
  dist/js/works-screen.0e6774d5.js          374.59 KiB       84.50 KiB
  dist/js/purchases-screen.a3a92bf4.js      306.07 KiB       70.22 KiB
  dist/js/chunk-77156438.0760688e.js        300.78 KiB       60.95 KiB
  dist/js/chunk-49145e25.11454f44.js        284.98 KiB       55.21 KiB
  dist/js/chunk-0a8eee72.cd1361e1.js        280.72 KiB       55.82 KiB
  dist/js/chunk-177c82c7.a0c3b55e.js        236.07 KiB       48.44 KiB
  dist/js/chunk-6564dad0.59e2edb1.js        204.55 KiB       41.51 KiB
  dist/js/home-screen.2eff8300.js           176.52 KiB       31.52 KiB
  dist/js/chunk-13598359.a5ac70fb.js        170.09 KiB       32.70 KiB
  dist/js/planner-screen.fd46db2c.js        142.57 KiB       28.60 KiB
  dist/js/chunk-2b94f36c.5d2b3aa7.js        125.01 KiB       35.76 KiB
  dist/js/chunk-3f3aa534.c94f4b7e.js        77.19 KiB        15.82 KiB
  dist/js/chunk-2f0865b0.839fc2e6.js        75.37 KiB        14.03 KiB
  dist/js/client-prices-old-cms-screen.0    68.44 KiB        17.09 KiB
  e5c8db3.js
  dist/js/home-screen~planner-screen.a0b    66.32 KiB        15.99 KiB
  cf3a2.js
  dist/js/chunk-9c80b6bc.e75f6530.js        55.22 KiB        12.57 KiB
  dist/js/chunk-20a9f219.23b38d49.js        48.43 KiB        10.48 KiB
  dist/js/iot-management-screen.75c7d37a    48.21 KiB        12.12 KiB
  .js
  dist/js/webhooks-management-screen.090    45.35 KiB        10.37 KiB
  1ca4a.js
  dist/js/chunk-4af8769e.6dd700d5.js        45.31 KiB        10.75 KiB
  dist/js/personal-access-tokens-managem    43.27 KiB        9.48 KiB
  ent-screen.9a1c5343.js
  dist/js/chunk-e53225a0.687874a9.js        43.05 KiB        9.45 KiB
  dist/js/webhook-logs-management-screen    42.63 KiB        9.72 KiB
  .bd85baf5.js
  dist/js/utility-types-management-scree    42.28 KiB        8.20 KiB
  n.cf7a2002.js
  dist/js/settings-screen.3f952784.js       40.89 KiB        9.83 KiB
  dist/js/analytics-screen.024ffbba.js      39.00 KiB        9.71 KiB
  dist/js/cost-center-management-screen.    37.48 KiB        8.13 KiB
  855bc7eb.js
  dist/js/chunk-e5ba3fd2.2139cbd7.js        36.21 KiB        11.00 KiB
  dist/js/chunk-5172609e.9cab5a68.js        35.38 KiB        8.23 KiB
  dist/js/chunk-983b27ee.fb15cda7.js        35.00 KiB        7.96 KiB
  dist/js/other-cost-management-screen.a    34.07 KiB        7.63 KiB
  61784f8.js
  dist/new-relic/new-relic-staging.js       33.31 KiB        10.18 KiB
  dist/new-relic/new-relic-production.js    33.27 KiB        10.17 KiB
  dist/js/gatekeeper-screen.9c331574.js     33.08 KiB        7.33 KiB
  dist/js/chunk-5b71d83e.800854f8.js        32.73 KiB        7.93 KiB
  dist/precache-manifest.b7774c48cbdb872    32.51 KiB        8.02 KiB
  dc476f47e7f78a977.js
  dist/js/chunk-c3fab488.265cbcc7.js        32.38 KiB        7.86 KiB
  dist/js/welcome-screen.bbd39dc6.js        31.22 KiB        6.78 KiB
  dist/js/chunk-2a4cdf1b.678bb0aa.js        31.07 KiB        7.44 KiB
  dist/js/chunk-d410395a.fa028413.js        30.94 KiB        9.39 KiB
  dist/js/chunk-75d47bc4.01ea9153.js        30.59 KiB        9.26 KiB
  dist/js/chunk-bb8bb71c.cc7ae2da.js        30.08 KiB        7.42 KiB
  dist/js/chunk-1f7f0c8a.df8c606d.js        29.56 KiB        6.87 KiB
  dist/js/chunk-c86f5c66.eeaa89ac.js        28.88 KiB        7.60 KiB
  dist/js/chunk-10e4e487.fb313bb6.js        28.73 KiB        6.98 KiB
  dist/js/chunk-762ca792.0afeddc4.js        28.71 KiB        7.06 KiB
  dist/js/chunk-0f86bf14.a859dc53.js        28.10 KiB        6.92 KiB
  dist/js/chunk-de8258d0.cab84224.js        27.26 KiB        6.04 KiB
  dist/js/chunk-bd6c36a6.da7e3d9c.js        26.81 KiB        6.54 KiB
  dist/js/chunk-edd6f50e.78c80f4a.js        26.71 KiB        6.82 KiB
  dist/js/chunk-8f1604aa.6fefa994.js        26.12 KiB        8.28 KiB
  dist/js/integrations-management-screen    25.74 KiB        7.47 KiB
  .77f00e50.js
  dist/js/chunk-7f523c96.82924d83.js        25.26 KiB        7.95 KiB
  dist/js/chunk-00d685cf.a12a77eb.js        25.07 KiB        6.49 KiB
  dist/js/chunk-63ec3a1d.e74fe017.js        24.97 KiB        6.62 KiB
  dist/js/old-cms-screen.f8b108f7.js        24.97 KiB        6.44 KiB
  dist/js/chunk-2e54c174.28b25d84.js        24.36 KiB        5.34 KiB
  dist/js/chunk-88195bb4.e51a146b.js        24.04 KiB        5.26 KiB
  dist/js/chunk-01575096.8a52248b.js        23.68 KiB        7.85 KiB
  dist/js/chunk-a7a4d1fa.a36ef719.js        23.34 KiB        5.83 KiB
  dist/js/cost-center-management-screen~    22.74 KiB        7.62 KiB
  failures-screen~gatekeeper-screen~othe
  r-cost-management-screen~persona~7184d
  4ac.37ffc126.js
  dist/js/chunk-0b963646.e6df567f.js        20.97 KiB        5.45 KiB
  dist/js/chunk-50ba1901.1364775e.js        20.77 KiB        5.50 KiB
  dist/js/chunk-28a68ae6.ff425b41.js        20.44 KiB        4.62 KiB
  dist/js/planner-screen~scheduled-work-    20.38 KiB        4.70 KiB
  analytics-screen.15a53ce7.js
  dist/js/chunk-3f264440.6abf5b46.js        19.00 KiB        6.87 KiB
  dist/js/chunk-2f39d752.2ea819f5.js        18.91 KiB        5.21 KiB
  dist/js/welcome-whats-new.b8c0ce96.js     18.29 KiB        5.83 KiB
  dist/js/chunk-42b58206.cac68f3e.js        18.21 KiB        4.45 KiB
  dist/js/chunk-d486d454.0762aec7.js        17.95 KiB        4.88 KiB
  dist/js/chunk-39a5301c.21dda341.js        17.82 KiB        6.61 KiB
  dist/js/scheduled-work-analytics-scree    17.71 KiB        5.95 KiB
  n.52c571be.js
  dist/js/chunk-9e9c9b90.5c5cdf13.js        17.06 KiB        6.44 KiB
  dist/js/chunk-d634c212.9520df8f.js        16.76 KiB        4.10 KiB
  dist/js/chunk-0ca90d33.782d2bfa.js        16.44 KiB        3.05 KiB
  dist/js/chunk-323a1331.d3ce9195.js        15.40 KiB        4.38 KiB
  dist/js/chunk-6b87e6b6.9cc79a76.js        14.87 KiB        3.79 KiB
  dist/js/chunk-020eb630.4348aae2.js        14.82 KiB        3.61 KiB
  dist/js/chunk-438c4524.bc57449c.js        14.79 KiB        3.66 KiB
  dist/js/hub-apps~hub-screen.93518cfd.j    13.32 KiB        3.64 KiB
  s
  dist/js/chunk-5db3340d.fd1824ca.js        12.48 KiB        5.15 KiB
  dist/js/chunk-8208f196.41e48a37.js        12.31 KiB        3.26 KiB
  dist/js/chunk-60cc3e74.e0fa9f1e.js        12.13 KiB        2.81 KiB
  dist/js/chunk-046a7c89.d840bd6c.js        12.00 KiB        3.16 KiB
  dist/js/hub-screen.50578ba4.js            10.51 KiB        2.87 KiB
  dist/js/account-blocked.c3d63ce0.js       10.18 KiB        3.74 KiB
  dist/js/hub-apps.b40e48ae.js              10.16 KiB        2.79 KiB
  dist/js/login-screen.a008d6c5.js          9.91 KiB         3.91 KiB
  dist/js/chunk-6d064f06.aa5239c2.js        9.56 KiB         3.09 KiB
  dist/js/chunk-20abeae8.673804bd.js        9.14 KiB         2.51 KiB
  dist/js/chunk-053c745c.9702ab64.js        8.76 KiB         2.69 KiB
  dist/js/chunk-d9620424.f04a80e2.js        8.38 KiB         2.16 KiB
  dist/js/chunk-76a05bde.99d979be.js        8.08 KiB         2.32 KiB
  dist/js/chunk-a4692d46.9911c3a5.js        8.06 KiB         2.73 KiB
  dist/js/chunk-5b653a01.af74e530.js        7.74 KiB         2.67 KiB
  dist/js/chunk-f2b884e2.2131ec78.js        7.63 KiB         2.38 KiB
  dist/js/chunk-27ecb80c.bb908f67.js        7.23 KiB         2.25 KiB
  dist/js/chunk-66f59a7a.15f0538f.js        6.11 KiB         1.89 KiB
  dist/js/chunk-751bd99d.58d73ac3.js        5.98 KiB         1.67 KiB
  dist/js/chunk-7edb60e6.4f0e7d0d.js        5.75 KiB         2.03 KiB
  dist/js/chunk-61bb3ffe.f395699a.js        5.71 KiB         1.86 KiB
  dist/js/chunk-6acaf102.ca065097.js        5.60 KiB         1.89 KiB
  dist/js/chunk-24f77d2a.b1c8c196.js        5.51 KiB         1.86 KiB
  dist/js/chunk-76c155c2.d10d1e96.js        4.36 KiB         1.28 KiB
  dist/js/chunk-2d0d8057.3c3ed904.js        3.48 KiB         1.19 KiB
  dist/js/page-not-found-screen.c38eaedc    3.40 KiB         1.53 KiB
  .js
  dist/basic.js                             3.36 KiB         1.05 KiB
  dist/js/chunk-2d212ff2.6629aa81.js        3.00 KiB         1.13 KiB
  dist/js/chunk-2d2261a8.da626f13.js        2.97 KiB         1.21 KiB
  dist/js/chunk-2d0b1be8.d9984fd0.js        2.94 KiB         1.13 KiB
  dist/js/chunk-421f3692.638673f1.js        2.73 KiB         1.02 KiB
  dist/js/chunk-2d0e91af.ad0f37a9.js        2.64 KiB         1.14 KiB
  dist/js/chunk-2d0e1dae.cdc5bfc6.js        2.62 KiB         1.18 KiB
  dist/js/chunk-2d0e4a7c.6b07ec80.js        2.60 KiB         1.15 KiB
  dist/js/chunk-2d0ce796.5f2a3efe.js        2.52 KiB         1.16 KiB
  dist/js/chunk-2d0db486.34bed1c2.js        2.50 KiB         1.15 KiB
  dist/js/chunk-2d21b27e.07be6566.js        2.49 KiB         1.09 KiB
  dist/js/chunk-2d229616.f7ca2457.js        2.47 KiB         1.13 KiB
  dist/js/chunk-2d228e49.d768461f.js        2.41 KiB         1.07 KiB
  dist/js/chunk-2d22d238.2e039c12.js        2.40 KiB         1.11 KiB
  dist/js/chunk-2d0b2213.6a128350.js        2.38 KiB         1.03 KiB
  dist/js/chunk-7f881f28.ac2c7d99.js        2.36 KiB         0.99 KiB
  dist/js/chunk-2d0da6ab.74241921.js        2.19 KiB         1.05 KiB
  dist/js/chunk-2d0d622d.38de996c.js        2.13 KiB         0.97 KiB
  dist/js/chunk-2d0cba55.e7d6e534.js        2.07 KiB         1.00 KiB
  dist/js/chunk-f50c655a.518a99ba.js        2.00 KiB         0.87 KiB
  dist/js/chunk-2d0f0dec.d782f997.js        1.98 KiB         0.97 KiB
  dist/js/chunk-2d216de6.77705d1b.js        1.96 KiB         1.02 KiB
  dist/js/chunk-2d2132bb.b65fbc8c.js        1.96 KiB         0.94 KiB
  dist/js/chunk-2d0b2ee7.2a81427c.js        1.94 KiB         1.01 KiB
  dist/js/chunk-2d0cf17f.e3785b20.js        1.94 KiB         0.99 KiB
  dist/js/chunk-2d0bdb3c.439f6ea8.js        1.93 KiB         0.98 KiB
  dist/js/chunk-2d237f33.2a8c2cae.js        1.93 KiB         1.00 KiB
  dist/js/chunk-2d0e26c3.1dbaca88.js        1.93 KiB         0.97 KiB
  dist/js/chunk-2d2259d8.83888308.js        1.92 KiB         0.94 KiB
  dist/js/chunk-2d0d70e6.c3640bf9.js        1.91 KiB         0.98 KiB
  dist/js/chunk-2d0ea0ba.3e43d6b9.js        1.90 KiB         0.98 KiB
  dist/js/chunk-2d0d6a95.3d883ea9.js        1.90 KiB         0.93 KiB
  dist/js/chunk-2d0cca32.2bac9c9b.js        1.90 KiB         0.91 KiB
  dist/js/chunk-2d0d03e8.594e85b0.js        1.90 KiB         0.92 KiB
  dist/js/chunk-2d0d70c6.67724bf1.js        1.90 KiB         0.96 KiB
  dist/js/chunk-2d0c575a.9770dc11.js        1.90 KiB         0.94 KiB
  dist/js/chunk-2d0e9ba2.c8755efe.js        1.89 KiB         0.94 KiB
  dist/js/chunk-2d0b9447.463d5376.js        1.88 KiB         0.92 KiB
  dist/js/chunk-2d0a45e0.4ae886a3.js        1.87 KiB         0.91 KiB
  dist/js/chunk-2d217af6.ab91f521.js        1.87 KiB         1.01 KiB
  dist/js/chunk-2d0b23c4.8daecc20.js        1.86 KiB         0.93 KiB
  dist/js/chunk-2d2107bd.2b521a96.js        1.86 KiB         0.92 KiB
  dist/js/chunk-2d22e165.96d5bfa2.js        1.86 KiB         0.91 KiB
  dist/js/chunk-2d20f204.6b3c5220.js        1.85 KiB         0.97 KiB
  dist/js/chunk-2d21a5d7.22ef6e49.js        1.85 KiB         0.92 KiB
  dist/js/chunk-2d0e57ff.3ecd9637.js        1.85 KiB         0.89 KiB
  dist/js/chunk-2d2288f4.b828a075.js        1.85 KiB         0.89 KiB
  dist/js/chunk-77215428.c7d3206c.js        1.84 KiB         0.95 KiB
  dist/js/chunk-2d0cbca7.f3384819.js        1.83 KiB         0.94 KiB
  dist/js/chunk-2d0d0f3c.81b63e6b.js        1.80 KiB         0.91 KiB
  dist/js/chunk-2d0d3ea6.e6f28ebc.js        1.79 KiB         0.93 KiB
  dist/js/chunk-2d0e5eb9.8665eff2.js        1.79 KiB         0.91 KiB
  dist/js/chunk-2d20e85d.6479021d.js        1.77 KiB         0.87 KiB
  dist/js/chunk-2d20f558.03553899.js        1.76 KiB         0.86 KiB
  dist/service-worker.js                    1.06 KiB         0.62 KiB
  dist/css/app.aa5cc3c2.css                 378.15 KiB       61.81 KiB
  dist/css/scheduled-works-screen.1a374c    150.50 KiB       13.70 KiB
  53.css
  dist/css/chunk-39690591.0e1efb5e.css      134.63 KiB       11.86 KiB
  dist/css/assets-screen.b5982201.css       111.65 KiB       10.65 KiB
  dist/css/chunk-cf05ec68.56177d3a.css      97.50 KiB        9.03 KiB
  dist/css/screen-direct-app.ae4eac7b.cs    90.64 KiB        9.72 KiB
  s
  dist/css/failures-screen.082ac411.css     82.90 KiB        8.54 KiB
  dist/css/sales-screen.a6e62fa6.css        81.37 KiB        9.28 KiB
  dist/css/chunk-77156438.483036e4.css      77.35 KiB        8.30 KiB
  dist/css/purchases-screen.664ebaf6.css    72.65 KiB        7.53 KiB
  dist/css/works-screen.5c22dae8.css        71.39 KiB        8.60 KiB
  dist/css/chunk-6564dad0.9a4e6562.css      67.17 KiB        6.34 KiB
  dist/css/chunk-0a8eee72.dabc60f8.css      66.50 KiB        6.19 KiB
  dist/css/sales-quotes.5b964ab1.css        65.09 KiB        7.91 KiB
  dist/css/chunk-177c82c7.b6363f78.css      62.94 KiB        7.12 KiB
  dist/css/chunk-49145e25.d7ec05ce.css      59.19 KiB        7.06 KiB
  dist/css/chunk-47051872.0dd6a81d.css      56.75 KiB        5.16 KiB
  dist/css/dashboard-screen.ad2bc509.css    47.62 KiB        11.36 KiB
  dist/css/chunk-13598359.36958cb2.css      46.71 KiB        5.06 KiB
  dist/css/planner-screen.146bc569.css      46.25 KiB        4.64 KiB
  dist/css/chunk-3f3aa534.33c8e396.css      33.44 KiB        3.74 KiB
  dist/css/home-screen.435cc350.css         31.78 KiB        4.88 KiB
  dist/css/chunk-20a9f219.d06cfeaf.css      30.19 KiB        3.28 KiB
  dist/css/utilities-screen.00d4365c.css    29.24 KiB        3.55 KiB
  dist/css/chunk-5b71d83e.161ff1ec.css      21.68 KiB        3.35 KiB
  dist/css/chunk-2f0865b0.d373013d.css      19.71 KiB        2.54 KiB
  dist/css/chunk-bd6c36a6.33259c0a.css      18.11 KiB        2.29 KiB
  dist/css/chunk-60cc3e74.83091d8d.css      18.09 KiB        2.17 KiB
  dist/css/chunk-c86f5c66.4c007952.css      17.61 KiB        3.08 KiB
  dist/css/chunk-e53225a0.e9866983.css      17.58 KiB        2.62 KiB
  dist/css/chunk-9c80b6bc.8ba06f5f.css      17.15 KiB        2.83 KiB
  dist/css/webhook-logs-management-scree    17.14 KiB        3.12 KiB
  n.b1db92a7.css
  dist/css/welcome-screen.69942b43.css      16.54 KiB        2.25 KiB
  dist/css/iot-management-screen.c2c82a3    16.43 KiB        2.62 KiB
  3.css
  dist/css/webhooks-management-screen.4e    16.26 KiB        2.96 KiB
  95c1b0.css
  dist/css/chunk-0b963646.923e8498.css      16.15 KiB        2.22 KiB
  dist/css/settings-screen.00ab3175.css     14.81 KiB        2.21 KiB
  dist/css/chunk-2b94f36c.083bacd7.css      14.70 KiB        2.71 KiB
  dist/css/chunk-4af8769e.171740b8.css      14.39 KiB        2.84 KiB
  dist/css/chunk-5172609e.ca099d7f.css      14.37 KiB        2.66 KiB
  dist/css/analytics-screen.34ea5468.css    14.08 KiB        1.96 KiB
  dist/css/chunk-bb8bb71c.8ef593cc.css      14.05 KiB        2.58 KiB
  dist/css/chunk-c3fab488.c3ad02ed.css      14.00 KiB        2.58 KiB
  dist/css/client-prices-old-cms-screen.    13.75 KiB        2.71 KiB
  b61fff52.css
  dist/css/personal-access-tokens-manage    13.52 KiB        2.15 KiB
  ment-screen.61e9260b.css
  dist/css/chunk-d634c212.c2c58f74.css      12.76 KiB        2.28 KiB
  dist/css/chunk-edd6f50e.0a0f186c.css      12.13 KiB        2.51 KiB
  dist/css/chunk-28a68ae6.1a22b2e9.css      11.50 KiB        2.28 KiB
  dist/css/chunk-8208f196.38783451.css      10.66 KiB        1.74 KiB
  dist/css/chunk-66f59a7a.c0810937.css      10.60 KiB        1.79 KiB
  dist/css/chunk-10e4e487.8b05efe3.css      10.11 KiB        1.70 KiB
  dist/css/chunk-983b27ee.41d22c10.css      9.84 KiB         1.81 KiB
  dist/css/hub-apps.7bb4dcac.css            9.56 KiB         2.31 KiB
  dist/css/chunk-323a1331.f61c19f3.css      9.55 KiB         1.98 KiB
  dist/css/chunk-762ca792.e7adac13.css      9.52 KiB         1.70 KiB
  dist/css/cost-center-management-screen    8.77 KiB         1.85 KiB
  .fbcf0e82.css
  dist/css/chunk-20abeae8.07ab2e4b.css      8.76 KiB         1.41 KiB
  dist/css/planner-screen~scheduled-work    8.73 KiB         1.43 KiB
  -analytics-screen.be99a62a.css
  dist/basic.css                            8.28 KiB         1.63 KiB
  dist/css/chunk-1f7f0c8a.71c81e88.css      7.69 KiB         1.70 KiB
  dist/css/welcome-whats-new.176de1aa.cs    7.68 KiB         2.04 KiB
  s
  dist/css/chunk-2a4cdf1b.72d0b2f5.css      7.27 KiB         1.58 KiB
  dist/css/chunk-76c155c2.2e8688e3.css      7.08 KiB         1.08 KiB
  dist/css/hub-screen.c776f36c.css          6.94 KiB         1.85 KiB
  dist/css/chunk-d9620424.573bddf9.css      6.92 KiB         1.09 KiB
  dist/css/gatekeeper-screen.6fc3d40a.cs    6.72 KiB         1.74 KiB
  s
  dist/css/other-cost-management-screen.    6.72 KiB         1.74 KiB
  6fc3d40a.css
  dist/css/utility-types-management-scre    6.72 KiB         1.74 KiB
  en.6fc3d40a.css
  dist/css/integrations-management-scree    6.49 KiB         1.32 KiB
  n.4f0ffcd2.css
  dist/css/chunk-020eb630.3b468e91.css      6.04 KiB         1.22 KiB
  dist/css/old-cms-screen.63a7c68e.css      5.89 KiB         0.87 KiB
  dist/css/home-screen~planner-screen.f1    5.89 KiB         1.33 KiB
  5ca11d.css
  dist/css/cost-center-management-screen    5.88 KiB         1.55 KiB
  ~failures-screen~gatekeeper-screen~oth
  er-cost-management-screen~persona~7184
  d4ac.df99f5e7.css
  dist/css/chunk-63ec3a1d.d02f694b.css      5.74 KiB         1.56 KiB
  dist/css/chunk-751bd99d.a34d6524.css      5.72 KiB         1.16 KiB
  dist/css/chunk-42b58206.e2467bbf.css      5.69 KiB         1.50 KiB
  dist/css/chunk-0f86bf14.80425abe.css      5.64 KiB         1.57 KiB
  dist/css/chunk-3f264440.af722831.css      5.48 KiB         1.12 KiB
  dist/css/chunk-e5ba3fd2.5294855a.css      5.45 KiB         1.52 KiB
  dist/css/chunk-50ba1901.f06eb3c3.css      5.35 KiB         1.49 KiB
  dist/css/chunk-d486d454.f06eb3c3.css      5.35 KiB         1.49 KiB
  dist/css/chunk-00d685cf.e5e15df3.css      5.30 KiB         1.47 KiB
  dist/css/chunk-a7a4d1fa.b07ad857.css      5.30 KiB         1.47 KiB
  dist/css/page-not-found-screen.cfdea92    5.22 KiB         1.09 KiB
  7.css
  dist/css/login-screen.b4ff8532.css        5.09 KiB         1.48 KiB
  dist/css/chunk-de8258d0.bea96c36.css      5.02 KiB         1.40 KiB
  dist/css/chunk-2f39d752.cc8aa3a8.css      5.01 KiB         1.40 KiB
  dist/css/chunk-046a7c89.bc8f3dd1.css      4.53 KiB         1.31 KiB
  dist/css/chunk-01575096.6a4d0725.css      4.47 KiB         1.28 KiB
  dist/css/chunk-75d47bc4.6a4d0725.css      4.47 KiB         1.28 KiB
  dist/css/chunk-7f523c96.6a4d0725.css      4.47 KiB         1.28 KiB
  dist/css/chunk-d410395a.6a4d0725.css      4.47 KiB         1.28 KiB
  dist/css/chunk-88195bb4.5d4cdb4a.css      4.38 KiB         1.25 KiB
  dist/css/chunk-7edb60e6.8fade6b3.css      4.36 KiB         1.28 KiB
  dist/css/chunk-2e54c174.ffd1aed9.css      4.33 KiB         1.22 KiB
  dist/css/chunk-76a05bde.ffd1aed9.css      4.33 KiB         1.22 KiB
  dist/css/chunk-8f1604aa.ffd1aed9.css      4.33 KiB         1.22 KiB
  dist/css/chunk-61bb3ffe.84ec0d1f.css      4.19 KiB         1.29 KiB
  dist/css/chunk-6b87e6b6.346fe3e5.css      4.00 KiB         0.79 KiB
  dist/css/scheduled-work-analytics-scre    3.41 KiB         1.10 KiB
  en.8002a12b.css
  dist/css/chunk-39a5301c.3dc0d519.css      3.38 KiB         1.03 KiB
  dist/css/chunk-vendors.b7d36435.css       3.37 KiB         0.66 KiB
  dist/css/hub-apps~hub-screen.1f14f5e2.    2.80 KiB         0.93 KiB
  css
  dist/css/chunk-438c4524.ea85ca7f.css      2.80 KiB         0.90 KiB
  dist/css/chunk-6d064f06.885d438a.css      2.66 KiB         0.85 KiB
  dist/css/account-blocked.7d55c5c5.css     2.56 KiB         0.84 KiB
  dist/css/chunk-5db3340d.b2d38223.css      2.19 KiB         0.71 KiB
  dist/css/chunk-6acaf102.4ac7edbc.css      2.19 KiB         0.73 KiB
  dist/css/chunk-24f77d2a.465795e1.css      2.17 KiB         0.73 KiB
  dist/css/chunk-f2b884e2.10059aea.css      2.16 KiB         0.73 KiB
  dist/css/chunk-27ecb80c.1ff176f0.css      2.16 KiB         0.72 KiB
  dist/css/chunk-a4692d46.0f5efdab.css      2.10 KiB         0.68 KiB
  dist/css/chunk-5b653a01.9928b22f.css      2.08 KiB         0.68 KiB
  dist/css/chunk-f50c655a.4841d5d3.css      1.99 KiB         0.66 KiB
  dist/css/chunk-421f3692.9dad352c.css      1.99 KiB         0.67 KiB
  dist/css/chunk-7f881f28.a6e7d296.css      1.81 KiB         0.59 KiB

  Images and other types of assets omitted.

 DONE  Build complete. The dist directory is ready to be deployed.
 INFO  Check out deployment instructions at https://cli.vuejs.org/guide/deployment.html
      
section_end:1620300840:step_script[0Ksection_start:1620300840:archive_cache[0K[0K[36;1mSaving cache for successful job[0;m
[0;m[32;1mCreating cache v0-100-6...[0;m
dist/: found 368 matching files and directories   [0;m 
node_modules/: found 155769 matching files and directories[0;m 
Uploading cache.zip to https://is-gitlab-runners-cache.s3.dualstack.eu-west-1.amazonaws.com/project/20143087/v0-100-6[0;m 
[32;1mCreated cache[0;m
section_end:1620300922:archive_cache[0Ksection_start:1620300922:cleanup_file_variables[0K[0K[36;1mCleaning up file based variables[0;m
[0;msection_end:1620300923:cleanup_file_variables[0K[32;1mJob succeeded
[0;m