[0KRunning with gitlab-runner 13.7.0 (943fc252)
[0;m[0K  on Web Core Client - Tests- docker+machine Gu_oFDiR
[0;msection_start:1626468576:resolve_secrets[0K[0K[36;1mResolving secrets[0;m
[0;msection_end:1626468576:resolve_secrets[0Ksection_start:1626468576:prepare_executor[0K[0K[36;1mPreparing the "docker+machine" executor[0;m
[0;m[0KUsing Docker executor with image node:12.16.1 ...
[0;m[0KPulling docker image node:12.16.1 ...
[0;m[0KUsing docker image sha256:88c089733a3b980b3517e8e2e8afa46b338f69d7562550cb3c2e9fd852a2fbac for node:12.16.1 with digest node@sha256:46f4c17e1edbde36d60a9f6362db7912cfe301bac89afef7cc92421ab3e7ca18 ...
[0;msection_end:1626468582:prepare_executor[0Ksection_start:1626468582:prepare_script[0K[0K[36;1mPreparing environment[0;m
[0;mRunning on runner-guofdir-project-20143087-concurrent-0 via runner-guofdir-IS-Pipeline-gitlab-runner-1626467487-8a80347c...
section_end:1626468583:prepare_script[0Ksection_start:1626468583:get_sources[0K[0K[36;1mGetting source from Git repository[0;m
[0;m[32;1mFetching changes with git depth set to 1...[0;m
Initialized empty Git repository in /builds/infraspeak/web/web-core-client/.git/
[32;1mCreated fresh repository.[0;m
[32;1mChecking out 753a1a05 as v0.105.4...[0;m

[32;1mSkipping Git submodules setup[0;m
section_end:1626468586:get_sources[0Ksection_start:1626468586:restore_cache[0K[0K[36;1mRestoring cache[0;m
[0;m[32;1mChecking cache for v0-105-4...[0;m
Downloading cache.zip from https://is-gitlab-runners-cache.s3.dualstack.eu-west-1.amazonaws.com/project/20143087/v0-105-4[0;m 
[32;1mSuccessfully extracted cache[0;m
section_end:1626468648:restore_cache[0Ksection_start:1626468648:step_script[0K[0K[36;1mExecuting "step_script" stage of the job script[0;m
[0;m[32;1m$ npm run build-production[0;m

> infraspeak-web-core-client@0.105.0 build-production /builds/infraspeak/web/web-core-client
> vue-cli-service build --mode production --dest dist


-  Building for production...
Starting type checking service...
Using 1 worker with 2048MB memory limit
Browserslist: caniuse-lite is outdated. Please run:
npx browserslist@latest --update-db

Why you should do it regularly:
https://github.com/browserslist/browserslist#browsers-data-updating
Browserslist: caniuse-lite is outdated. Please run:
npx browserslist@latest --update-db

Why you should do it regularly:
https://github.com/browserslist/browserslist#browsers-data-updating
 WARNING  Compiled with 15 warnings8:56:50 PM

Module Warning (from ./node_modules/eslint-loader/index.js):
error: Unexpected console statement (no-console) at src/components/chart/analytic/ChartAnalytic.vue:249:25:
  247 |                         this.isLoadingData = false
  248 | 
> 249 |                         console.error('error getting data: ', error)
      |                         ^
  250 |                     })
  251 |             }
  252 | 


error: Unexpected console statement (no-console) at src/components/chart/analytic/ChartAnalytic.vue:329:29:
  327 |                         })
  328 |                         .catch(error => {
> 329 |                             console.error('error exporting data: ', error)
      |                             ^
  330 |                         })
  331 |                         .finally(progressNoty.close)
  332 | 


2 errors found.

Module Warning (from ./node_modules/eslint-loader/index.js):
error: Unexpected console statement (no-console) at src/components/chart/analyticnew2/ChartAnalytic.vue:126:21:
  124 |                 })
  125 |                 .catch(error => {
> 126 |                     console.error('error exporting data: ', error)
      |                     ^
  127 |                 })
  128 |                 .finally(progressNoty.close)
  129 |         }


1 error found.

Module Warning (from ./node_modules/eslint-loader/index.js):
error: Unexpected console statement (no-console) at src/components/history/failure/HistoryFailure.vue:161:21:
  159 | 
  160 |                     })
> 161 |                     console.log(registryItem)
      |                     ^
  162 |                     break
  163 |                 case EnumFailureRegistryAction.FAILURE_REOPEN:
  164 |                     if (registry.description) {


1 error found.

You may use special comments to disable some warnings.
Use // eslint-disable-next-line to ignore the next line.
Use /* eslint-disable */ to ignore all warnings in a file.
 warning  in ./src/helpers/cookies.helper.ts

Module Warning (from ./node_modules/thread-loader/dist/cjs.js):

/builds/infraspeak/web/web-core-client/src/helpers/cookies.helper.ts
  40:5   error  Unexpected var, use let or const instead   no-var
  40:40  error  Extra semicolon                            semi
  41:5   error  Unexpected var, use let or const instead   no-var
  41:65  error  Extra semicolon                            semi
  42:5   error  Unexpected var, use let or const instead   no-var
  42:77  error  Missing space before function parentheses  space-before-function-paren
  43:69  error  Extra semicolon                            semi
  44:17  error  Extra semicolon                            semi
  46:35  error  Extra semicolon                            semi

✖ 9 problems (9 errors, 0 warnings)
  9 errors and 0 warnings potentially fixable with the `--fix` option.


 @ ./src/store/root/Root.store.ts 22:0-56 62:26-38
 @ ./src/plugins/analytics/analytics.plugin.ts
 @ ./src/main.ts
 @ multi ./src/main.ts

 warning  in ./src/models/Base.transformer.ts

Module Warning (from ./node_modules/thread-loader/dist/cjs.js):

/builds/infraspeak/web/web-core-client/src/models/Base.transformer.ts
  46:17  error  Unexpected console statement  no-console

✖ 1 problem (1 error, 0 warnings)


 @ ./src/models/entity/Entity.transformer.v3.ts 7:0-60 71:2-17
 @ ./src/api/entity.api.ts
 @ ./src/store/root/Root.store.ts
 @ ./src/plugins/analytics/analytics.plugin.ts
 @ ./src/main.ts
 @ multi ./src/main.ts

 warning  in ./src/store/root/Root.store.ts

Module Warning (from ./node_modules/thread-loader/dist/cjs.js):

/builds/infraspeak/web/web-core-client/src/store/root/Root.store.ts
  372:17  error  Unexpected console statement  no-console

✖ 1 problem (1 error, 0 warnings)


 @ ./src/plugins/analytics/analytics.plugin.ts 9:0-52 19:14-23 20:16-25 21:16-25 22:40-49 27:8-17 28:27-36 29:28-37 54:19-28 54:49-58
 @ ./src/main.ts
 @ multi ./src/main.ts

 warning  

chunk chunk-6f6188f6 [mini-css-extract-plugin]
Conflicting order. Following module has been added:
 * css ./node_modules/css-loader/dist/cjs.js??ref--8-oneOf-1-1!./node_modules/vue-loader/lib/loaders/stylePostLoader.js!./node_modules/postcss-loader/src??ref--8-oneOf-1-2!./node_modules/sass-loader/dist/cjs.js??ref--8-oneOf-1-3!./node_modules/cache-loader/dist/cjs.js??ref--0-0!./node_modules/vue-loader/lib??vue-loader-options!./src/components/common/tag/popover/IsTagPopover.vue?vue&type=style&index=0&lang=scss&
despite it was not able to fulfill desired ordering with these modules:
 * css ./node_modules/css-loader/dist/cjs.js??ref--8-oneOf-1-1!./node_modules/vue-loader/lib/loaders/stylePostLoader.js!./node_modules/postcss-loader/src??ref--8-oneOf-1-2!./node_modules/sass-loader/dist/cjs.js??ref--8-oneOf-1-3!./node_modules/cache-loader/dist/cjs.js??ref--0-0!./node_modules/vue-loader/lib??vue-loader-options!./src/components/common/field/IsField.vue?vue&type=style&index=0&lang=scss&
   - couldn't fulfill desired order of chunk group(s) client-prices-old-cms-screen, screen-direct-app, , , , , , , , , 
   - while fulfilling desired order of chunk group(s) dashboard-screen, assets-screen, failures-screen, scheduled-works-screen, purchases-screen, sales-screen, sales-quotes, works-screen, quote-requests, , , , , , , 

 warning  

chunk chunk-a1c9cdf6 [mini-css-extract-plugin]
Conflicting order. Following module has been added:
 * css ./node_modules/css-loader/dist/cjs.js??ref--8-oneOf-1-1!./node_modules/vue-loader/lib/loaders/stylePostLoader.js!./node_modules/postcss-loader/src??ref--8-oneOf-1-2!./node_modules/sass-loader/dist/cjs.js??ref--8-oneOf-1-3!./node_modules/cache-loader/dist/cjs.js??ref--0-0!./node_modules/vue-loader/lib??vue-loader-options!./src/components/summary/operator/SummaryOperator.vue?vue&type=style&index=0&id=51377b1a&lang=scss&scoped=true&
despite it was not able to fulfill desired ordering with these modules:
 * css ./node_modules/css-loader/dist/cjs.js??ref--8-oneOf-1-1!./node_modules/vue-loader/lib/loaders/stylePostLoader.js!./node_modules/postcss-loader/src??ref--8-oneOf-1-2!./node_modules/sass-loader/dist/cjs.js??ref--8-oneOf-1-3!./node_modules/cache-loader/dist/cjs.js??ref--0-0!./node_modules/vue-loader/lib??vue-loader-options!./src/components/common/time-picker/IsTimePicker.vue?vue&type=style&index=0&id=84536cda&lang=scss&scoped=true&
   - couldn't fulfill desired order of chunk group(s) , 
   - while fulfilling desired order of chunk group(s) planner-screen

 warning  

chunk chunk-a1c9cdf6 [mini-css-extract-plugin]
Conflicting order. Following module has been added:
 * css ./node_modules/css-loader/dist/cjs.js??ref--8-oneOf-1-1!./node_modules/vue-loader/lib/loaders/stylePostLoader.js!./node_modules/postcss-loader/src??ref--8-oneOf-1-2!./node_modules/sass-loader/dist/cjs.js??ref--8-oneOf-1-3!./node_modules/cache-loader/dist/cjs.js??ref--0-0!./node_modules/vue-loader/lib??vue-loader-options!./src/components/chip/operator/ChipOperator.vue?vue&type=style&index=0&id=05dd3048&lang=scss&scoped=true&
despite it was not able to fulfill desired ordering with these modules:
 * css ./node_modules/css-loader/dist/cjs.js??ref--8-oneOf-1-1!./node_modules/vue-loader/lib/loaders/stylePostLoader.js!./node_modules/postcss-loader/src??ref--8-oneOf-1-2!./node_modules/sass-loader/dist/cjs.js??ref--8-oneOf-1-3!./node_modules/cache-loader/dist/cjs.js??ref--0-0!./node_modules/vue-loader/lib??vue-loader-options!./src/components/common/time-picker/IsTimePicker.vue?vue&type=style&index=0&id=84536cda&lang=scss&scoped=true&
   - couldn't fulfill desired order of chunk group(s) , 
   - while fulfilling desired order of chunk group(s) planner-screen

 warning  

chunk chunk-d9620424 [mini-css-extract-plugin]
Conflicting order. Following module has been added:
 * css ./node_modules/css-loader/dist/cjs.js??ref--8-oneOf-1-1!./node_modules/vue-loader/lib/loaders/stylePostLoader.js!./node_modules/postcss-loader/src??ref--8-oneOf-1-2!./node_modules/sass-loader/dist/cjs.js??ref--8-oneOf-1-3!./node_modules/cache-loader/dist/cjs.js??ref--0-0!./node_modules/vue-loader/lib??vue-loader-options!./src/components/common/show-all/IsShowAll.vue?vue&type=style&index=0&id=59795ca0&lang=scss&scoped=true&
despite it was not able to fulfill desired ordering with these modules:
 * css ./node_modules/css-loader/dist/cjs.js??ref--8-oneOf-1-1!./node_modules/vue-loader/lib/loaders/stylePostLoader.js!./node_modules/postcss-loader/src??ref--8-oneOf-1-2!./node_modules/sass-loader/dist/cjs.js??ref--8-oneOf-1-3!./node_modules/cache-loader/dist/cjs.js??ref--0-0!./node_modules/vue-loader/lib??vue-loader-options!./src/components/common/popover-summary/IsPopoverSummary.vue?vue&type=style&index=0&lang=scss&
   - couldn't fulfill desired order of chunk group(s) assets-screen, purchases-screen, sales-screen, works-screen, quote-requests, , , , , , , , , , 
   - while fulfilling desired order of chunk group(s) dashboard-screen, scheduled-works-screen, planner-screen, sales-quotes, screen-direct-app, , 

 warning  

chunk chunk-d9620424 [mini-css-extract-plugin]
Conflicting order. Following module has been added:
 * css ./node_modules/css-loader/dist/cjs.js??ref--8-oneOf-1-1!./node_modules/vue-loader/lib/loaders/stylePostLoader.js!./node_modules/postcss-loader/src??ref--8-oneOf-1-2!./node_modules/sass-loader/dist/cjs.js??ref--8-oneOf-1-3!./node_modules/cache-loader/dist/cjs.js??ref--0-0!./node_modules/vue-loader/lib??vue-loader-options!./src/components/common/list/IsList.vue?vue&type=style&index=0&id=2fe9468a&lang=scss&scoped=true&
despite it was not able to fulfill desired ordering with these modules:
 * css ./node_modules/css-loader/dist/cjs.js??ref--8-oneOf-1-1!./node_modules/vue-loader/lib/loaders/stylePostLoader.js!./node_modules/postcss-loader/src??ref--8-oneOf-1-2!./node_modules/sass-loader/dist/cjs.js??ref--8-oneOf-1-3!./node_modules/cache-loader/dist/cjs.js??ref--0-0!./node_modules/vue-loader/lib??vue-loader-options!./src/components/common/popover-summary/IsPopoverSummary.vue?vue&type=style&index=0&lang=scss&
   - couldn't fulfill desired order of chunk group(s) assets-screen, purchases-screen, sales-screen, works-screen, quote-requests, , , , , , , , , , 
   - while fulfilling desired order of chunk group(s) dashboard-screen, scheduled-works-screen, planner-screen, sales-quotes, screen-direct-app, , 

 warning  

chunk home-screen~planner-screen [mini-css-extract-plugin]
Conflicting order. Following module has been added:
 * css ./node_modules/css-loader/dist/cjs.js??ref--8-oneOf-1-1!./node_modules/vue-loader/lib/loaders/stylePostLoader.js!./node_modules/postcss-loader/src??ref--8-oneOf-1-2!./node_modules/sass-loader/dist/cjs.js??ref--8-oneOf-1-3!./node_modules/cache-loader/dist/cjs.js??ref--0-0!./node_modules/vue-loader/lib??vue-loader-options!./src/components/common/profile-picture/IsProfilePicture.vue?vue&type=style&index=0&lang=scss&
despite it was not able to fulfill desired ordering with these modules:
 * css ./node_modules/css-loader/dist/cjs.js??ref--8-oneOf-1-1!./node_modules/vue-loader/lib/loaders/stylePostLoader.js!./node_modules/postcss-loader/src??ref--8-oneOf-1-2!./node_modules/sass-loader/dist/cjs.js??ref--8-oneOf-1-3!./node_modules/cache-loader/dist/cjs.js??ref--0-0!./node_modules/vue-loader/lib??vue-loader-options!./src/components/common/action-buttons/IsActionButtons.vue?vue&type=style&index=0&id=db3670b8&lang=scss&scoped=true&
   - couldn't fulfill desired order of chunk group(s) planner-screen
   - while fulfilling desired order of chunk group(s) home-screen

 warning  

chunk home-screen~planner-screen [mini-css-extract-plugin]
Conflicting order. Following module has been added:
 * css ./node_modules/css-loader/dist/cjs.js??ref--8-oneOf-1-1!./node_modules/vue-loader/lib/loaders/stylePostLoader.js!./node_modules/postcss-loader/src??ref--8-oneOf-1-2!./node_modules/sass-loader/dist/cjs.js??ref--8-oneOf-1-3!./node_modules/cache-loader/dist/cjs.js??ref--0-0!./node_modules/vue-loader/lib??vue-loader-options!./src/components/tag/new/TagNew.vue?vue&type=style&index=0&lang=scss&
despite it was not able to fulfill desired ordering with these modules:
 * css ./node_modules/css-loader/dist/cjs.js??ref--8-oneOf-1-1!./node_modules/vue-loader/lib/loaders/stylePostLoader.js!./node_modules/postcss-loader/src??ref--8-oneOf-1-2!./node_modules/sass-loader/dist/cjs.js??ref--8-oneOf-1-3!./node_modules/cache-loader/dist/cjs.js??ref--0-0!./node_modules/vue-loader/lib??vue-loader-options!./src/components/common/action-buttons/IsActionButtons.vue?vue&type=style&index=0&id=db3670b8&lang=scss&scoped=true&
   - couldn't fulfill desired order of chunk group(s) planner-screen
   - while fulfilling desired order of chunk group(s) home-screen

 warning  

asset size limit: The following asset(s) exceed the recommended size limit (244 KiB).
This can impact web performance.
Assets: 
  fonts/fa-light-300.1980e028.eot (484 KiB)
  fonts/fa-light-300.f056755c.woff (247 KiB)
  fonts/fa-light-300.5bdaa858.ttf (483 KiB)
  fonts/fa-solid-900.eb397dfa.eot (379 KiB)
  fonts/fa-solid-900.ba008862.ttf (378 KiB)
  img/fa-solid-900.bb8ecec4.svg (1.7 MiB)
  img/fa-light-300.4433b4f4.svg (2.31 MiB)
  css/app.2b76ae88.css (378 KiB)
  js/app.0d2bf868.js (490 KiB)
  js/assets-screen.caf30ed3.js (1.29 MiB)
  js/chunk-13f85c1a.232a1ac1.js (910 KiB)
  js/chunk-1fec0534.a72c76be.js (318 KiB)
  js/chunk-3ceac0a4.4839fe5c.js (1.17 MiB)
  js/chunk-54a45efe.5a165e76.js (421 KiB)
  js/chunk-636c3e54.667207da.js (251 KiB)
  js/chunk-7d8e9eb3.f10f4145.js (305 KiB)
  js/chunk-a5770db2.9988cf57.js (306 KiB)
  js/chunk-vendors.81098d6b.js (1.91 MiB)
  js/dashboard-screen.4b895fcc.js (1.34 MiB)
  js/failure-sla-analytics-screen~sales-analytics-screen~scheduled-work-analytics-screen~sla-analytics-sc~e9009d77.44d830e7.js (862 KiB)
  js/failures-screen.fa5f42a1.js (449 KiB)
  js/purchases-screen.f4ea6204.js (342 KiB)
  js/quote-requests.fd37eaf4.js (311 KiB)
  js/sales-quotes.8af7c7e1.js (444 KiB)
  js/sales-screen.85713bdc.js (457 KiB)
  js/scheduled-works-screen.f1367b06.js (624 KiB)
  js/screen-direct-app.51f2fadb.js (518 KiB)
  js/works-screen.3de9352a.js (394 KiB)

 warning  

entrypoint size limit: The following entrypoint(s) combined asset size exceeds the recommended limit (244 KiB). This can impact web performance.
Entrypoints:
  app (2.76 MiB)
      css/chunk-vendors.b7d36435.css
      js/chunk-vendors.81098d6b.js
      css/app.2b76ae88.css
      js/app.0d2bf868.js


  File                                      Size             Gzipped

  dist/js/chunk-vendors.81098d6b.js         1959.07 KiB      550.60 KiB
  dist/js/dashboard-screen.4b895fcc.js      1373.04 KiB      439.70 KiB
  dist/js/assets-screen.caf30ed3.js         1323.85 KiB      423.20 KiB
  dist/js/chunk-3ceac0a4.4839fe5c.js        1195.19 KiB      386.45 KiB
  dist/js/chunk-13f85c1a.232a1ac1.js        909.64 KiB       411.37 KiB
  dist/js/failure-sla-analytics-screen~s    861.98 KiB       295.95 KiB
  ales-analytics-screen~scheduled-work-a
  nalytics-screen~sla-analytics-sc~e9009
  d77.44d830e7.js
  dist/js/scheduled-works-screen.f1367b0    624.40 KiB       130.22 KiB
  6.js
  dist/js/screen-direct-app.51f2fadb.js     518.19 KiB       102.44 KiB
  dist/js/app.0d2bf868.js                   489.83 KiB       97.91 KiB
  dist/js/sales-screen.85713bdc.js          456.53 KiB       100.58 KiB
  dist/js/failures-screen.fa5f42a1.js       448.61 KiB       95.59 KiB
  dist/js/sales-quotes.8af7c7e1.js          444.21 KiB       94.50 KiB
  dist/js/chunk-54a45efe.5a165e76.js        421.48 KiB       81.72 KiB
  dist/js/works-screen.3de9352a.js          393.87 KiB       88.28 KiB
  dist/js/purchases-screen.f4ea6204.js      341.80 KiB       77.15 KiB
  dist/js/chunk-1fec0534.a72c76be.js        317.69 KiB       63.83 KiB
  dist/js/quote-requests.fd37eaf4.js        310.76 KiB       71.07 KiB
  dist/js/chunk-a5770db2.9988cf57.js        305.86 KiB       58.80 KiB
  dist/js/chunk-7d8e9eb3.f10f4145.js        304.78 KiB       60.18 KiB
  dist/js/chunk-636c3e54.667207da.js        251.45 KiB       51.12 KiB
  dist/js/chunk-2e3cc694.55ff1173.js        231.10 KiB       46.08 KiB
  dist/js/chunk-030299de.6026ac10.js        224.54 KiB       44.43 KiB
  dist/js/home-screen.38404295.js           205.29 KiB       35.53 KiB
  dist/js/chunk-21a6ab86.6adf0641.js        165.30 KiB       34.43 KiB
  dist/js/planner-screen.3752788e.js        156.04 KiB       31.22 KiB
  dist/js/scheduled-work-analytics-scree    141.76 KiB       31.59 KiB
  n.12775052.js
  dist/js/failure-sla-analytics-screen.6    123.39 KiB       27.93 KiB
  4f3872b.js
  dist/js/sla-analytics-screen.68443382.    118.25 KiB       26.74 KiB
  js
  dist/js/sales-analytics-screen.638ab40    111.17 KiB       24.59 KiB
  6.js
  dist/js/chunk-055366d2.3baa6e52.js        108.30 KiB       23.52 KiB
  dist/js/chunk-419907eb.6cbaf8d1.js        88.77 KiB        17.89 KiB
  dist/js/utilities-screen.54065713.js      86.19 KiB        21.86 KiB
  dist/js/chunk-0e8ad4d6.73dab385.js        77.90 KiB        14.53 KiB
  dist/js/home-screen~planner-screen.031    69.90 KiB        16.81 KiB
  8be2a.js
  dist/js/chunk-4a5f46a6.d396d799.js        69.84 KiB        23.51 KiB
  dist/js/chunk-7bc1118a.9da00a9f.js        53.40 KiB        11.22 KiB
  dist/js/chunk-be6dc046.1a781c3e.js        48.66 KiB        10.52 KiB
  dist/js/client-prices-old-cms-screen.7    47.78 KiB        12.59 KiB
  e5bc58c.js
  dist/js/chunk-21a87d13.d064f263.js        45.41 KiB        10.06 KiB
  dist/js/settings-screen.ee624a85.js       45.23 KiB        10.49 KiB
  dist/js/analytics-screen.3ca9f68a.js      39.48 KiB        9.80 KiB
  dist/js/iot-management-screen.84f6fc78    38.16 KiB        9.70 KiB
  .js
  dist/js/chunk-3b8f94f9.c83a322e.js        37.80 KiB        10.08 KiB
  dist/js/webhooks-management-screen.74a    36.73 KiB        8.65 KiB
  c3f64.js
  dist/js/chunk-61f33501.c2cc0e46.js        36.71 KiB        10.67 KiB
  dist/js/chunk-530fae1c.5ee1df06.js        36.36 KiB        10.54 KiB
  dist/js/utility-types-management-scree    36.18 KiB        7.15 KiB
  n.4df85ab4.js
  dist/precache-manifest.924fc833cd63914    35.54 KiB        8.67 KiB
  2ad6b3ba8b7b5ea54.js
  dist/js/chunk-b070ee5e.00c0f268.js        35.11 KiB        8.50 KiB
  dist/js/chunk-dd6c9d34.156cf048.js        34.89 KiB        8.16 KiB
  dist/js/personal-access-tokens-managem    34.39 KiB        7.90 KiB
  ent-screen.e7b70d56.js
  dist/js/webhook-logs-management-screen    34.01 KiB        8.00 KiB
  .429a4876.js
  dist/new-relic/new-relic-staging.js       33.31 KiB        10.18 KiB
  dist/new-relic/new-relic-production.js    33.27 KiB        10.17 KiB
  dist/js/chunk-2d8734ac.919721fa.js        32.71 KiB        7.08 KiB
  dist/js/chunk-3e219d7a.610c7dde.js        31.92 KiB        9.56 KiB
  dist/js/welcome-screen.0ca97401.js        31.22 KiB        6.78 KiB
  dist/js/chunk-1c5abaf8.cffdeb66.js        30.96 KiB        9.37 KiB
  dist/js/chunk-308c474e.58787d44.js        30.08 KiB        7.35 KiB
  dist/js/chunk-30aa1886.1632587d.js        29.27 KiB        6.42 KiB
  dist/js/chunk-5fb56611.6005b923.js        27.62 KiB        6.48 KiB
  dist/js/integrations-management-screen    27.08 KiB        7.77 KiB
  .c3a4a30b.js
  dist/js/chunk-1aca01f5.e858730e.js        26.82 KiB        8.65 KiB
  dist/js/chunk-51cb4172.a8c80391.js        26.08 KiB        6.34 KiB
  dist/js/cost-center-management-screen.    25.81 KiB        5.85 KiB
  028acd2a.js
  dist/js/old-cms-screen.f04d3a2f.js        25.23 KiB        6.54 KiB
  dist/js/chunk-4adbcfb3.244ae0ab.js        25.02 KiB        5.73 KiB
  dist/js/chunk-01575096.e245e81a.js        24.43 KiB        8.01 KiB
  dist/js/chunk-50ba1901.bae69777.js        22.54 KiB        5.85 KiB
  dist/js/assets-and-staff-screen-manage    22.30 KiB        6.42 KiB
  ment.5cc41dc8.js
  dist/js/chunk-68fbe5e2.03ac0258.js        22.25 KiB        5.54 KiB
  dist/js/chunk-58118e58.46c3f5ee.js        21.97 KiB        5.68 KiB
  dist/js/chunk-54ce7948.66114fe4.js        21.96 KiB        5.71 KiB
  dist/js/other-cost-management-screen.9    21.93 KiB        5.31 KiB
  7b53526.js
  dist/js/chunk-50dce618.94e6ce13.js        21.54 KiB        5.05 KiB
  dist/js/chunk-0b963646.a7d0b02a.js        20.97 KiB        5.45 KiB
  dist/js/gatekeeper-screen.ba2191bd.js     20.94 KiB        4.96 KiB
  dist/js/chunk-12dc9770.3a691019.js        20.66 KiB        5.01 KiB
  dist/js/chunk-28a68ae6.e0aef57f.js        20.44 KiB        4.62 KiB
  dist/js/cost-center-management-screen~    20.02 KiB        5.30 KiB
  gatekeeper-screen~other-cost-managemen
  t-screen~personal-access-tokens-~18979
  24d.cc3b828d.js
  dist/js/chunk-9ae46708.bee89378.js        19.78 KiB        4.86 KiB
  dist/js/chunk-8035c4a2.44c32528.js        19.78 KiB        7.02 KiB
  dist/js/chunk-d486d454.6e402f22.js        19.73 KiB        5.22 KiB
  dist/js/chunk-c5f5e1a4.81c21c77.js        19.72 KiB        4.96 KiB
  dist/js/chunk-2f39d752.c0e0c765.js        19.17 KiB        5.35 KiB
  dist/js/welcome-whats-new.c19c508e.js     18.99 KiB        6.00 KiB
  dist/js/chunk-d667d8fc.bc8838ed.js        18.78 KiB        4.75 KiB
  dist/js/chunk-39a5301c.f493711a.js        18.60 KiB        6.76 KiB
  dist/js/chunk-7e2e62a3.8971329f.js        18.46 KiB        4.44 KiB
  dist/js/chunk-6381b0f1.6d986032.js        18.33 KiB        4.39 KiB
  dist/js/chunk-0ef381b3.2b9c7a5c.js        17.30 KiB        4.19 KiB
  dist/js/chunk-9e9c9b90.5c5cdf13.js        17.06 KiB        6.44 KiB
  dist/js/chunk-0ca90d33.bc38789f.js        16.77 KiB        3.10 KiB
  dist/js/chunk-1f7e8986.f4351b28.js        16.44 KiB        3.96 KiB
  dist/js/chunk-508b5db4.1bd259b0.js        16.10 KiB        3.96 KiB
  dist/js/chunk-6b87e6b6.10c8d061.js        15.10 KiB        3.88 KiB
  dist/js/cost-center-management-screen~    15.09 KiB        5.22 KiB
  failure-sla-analytics-screen~failures-
  screen~gatekeeper-screen~other-c~68160
  cb3.44b58217.js
  dist/js/chunk-020eb630.ebc22af0.js        14.84 KiB        3.63 KiB
  dist/js/chunk-118d19aa.d849263b.js        14.63 KiB        4.19 KiB
  dist/js/chunk-3c04fc25.17bd1bb7.js        14.44 KiB        3.94 KiB
  dist/js/hub-apps~hub-screen.f0f6c9d6.j    13.32 KiB        3.63 KiB
  s
  dist/js/chunk-4eec0cf6.891d48ba.js        13.26 KiB        5.30 KiB
  dist/js/chunk-36c95e7d.644e20d7.js        12.51 KiB        3.56 KiB
  dist/js/chunk-a1c9cdf6.2a5e6b79.js        12.43 KiB        3.00 KiB
  dist/js/asset-status-screen-management    12.04 KiB        3.17 KiB
  ~assets-and-staff-screen-management.76
  c30cde.js
  dist/js/chunk-4d4781c6.7125fe07.js        12.00 KiB        3.16 KiB
  dist/js/chunk-6b42b25f.12ff3de4.js        11.93 KiB        2.95 KiB
  dist/js/chunk-7a9e9fc3.d3d104eb.js        11.16 KiB        2.49 KiB
  dist/js/chunk-6f6188f6.d7a37e41.js        10.66 KiB        2.97 KiB
  dist/js/hub-screen.65caa344.js            10.51 KiB        2.87 KiB
  dist/js/account-blocked.e6d4b593.js       10.24 KiB        3.78 KiB
  dist/js/login-screen.65b4cd4e.js          10.17 KiB        4.04 KiB
  dist/js/hub-apps.1f239340.js              10.16 KiB        2.79 KiB
  dist/js/chunk-a3e2d22a.1343ca74.js        9.91 KiB         2.86 KiB
  dist/js/chunk-c5542494.5e84e7f6.js        9.63 KiB         2.60 KiB
  dist/js/chunk-a4692d46.8376dfd0.js        9.40 KiB         3.06 KiB
  dist/js/chunk-5b653a01.5d19063f.js        8.88 KiB         2.96 KiB
  dist/js/chunk-053c745c.5b5e5442.js        8.83 KiB         2.71 KiB
  dist/js/chunk-d9620424.bc8e1fcb.js        8.38 KiB         2.16 KiB
  dist/js/chunk-76a05bde.a9518aca.js        8.14 KiB         2.34 KiB
  dist/js/chunk-f2b884e2.cf7373cf.js        7.63 KiB         2.39 KiB
  dist/js/chunk-27ecb80c.16095571.js        7.23 KiB         2.25 KiB
  dist/js/chunk-406705d2.ab38d66a.js        7.22 KiB         2.37 KiB
  dist/js/chunk-3b33c162.3c5871e5.js        6.39 KiB         1.74 KiB
  dist/js/asset-status-screen-management    6.25 KiB         2.00 KiB
  .222f990f.js
  dist/js/chunk-7edb60e6.b45fb80a.js        6.08 KiB         2.10 KiB
  dist/js/chunk-61bb3ffe.25054f3b.js        5.71 KiB         1.86 KiB
  dist/js/chunk-6acaf102.8203cf2f.js        5.60 KiB         1.89 KiB
  dist/js/chunk-24f77d2a.7976ee81.js        5.49 KiB         1.86 KiB
  dist/js/chunk-7b4fb17e.b9dc484b.js        5.16 KiB         1.68 KiB
  dist/js/chunk-9466aa38.2b437cd2.js        4.36 KiB         1.28 KiB
  dist/js/chunk-5c252a5e.3cbf50c0.js        3.58 KiB         1.19 KiB
  dist/js/chunk-2d0d8057.3c3ed904.js        3.48 KiB         1.19 KiB
  dist/js/page-not-found-screen.96acc9d8    3.40 KiB         1.53 KiB
  .js
  dist/basic.js                             3.36 KiB         1.05 KiB
  dist/js/chunk-2d212ff2.6629aa81.js        3.00 KiB         1.13 KiB
  dist/js/chunk-2d2261a8.da626f13.js        2.97 KiB         1.21 KiB
  dist/js/chunk-2d0b1be8.d9984fd0.js        2.94 KiB         1.13 KiB
  dist/js/chunk-2d0e91af.ad0f37a9.js        2.64 KiB         1.14 KiB
  dist/js/chunk-2d0e1dae.cdc5bfc6.js        2.62 KiB         1.18 KiB
  dist/js/chunk-2d0e4a7c.6b07ec80.js        2.60 KiB         1.15 KiB
  dist/js/chunk-2d0ce796.5f2a3efe.js        2.52 KiB         1.16 KiB
  dist/js/chunk-2d0db486.34bed1c2.js        2.50 KiB         1.15 KiB
  dist/js/chunk-2d21b27e.07be6566.js        2.49 KiB         1.09 KiB
  dist/js/chunk-2d229616.f7ca2457.js        2.47 KiB         1.13 KiB
  dist/js/chunk-2d228e49.d768461f.js        2.41 KiB         1.07 KiB
  dist/js/chunk-2d22d238.2e039c12.js        2.40 KiB         1.11 KiB
  dist/js/chunk-2d0b2213.6a128350.js        2.38 KiB         1.03 KiB
  dist/js/chunk-2d0da6ab.74241921.js        2.19 KiB         1.05 KiB
  dist/js/chunk-2d0d622d.38de996c.js        2.13 KiB         0.97 KiB
  dist/js/chunk-2d0cba55.e7d6e534.js        2.07 KiB         1.00 KiB
  dist/js/chunk-f50c655a.07ebe5ac.js        2.00 KiB         0.87 KiB
  dist/js/chunk-2d0f0dec.d782f997.js        1.98 KiB         0.97 KiB
  dist/js/chunk-2d216de6.77705d1b.js        1.96 KiB         1.02 KiB
  dist/js/chunk-2d2132bb.b65fbc8c.js        1.96 KiB         0.94 KiB
  dist/js/chunk-2d0b2ee7.2a81427c.js        1.94 KiB         1.01 KiB
  dist/js/chunk-2d0cf17f.e3785b20.js        1.94 KiB         0.99 KiB
  dist/js/chunk-2d0bdb3c.439f6ea8.js        1.93 KiB         0.98 KiB
  dist/js/chunk-2d237f33.2a8c2cae.js        1.93 KiB         1.00 KiB
  dist/js/chunk-2d0e26c3.1dbaca88.js        1.93 KiB         0.97 KiB
  dist/js/chunk-2d2259d8.83888308.js        1.92 KiB         0.94 KiB
  dist/js/chunk-2d0d70e6.c3640bf9.js        1.91 KiB         0.98 KiB
  dist/js/chunk-2d0ea0ba.3e43d6b9.js        1.90 KiB         0.98 KiB
  dist/js/chunk-2d0d6a95.3d883ea9.js        1.90 KiB         0.93 KiB
  dist/js/chunk-2d0cca32.2bac9c9b.js        1.90 KiB         0.91 KiB
  dist/js/chunk-2d0d03e8.594e85b0.js        1.90 KiB         0.92 KiB
  dist/js/chunk-2d0d70c6.67724bf1.js        1.90 KiB         0.96 KiB
  dist/js/chunk-2d0c575a.9770dc11.js        1.90 KiB         0.94 KiB
  dist/js/chunk-2d0e9ba2.c8755efe.js        1.89 KiB         0.94 KiB
  dist/js/chunk-2d0b9447.463d5376.js        1.88 KiB         0.92 KiB
  dist/js/chunk-2d0a45e0.4ae886a3.js        1.87 KiB         0.91 KiB
  dist/js/chunk-2d217af6.ab91f521.js        1.87 KiB         1.01 KiB
  dist/js/chunk-2d0b23c4.8daecc20.js        1.86 KiB         0.93 KiB
  dist/js/chunk-2d2107bd.2b521a96.js        1.86 KiB         0.92 KiB
  dist/js/chunk-2d22e165.96d5bfa2.js        1.86 KiB         0.91 KiB
  dist/js/chunk-2d20f204.6b3c5220.js        1.85 KiB         0.97 KiB
  dist/js/chunk-2d21a5d7.22ef6e49.js        1.85 KiB         0.92 KiB
  dist/js/chunk-2d0e57ff.3ecd9637.js        1.85 KiB         0.89 KiB
  dist/js/analytics-customizations-scree    1.85 KiB         0.84 KiB
  n.60d94852.js
  dist/js/chunk-2d2288f4.b828a075.js        1.85 KiB         0.89 KiB
  dist/js/chunk-77215428.c7d3206c.js        1.84 KiB         0.95 KiB
  dist/js/chunk-2d0cbca7.f3384819.js        1.83 KiB         0.94 KiB
  dist/js/chunk-2d0d0f3c.81b63e6b.js        1.80 KiB         0.91 KiB
  dist/js/chunk-2d0d3ea6.e6f28ebc.js        1.79 KiB         0.93 KiB
  dist/js/chunk-2d0e5eb9.8665eff2.js        1.79 KiB         0.91 KiB
  dist/js/chunk-6659b8d6.60d82f17.js        1.78 KiB         0.80 KiB
  dist/js/chunk-2d20e85d.6479021d.js        1.77 KiB         0.87 KiB
  dist/js/chunk-2d20f558.03553899.js        1.76 KiB         0.86 KiB
  dist/service-worker.js                    1.06 KiB         0.62 KiB
  dist/js/housekeeper-screen.ac8182f4.js    0.21 KiB         0.18 KiB
  dist/css/app.2b76ae88.css                 378.39 KiB       61.84 KiB
  dist/css/scheduled-works-screen.b9880e    155.10 KiB       14.58 KiB
  71.css
  dist/css/chunk-54a45efe.704fdc0e.css      139.17 KiB       12.78 KiB
  dist/css/assets-screen.51aa0a22.css       118.64 KiB       11.74 KiB
  dist/css/chunk-3ceac0a4.feb70f35.css      104.44 KiB       10.12 KiB
  dist/css/screen-direct-app.6717f77b.cs    99.82 KiB        10.85 KiB
  s
  dist/css/sales-screen.d7a7bf84.css        93.86 KiB        10.74 KiB
  dist/css/failures-screen.0104ce81.css     92.20 KiB        10.10 KiB
  dist/css/chunk-1fec0534.6f32a93d.css      86.18 KiB        9.46 KiB
  dist/css/purchases-screen.84830266.css    80.89 KiB        8.84 KiB
  dist/css/works-screen.d4c5cdbe.css        80.22 KiB        9.80 KiB
  dist/css/sales-quotes.6cccd27b.css        75.58 KiB        9.33 KiB
  dist/css/chunk-2e3cc694.fd4b5025.css      75.35 KiB        7.71 KiB
  dist/css/chunk-7d8e9eb3.9b3d6344.css      73.33 KiB        7.32 KiB
  dist/css/chunk-636c3e54.fcda316c.css      71.71 KiB        8.30 KiB
  dist/css/chunk-a5770db2.a52c3b18.css      68.02 KiB        8.20 KiB
  dist/css/chunk-030299de.7dc5eb93.css      66.40 KiB        6.52 KiB
  dist/css/planner-screen.5c4e4f5a.css      52.01 KiB        5.61 KiB
  dist/css/quote-requests.770ce76e.css      50.27 KiB        6.85 KiB
  dist/css/dashboard-screen.708fcad3.css    49.77 KiB        10.98 KiB
  dist/css/chunk-13f85c1a.61c071c8.css      47.66 KiB        3.78 KiB
  dist/css/chunk-21a6ab86.38f6dd11.css      45.09 KiB        5.62 KiB
  dist/css/chunk-055366d2.1a218aff.css      40.42 KiB        4.92 KiB
  dist/css/home-screen.392c9016.css         33.89 KiB        5.17 KiB
  dist/css/chunk-419907eb.5ec78603.css      33.21 KiB        3.71 KiB
  dist/css/utilities-screen.d3ee961c.css    32.37 KiB        3.99 KiB
  dist/css/chunk-be6dc046.35765605.css      30.19 KiB        3.28 KiB
  dist/css/scheduled-work-analytics-scre    28.08 KiB        3.82 KiB
  en.c9aac6ac.css
  dist/css/sla-analytics-screen.36a45b09    24.70 KiB        3.71 KiB
  .css
  dist/css/failure-sla-analytics-screen.    24.62 KiB        3.70 KiB
  84067e39.css
  dist/css/chunk-d667d8fc.8d816ee5.css      21.14 KiB        3.26 KiB
  dist/css/chunk-0e8ad4d6.78a99d21.css      19.97 KiB        2.57 KiB
  dist/css/chunk-3b8f94f9.7701ab0c.css      18.83 KiB        2.34 KiB
  dist/css/chunk-dd6c9d34.1073c1e5.css      18.49 KiB        2.68 KiB
  dist/css/webhook-logs-management-scree    18.31 KiB        3.28 KiB
  n.c590b3ee.css
  dist/css/chunk-51cb4172.6e71a9c2.css      18.20 KiB        2.24 KiB
  dist/css/chunk-308c474e.83fbcf0c.css      17.90 KiB        2.65 KiB
  dist/css/chunk-5fb56611.08c09e38.css      17.90 KiB        2.14 KiB
  dist/css/webhooks-management-screen.ec    17.43 KiB        3.08 KiB
  dac1f2.css
  dist/css/sales-analytics-screen.b9fd84    17.34 KiB        2.69 KiB
  22.css
  dist/css/chunk-1f7e8986.cf15ebf1.css      17.14 KiB        2.06 KiB
  dist/css/chunk-2d8734ac.61d7ff25.css      16.61 KiB        2.41 KiB
  dist/css/chunk-21a87d13.95c37db3.css      16.56 KiB        2.67 KiB
  dist/css/welcome-screen.69942b43.css      16.54 KiB        2.25 KiB
  dist/css/chunk-7bc1118a.e07aa99c.css      16.49 KiB        2.66 KiB
  dist/css/chunk-0b963646.923e8498.css      16.15 KiB        2.22 KiB
  dist/css/iot-management-screen.76c6c32    15.46 KiB        2.39 KiB
  f.css
  dist/css/settings-screen.cd66366c.css     14.81 KiB        2.21 KiB
  dist/css/personal-access-tokens-manage    14.31 KiB        2.28 KiB
  ment-screen.d062a46a.css
  dist/css/analytics-screen.86047d4b.css    14.08 KiB        1.96 KiB
  dist/css/chunk-b070ee5e.74ebddfa.css      13.80 KiB        2.68 KiB
  dist/css/chunk-4adbcfb3.5c2e84d7.css      13.78 KiB        2.47 KiB
  dist/css/chunk-c5f5e1a4.ac467400.css      13.47 KiB        2.41 KiB
  dist/css/chunk-68fbe5e2.2f79b79a.css      13.41 KiB        2.41 KiB
  dist/css/chunk-54ce7948.d5fe5cd8.css      12.23 KiB        2.48 KiB
  dist/css/chunk-58118e58.d5fe5cd8.css      12.23 KiB        2.47 KiB
  dist/css/integrations-management-scree    12.16 KiB        2.36 KiB
  n.23bb68ac.css
  dist/css/chunk-1c5abaf8.9c1100f8.css      11.69 KiB        2.37 KiB
  dist/css/chunk-530fae1c.9c1100f8.css      11.69 KiB        2.37 KiB
  dist/css/chunk-61f33501.9c1100f8.css      11.69 KiB        2.37 KiB
  dist/css/chunk-30aa1886.87352850.css      11.60 KiB        2.34 KiB
  dist/css/chunk-3e219d7a.83a7bcd8.css      11.55 KiB        2.32 KiB
  dist/css/chunk-28a68ae6.1a22b2e9.css      11.50 KiB        2.28 KiB
  dist/css/utility-types-management-scre    10.98 KiB        1.83 KiB
  en.34bc8c5b.css
  dist/css/chunk-6f6188f6.d3df0277.css      10.24 KiB        2.03 KiB
  dist/css/chunk-a1c9cdf6.7ed727ff.css      10.20 KiB        1.40 KiB
  dist/css/asset-status-screen-managemen    10.10 KiB        2.25 KiB
  t~assets-and-staff-screen-management.f
  120779f.css
  dist/css/hub-apps.7bb4dcac.css            9.56 KiB         2.31 KiB
  dist/css/chunk-50dce618.fd373a45.css      9.17 KiB         1.62 KiB
  dist/css/cost-center-management-screen    9.13 KiB         2.28 KiB
  ~gatekeeper-screen~other-cost-manageme
  nt-screen~personal-access-tokens-~1897
  924d.1fc7f9ca.css
  dist/css/chunk-406705d2.e483b3bc.css      8.96 KiB         1.74 KiB
  dist/css/asset-status-screen-managemen    8.30 KiB         1.56 KiB
  t.0680edd5.css
  dist/basic.css                            8.28 KiB         1.63 KiB
  dist/css/welcome-whats-new.8a4a581e.cs    7.88 KiB         2.08 KiB
  s
  dist/css/assets-and-staff-screen-manag    7.79 KiB         1.31 KiB
  ement.cbef4ea7.css
  dist/css/chunk-9466aa38.e6c50781.css      7.08 KiB         1.08 KiB
  dist/css/chunk-508b5db4.7e859d11.css      7.02 KiB         1.48 KiB
  dist/css/hub-screen.c776f36c.css          6.94 KiB         1.85 KiB
  dist/css/chunk-d9620424.573bddf9.css      6.92 KiB         1.09 KiB
  dist/css/chunk-12dc9770.c8376727.css      6.30 KiB         1.34 KiB
  dist/css/chunk-020eb630.3b468e91.css      6.04 KiB         1.22 KiB
  dist/css/home-screen~planner-screen.e9    5.95 KiB         1.34 KiB
  f11cce.css
  dist/css/old-cms-screen.0a49c550.css      5.89 KiB         0.87 KiB
  dist/css/chunk-3b33c162.b6e4f5bf.css      5.72 KiB         1.16 KiB
  dist/css/chunk-7e2e62a3.e2467bbf.css      5.69 KiB         1.50 KiB
  dist/css/chunk-6b42b25f.362a5c87.css      5.66 KiB         1.49 KiB
  dist/css/chunk-0ef381b3.0eed711f.css      5.61 KiB         1.47 KiB
  dist/css/chunk-8035c4a2.020f3881.css      5.48 KiB         1.12 KiB
  dist/css/chunk-50ba1901.033ea070.css      5.40 KiB         1.51 KiB
  dist/css/chunk-d486d454.033ea070.css      5.40 KiB         1.51 KiB
  dist/css/page-not-found-screen.cfdea92    5.22 KiB         1.09 KiB
  7.css
  dist/css/login-screen.b4ff8532.css        5.09 KiB         1.48 KiB
  dist/css/chunk-2f39d752.cc8aa3a8.css      5.01 KiB         1.40 KiB
  dist/css/chunk-118d19aa.1332469f.css      4.77 KiB         1.33 KiB
  dist/css/chunk-9ae46708.62210807.css      4.67 KiB         1.33 KiB
  dist/css/client-prices-old-cms-screen.    4.67 KiB         1.20 KiB
  eefa436a.css
  dist/css/chunk-4d4781c6.5c163df3.css      4.53 KiB         1.31 KiB
  dist/css/chunk-01575096.6a4d0725.css      4.47 KiB         1.28 KiB
  dist/css/chunk-1aca01f5.10a1a41a.css      4.47 KiB         1.28 KiB
  dist/css/chunk-7edb60e6.617f4701.css      4.34 KiB         1.27 KiB
  dist/css/chunk-6381b0f1.ffd1aed9.css      4.33 KiB         1.22 KiB
  dist/css/chunk-76a05bde.ffd1aed9.css      4.33 KiB         1.22 KiB
  dist/css/chunk-c5542494.ffd1aed9.css      4.33 KiB         1.22 KiB
  dist/css/chunk-61bb3ffe.84ec0d1f.css      4.19 KiB         1.29 KiB
  dist/css/chunk-6b87e6b6.346fe3e5.css      4.00 KiB         0.79 KiB
  dist/css/cost-center-management-screen    3.47 KiB         0.92 KiB
  ~failure-sla-analytics-screen~failures
  -screen~gatekeeper-screen~other-c~6816
  0cb3.dac667ce.css
  dist/css/chunk-39a5301c.3dc0d519.css      3.38 KiB         1.03 KiB
  dist/css/chunk-vendors.b7d36435.css       3.37 KiB         0.66 KiB
  dist/css/failure-sla-analytics-screen~    2.83 KiB         0.89 KiB
  sales-analytics-screen~scheduled-work-
  analytics-screen~sla-analytics-sc~e900
  9d77.34a831d2.css
  dist/css/hub-apps~hub-screen.1f14f5e2.    2.80 KiB         0.93 KiB
  css
  dist/css/chunk-3c04fc25.ea85ca7f.css      2.80 KiB         0.90 KiB
  dist/css/chunk-36c95e7d.72e6313e.css      2.77 KiB         0.93 KiB
  dist/css/chunk-a3e2d22a.885d438a.css      2.66 KiB         0.85 KiB
  dist/css/account-blocked.7d55c5c5.css     2.56 KiB         0.84 KiB
  dist/css/chunk-4eec0cf6.1b6f5f32.css      2.19 KiB         0.71 KiB
  dist/css/chunk-6acaf102.4ac7edbc.css      2.19 KiB         0.73 KiB
  dist/css/chunk-7b4fb17e.95113aaf.css      2.19 KiB         0.73 KiB
  dist/css/chunk-24f77d2a.465795e1.css      2.17 KiB         0.73 KiB
  dist/css/chunk-f2b884e2.10059aea.css      2.16 KiB         0.73 KiB
  dist/css/chunk-27ecb80c.1ff176f0.css      2.16 KiB         0.72 KiB
  dist/css/chunk-a4692d46.0f5efdab.css      2.10 KiB         0.68 KiB
  dist/css/chunk-5b653a01.9928b22f.css      2.08 KiB         0.68 KiB
  dist/css/cost-center-management-screen    2.05 KiB         0.65 KiB
  .72a7aea9.css
  dist/css/analytics-customizations-scre    2.02 KiB         0.65 KiB
  en.07dc4344.css
  dist/css/chunk-5c252a5e.327d5b4d.css      2.00 KiB         0.68 KiB
  dist/css/chunk-f50c655a.4841d5d3.css      1.99 KiB         0.66 KiB
  dist/css/chunk-6659b8d6.a6e3afb4.css      1.81 KiB         0.59 KiB

  Images and other types of assets omitted.

 DONE  Build complete. The dist directory is ready to be deployed.
 INFO  Check out deployment instructions at https://cli.vuejs.org/guide/deployment.html
      
section_end:1626469012:step_script[0Ksection_start:1626469012:archive_cache[0K[0K[36;1mSaving cache for successful job[0;m
[0;m[32;1mCreating cache v0-105-4...[0;m
dist/: found 395 matching files and directories   [0;m 
node_modules/: found 157962 matching files and directories[0;m 
Uploading cache.zip to https://is-gitlab-runners-cache.s3.dualstack.eu-west-1.amazonaws.com/project/20143087/v0-105-4[0;m 
[32;1mCreated cache[0;m
section_end:1626469112:archive_cache[0Ksection_start:1626469112:cleanup_file_variables[0K[0K[36;1mCleaning up file based variables[0;m
[0;msection_end:1626469113:cleanup_file_variables[0K[32;1mJob succeeded
[0;m