[0KRunning with gitlab-runner 13.7.0 (943fc252)
[0;m[0K  on Web Core Client - Tests- docker+machine Gu_oFDiR
[0;msection_start:1626713650:resolve_secrets[0K[0K[36;1mResolving secrets[0;m
[0;msection_end:1626713650:resolve_secrets[0Ksection_start:1626713650:prepare_executor[0K[0K[36;1mPreparing the "docker+machine" executor[0;m
[0;m[0KUsing Docker executor with image node:12.16.1 ...
[0;m[0KPulling docker image node:12.16.1 ...
[0;m[0KUsing docker image sha256:88c089733a3b980b3517e8e2e8afa46b338f69d7562550cb3c2e9fd852a2fbac for node:12.16.1 with digest node@sha256:46f4c17e1edbde36d60a9f6362db7912cfe301bac89afef7cc92421ab3e7ca18 ...
[0;msection_end:1626713652:prepare_executor[0Ksection_start:1626713652:prepare_script[0K[0K[36;1mPreparing environment[0;m
[0;mRunning on runner-guofdir-project-20143087-concurrent-0 via runner-guofdir-IS-Pipeline-gitlab-runner-1626712500-1cc32760...
section_end:1626713653:prepare_script[0Ksection_start:1626713653:get_sources[0K[0K[36;1mGetting source from Git repository[0;m
[0;m[32;1mFetching changes with git depth set to 1...[0;m
Initialized empty Git repository in /builds/infraspeak/web/web-core-client/.git/
[32;1mCreated fresh repository.[0;m
[32;1mChecking out 6bd023f1 as v0.106.0...[0;m

[32;1mSkipping Git submodules setup[0;m
section_end:1626713656:get_sources[0Ksection_start:1626713656:restore_cache[0K[0K[36;1mRestoring cache[0;m
[0;m[32;1mChecking cache for v0-106-0...[0;m
Downloading cache.zip from https://is-gitlab-runners-cache.s3.dualstack.eu-west-1.amazonaws.com/project/20143087/v0-106-0[0;m 
[32;1mSuccessfully extracted cache[0;m
section_end:1626713719:restore_cache[0Ksection_start:1626713719:step_script[0K[0K[36;1mExecuting "step_script" stage of the job script[0;m
[0;m[32;1m$ npm run build-production[0;m

> infraspeak-web-core-client@0.106.0 build-production /builds/infraspeak/web/web-core-client
> vue-cli-service build --mode production --dest dist


-  Building for production...
Starting type checking service...
Using 1 worker with 2048MB memory limit
Browserslist: caniuse-lite is outdated. Please run:
npx browserslist@latest --update-db

Why you should do it regularly:
https://github.com/browserslist/browserslist#browsers-data-updating
Browserslist: caniuse-lite is outdated. Please run:
npx browserslist@latest --update-db

Why you should do it regularly:
https://github.com/browserslist/browserslist#browsers-data-updating
 WARNING  Compiled with 21 warnings5:01:13 PM

Module Warning (from ./node_modules/eslint-loader/index.js):
error: More than 1 blank line not allowed (no-multiple-empty-lines) at src/components/common/side-dialog/IsSideDialog.vue:173:1:
  171 |         readonly submitConfirmationNoButtonText!: string
  172 | 
> 173 | 
      | ^
  174 |         @Prop({
  175 |             type: Number,
  176 |             default: 0,


error: Trailing spaces not allowed (no-trailing-spaces) at src/components/common/side-dialog/IsSideDialog.vue:205:1:
  203 |             })
  204 |         }
> 205 |         
      | ^
  206 |         onSubmitClick () {
  207 |             if (!this.hasSubmitConfirmation) {
  208 |                 return this.submit()


error: Block must not be padded by blank lines (padded-blocks) at src/components/common/side-dialog/IsSideDialog.vue:218:15:
  216 |                 cancelButtonText: this.submitConfirmationNoButtonText,
  217 |                 confirmCallback: this.submit
> 218 |             })
      |               ^
  219 | 
  220 |         }
  221 | 


3 errors found.
3 errors potentially fixable with the `--fix` option.

Module Warning (from ./node_modules/eslint-loader/index.js):
error: Unexpected console statement (no-console) at src/components/chart/analytic/ChartAnalytic.vue:249:25:
  247 |                         this.isLoadingData = false
  248 | 
> 249 |                         console.error('error getting data: ', error)
      |                         ^
  250 |                     })
  251 |             }
  252 | 


error: Unexpected console statement (no-console) at src/components/chart/analytic/ChartAnalytic.vue:329:29:
  327 |                         })
  328 |                         .catch(error => {
> 329 |                             console.error('error exporting data: ', error)
      |                             ^
  330 |                         })
  331 |                         .finally(progressNoty.close)
  332 | 


2 errors found.

Module Warning (from ./node_modules/eslint-loader/index.js):
error: Unexpected console statement (no-console) at src/components/chart/analyticnew2/ChartAnalytic.vue:126:21:
  124 |                 })
  125 |                 .catch(error => {
> 126 |                     console.error('error exporting data: ', error)
      |                     ^
  127 |                 })
  128 |                 .finally(progressNoty.close)
  129 |         }


1 error found.

Module Warning (from ./node_modules/eslint-loader/index.js):
error: Unexpected console statement (no-console) at src/components/history/failure/HistoryFailure.vue:163:21:
  161 | 
  162 |                     })
> 163 |                     console.log(registryItem)
      |                     ^
  164 |                     break
  165 |                 case EnumFailureRegistryAction.FAILURE_REOPEN:
  166 |                     if (registry.description) {


1 error found.

You may use special comments to disable some warnings.
Use // eslint-disable-next-line to ignore the next line.
Use /* eslint-disable */ to ignore all warnings in a file.
 warning  in ./src/helpers/cookies.helper.ts

Module Warning (from ./node_modules/thread-loader/dist/cjs.js):

/builds/infraspeak/web/web-core-client/src/helpers/cookies.helper.ts
  40:5   error  Unexpected var, use let or const instead   no-var
  40:40  error  Extra semicolon                            semi
  41:5   error  Unexpected var, use let or const instead   no-var
  41:65  error  Extra semicolon                            semi
  42:5   error  Unexpected var, use let or const instead   no-var
  42:77  error  Missing space before function parentheses  space-before-function-paren
  43:69  error  Extra semicolon                            semi
  44:17  error  Extra semicolon                            semi
  46:35  error  Extra semicolon                            semi

✖ 9 problems (9 errors, 0 warnings)
  9 errors and 0 warnings potentially fixable with the `--fix` option.


 @ ./src/store/root/Root.store.ts 22:0-56 62:26-38
 @ ./src/plugins/analytics/analytics.plugin.ts
 @ ./src/main.ts
 @ multi ./src/main.ts

 warning  in ./src/models/Base.transformer.ts

Module Warning (from ./node_modules/thread-loader/dist/cjs.js):

/builds/infraspeak/web/web-core-client/src/models/Base.transformer.ts
  46:17  error  Unexpected console statement  no-console

✖ 1 problem (1 error, 0 warnings)


 @ ./src/models/contact/Contact.transformer.v3.ts 12:0-60 79:2-17
 @ ./src/api/contact.api.ts
 @ ./src/store/root/Root.store.ts
 @ ./src/plugins/analytics/analytics.plugin.ts
 @ ./src/main.ts
 @ multi ./src/main.ts

 warning  in ./src/store/root/Root.store.ts

Module Warning (from ./node_modules/thread-loader/dist/cjs.js):

/builds/infraspeak/web/web-core-client/src/store/root/Root.store.ts
  372:17  error  Unexpected console statement  no-console

✖ 1 problem (1 error, 0 warnings)


 @ ./src/plugins/analytics/analytics.plugin.ts 9:0-52 19:14-23 20:16-25 21:16-25 22:40-49 27:8-17 28:27-36 29:28-37 54:19-28 54:49-58
 @ ./src/main.ts
 @ multi ./src/main.ts

 warning  

chunk chunk-6f6188f6 [mini-css-extract-plugin]
Conflicting order. Following module has been added:
 * css ./node_modules/css-loader/dist/cjs.js??ref--8-oneOf-1-1!./node_modules/vue-loader/lib/loaders/stylePostLoader.js!./node_modules/postcss-loader/src??ref--8-oneOf-1-2!./node_modules/sass-loader/dist/cjs.js??ref--8-oneOf-1-3!./node_modules/cache-loader/dist/cjs.js??ref--0-0!./node_modules/vue-loader/lib??vue-loader-options!./src/components/common/tag/popover/IsTagPopover.vue?vue&type=style&index=0&lang=scss&
despite it was not able to fulfill desired ordering with these modules:
 * css ./node_modules/css-loader/dist/cjs.js??ref--8-oneOf-1-1!./node_modules/vue-loader/lib/loaders/stylePostLoader.js!./node_modules/postcss-loader/src??ref--8-oneOf-1-2!./node_modules/sass-loader/dist/cjs.js??ref--8-oneOf-1-3!./node_modules/cache-loader/dist/cjs.js??ref--0-0!./node_modules/vue-loader/lib??vue-loader-options!./src/components/common/field/IsField.vue?vue&type=style&index=0&lang=scss&
   - couldn't fulfill desired order of chunk group(s) client-prices-old-cms-screen, screen-direct-app, , , , , , , , , 
   - while fulfilling desired order of chunk group(s) dashboard-screen, assets-screen, failures-screen, scheduled-works-screen, purchases-screen, sales-screen, sales-quotes, works-screen, quote-requests, , , , , , , 

 warning  

chunk chunk-a1c9cdf6 [mini-css-extract-plugin]
Conflicting order. Following module has been added:
 * css ./node_modules/css-loader/dist/cjs.js??ref--8-oneOf-1-1!./node_modules/vue-loader/lib/loaders/stylePostLoader.js!./node_modules/postcss-loader/src??ref--8-oneOf-1-2!./node_modules/sass-loader/dist/cjs.js??ref--8-oneOf-1-3!./node_modules/cache-loader/dist/cjs.js??ref--0-0!./node_modules/vue-loader/lib??vue-loader-options!./src/components/summary/operator/SummaryOperator.vue?vue&type=style&index=0&id=51377b1a&lang=scss&scoped=true&
despite it was not able to fulfill desired ordering with these modules:
 * css ./node_modules/css-loader/dist/cjs.js??ref--8-oneOf-1-1!./node_modules/vue-loader/lib/loaders/stylePostLoader.js!./node_modules/postcss-loader/src??ref--8-oneOf-1-2!./node_modules/sass-loader/dist/cjs.js??ref--8-oneOf-1-3!./node_modules/cache-loader/dist/cjs.js??ref--0-0!./node_modules/vue-loader/lib??vue-loader-options!./src/components/common/time-picker/IsTimePicker.vue?vue&type=style&index=0&id=84536cda&lang=scss&scoped=true&
   - couldn't fulfill desired order of chunk group(s) , 
   - while fulfilling desired order of chunk group(s) planner-screen

 warning  

chunk chunk-a1c9cdf6 [mini-css-extract-plugin]
Conflicting order. Following module has been added:
 * css ./node_modules/css-loader/dist/cjs.js??ref--8-oneOf-1-1!./node_modules/vue-loader/lib/loaders/stylePostLoader.js!./node_modules/postcss-loader/src??ref--8-oneOf-1-2!./node_modules/sass-loader/dist/cjs.js??ref--8-oneOf-1-3!./node_modules/cache-loader/dist/cjs.js??ref--0-0!./node_modules/vue-loader/lib??vue-loader-options!./src/components/chip/operator/ChipOperator.vue?vue&type=style&index=0&id=05dd3048&lang=scss&scoped=true&
despite it was not able to fulfill desired ordering with these modules:
 * css ./node_modules/css-loader/dist/cjs.js??ref--8-oneOf-1-1!./node_modules/vue-loader/lib/loaders/stylePostLoader.js!./node_modules/postcss-loader/src??ref--8-oneOf-1-2!./node_modules/sass-loader/dist/cjs.js??ref--8-oneOf-1-3!./node_modules/cache-loader/dist/cjs.js??ref--0-0!./node_modules/vue-loader/lib??vue-loader-options!./src/components/common/time-picker/IsTimePicker.vue?vue&type=style&index=0&id=84536cda&lang=scss&scoped=true&
   - couldn't fulfill desired order of chunk group(s) , 
   - while fulfilling desired order of chunk group(s) planner-screen

 warning  

chunk chunk-b71cc588 [mini-css-extract-plugin]
Conflicting order. Following module has been added:
 * css ./node_modules/css-loader/dist/cjs.js??ref--8-oneOf-1-1!./node_modules/vue-loader/lib/loaders/stylePostLoader.js!./node_modules/postcss-loader/src??ref--8-oneOf-1-2!./node_modules/sass-loader/dist/cjs.js??ref--8-oneOf-1-3!./node_modules/cache-loader/dist/cjs.js??ref--0-0!./node_modules/vue-loader/lib??vue-loader-options!./src/components/common/section-title/IsSectionTitle.vue?vue&type=style&index=0&id=019ec60c&lang=scss&scoped=true&
despite it was not able to fulfill desired ordering with these modules:
 * css ./node_modules/css-loader/dist/cjs.js??ref--8-oneOf-1-1!./node_modules/vue-loader/lib/loaders/stylePostLoader.js!./node_modules/postcss-loader/src??ref--8-oneOf-1-2!./node_modules/sass-loader/dist/cjs.js??ref--8-oneOf-1-3!./node_modules/cache-loader/dist/cjs.js??ref--0-0!./node_modules/vue-loader/lib??vue-loader-options!./src/components/card/file/CardFile.vue?vue&type=style&index=0&lang=scss&
   - couldn't fulfill desired order of chunk group(s) assets-screen, 
   - while fulfilling desired order of chunk group(s) failures-screen, scheduled-works-screen, purchases-screen, sales-screen, sales-quotes, works-screen, quote-requests, screen-direct-app, , , , , , , , 
 * css ./node_modules/css-loader/dist/cjs.js??ref--8-oneOf-1-1!./node_modules/vue-loader/lib/loaders/stylePostLoader.js!./node_modules/postcss-loader/src??ref--8-oneOf-1-2!./node_modules/sass-loader/dist/cjs.js??ref--8-oneOf-1-3!./node_modules/cache-loader/dist/cjs.js??ref--0-0!./node_modules/vue-loader/lib??vue-loader-options!./src/components/tag/file/TagFile.vue?vue&type=style&index=0&id=0f740e49&lang=scss&scoped=true&
   - couldn't fulfill desired order of chunk group(s) assets-screen, 
   - while fulfilling desired order of chunk group(s) failures-screen, scheduled-works-screen, purchases-screen, sales-screen, sales-quotes, works-screen, quote-requests, screen-direct-app, , , , , , , , 
 * css ./node_modules/css-loader/dist/cjs.js??ref--8-oneOf-1-1!./node_modules/vue-loader/lib/loaders/stylePostLoader.js!./node_modules/postcss-loader/src??ref--8-oneOf-1-2!./node_modules/sass-loader/dist/cjs.js??ref--8-oneOf-1-3!./node_modules/cache-loader/dist/cjs.js??ref--0-0!./node_modules/vue-loader/lib??vue-loader-options!./src/components/common/popover-summary/IsPopoverSummary.vue?vue&type=style&index=0&lang=scss&
   - couldn't fulfill desired order of chunk group(s) assets-screen, 
   - while fulfilling desired order of chunk group(s) failures-screen, scheduled-works-screen, purchases-screen, sales-screen, sales-quotes, works-screen, quote-requests, screen-direct-app, , , , , , , , 
 * css ./node_modules/css-loader/dist/cjs.js??ref--8-oneOf-1-1!./node_modules/vue-loader/lib/loaders/stylePostLoader.js!./node_modules/postcss-loader/src??ref--8-oneOf-1-2!./node_modules/sass-loader/dist/cjs.js??ref--8-oneOf-1-3!./node_modules/cache-loader/dist/cjs.js??ref--0-0!./node_modules/vue-loader/lib??vue-loader-options!./src/components/tag-popover/contact/TagPopoverContact.vue?vue&type=style&index=0&lang=scss&
   - couldn't fulfill desired order of chunk group(s) assets-screen, 
   - while fulfilling desired order of chunk group(s) failures-screen, scheduled-works-screen, purchases-screen, sales-screen, sales-quotes, works-screen, quote-requests, screen-direct-app, , , , , , , , 
 * css ./node_modules/css-loader/dist/cjs.js??ref--8-oneOf-1-1!./node_modules/vue-loader/lib/loaders/stylePostLoader.js!./node_modules/postcss-loader/src??ref--8-oneOf-1-2!./node_modules/sass-loader/dist/cjs.js??ref--8-oneOf-1-3!./node_modules/cache-loader/dist/cjs.js??ref--0-0!./node_modules/vue-loader/lib??vue-loader-options!./src/components/summary/contact/SummaryContact.vue?vue&type=style&index=0&id=8bf1c9a2&lang=scss&scoped=true&
   - couldn't fulfill desired order of chunk group(s) assets-screen, screen-direct-app, , 
   - while fulfilling desired order of chunk group(s) failures-screen, scheduled-works-screen, purchases-screen, sales-screen, sales-quotes, works-screen, quote-requests, , , , , , , 
 * css ./node_modules/css-loader/dist/cjs.js??ref--8-oneOf-1-1!./node_modules/vue-loader/lib/loaders/stylePostLoader.js!./node_modules/postcss-loader/src??ref--8-oneOf-1-2!./node_modules/sass-loader/dist/cjs.js??ref--8-oneOf-1-3!./node_modules/cache-loader/dist/cjs.js??ref--0-0!./node_modules/vue-loader/lib??vue-loader-options!./src/components/summary/operator/SummaryOperator.vue?vue&type=style&index=0&id=51377b1a&lang=scss&scoped=true&
   - couldn't fulfill desired order of chunk group(s) assets-screen, failures-screen, scheduled-works-screen, works-screen, quote-requests, 
   - while fulfilling desired order of chunk group(s) purchases-screen, sales-screen, sales-quotes, screen-direct-app, , , , , , , , 

 warning  

chunk chunk-b71cc588 [mini-css-extract-plugin]
Conflicting order. Following module has been added:
 * css ./node_modules/css-loader/dist/cjs.js??ref--8-oneOf-1-1!./node_modules/vue-loader/lib/loaders/stylePostLoader.js!./node_modules/postcss-loader/src??ref--8-oneOf-1-2!./node_modules/sass-loader/dist/cjs.js??ref--8-oneOf-1-3!./node_modules/cache-loader/dist/cjs.js??ref--0-0!./node_modules/vue-loader/lib??vue-loader-options!./src/components/summary/contact/SummaryContact.vue?vue&type=style&index=0&id=8bf1c9a2&lang=scss&scoped=true&
despite it was not able to fulfill desired ordering with these modules:
 * css ./node_modules/css-loader/dist/cjs.js??ref--8-oneOf-1-1!./node_modules/vue-loader/lib/loaders/stylePostLoader.js!./node_modules/postcss-loader/src??ref--8-oneOf-1-2!./node_modules/sass-loader/dist/cjs.js??ref--8-oneOf-1-3!./node_modules/cache-loader/dist/cjs.js??ref--0-0!./node_modules/vue-loader/lib??vue-loader-options!./src/components/summary/operator/SummaryOperator.vue?vue&type=style&index=0&id=51377b1a&lang=scss&scoped=true&
   - couldn't fulfill desired order of chunk group(s) assets-screen, failures-screen, scheduled-works-screen, purchases-screen, sales-screen, works-screen, quote-requests, , , , , 
   - while fulfilling desired order of chunk group(s) sales-quotes, screen-direct-app, , , , 
 * css ./node_modules/css-loader/dist/cjs.js??ref--8-oneOf-1-1!./node_modules/vue-loader/lib/loaders/stylePostLoader.js!./node_modules/postcss-loader/src??ref--8-oneOf-1-2!./node_modules/sass-loader/dist/cjs.js??ref--8-oneOf-1-3!./node_modules/cache-loader/dist/cjs.js??ref--0-0!./node_modules/vue-loader/lib??vue-loader-options!./src/components/common/popover-summary/IsPopoverSummary.vue?vue&type=style&index=0&lang=scss&
   - couldn't fulfill desired order of chunk group(s) failures-screen, scheduled-works-screen, purchases-screen, sales-screen, sales-quotes, works-screen, quote-requests, , , , , , , 
   - while fulfilling desired order of chunk group(s) assets-screen, screen-direct-app, , 
 * css ./node_modules/css-loader/dist/cjs.js??ref--8-oneOf-1-1!./node_modules/vue-loader/lib/loaders/stylePostLoader.js!./node_modules/postcss-loader/src??ref--8-oneOf-1-2!./node_modules/sass-loader/dist/cjs.js??ref--8-oneOf-1-3!./node_modules/cache-loader/dist/cjs.js??ref--0-0!./node_modules/vue-loader/lib??vue-loader-options!./src/components/common/navigation-panel/IsNavigationPanel.vue?vue&type=style&index=0&lang=scss&
   - couldn't fulfill desired order of chunk group(s) failures-screen, scheduled-works-screen, purchases-screen, sales-screen, sales-quotes, works-screen, quote-requests, , , , , , , 
   - while fulfilling desired order of chunk group(s) assets-screen, screen-direct-app, , 
 * css ./node_modules/css-loader/dist/cjs.js??ref--8-oneOf-1-1!./node_modules/vue-loader/lib/loaders/stylePostLoader.js!./node_modules/postcss-loader/src??ref--8-oneOf-1-2!./node_modules/sass-loader/dist/cjs.js??ref--8-oneOf-1-3!./node_modules/cache-loader/dist/cjs.js??ref--0-0!./node_modules/vue-loader/lib??vue-loader-options!./src/components/card/file/CardFile.vue?vue&type=style&index=0&lang=scss&
   - couldn't fulfill desired order of chunk group(s) scheduled-works-screen, sales-quotes, 
   - while fulfilling desired order of chunk group(s) assets-screen, failures-screen, purchases-screen, sales-screen, works-screen, quote-requests, screen-direct-app, , , , , , , , 
 * css ./node_modules/css-loader/dist/cjs.js??ref--8-oneOf-1-1!./node_modules/vue-loader/lib/loaders/stylePostLoader.js!./node_modules/postcss-loader/src??ref--8-oneOf-1-2!./node_modules/sass-loader/dist/cjs.js??ref--8-oneOf-1-3!./node_modules/cache-loader/dist/cjs.js??ref--0-0!./node_modules/vue-loader/lib??vue-loader-options!./src/components/tag/file/TagFile.vue?vue&type=style&index=0&id=0f740e49&lang=scss&scoped=true&
   - couldn't fulfill desired order of chunk group(s) scheduled-works-screen, sales-quotes, 
   - while fulfilling desired order of chunk group(s) assets-screen, failures-screen, purchases-screen, sales-screen, works-screen, quote-requests, screen-direct-app, , , , , , , , 

 warning  

chunk chunk-b71cc588 [mini-css-extract-plugin]
Conflicting order. Following module has been added:
 * css ./node_modules/css-loader/dist/cjs.js??ref--8-oneOf-1-1!./node_modules/vue-loader/lib/loaders/stylePostLoader.js!./node_modules/postcss-loader/src??ref--8-oneOf-1-2!./node_modules/sass-loader/dist/cjs.js??ref--8-oneOf-1-3!./node_modules/cache-loader/dist/cjs.js??ref--0-0!./node_modules/vue-loader/lib??vue-loader-options!./src/components/summary/operator/SummaryOperator.vue?vue&type=style&index=0&id=51377b1a&lang=scss&scoped=true&
despite it was not able to fulfill desired ordering with these modules:
 * css ./node_modules/css-loader/dist/cjs.js??ref--8-oneOf-1-1!./node_modules/vue-loader/lib/loaders/stylePostLoader.js!./node_modules/postcss-loader/src??ref--8-oneOf-1-2!./node_modules/sass-loader/dist/cjs.js??ref--8-oneOf-1-3!./node_modules/cache-loader/dist/cjs.js??ref--0-0!./node_modules/vue-loader/lib??vue-loader-options!./src/components/common/navigation-panel/IsNavigationPanel.vue?vue&type=style&index=0&lang=scss&
   - couldn't fulfill desired order of chunk group(s) purchases-screen, sales-screen, sales-quotes, screen-direct-app, , , , , , , , 
   - while fulfilling desired order of chunk group(s) assets-screen, failures-screen, scheduled-works-screen, works-screen, quote-requests, 
 * css ./node_modules/css-loader/dist/cjs.js??ref--8-oneOf-1-1!./node_modules/vue-loader/lib/loaders/stylePostLoader.js!./node_modules/postcss-loader/src??ref--8-oneOf-1-2!./node_modules/sass-loader/dist/cjs.js??ref--8-oneOf-1-3!./node_modules/cache-loader/dist/cjs.js??ref--0-0!./node_modules/vue-loader/lib??vue-loader-options!./src/components/common/popover-summary/IsPopoverSummary.vue?vue&type=style&index=0&lang=scss&
   - couldn't fulfill desired order of chunk group(s) sales-quotes, screen-direct-app, , , , 
   - while fulfilling desired order of chunk group(s) assets-screen, failures-screen, scheduled-works-screen, purchases-screen, sales-screen, works-screen, quote-requests, , , , , 
 * css ./node_modules/css-loader/dist/cjs.js??ref--8-oneOf-1-1!./node_modules/vue-loader/lib/loaders/stylePostLoader.js!./node_modules/postcss-loader/src??ref--8-oneOf-1-2!./node_modules/sass-loader/dist/cjs.js??ref--8-oneOf-1-3!./node_modules/cache-loader/dist/cjs.js??ref--0-0!./node_modules/vue-loader/lib??vue-loader-options!./src/components/card/file/CardFile.vue?vue&type=style&index=0&lang=scss&
   - couldn't fulfill desired order of chunk group(s) sales-quotes, screen-direct-app, , , 
   - while fulfilling desired order of chunk group(s) assets-screen, failures-screen, scheduled-works-screen, purchases-screen, sales-screen, works-screen, quote-requests, , , , , , 
 * css ./node_modules/css-loader/dist/cjs.js??ref--8-oneOf-1-1!./node_modules/vue-loader/lib/loaders/stylePostLoader.js!./node_modules/postcss-loader/src??ref--8-oneOf-1-2!./node_modules/sass-loader/dist/cjs.js??ref--8-oneOf-1-3!./node_modules/cache-loader/dist/cjs.js??ref--0-0!./node_modules/vue-loader/lib??vue-loader-options!./src/components/tag/file/TagFile.vue?vue&type=style&index=0&id=0f740e49&lang=scss&scoped=true&
   - couldn't fulfill desired order of chunk group(s) sales-quotes, screen-direct-app, , , 
   - while fulfilling desired order of chunk group(s) assets-screen, failures-screen, scheduled-works-screen, purchases-screen, sales-screen, works-screen, quote-requests, , , , , , 
 * css ./node_modules/css-loader/dist/cjs.js??ref--8-oneOf-1-1!./node_modules/vue-loader/lib/loaders/stylePostLoader.js!./node_modules/postcss-loader/src??ref--8-oneOf-1-2!./node_modules/sass-loader/dist/cjs.js??ref--8-oneOf-1-3!./node_modules/cache-loader/dist/cjs.js??ref--0-0!./node_modules/vue-loader/lib??vue-loader-options!./src/components/tag-popover/contact/TagPopoverContact.vue?vue&type=style&index=0&lang=scss&
   - couldn't fulfill desired order of chunk group(s) , , 
   - while fulfilling desired order of chunk group(s) assets-screen, failures-screen, scheduled-works-screen, purchases-screen, sales-screen, sales-quotes, works-screen, quote-requests, screen-direct-app, , , , , , 

 warning  

chunk chunk-b71cc588 [mini-css-extract-plugin]
Conflicting order. Following module has been added:
 * css ./node_modules/css-loader/dist/cjs.js??ref--8-oneOf-1-1!./node_modules/vue-loader/lib/loaders/stylePostLoader.js!./node_modules/postcss-loader/src??ref--8-oneOf-1-2!./node_modules/sass-loader/dist/cjs.js??ref--8-oneOf-1-3!./node_modules/cache-loader/dist/cjs.js??ref--0-0!./node_modules/vue-loader/lib??vue-loader-options!./src/components/tag-popover/contact/TagPopoverContact.vue?vue&type=style&index=0&lang=scss&
despite it was not able to fulfill desired ordering with these modules:
 * css ./node_modules/css-loader/dist/cjs.js??ref--8-oneOf-1-1!./node_modules/vue-loader/lib/loaders/stylePostLoader.js!./node_modules/postcss-loader/src??ref--8-oneOf-1-2!./node_modules/sass-loader/dist/cjs.js??ref--8-oneOf-1-3!./node_modules/cache-loader/dist/cjs.js??ref--0-0!./node_modules/vue-loader/lib??vue-loader-options!./src/components/common/popover-summary/IsPopoverSummary.vue?vue&type=style&index=0&lang=scss&
   - couldn't fulfill desired order of chunk group(s) failures-screen, scheduled-works-screen, purchases-screen, sales-screen, sales-quotes, works-screen, quote-requests, screen-direct-app, , , , , , , , 
   - while fulfilling desired order of chunk group(s) assets-screen, 
 * css ./node_modules/css-loader/dist/cjs.js??ref--8-oneOf-1-1!./node_modules/vue-loader/lib/loaders/stylePostLoader.js!./node_modules/postcss-loader/src??ref--8-oneOf-1-2!./node_modules/sass-loader/dist/cjs.js??ref--8-oneOf-1-3!./node_modules/cache-loader/dist/cjs.js??ref--0-0!./node_modules/vue-loader/lib??vue-loader-options!./src/components/common/navigation-panel/IsNavigationPanel.vue?vue&type=style&index=0&lang=scss&
   - couldn't fulfill desired order of chunk group(s) failures-screen, scheduled-works-screen, purchases-screen, sales-screen, sales-quotes, works-screen, quote-requests, screen-direct-app, , , , , , , , 
   - while fulfilling desired order of chunk group(s) assets-screen, 
 * css ./node_modules/css-loader/dist/cjs.js??ref--8-oneOf-1-1!./node_modules/vue-loader/lib/loaders/stylePostLoader.js!./node_modules/postcss-loader/src??ref--8-oneOf-1-2!./node_modules/sass-loader/dist/cjs.js??ref--8-oneOf-1-3!./node_modules/cache-loader/dist/cjs.js??ref--0-0!./node_modules/vue-loader/lib??vue-loader-options!./src/components/card/file/CardFile.vue?vue&type=style&index=0&lang=scss&
   - couldn't fulfill desired order of chunk group(s) scheduled-works-screen, sales-quotes, screen-direct-app, , 
   - while fulfilling desired order of chunk group(s) assets-screen, failures-screen, purchases-screen, sales-screen, works-screen, quote-requests, , , , , , , 
 * css ./node_modules/css-loader/dist/cjs.js??ref--8-oneOf-1-1!./node_modules/vue-loader/lib/loaders/stylePostLoader.js!./node_modules/postcss-loader/src??ref--8-oneOf-1-2!./node_modules/sass-loader/dist/cjs.js??ref--8-oneOf-1-3!./node_modules/cache-loader/dist/cjs.js??ref--0-0!./node_modules/vue-loader/lib??vue-loader-options!./src/components/tag/file/TagFile.vue?vue&type=style&index=0&id=0f740e49&lang=scss&scoped=true&
   - couldn't fulfill desired order of chunk group(s) scheduled-works-screen, sales-quotes, screen-direct-app, , 
   - while fulfilling desired order of chunk group(s) assets-screen, failures-screen, purchases-screen, sales-screen, works-screen, quote-requests, , , , , , , 

 warning  

chunk chunk-b71cc588 [mini-css-extract-plugin]
Conflicting order. Following module has been added:
 * css ./node_modules/css-loader/dist/cjs.js??ref--8-oneOf-1-1!./node_modules/vue-loader/lib/loaders/stylePostLoader.js!./node_modules/postcss-loader/src??ref--8-oneOf-1-2!./node_modules/sass-loader/dist/cjs.js??ref--8-oneOf-1-3!./node_modules/cache-loader/dist/cjs.js??ref--0-0!./node_modules/vue-loader/lib??vue-loader-options!./src/components/common/popover-summary/IsPopoverSummary.vue?vue&type=style&index=0&lang=scss&
despite it was not able to fulfill desired ordering with these modules:
 * css ./node_modules/css-loader/dist/cjs.js??ref--8-oneOf-1-1!./node_modules/vue-loader/lib/loaders/stylePostLoader.js!./node_modules/postcss-loader/src??ref--8-oneOf-1-2!./node_modules/sass-loader/dist/cjs.js??ref--8-oneOf-1-3!./node_modules/cache-loader/dist/cjs.js??ref--0-0!./node_modules/vue-loader/lib??vue-loader-options!./src/components/common/navigation-panel/IsNavigationPanel.vue?vue&type=style&index=0&lang=scss&
   - couldn't fulfill desired order of chunk group(s) failures-screen, scheduled-works-screen, purchases-screen, sales-screen, sales-quotes, works-screen, quote-requests, screen-direct-app, , , , , , , , 
   - while fulfilling desired order of chunk group(s) assets-screen, 
 * css ./node_modules/css-loader/dist/cjs.js??ref--8-oneOf-1-1!./node_modules/vue-loader/lib/loaders/stylePostLoader.js!./node_modules/postcss-loader/src??ref--8-oneOf-1-2!./node_modules/sass-loader/dist/cjs.js??ref--8-oneOf-1-3!./node_modules/cache-loader/dist/cjs.js??ref--0-0!./node_modules/vue-loader/lib??vue-loader-options!./src/components/card/file/CardFile.vue?vue&type=style&index=0&lang=scss&
   - couldn't fulfill desired order of chunk group(s) scheduled-works-screen, sales-quotes, screen-direct-app, , 
   - while fulfilling desired order of chunk group(s) assets-screen, failures-screen, purchases-screen, sales-screen, works-screen, quote-requests, , , , , , , 
 * css ./node_modules/css-loader/dist/cjs.js??ref--8-oneOf-1-1!./node_modules/vue-loader/lib/loaders/stylePostLoader.js!./node_modules/postcss-loader/src??ref--8-oneOf-1-2!./node_modules/sass-loader/dist/cjs.js??ref--8-oneOf-1-3!./node_modules/cache-loader/dist/cjs.js??ref--0-0!./node_modules/vue-loader/lib??vue-loader-options!./src/components/tag/file/TagFile.vue?vue&type=style&index=0&id=0f740e49&lang=scss&scoped=true&
   - couldn't fulfill desired order of chunk group(s) scheduled-works-screen, sales-quotes, screen-direct-app, , 
   - while fulfilling desired order of chunk group(s) assets-screen, failures-screen, purchases-screen, sales-screen, works-screen, quote-requests, , , , , , , 

 warning  

chunk chunk-b71cc588 [mini-css-extract-plugin]
Conflicting order. Following module has been added:
 * css ./node_modules/css-loader/dist/cjs.js??ref--8-oneOf-1-1!./node_modules/vue-loader/lib/loaders/stylePostLoader.js!./node_modules/postcss-loader/src??ref--8-oneOf-1-2!./node_modules/sass-loader/dist/cjs.js??ref--8-oneOf-1-3!./node_modules/cache-loader/dist/cjs.js??ref--0-0!./node_modules/vue-loader/lib??vue-loader-options!./src/components/tag/file/TagFile.vue?vue&type=style&index=0&id=0f740e49&lang=scss&scoped=true&
despite it was not able to fulfill desired ordering with these modules:
 * css ./node_modules/css-loader/dist/cjs.js??ref--8-oneOf-1-1!./node_modules/vue-loader/lib/loaders/stylePostLoader.js!./node_modules/postcss-loader/src??ref--8-oneOf-1-2!./node_modules/sass-loader/dist/cjs.js??ref--8-oneOf-1-3!./node_modules/cache-loader/dist/cjs.js??ref--0-0!./node_modules/vue-loader/lib??vue-loader-options!./src/components/common/navigation-panel/IsNavigationPanel.vue?vue&type=style&index=0&lang=scss&
   - couldn't fulfill desired order of chunk group(s) failures-screen, scheduled-works-screen, purchases-screen, sales-screen, sales-quotes, works-screen, quote-requests, screen-direct-app, , , , , , , , 
   - while fulfilling desired order of chunk group(s) assets-screen, 

 warning  

chunk chunk-b71cc588 [mini-css-extract-plugin]
Conflicting order. Following module has been added:
 * css ./node_modules/css-loader/dist/cjs.js??ref--8-oneOf-1-1!./node_modules/vue-loader/lib/loaders/stylePostLoader.js!./node_modules/postcss-loader/src??ref--8-oneOf-1-2!./node_modules/sass-loader/dist/cjs.js??ref--8-oneOf-1-3!./node_modules/cache-loader/dist/cjs.js??ref--0-0!./node_modules/vue-loader/lib??vue-loader-options!./src/components/card/file/CardFile.vue?vue&type=style&index=0&lang=scss&
despite it was not able to fulfill desired ordering with these modules:
 * css ./node_modules/css-loader/dist/cjs.js??ref--8-oneOf-1-1!./node_modules/vue-loader/lib/loaders/stylePostLoader.js!./node_modules/postcss-loader/src??ref--8-oneOf-1-2!./node_modules/sass-loader/dist/cjs.js??ref--8-oneOf-1-3!./node_modules/cache-loader/dist/cjs.js??ref--0-0!./node_modules/vue-loader/lib??vue-loader-options!./src/components/common/navigation-panel/IsNavigationPanel.vue?vue&type=style&index=0&lang=scss&
   - couldn't fulfill desired order of chunk group(s) failures-screen, scheduled-works-screen, purchases-screen, sales-screen, sales-quotes, works-screen, quote-requests, screen-direct-app, , , , , , , , 
   - while fulfilling desired order of chunk group(s) assets-screen, 

 warning  

chunk home-screen~planner-screen [mini-css-extract-plugin]
Conflicting order. Following module has been added:
 * css ./node_modules/css-loader/dist/cjs.js??ref--8-oneOf-1-1!./node_modules/vue-loader/lib/loaders/stylePostLoader.js!./node_modules/postcss-loader/src??ref--8-oneOf-1-2!./node_modules/sass-loader/dist/cjs.js??ref--8-oneOf-1-3!./node_modules/cache-loader/dist/cjs.js??ref--0-0!./node_modules/vue-loader/lib??vue-loader-options!./src/components/common/profile-picture/IsProfilePicture.vue?vue&type=style&index=0&lang=scss&
despite it was not able to fulfill desired ordering with these modules:
 * css ./node_modules/css-loader/dist/cjs.js??ref--8-oneOf-1-1!./node_modules/vue-loader/lib/loaders/stylePostLoader.js!./node_modules/postcss-loader/src??ref--8-oneOf-1-2!./node_modules/sass-loader/dist/cjs.js??ref--8-oneOf-1-3!./node_modules/cache-loader/dist/cjs.js??ref--0-0!./node_modules/vue-loader/lib??vue-loader-options!./src/components/common/action-buttons/IsActionButtons.vue?vue&type=style&index=0&id=db3670b8&lang=scss&scoped=true&
   - couldn't fulfill desired order of chunk group(s) planner-screen
   - while fulfilling desired order of chunk group(s) home-screen

 warning  

chunk home-screen~planner-screen [mini-css-extract-plugin]
Conflicting order. Following module has been added:
 * css ./node_modules/css-loader/dist/cjs.js??ref--8-oneOf-1-1!./node_modules/vue-loader/lib/loaders/stylePostLoader.js!./node_modules/postcss-loader/src??ref--8-oneOf-1-2!./node_modules/sass-loader/dist/cjs.js??ref--8-oneOf-1-3!./node_modules/cache-loader/dist/cjs.js??ref--0-0!./node_modules/vue-loader/lib??vue-loader-options!./src/components/tag/new/TagNew.vue?vue&type=style&index=0&lang=scss&
despite it was not able to fulfill desired ordering with these modules:
 * css ./node_modules/css-loader/dist/cjs.js??ref--8-oneOf-1-1!./node_modules/vue-loader/lib/loaders/stylePostLoader.js!./node_modules/postcss-loader/src??ref--8-oneOf-1-2!./node_modules/sass-loader/dist/cjs.js??ref--8-oneOf-1-3!./node_modules/cache-loader/dist/cjs.js??ref--0-0!./node_modules/vue-loader/lib??vue-loader-options!./src/components/common/action-buttons/IsActionButtons.vue?vue&type=style&index=0&id=db3670b8&lang=scss&scoped=true&
   - couldn't fulfill desired order of chunk group(s) planner-screen
   - while fulfilling desired order of chunk group(s) home-screen

 warning  

asset size limit: The following asset(s) exceed the recommended size limit (244 KiB).
This can impact web performance.
Assets: 
  fonts/fa-light-300.1980e028.eot (484 KiB)
  fonts/fa-light-300.f056755c.woff (247 KiB)
  fonts/fa-light-300.5bdaa858.ttf (483 KiB)
  fonts/fa-solid-900.eb397dfa.eot (379 KiB)
  fonts/fa-solid-900.ba008862.ttf (378 KiB)
  img/fa-solid-900.bb8ecec4.svg (1.7 MiB)
  img/fa-light-300.4433b4f4.svg (2.31 MiB)
  css/app.2b76ae88.css (378 KiB)
  js/app.2abe99b9.js (496 KiB)
  js/assets-screen.b4a0e77a.js (1.27 MiB)
  js/chunk-2eb5feb1.3c85d108.js (296 KiB)
  js/chunk-2ec83a94.1e6e1f2b.js (911 KiB)
  js/chunk-3eca4954.64b9f7aa.js (277 KiB)
  js/chunk-405d933a.5a1186e0.js (394 KiB)
  js/chunk-50c26ffa.b26b75f8.js (291 KiB)
  js/chunk-a8c0489a.68f6ac60.js (1.14 MiB)
  js/chunk-vendors.b0080e1f.js (1.91 MiB)
  js/dashboard-screen.b4573e08.js (1.34 MiB)
  js/failure-sla-analytics-screen~sales-analytics-screen~scheduled-work-analytics-screen~sla-analytics-sc~e9009d77.d9137eb5.js (860 KiB)
  js/failures-screen.81611516.js (435 KiB)
  js/purchases-screen.c3a6df21.js (322 KiB)
  js/quote-requests.4237aee7.js (324 KiB)
  js/sales-quotes.65f351c8.js (416 KiB)
  js/sales-screen.c72d02fc.js (431 KiB)
  js/scheduled-works-screen.c251edd6.js (598 KiB)
  js/screen-direct-app.7355a705.js (492 KiB)
  js/works-screen.64e6cf98.js (374 KiB)

 warning  

entrypoint size limit: The following entrypoint(s) combined asset size exceeds the recommended limit (244 KiB). This can impact web performance.
Entrypoints:
  app (2.77 MiB)
      css/chunk-vendors.b7d36435.css
      js/chunk-vendors.b0080e1f.js
      css/app.2b76ae88.css
      js/app.2abe99b9.js


  File                                      Size             Gzipped

  dist/js/chunk-vendors.b0080e1f.js         1959.07 KiB      550.60 KiB
  dist/js/dashboard-screen.b4573e08.js      1370.41 KiB      437.53 KiB
  dist/js/assets-screen.b4a0e77a.js         1295.98 KiB      414.49 KiB
  dist/js/chunk-a8c0489a.68f6ac60.js        1166.70 KiB      377.22 KiB
  dist/js/chunk-2ec83a94.1e6e1f2b.js        910.81 KiB       411.50 KiB
  dist/js/failure-sla-analytics-screen~s    860.38 KiB       295.45 KiB
  ales-analytics-screen~scheduled-work-a
  nalytics-screen~sla-analytics-sc~e9009
  d77.d9137eb5.js
  dist/js/scheduled-works-screen.c251edd    598.16 KiB       121.76 KiB
  6.js
  dist/js/app.2abe99b9.js                   496.47 KiB       99.01 KiB
  dist/js/screen-direct-app.7355a705.js     492.43 KiB       94.56 KiB
  dist/js/failures-screen.81611516.js       435.17 KiB       92.21 KiB
  dist/js/sales-screen.c72d02fc.js          430.66 KiB       92.54 KiB
  dist/js/sales-quotes.65f351c8.js          416.25 KiB       86.24 KiB
  dist/js/chunk-405d933a.5a1186e0.js        394.42 KiB       73.11 KiB
  dist/js/works-screen.64e6cf98.js          374.36 KiB       81.79 KiB
  dist/js/quote-requests.4237aee7.js        324.42 KiB       70.24 KiB
  dist/js/purchases-screen.c3a6df21.js      321.84 KiB       70.63 KiB
  dist/js/chunk-2eb5feb1.3c85d108.js        296.11 KiB       56.00 KiB
  dist/js/chunk-50c26ffa.b26b75f8.js        291.12 KiB       55.61 KiB
  dist/js/chunk-3eca4954.64b9f7aa.js        277.33 KiB       50.34 KiB
  dist/js/chunk-45b185b6.8c0c0997.js        231.30 KiB       44.67 KiB
  dist/js/chunk-30fc5f6a.5539bcb6.js        221.72 KiB       43.56 KiB
  dist/js/chunk-607c66c6.cef47d44.js        210.88 KiB       39.54 KiB
  dist/js/home-screen.48f84df6.js           209.03 KiB       36.01 KiB
  dist/js/chunk-46446658.f884d5d8.js        177.43 KiB       33.36 KiB
  dist/js/planner-screen.53c88e46.js        164.16 KiB       32.60 KiB
  dist/js/scheduled-work-analytics-scree    147.36 KiB       32.77 KiB
  n.50df9d5c.js
  dist/js/chunk-8563c2a2.ee137a13.js        135.77 KiB       25.41 KiB
  dist/js/failure-sla-analytics-screen.f    128.99 KiB       29.11 KiB
  d2cb69b.js
  dist/js/sla-analytics-screen.e853ba2d.    123.85 KiB       27.94 KiB
  js
  dist/js/sales-analytics-screen.17dd74e    116.77 KiB       25.80 KiB
  6.js
  dist/js/chunk-15538d07.a66f53e6.js        81.31 KiB        16.05 KiB
  dist/js/chunk-0e57fd7f.725362a3.js        78.60 KiB        14.67 KiB
  dist/js/utilities-screen.0d8b55bf.js      74.81 KiB        18.60 KiB
  dist/js/chunk-4a5f46a6.d396d799.js        69.84 KiB        23.51 KiB
  dist/js/home-screen~planner-screen.3f7    58.97 KiB        13.21 KiB
  49b43.js
  dist/js/utility-types-management-scree    57.95 KiB        13.26 KiB
  n.117fa861.js
  dist/js/webhook-logs-management-screen    55.79 KiB        13.62 KiB
  .e19e25d9.js
  dist/js/chunk-0d6a2f7b.afffeaae.js        53.40 KiB        11.22 KiB
  dist/js/cost-center-management-screen.    48.04 KiB        11.73 KiB
  d3fffb3f.js
  dist/js/chunk-27366c83.d51b51af.js        47.87 KiB        10.46 KiB
  dist/js/webhooks-management-screen.490    47.58 KiB        10.55 KiB
  b1207.js
  dist/js/personal-access-tokens-managem    45.24 KiB        9.89 KiB
  ent-screen.651539ac.js
  dist/js/settings-screen.02632a67.js       45.23 KiB        10.49 KiB
  dist/js/other-cost-management-screen.a    43.70 KiB        11.14 KiB
  9d44918.js
  dist/js/chunk-92ccb01a.31051be5.js        43.63 KiB        9.67 KiB
  dist/js/gatekeeper-screen.2be290d8.js     42.71 KiB        10.80 KiB
  dist/js/analytics-screen.9b911276.js      39.48 KiB        9.80 KiB
  dist/js/iot-management-screen.f069734c    38.16 KiB        9.70 KiB
  .js
  dist/js/chunk-48f90dab.a77d28d1.js        37.83 KiB        10.76 KiB
  dist/js/chunk-3101a8ed.4c3f9e16.js        37.80 KiB        10.08 KiB
  dist/js/chunk-651297da.e84d36b6.js        37.48 KiB        10.62 KiB
  dist/js/chunk-b71cc588.a2251f1a.js        37.08 KiB        10.26 KiB
  dist/js/client-prices-old-cms-screen.f    36.86 KiB        8.45 KiB
  30b619f.js
  dist/js/document-types-management-scre    36.12 KiB        8.06 KiB
  en.35412b4b.js
  dist/precache-manifest.06e71d616478791    36.06 KiB        8.76 KiB
  d5ac2d7573e749de2.js
  dist/js/chunk-2d8734ac.6e580040.js        33.83 KiB        7.17 KiB
  dist/new-relic/new-relic-staging.js       33.31 KiB        10.18 KiB
  dist/new-relic/new-relic-production.js    33.27 KiB        10.17 KiB
  dist/js/chunk-d7484fde.d329a738.js        33.04 KiB        9.66 KiB
  dist/js/chunk-95f15ef0.06f98842.js        32.08 KiB        9.46 KiB
  dist/js/welcome-screen.da28c1c4.js        31.22 KiB        6.78 KiB
  dist/js/chunk-39306457.552488f0.js        30.48 KiB        6.90 KiB
  dist/js/chunk-30aa1886.1e13d821.js        30.39 KiB        6.51 KiB
  dist/js/housekeeper-screen.22fe6560.js    30.15 KiB        6.80 KiB
  dist/js/chunk-2848f8e7.fc2eac87.js        27.94 KiB        8.74 KiB
  dist/js/chunk-5fb56611.6de17774.js        27.62 KiB        6.48 KiB
  dist/js/chunk-bb30e052.f8343b2e.js        27.37 KiB        6.25 KiB
  dist/js/integrations-management-screen    27.08 KiB        7.77 KiB
  .828c79ef.js
  dist/js/assets-and-staff-screen-manage    26.19 KiB        7.07 KiB
  ment.306ac0b5.js
  dist/js/chunk-4adbcfb3.ed9b18df.js        26.14 KiB        5.81 KiB
  dist/js/chunk-4dc30ef1.bd5f5f4e.js        25.55 KiB        8.10 KiB
  dist/js/chunk-22748a4d.5d3ffc6c.js        25.42 KiB        6.28 KiB
  dist/js/old-cms-screen.7bc17628.js        25.23 KiB        6.54 KiB
  dist/js/chunk-50ba1901.ac3730a2.js        23.67 KiB        5.94 KiB
  dist/js/chunk-68fbe5e2.d9e6464c.js        23.37 KiB        5.62 KiB
  dist/js/chunk-4ac35574.1d8c1e6a.js        22.90 KiB        5.71 KiB
  dist/js/chunk-6c7a2187.d074c330.js        22.83 KiB        5.30 KiB
  dist/js/chunk-7c6755ec.d3548ac5.js        22.80 KiB        5.75 KiB
  dist/js/chunk-50dce618.5b17db6f.js        22.67 KiB        5.15 KiB
  dist/js/chunk-b51dbd28.e32c16f3.js        22.64 KiB        5.52 KiB
  dist/js/chunk-0b963646.d00a0168.js        22.09 KiB        5.54 KiB
  dist/js/chunk-6e639cac.fdb55a29.js        21.78 KiB        5.10 KiB
  dist/js/chunk-9ae46708.9e6d2e25.js        20.90 KiB        4.95 KiB
  dist/js/chunk-d486d454.f0f826af.js        20.85 KiB        5.31 KiB
  dist/js/chunk-c5f5e1a4.607d3e27.js        20.84 KiB        5.05 KiB
  dist/js/chunk-28a68ae6.a20bfd65.js        20.44 KiB        4.62 KiB
  dist/js/chunk-2f39d752.21f04cf0.js        20.29 KiB        5.44 KiB
  dist/js/chunk-84a82522.483f13d9.js        20.12 KiB        4.83 KiB
  dist/js/chunk-cc5cf976.e15e675b.js        19.78 KiB        7.02 KiB
  dist/js/chunk-7e2e62a3.2d6c4c41.js        19.58 KiB        4.52 KiB
  dist/js/chunk-6381b0f1.3c779117.js        19.45 KiB        4.48 KiB
  dist/js/welcome-whats-new.6832d397.js     18.99 KiB        6.00 KiB
  dist/js/chunk-0ef381b3.dfd6f8bd.js        18.77 KiB        4.31 KiB
  dist/js/chunk-36dec880.95aa67db.js        18.60 KiB        6.76 KiB
  dist/js/chunk-9858c414.042045f2.js        17.56 KiB        4.05 KiB
  dist/js/chunk-508b5db4.b2a264ea.js        17.23 KiB        4.05 KiB
  dist/js/chunk-9e9c9b90.5c5cdf13.js        17.06 KiB        6.44 KiB
  dist/js/chunk-0ca90d33.a4d72f23.js        16.89 KiB        3.12 KiB
  dist/js/chunk-118d19aa.fc274ffb.js        15.75 KiB        4.29 KiB
  dist/js/chunk-020eb630.19b1d7b9.js        14.84 KiB        3.62 KiB
  dist/js/asset-status-screen-management    13.70 KiB        3.49 KiB
  ~assets-and-staff-screen-management.93
  329ec0.js
  dist/js/hub-apps~hub-screen.5498c773.j    13.32 KiB        3.63 KiB
  s
  dist/js/chunk-06a692bd.a4d02ae3.js        13.26 KiB        5.30 KiB
  dist/js/asset-status-screen-management    13.26 KiB        3.53 KiB
  .0e5b938f.js
  dist/js/cost-center-management-screen~    13.16 KiB        4.15 KiB
  document-types-management-screen~gatek
  eeper-screen~other-cost-manageme~7224f
  f35.2af990d2.js
  dist/js/chunk-4d4781c6.861609bc.js        13.13 KiB        3.25 KiB
  dist/js/chunk-6b42b25f.71501ac5.js        13.05 KiB        3.04 KiB
  dist/js/chunk-36c95e7d.4fda1da3.js        12.51 KiB        3.56 KiB
  dist/js/chunk-a1c9cdf6.c4888426.js        12.43 KiB        3.00 KiB
  dist/js/chunk-5439ff79.4c653f19.js        12.37 KiB        3.34 KiB
  dist/js/chunk-e7e30c8a.72b80fac.js        11.70 KiB        3.30 KiB
  dist/js/chunk-39a10aa6.5414582d.js        11.28 KiB        2.54 KiB
  dist/js/client-prices-old-cms-screen~d    11.10 KiB        4.20 KiB
  ashboard-screen~failure-sla-analytics-
  screen~home-screen~personal-acce~2c8a6
  972.958150b9.js
  dist/js/chunk-c5542494.1fbae0d4.js        10.75 KiB        2.68 KiB
  dist/js/chunk-6f6188f6.0280fa30.js        10.66 KiB        2.97 KiB
  dist/js/hub-screen.35cdf337.js            10.51 KiB        2.87 KiB
  dist/js/account-blocked.7d876ab9.js       10.24 KiB        3.78 KiB
  dist/js/login-screen.553793ae.js          10.17 KiB        4.04 KiB
  dist/js/hub-apps.4062d76d.js              10.16 KiB        2.79 KiB
  dist/js/chunk-4d5eb85b.8b7765c8.js        10.06 KiB        2.40 KiB
  dist/js/chunk-a4692d46.72697e22.js        9.40 KiB         3.06 KiB
  dist/js/chunk-76a05bde.815d4e2d.js        9.26 KiB         2.43 KiB
  dist/js/chunk-5b653a01.42eb3c17.js        8.88 KiB         2.96 KiB
  dist/js/chunk-053c745c.00374e8a.js        8.83 KiB         2.71 KiB
  dist/js/chunk-f2b884e2.a42e73e0.js        7.63 KiB         2.39 KiB
  dist/js/chunk-27ecb80c.bc283cb6.js        7.23 KiB         2.25 KiB
  dist/js/chunk-406705d2.6a4cd2ea.js        7.22 KiB         2.37 KiB
  dist/js/chunk-3b33c162.1ef34d0f.js        6.39 KiB         1.74 KiB
  dist/js/chunk-7edb60e6.cc218275.js        6.08 KiB         2.10 KiB
  dist/js/chunk-61bb3ffe.4cc5d969.js        5.71 KiB         1.86 KiB
  dist/js/chunk-6acaf102.7bf19d05.js        5.60 KiB         1.89 KiB
  dist/js/chunk-24f77d2a.945654f3.js        5.49 KiB         1.86 KiB
  dist/js/chunk-7b4fb17e.4aaa616d.js        4.86 KiB         1.60 KiB
  dist/js/chunk-9466aa38.aaf5b177.js        4.36 KiB         1.28 KiB
  dist/js/chunk-5c252a5e.e6c2ea93.js        3.58 KiB         1.19 KiB
  dist/js/chunk-2d0d8057.3c3ed904.js        3.48 KiB         1.19 KiB
  dist/js/page-not-found-screen.d014155e    3.40 KiB         1.53 KiB
  .js
  dist/basic.js                             3.36 KiB         1.05 KiB
  dist/js/chunk-2d212ff2.6629aa81.js        3.00 KiB         1.13 KiB
  dist/js/chunk-2d2261a8.da626f13.js        2.97 KiB         1.21 KiB
  dist/js/chunk-2d0b1be8.d9984fd0.js        2.94 KiB         1.13 KiB
  dist/js/chunk-2d0e91af.ad0f37a9.js        2.64 KiB         1.14 KiB
  dist/js/chunk-2d0e1dae.cdc5bfc6.js        2.62 KiB         1.18 KiB
  dist/js/chunk-2d0e4a7c.6b07ec80.js        2.60 KiB         1.15 KiB
  dist/js/chunk-2d0ce796.5f2a3efe.js        2.52 KiB         1.16 KiB
  dist/js/chunk-2d0db486.34bed1c2.js        2.50 KiB         1.15 KiB
  dist/js/chunk-2d21b27e.07be6566.js        2.49 KiB         1.09 KiB
  dist/js/chunk-2d229616.f7ca2457.js        2.47 KiB         1.13 KiB
  dist/js/chunk-2d228e49.d768461f.js        2.41 KiB         1.07 KiB
  dist/js/chunk-2d22d238.2e039c12.js        2.40 KiB         1.11 KiB
  dist/js/chunk-2d0b2213.6a128350.js        2.38 KiB         1.03 KiB
  dist/js/chunk-2d0da6ab.74241921.js        2.19 KiB         1.05 KiB
  dist/js/chunk-2d0d622d.38de996c.js        2.13 KiB         0.97 KiB
  dist/js/chunk-2d0cba55.e7d6e534.js        2.07 KiB         1.00 KiB
  dist/js/chunk-f50c655a.d4369f17.js        2.00 KiB         0.87 KiB
  dist/js/chunk-2d0f0dec.d782f997.js        1.98 KiB         0.97 KiB
  dist/js/chunk-2d216de6.77705d1b.js        1.96 KiB         1.02 KiB
  dist/js/chunk-2d2132bb.b65fbc8c.js        1.96 KiB         0.94 KiB
  dist/js/chunk-2d0b2ee7.2a81427c.js        1.94 KiB         1.01 KiB
  dist/js/chunk-2d0cf17f.e3785b20.js        1.94 KiB         0.99 KiB
  dist/js/chunk-2d0bdb3c.439f6ea8.js        1.93 KiB         0.98 KiB
  dist/js/chunk-2d237f33.2a8c2cae.js        1.93 KiB         1.00 KiB
  dist/js/chunk-2d0e26c3.1dbaca88.js        1.93 KiB         0.97 KiB
  dist/js/chunk-2d2259d8.83888308.js        1.92 KiB         0.94 KiB
  dist/js/chunk-2d0d70e6.c3640bf9.js        1.91 KiB         0.98 KiB
  dist/js/chunk-2d0ea0ba.3e43d6b9.js        1.90 KiB         0.98 KiB
  dist/js/chunk-2d0d6a95.3d883ea9.js        1.90 KiB         0.93 KiB
  dist/js/chunk-2d0cca32.2bac9c9b.js        1.90 KiB         0.91 KiB
  dist/js/chunk-2d0d03e8.594e85b0.js        1.90 KiB         0.92 KiB
  dist/js/chunk-2d0d70c6.67724bf1.js        1.90 KiB         0.96 KiB
  dist/js/chunk-2d0c575a.9770dc11.js        1.90 KiB         0.94 KiB
  dist/js/chunk-2d0e9ba2.c8755efe.js        1.89 KiB         0.94 KiB
  dist/js/chunk-2d0b9447.463d5376.js        1.88 KiB         0.92 KiB
  dist/js/chunk-2d0a45e0.4ae886a3.js        1.87 KiB         0.91 KiB
  dist/js/chunk-2d217af6.ab91f521.js        1.87 KiB         1.01 KiB
  dist/js/chunk-2d0b23c4.8daecc20.js        1.86 KiB         0.93 KiB
  dist/js/chunk-2d2107bd.2b521a96.js        1.86 KiB         0.92 KiB
  dist/js/chunk-2d22e165.96d5bfa2.js        1.86 KiB         0.91 KiB
  dist/js/chunk-2d20f204.6b3c5220.js        1.85 KiB         0.97 KiB
  dist/js/chunk-2d21a5d7.22ef6e49.js        1.85 KiB         0.92 KiB
  dist/js/chunk-2d0e57ff.3ecd9637.js        1.85 KiB         0.89 KiB
  dist/js/analytics-customizations-scree    1.85 KiB         0.84 KiB
  n.5dd49222.js
  dist/js/chunk-2d2288f4.b828a075.js        1.85 KiB         0.89 KiB
  dist/js/chunk-77215428.c7d3206c.js        1.84 KiB         0.95 KiB
  dist/js/chunk-2d0cbca7.f3384819.js        1.83 KiB         0.94 KiB
  dist/js/chunk-2d0d0f3c.81b63e6b.js        1.80 KiB         0.91 KiB
  dist/js/chunk-2d0d3ea6.e6f28ebc.js        1.79 KiB         0.93 KiB
  dist/js/chunk-2d0e5eb9.8665eff2.js        1.79 KiB         0.91 KiB
  dist/js/chunk-6659b8d6.31c5001c.js        1.78 KiB         0.80 KiB
  dist/js/chunk-2d20e85d.6479021d.js        1.77 KiB         0.87 KiB
  dist/js/chunk-2d20f558.03553899.js        1.76 KiB         0.86 KiB
  dist/service-worker.js                    1.06 KiB         0.62 KiB
  dist/css/app.2b76ae88.css                 378.39 KiB       61.84 KiB
  dist/css/scheduled-works-screen.550a6c    136.58 KiB       12.76 KiB
  6d.css
  dist/css/chunk-405d933a.9ada150f.css      120.66 KiB       10.93 KiB
  dist/css/assets-screen.a1368aff.css       102.01 KiB       10.03 KiB
  dist/css/chunk-a8c0489a.ea5a0263.css      87.80 KiB        8.40 KiB
  dist/css/screen-direct-app.f862cd3f.cs    83.48 KiB        9.00 KiB
  s
  dist/css/sales-screen.6722b2c4.css        77.52 KiB        9.07 KiB
  dist/css/failures-screen.42b30f25.css     74.03 KiB        8.35 KiB
  dist/css/chunk-30fc5f6a.4cf81a7b.css      72.02 KiB        7.57 KiB
  dist/css/chunk-50c26ffa.e4bf9c0e.css      69.84 KiB        7.75 KiB
  dist/css/purchases-screen.19bd17a2.css    68.32 KiB        7.32 KiB
  dist/css/chunk-2eb5feb1.931d786f.css      63.19 KiB        6.84 KiB
  dist/css/chunk-607c66c6.4e74f3a0.css      62.78 KiB        6.18 KiB
  dist/css/works-screen.9cb0f997.css        62.29 KiB        7.96 KiB
  dist/css/sales-quotes.f6bf31e0.css        59.25 KiB        7.66 KiB
  dist/css/planner-screen.daa249a4.css      57.18 KiB        6.02 KiB
  dist/css/dashboard-screen.f9072ad4.css    54.94 KiB        11.38 KiB
  dist/css/chunk-45b185b6.fd1cbb44.css      53.78 KiB        6.55 KiB
  dist/css/chunk-3eca4954.d11b6fcd.css      51.69 KiB        6.41 KiB
  dist/css/chunk-2ec83a94.c5226621.css      45.77 KiB        3.73 KiB
  dist/css/quote-requests.d65977ca.css      43.63 KiB        5.94 KiB
  dist/css/chunk-46446658.c6e11154.css      38.45 KiB        4.71 KiB
  dist/css/chunk-8563c2a2.09bd4b1d.css      33.97 KiB        4.71 KiB
  dist/css/home-screen.ae526955.css         33.89 KiB        5.17 KiB
  dist/css/chunk-15538d07.1583e126.css      33.53 KiB        3.76 KiB
  dist/css/scheduled-work-analytics-scre    29.81 KiB        4.07 KiB
  en.6b1b09e3.css
  dist/css/utilities-screen.fb61f947.css    28.24 KiB        3.24 KiB
  dist/css/sla-analytics-screen.7652835d    26.42 KiB        3.96 KiB
  .css
  dist/css/failure-sla-analytics-screen.    26.35 KiB        3.95 KiB
  5e0c2ad5.css
  dist/css/chunk-92ccb01a.6e96103e.css      26.09 KiB        3.13 KiB
  dist/css/chunk-b71cc588.ed289522.css      23.55 KiB        3.16 KiB
  dist/css/webhook-logs-management-scree    23.29 KiB        4.12 KiB
  n.c05a5a80.css
  dist/css/webhooks-management-screen.f6    22.41 KiB        3.96 KiB
  d50512.css
  dist/css/housekeeper-screen.4fe46dcd.c    21.32 KiB        3.46 KiB
  ss
  dist/css/chunk-b51dbd28.eff986fb.css      21.14 KiB        3.26 KiB
  dist/css/chunk-0e57fd7f.fd9b0cd2.css      19.97 KiB        2.57 KiB
  dist/css/personal-access-tokens-manage    19.29 KiB        3.15 KiB
  ment-screen.27b034fc.css
  dist/css/chunk-39306457.6ac5825e.css      19.28 KiB        2.41 KiB
  dist/css/sales-analytics-screen.c9b126    19.07 KiB        2.93 KiB
  18.css
  dist/css/chunk-3101a8ed.7701ab0c.css      18.83 KiB        2.34 KiB
  dist/css/chunk-bb30e052.35de80ab.css      18.52 KiB        2.70 KiB
  dist/css/chunk-6c7a2187.e9dd443f.css      17.92 KiB        2.67 KiB
  dist/css/chunk-5fb56611.08c09e38.css      17.90 KiB        2.14 KiB
  dist/css/chunk-9858c414.053ad301.css      17.14 KiB        2.06 KiB
  dist/css/chunk-2d8734ac.61d7ff25.css      16.61 KiB        2.41 KiB
  dist/css/chunk-27366c83.35f415cc.css      16.56 KiB        2.67 KiB
  dist/css/welcome-screen.69942b43.css      16.54 KiB        2.25 KiB
  dist/css/chunk-0d6a2f7b.9b94beb2.css      16.49 KiB        2.66 KiB
  dist/css/chunk-0b963646.923e8498.css      16.15 KiB        2.22 KiB
  dist/css/utility-types-management-scre    15.96 KiB        2.86 KiB
  en.bb0e1839.css
  dist/css/iot-management-screen.76c6c32    15.46 KiB        2.39 KiB
  f.css
  dist/css/settings-screen.cd66366c.css     14.81 KiB        2.21 KiB
  dist/css/analytics-screen.86047d4b.css    14.08 KiB        1.96 KiB
  dist/css/chunk-4adbcfb3.5c2e84d7.css      13.78 KiB        2.47 KiB
  dist/css/chunk-c5f5e1a4.ac467400.css      13.47 KiB        2.41 KiB
  dist/css/chunk-68fbe5e2.2f79b79a.css      13.41 KiB        2.41 KiB
  dist/css/chunk-22748a4d.0442aedb.css      12.75 KiB        2.52 KiB
  dist/css/chunk-4ac35574.d5fe5cd8.css      12.23 KiB        2.47 KiB
  dist/css/chunk-7c6755ec.d5fe5cd8.css      12.23 KiB        2.48 KiB
  dist/css/integrations-management-scree    12.16 KiB        2.36 KiB
  n.23bb68ac.css
  dist/css/chunk-48f90dab.9c1100f8.css      11.69 KiB        2.37 KiB
  dist/css/chunk-651297da.9c1100f8.css      11.69 KiB        2.37 KiB
  dist/css/chunk-95f15ef0.9c1100f8.css      11.69 KiB        2.37 KiB
  dist/css/chunk-30aa1886.87352850.css      11.60 KiB        2.34 KiB
  dist/css/chunk-d7484fde.83a7bcd8.css      11.55 KiB        2.32 KiB
  dist/css/chunk-28a68ae6.1a22b2e9.css      11.50 KiB        2.28 KiB
  dist/css/chunk-6f6188f6.d3df0277.css      10.24 KiB        2.03 KiB
  dist/css/chunk-a1c9cdf6.7ed727ff.css      10.20 KiB        1.40 KiB
  dist/css/asset-status-screen-managemen    10.10 KiB        2.25 KiB
  t~assets-and-staff-screen-management.f
  120779f.css
  dist/css/hub-apps.7bb4dcac.css            9.56 KiB         2.31 KiB
  dist/css/chunk-50dce618.fd373a45.css      9.17 KiB         1.62 KiB
  dist/css/chunk-406705d2.e483b3bc.css      8.96 KiB         1.74 KiB
  dist/css/cost-center-management-screen    8.77 KiB         1.85 KiB
  .28287a90.css
  dist/css/asset-status-screen-managemen    8.42 KiB         1.60 KiB
  t.d9de45f5.css
  dist/basic.css                            8.28 KiB         1.63 KiB
  dist/css/chunk-84a82522.9517b3ea.css      8.10 KiB         0.96 KiB
  dist/css/welcome-whats-new.8a4a581e.cs    7.88 KiB         2.08 KiB
  s
  dist/css/chunk-9466aa38.e6c50781.css      7.08 KiB         1.08 KiB
  dist/css/chunk-508b5db4.7e859d11.css      7.02 KiB         1.48 KiB
  dist/css/hub-screen.c776f36c.css          6.94 KiB         1.85 KiB
  dist/css/document-types-management-scr    6.72 KiB         1.74 KiB
  een.6fc3d40a.css
  dist/css/gatekeeper-screen.6fc3d40a.cs    6.72 KiB         1.74 KiB
  s
  dist/css/other-cost-management-screen.    6.72 KiB         1.74 KiB
  6fc3d40a.css
  dist/css/chunk-6e639cac.c998b5ea.css      6.30 KiB         1.34 KiB
  dist/css/assets-and-staff-screen-manag    6.17 KiB         1.29 KiB
  ement.9dad4b8b.css
  dist/css/chunk-020eb630.3b468e91.css      6.04 KiB         1.22 KiB
  dist/css/home-screen~planner-screen.e9    5.95 KiB         1.34 KiB
  f11cce.css
  dist/css/old-cms-screen.0a49c550.css      5.89 KiB         0.87 KiB
  dist/css/cost-center-management-screen    5.88 KiB         1.55 KiB
  ~document-types-management-screen~gate
  keeper-screen~other-cost-manageme~7224
  ff35.df99f5e7.css
  dist/css/chunk-3b33c162.b6e4f5bf.css      5.72 KiB         1.16 KiB
  dist/css/chunk-7e2e62a3.e2467bbf.css      5.69 KiB         1.50 KiB
  dist/css/chunk-6b42b25f.362a5c87.css      5.66 KiB         1.49 KiB
  dist/css/chunk-0ef381b3.0eed711f.css      5.61 KiB         1.47 KiB
  dist/css/chunk-cc5cf976.020f3881.css      5.48 KiB         1.12 KiB
  dist/css/chunk-50ba1901.033ea070.css      5.40 KiB         1.51 KiB
  dist/css/chunk-d486d454.033ea070.css      5.40 KiB         1.51 KiB
  dist/css/page-not-found-screen.cfdea92    5.22 KiB         1.09 KiB
  7.css
  dist/css/login-screen.b4ff8532.css        5.09 KiB         1.48 KiB
  dist/css/chunk-2f39d752.cc8aa3a8.css      5.01 KiB         1.40 KiB
  dist/css/chunk-118d19aa.1332469f.css      4.77 KiB         1.33 KiB
  dist/css/chunk-9ae46708.62210807.css      4.67 KiB         1.33 KiB
  dist/css/client-prices-old-cms-screen.    4.67 KiB         1.20 KiB
  eefa436a.css
  dist/css/chunk-4d4781c6.5c163df3.css      4.53 KiB         1.31 KiB
  dist/css/chunk-2848f8e7.10a1a41a.css      4.47 KiB         1.28 KiB
  dist/css/chunk-4dc30ef1.6a4d0725.css      4.47 KiB         1.28 KiB
  dist/css/chunk-7edb60e6.617f4701.css      4.34 KiB         1.27 KiB
  dist/css/chunk-4d5eb85b.ffd1aed9.css      4.33 KiB         1.22 KiB
  dist/css/chunk-6381b0f1.ffd1aed9.css      4.33 KiB         1.22 KiB
  dist/css/chunk-76a05bde.ffd1aed9.css      4.33 KiB         1.22 KiB
  dist/css/chunk-c5542494.ffd1aed9.css      4.33 KiB         1.22 KiB
  dist/css/chunk-61bb3ffe.84ec0d1f.css      4.19 KiB         1.29 KiB
  dist/css/chunk-36dec880.3dc0d519.css      3.38 KiB         1.03 KiB
  dist/css/chunk-vendors.b7d36435.css       3.37 KiB         0.66 KiB
  dist/css/failure-sla-analytics-screen~    2.83 KiB         0.89 KiB
  sales-analytics-screen~scheduled-work-
  analytics-screen~sla-analytics-sc~e900
  9d77.34a831d2.css
  dist/css/hub-apps~hub-screen.1f14f5e2.    2.80 KiB         0.93 KiB
  css
  dist/css/chunk-e7e30c8a.ea85ca7f.css      2.80 KiB         0.90 KiB
  dist/css/chunk-36c95e7d.72e6313e.css      2.77 KiB         0.93 KiB
  dist/css/chunk-5439ff79.885d438a.css      2.66 KiB         0.85 KiB
  dist/css/account-blocked.7d55c5c5.css     2.56 KiB         0.84 KiB
  dist/css/chunk-06a692bd.1b6f5f32.css      2.19 KiB         0.71 KiB
  dist/css/chunk-6acaf102.4ac7edbc.css      2.19 KiB         0.73 KiB
  dist/css/chunk-7b4fb17e.95113aaf.css      2.19 KiB         0.73 KiB
  dist/css/chunk-24f77d2a.465795e1.css      2.17 KiB         0.73 KiB
  dist/css/chunk-f2b884e2.10059aea.css      2.16 KiB         0.73 KiB
  dist/css/chunk-27ecb80c.1ff176f0.css      2.16 KiB         0.72 KiB
  dist/css/chunk-a4692d46.0f5efdab.css      2.10 KiB         0.68 KiB
  dist/css/chunk-5b653a01.9928b22f.css      2.08 KiB         0.68 KiB
  dist/css/analytics-customizations-scre    2.02 KiB         0.65 KiB
  en.07dc4344.css
  dist/css/chunk-5c252a5e.327d5b4d.css      2.00 KiB         0.68 KiB
  dist/css/chunk-f50c655a.4841d5d3.css      1.99 KiB         0.66 KiB
  dist/css/chunk-6659b8d6.a6e3afb4.css      1.81 KiB         0.59 KiB

  Images and other types of assets omitted.

 DONE  Build complete. The dist directory is ready to be deployed.
 INFO  Check out deployment instructions at https://cli.vuejs.org/guide/deployment.html
      
section_end:1626714075:step_script[0Ksection_start:1626714075:archive_cache[0K[0K[36;1mSaving cache for successful job[0;m
[0;m[32;1mCreating cache v0-106-0...[0;m
dist/: found 401 matching files and directories   [0;m 
node_modules/: found 158109 matching files and directories[0;m 
Uploading cache.zip to https://is-gitlab-runners-cache.s3.dualstack.eu-west-1.amazonaws.com/project/20143087/v0-106-0[0;m 
[32;1mCreated cache[0;m
section_end:1626714187:archive_cache[0Ksection_start:1626714187:cleanup_file_variables[0K[0K[36;1mCleaning up file based variables[0;m
[0;msection_end:1626714188:cleanup_file_variables[0K[32;1mJob succeeded
[0;m