[0KRunning with gitlab-runner 13.2.2 (a998cacd)
[0;m[0K  on Web Core Client - Tests- docker+machine Gu_oFDiR
[0;msection_start:1607086859:prepare_executor[0K[0K[36;1mPreparing the "docker+machine" executor[0;m
[0;m[0KUsing Docker executor with image node:12.16.1 ...
[0;m[0KPulling docker image node:12.16.1 ...
[0;m[0KUsing docker image sha256:88c089733a3b980b3517e8e2e8afa46b338f69d7562550cb3c2e9fd852a2fbac for node:12.16.1 ...
[0;msection_end:1607086862:prepare_executor[0Ksection_start:1607086862:prepare_script[0K[0K[36;1mPreparing environment[0;m
[0;mRunning on runner-guofdir-project-20143087-concurrent-0 via runner-guofdir-IS-Pipeline-gitlab-runner-1607083182-d864f366...
section_end:1607086863:prepare_script[0Ksection_start:1607086863:get_sources[0K[0K[36;1mGetting source from Git repository[0;m
[0;m[32;1mFetching changes with git depth set to 1...[0;m
Initialized empty Git repository in /builds/infraspeak/web/web-core-client/.git/
[32;1mCreated fresh repository.[0;m
[32;1mChecking out 01f27dfb as v0.90.2...[0;m

[32;1mSkipping Git submodules setup[0;m
section_end:1607086866:get_sources[0Ksection_start:1607086866:restore_cache[0K[0K[36;1mRestoring cache[0;m
[0;m[32;1mChecking cache for v0-90-2...[0;m
Downloading cache.zip from https://is-gitlab-runners-cache.s3.dualstack.eu-west-1.amazonaws.com/project/20143087/v0-90-2[0;m 
[32;1mSuccessfully extracted cache[0;m
section_end:1607086900:restore_cache[0Ksection_start:1607086900:step_script[0K[0K[36;1mExecuting "step_script" stage of the job script[0;m
[0;m[32;1m$ npm run build-production[0;m

> infraspeak-web-core-client@0.90.0 build-production /builds/infraspeak/web/web-core-client
> vue-cli-service build --mode production --dest dist


-  Building for production...
Starting type checking service...
Using 1 worker with 2048MB memory limit
 WARNING  Compiled with 15 warnings1:06:54 PM

Module Warning (from ./node_modules/eslint-loader/index.js):
error: Expected a space after the ':' (@typescript-eslint/type-annotation-spacing) at src/components/common/popover-list/IsPopoverList.vue:64:27:
  62 | 
  63 |         @Prop({ type: Boolean, default: false })
> 64 |         readonly isInline!:boolean
     |                           ^
  65 | 
  66 |         @Prop({ type: String, default: '' })
  67 |         readonly buttonText!: string


1 error found.
1 error potentially fixable with the `--fix` option.

Module Warning (from ./node_modules/eslint-loader/index.js):
error: Expected blank line between class members (lines-between-class-members) at src/components/info/sale/components/items/components/table/InfoSaleItemsTable.vue:175:9:
  173 |             return store.state.isTablet
  174 |         }
> 175 |         get isMobile () {
      |         ^
  176 |             return store.state.isMobile
  177 |         }
  178 | 


1 error found.
1 error potentially fixable with the `--fix` option.

Module Warning (from ./node_modules/eslint-loader/index.js):
error: Unexpected console statement (no-console) at src/components/chart/analytic/ChartAnalytic.vue:251:25:
  249 |                         this.isLoadingData = false
  250 | 
> 251 |                         console.error('error getting data: ', error)
      |                         ^
  252 |                     })
  253 |             }
  254 | 


error: Unexpected console statement (no-console) at src/components/chart/analytic/ChartAnalytic.vue:331:29:
  329 |                         })
  330 |                         .catch(error => {
> 331 |                             console.error('error exporting data: ', error)
      |                             ^
  332 |                         })
  333 |                         .finally(progressNoty.close)
  334 | 


2 errors found.

You may use special comments to disable some warnings.
Use // eslint-disable-next-line to ignore the next line.
Use /* eslint-disable */ to ignore all warnings in a file.
 warning  in ./src/components/info/quote/components/items/InfoQuoteItems.store.ts

Module Warning (from ./node_modules/thread-loader/dist/cjs.js):

/builds/infraspeak/web/web-core-client/src/components/info/quote/components/items/InfoQuoteItems.store.ts
  70:9  error  Unexpected console statement  no-console

✖ 1 problem (1 error, 0 warnings)


 @ ./src/components/info/quote/InfoQuote.store.ts 14:0-78 37:66-85
 @ ./node_modules/cache-loader/dist/cjs.js??ref--14-0!./node_modules/thread-loader/dist/cjs.js!./node_modules/babel-loader/lib!./node_modules/ts-loader??ref--14-3!./node_modules/cache-loader/dist/cjs.js??ref--0-0!./node_modules/vue-loader/lib??vue-loader-options!./src/components/modal/quote/ModalQuote.vue?vue&type=script&lang=ts&
 @ ./src/components/modal/quote/ModalQuote.vue?vue&type=script&lang=ts&
 @ ./src/components/modal/quote/ModalQuote.vue
 @ ./node_modules/cache-loader/dist/cjs.js??ref--14-0!./node_modules/thread-loader/dist/cjs.js!./node_modules/babel-loader/lib!./node_modules/ts-loader??ref--14-3!./node_modules/cache-loader/dist/cjs.js??ref--0-0!./node_modules/vue-loader/lib??vue-loader-options!./src/views/home/ScreenHome.vue?vue&type=script&lang=ts&
 @ ./src/views/home/ScreenHome.vue?vue&type=script&lang=ts&
 @ ./src/views/home/ScreenHome.vue
 @ ./src/plugins/vue-router/router.plugin.ts
 @ ./src/main.ts
 @ multi ./src/main.ts

 warning  in ./src/models/Base.transformer.ts

Module Warning (from ./node_modules/thread-loader/dist/cjs.js):

/builds/infraspeak/web/web-core-client/src/models/Base.transformer.ts
  17:13  error  Unexpected console statement  no-console
  39:9   error  Unexpected console statement  no-console

✖ 2 problems (2 errors, 0 warnings)


 @ ./src/models/extension/transformers/Integration.transformer.v3.ts 7:0-60 46:2-17
 @ ./src/api/configs/objectTransformerMap.ts
 @ ./src/api/helpers/JsonApiDeserializer.helper.ts
 @ ./src/plugins/axios/axios.plugin.ts
 @ ./src/plugins/authentication-token/AuthenticationToken.ts
 @ ./src/plugins/vue-router/router.plugin.ts
 @ ./src/main.ts
 @ multi ./src/main.ts

 warning  in ./src/models/material/Material.model.ts

Module Warning (from ./node_modules/thread-loader/dist/cjs.js):

/builds/infraspeak/web/web-core-client/src/models/material/Material.model.ts
  5:68  error  Multiple spaces found before '{'  no-multi-spaces

✖ 1 problem (1 error, 0 warnings)
  1 error and 0 warnings potentially fixable with the `--fix` option.


 @ ./src/models/material/transformers/Material.transformer.v3.ts 12:0-45 33:17-25
 @ ./src/api/configs/objectTransformerMap.ts
 @ ./src/api/helpers/JsonApiDeserializer.helper.ts
 @ ./src/plugins/axios/axios.plugin.ts
 @ ./src/plugins/authentication-token/AuthenticationToken.ts
 @ ./src/plugins/vue-router/router.plugin.ts
 @ ./src/main.ts
 @ multi ./src/main.ts

 warning  in ./src/plugins/vuex/store/root/RootStore.ts

Module Warning (from ./node_modules/thread-loader/dist/cjs.js):

/builds/infraspeak/web/web-core-client/src/plugins/vuex/store/root/RootStore.ts
  205:17  error  Unexpected console statement  no-console

✖ 1 problem (1 error, 0 warnings)


 @ ./src/plugins/vuex/vuex.plugin.ts 4:0-51 37:3-12
 @ ./src/main.ts
 @ multi ./src/main.ts

 warning  

chunk chunk-1b08841e [mini-css-extract-plugin]
Conflicting order. Following module has been added:
 * css ./node_modules/css-loader/dist/cjs.js??ref--8-oneOf-1-1!./node_modules/vue-loader/lib/loaders/stylePostLoader.js!./node_modules/postcss-loader/src??ref--8-oneOf-1-2!./node_modules/sass-loader/dist/cjs.js??ref--8-oneOf-1-3!./node_modules/cache-loader/dist/cjs.js??ref--0-0!./node_modules/vue-loader/lib??vue-loader-options!./src/components/common/progress-state/IsProgressState.vue?vue&type=style&index=0&id=127aa9e3&lang=scss&scoped=true&
despite it was not able to fulfill desired ordering with these modules:
 * css ./node_modules/css-loader/dist/cjs.js??ref--8-oneOf-1-1!./node_modules/vue-loader/lib/loaders/stylePostLoader.js!./node_modules/postcss-loader/src??ref--8-oneOf-1-2!./node_modules/sass-loader/dist/cjs.js??ref--8-oneOf-1-3!./node_modules/cache-loader/dist/cjs.js??ref--0-0!./node_modules/vue-loader/lib??vue-loader-options!./src/components/common/action-buttons/IsActionButtons.vue?vue&type=style&index=0&id=0b31a7e1&lang=scss&scoped=true&
   - couldn't fulfill desired order of chunk group(s) planner-screen

 warning  

chunk chunk-1b08841e [mini-css-extract-plugin]
Conflicting order. Following module has been added:
 * css ./node_modules/css-loader/dist/cjs.js??ref--8-oneOf-1-1!./node_modules/vue-loader/lib/loaders/stylePostLoader.js!./node_modules/postcss-loader/src??ref--8-oneOf-1-2!./node_modules/sass-loader/dist/cjs.js??ref--8-oneOf-1-3!./node_modules/cache-loader/dist/cjs.js??ref--0-0!./node_modules/vue-loader/lib??vue-loader-options!./src/components/summary/operator/SummaryOperator.vue?vue&type=style&index=0&id=51377b1a&lang=scss&scoped=true&
despite it was not able to fulfill desired ordering with these modules:
 * css ./node_modules/css-loader/dist/cjs.js??ref--8-oneOf-1-1!./node_modules/vue-loader/lib/loaders/stylePostLoader.js!./node_modules/postcss-loader/src??ref--8-oneOf-1-2!./node_modules/sass-loader/dist/cjs.js??ref--8-oneOf-1-3!./node_modules/cache-loader/dist/cjs.js??ref--0-0!./node_modules/vue-loader/lib??vue-loader-options!./src/components/common/action-buttons/IsActionButtons.vue?vue&type=style&index=0&id=0b31a7e1&lang=scss&scoped=true&
   - couldn't fulfill desired order of chunk group(s) planner-screen

 warning  

chunk chunk-1b08841e [mini-css-extract-plugin]
Conflicting order. Following module has been added:
 * css ./node_modules/css-loader/dist/cjs.js??ref--8-oneOf-1-1!./node_modules/vue-loader/lib/loaders/stylePostLoader.js!./node_modules/postcss-loader/src??ref--8-oneOf-1-2!./node_modules/sass-loader/dist/cjs.js??ref--8-oneOf-1-3!./node_modules/cache-loader/dist/cjs.js??ref--0-0!./node_modules/vue-loader/lib??vue-loader-options!./src/components/common/action-buttons/IsActionButtons.vue?vue&type=style&index=0&id=0b31a7e1&lang=scss&scoped=true&
despite it was not able to fulfill desired ordering with these modules:
 * css ./node_modules/css-loader/dist/cjs.js??ref--8-oneOf-1-1!./node_modules/vue-loader/lib/loaders/stylePostLoader.js!./node_modules/postcss-loader/src??ref--8-oneOf-1-2!./node_modules/sass-loader/dist/cjs.js??ref--8-oneOf-1-3!./node_modules/cache-loader/dist/cjs.js??ref--0-0!./node_modules/vue-loader/lib??vue-loader-options!./src/components/chip/operator/ChipOperator.vue?vue&type=style&index=0&id=656b7d89&lang=scss&scoped=true&
   - couldn't fulfill desired order of chunk group(s) 
   - while fulfilling desired order of chunk group(s) planner-screen

 warning  

chunk chunk-27db0bf6 [mini-css-extract-plugin]
Conflicting order. Following module has been added:
 * css ./node_modules/css-loader/dist/cjs.js??ref--8-oneOf-1-1!./node_modules/vue-loader/lib/loaders/stylePostLoader.js!./node_modules/postcss-loader/src??ref--8-oneOf-1-2!./node_modules/sass-loader/dist/cjs.js??ref--8-oneOf-1-3!./node_modules/cache-loader/dist/cjs.js??ref--0-0!./node_modules/vue-loader/lib??vue-loader-options!./src/components/common/tag/popover/IsTagPopover.vue?vue&type=style&index=0&lang=scss&
despite it was not able to fulfill desired ordering with these modules:
 * css ./node_modules/css-loader/dist/cjs.js??ref--8-oneOf-1-1!./node_modules/vue-loader/lib/loaders/stylePostLoader.js!./node_modules/postcss-loader/src??ref--8-oneOf-1-2!./node_modules/sass-loader/dist/cjs.js??ref--8-oneOf-1-3!./node_modules/cache-loader/dist/cjs.js??ref--0-0!./node_modules/vue-loader/lib??vue-loader-options!./src/components/common/select/IsSelect.vue?vue&type=style&index=0&lang=scss&
   - couldn't fulfill desired order of chunk group(s) scheduled-works-screen, 
   - while fulfilling desired order of chunk group(s) failures-screen, sales-screen, sales-quotes, assets-screen, planner-screen, purchases-screen, , , , , , , , , , , , , , 

 warning  

chunk chunk-2c88b3ba [mini-css-extract-plugin]
Conflicting order. Following module has been added:
 * css ./node_modules/css-loader/dist/cjs.js??ref--8-oneOf-1-1!./node_modules/vue-loader/lib/loaders/stylePostLoader.js!./node_modules/postcss-loader/src??ref--8-oneOf-1-2!./node_modules/sass-loader/dist/cjs.js??ref--8-oneOf-1-3!./node_modules/cache-loader/dist/cjs.js??ref--0-0!./node_modules/vue-loader/lib??vue-loader-options!./src/components/common/show-all/IsShowAll.vue?vue&type=style&index=0&id=59795ca0&lang=scss&scoped=true&
despite it was not able to fulfill desired ordering with these modules:
 * css ./node_modules/css-loader/dist/cjs.js??ref--8-oneOf-1-1!./node_modules/vue-loader/lib/loaders/stylePostLoader.js!./node_modules/postcss-loader/src??ref--8-oneOf-1-2!./node_modules/sass-loader/dist/cjs.js??ref--8-oneOf-1-3!./node_modules/cache-loader/dist/cjs.js??ref--0-0!./node_modules/vue-loader/lib??vue-loader-options!./src/components/common/popover-summary/IsPopoverSummary.vue?vue&type=style&index=0&lang=scss&
   - couldn't fulfill desired order of chunk group(s) sales-screen, assets-screen, purchases-screen, , , , , , , 
   - while fulfilling desired order of chunk group(s) dashboard-screen, planner-screen, scheduled-works-screen, 

 warning  

chunk chunk-2c88b3ba [mini-css-extract-plugin]
Conflicting order. Following module has been added:
 * css ./node_modules/css-loader/dist/cjs.js??ref--8-oneOf-1-1!./node_modules/vue-loader/lib/loaders/stylePostLoader.js!./node_modules/postcss-loader/src??ref--8-oneOf-1-2!./node_modules/sass-loader/dist/cjs.js??ref--8-oneOf-1-3!./node_modules/cache-loader/dist/cjs.js??ref--0-0!./node_modules/vue-loader/lib??vue-loader-options!./src/components/common/list/IsList.vue?vue&type=style&index=0&id=2fe9468a&lang=scss&scoped=true&
despite it was not able to fulfill desired ordering with these modules:
 * css ./node_modules/css-loader/dist/cjs.js??ref--8-oneOf-1-1!./node_modules/vue-loader/lib/loaders/stylePostLoader.js!./node_modules/postcss-loader/src??ref--8-oneOf-1-2!./node_modules/sass-loader/dist/cjs.js??ref--8-oneOf-1-3!./node_modules/cache-loader/dist/cjs.js??ref--0-0!./node_modules/vue-loader/lib??vue-loader-options!./src/components/common/popover-summary/IsPopoverSummary.vue?vue&type=style&index=0&lang=scss&
   - couldn't fulfill desired order of chunk group(s) sales-screen, assets-screen, purchases-screen, , , , , , , 
   - while fulfilling desired order of chunk group(s) dashboard-screen, planner-screen, scheduled-works-screen, 

 warning  

asset size limit: The following asset(s) exceed the recommended size limit (244 KiB).
This can impact web performance.
Assets: 
  fonts/fa-light-300.1980e028.eot (484 KiB)
  fonts/fa-light-300.f056755c.woff (247 KiB)
  fonts/fa-light-300.5bdaa858.ttf (483 KiB)
  img/fa-light-300.4433b4f4.svg (2.31 MiB)
  css/app.3d05e9b4.css (386 KiB)
  js/app.db570569.js (369 KiB)
  js/assets-screen.3e7aca7a.js (1.23 MiB)
  js/chunk-23a7f8d8.1939964c.js (1.14 MiB)
  js/chunk-32f23010.397dd61d.js (914 KiB)
  js/chunk-3e026fd7.46293b32.js (345 KiB)
  js/chunk-5de0ab34.c1266e31.js (1.23 MiB)
  js/chunk-vendors.a3b05a4c.js (1.87 MiB)
  js/dashboard-screen.5239093f.js (463 KiB)
  js/dashboard-screen~utilities-screen.f645c898.js (848 KiB)
  js/failures-screen.824694b8.js (290 KiB)
  js/sales-screen.892a7ed0.js (285 KiB)
  js/scheduled-works-screen.a437abe1.js (485 KiB)

 warning  

entrypoint size limit: The following entrypoint(s) combined asset size exceeds the recommended limit (244 KiB). This can impact web performance.
Entrypoints:
  app (2.61 MiB)
      css/chunk-vendors.b7d36435.css
      js/chunk-vendors.a3b05a4c.js
      css/app.3d05e9b4.css
      js/app.db570569.js


  File                                      Size             Gzipped

  dist/js/chunk-vendors.a3b05a4c.js         1912.19 KiB      531.04 KiB
  dist/js/chunk-5de0ab34.c1266e31.js        1260.00 KiB      379.22 KiB
  dist/js/assets-screen.3e7aca7a.js         1255.97 KiB      400.59 KiB
  dist/js/chunk-23a7f8d8.1939964c.js        1171.33 KiB      379.68 KiB
  dist/js/chunk-32f23010.397dd61d.js        914.25 KiB       411.83 KiB
  dist/js/dashboard-screen~utilities-scr    847.81 KiB       292.06 KiB
  een.f645c898.js
  dist/js/scheduled-works-screen.a437abe    484.78 KiB       92.26 KiB
  1.js
  dist/js/dashboard-screen.5239093f.js      462.71 KiB       125.95 KiB
  dist/js/app.db570569.js                   369.46 KiB       71.92 KiB
  dist/js/chunk-3e026fd7.46293b32.js        345.33 KiB       64.45 KiB
  dist/js/failures-screen.824694b8.js       289.50 KiB       54.88 KiB
  dist/js/sales-screen.892a7ed0.js          284.63 KiB       57.03 KiB
  dist/js/purchases-screen.b98c746d.js      219.89 KiB       44.27 KiB
  dist/js/chunk-6261009e.c23b34df.js        214.80 KiB       39.61 KiB
  dist/js/chunk-62d15090.0764ccfa.js        193.62 KiB       37.80 KiB
  dist/js/chunk-5376cbfc.90aa1f7f.js        162.56 KiB       31.90 KiB
  dist/js/chunk-25fd1428.db149186.js        161.82 KiB       31.02 KiB
  dist/js/home-screen.2c1b715c.js           145.70 KiB       27.03 KiB
  dist/js/planner-screen.6541646d.js        116.37 KiB       24.24 KiB
  dist/js/sales-quotes.9bc14674.js          93.72 KiB        18.24 KiB
  dist/js/chunk-21353d80.02f450c3.js        77.50 KiB        16.34 KiB
  dist/js/utilities-screen.d8ad012d.js      67.52 KiB        15.60 KiB
  dist/js/chunk-5fcdab7e.05055596.js        63.89 KiB        13.32 KiB
  dist/js/chunk-d23a8bc6.5196cd75.js        60.14 KiB        11.61 KiB
  dist/js/chunk-17ad1f77.b9134cf1.js        56.20 KiB        12.41 KiB
  dist/js/client-prices-old-cms-screen.2    55.68 KiB        12.61 KiB
  f211760.js
  dist/js/chunk-d6c0602a.914c31cf.js        51.40 KiB        10.94 KiB
  dist/js/chunk-378aa65e.9daa74e2.js        50.83 KiB        10.80 KiB
  dist/js/utility-types-management-scree    48.76 KiB        9.69 KiB
  n.e7529b6e.js
  dist/js/webhooks-management-screen.68f    45.10 KiB        10.31 KiB
  6e8cf.js
  dist/js/personal-access-tokens-managem    43.42 KiB        9.50 KiB
  ent-screen.f0bf1e82.js
  dist/js/webhook-logs-management-screen    42.46 KiB        9.75 KiB
  .dd87a190.js
  dist/js/chunk-39611e5e.7c78ff27.js        40.12 KiB        8.67 KiB
  dist/js/chunk-3fabc138.dea919a7.js        38.95 KiB        8.72 KiB
  dist/js/gatekeeper-screen.ecdf7472.js     38.06 KiB        8.96 KiB
  dist/js/cost-center-management-screen.    37.45 KiB        8.21 KiB
  20e3f04d.js
  dist/js/failures-screen~home-screen~pl    37.02 KiB        8.57 KiB
  anner-screen.4520c9d4.js
  dist/js/chunk-c470fd48.325dd79f.js        36.26 KiB        8.09 KiB
  dist/js/iot-management-screen.eef4629b    35.15 KiB        7.32 KiB
  .js
  dist/js/chunk-b505d98c.3644ff68.js        34.98 KiB        7.68 KiB
  dist/js/chunk-0cce51c9.c9a527d8.js        33.55 KiB        7.61 KiB
  dist/js/chunk-483f18bc.acdabb44.js        31.86 KiB        7.96 KiB
  dist/js/chunk-30c69e28.8bed382e.js        31.54 KiB        7.84 KiB
  dist/js/welcome-screen.9eb55956.js        31.20 KiB        6.83 KiB
  dist/js/chunk-f4bee576.682d7103.js        30.86 KiB        6.88 KiB
  dist/js/chunk-d3d37354.6ca59194.js        30.70 KiB        7.07 KiB
  dist/js/settings-screen.8e378d36.js       29.86 KiB        6.15 KiB
  dist/js/analytics-screen.97e269e6.js      29.02 KiB        6.12 KiB
  dist/js/chunk-70323638.8b3c148e.js        28.90 KiB        6.13 KiB
  dist/js/chunk-18320270.1e62f555.js        28.81 KiB        6.71 KiB
  dist/js/chunk-88cfd0a0.a21ee78d.js        28.69 KiB        6.10 KiB
  dist/js/old-cms-screen.0b486715.js        28.63 KiB        7.44 KiB
  dist/js/chunk-02248cae.ef916d4c.js        28.59 KiB        6.79 KiB
  dist/js/chunk-1b08841e.02c0b043.js        28.47 KiB        6.47 KiB
  dist/js/chunk-0b1f6a46.3d0b712b.js        28.29 KiB        6.74 KiB
  dist/js/chunk-f8bc1b16.45c6227a.js        28.10 KiB        6.80 KiB
  dist/js/chunk-f4ea4e06.1c2482d6.js        26.79 KiB        6.12 KiB
  dist/precache-manifest.1e8c7d881aa94b3    26.62 KiB        6.59 KiB
  9f18a3345a2c71d00.js
  dist/js/chunk-4e922720.fcaa615f.js        26.57 KiB        6.14 KiB
  dist/js/chunk-5e21f4f2.ef2d5b06.js        25.33 KiB        5.74 KiB
  dist/js/chunk-801acd24.fe21e935.js        24.83 KiB        5.84 KiB
  dist/js/chunk-5e2582c6.8e2c71f5.js        24.48 KiB        5.73 KiB
  dist/js/chunk-9d0e5264.61020c98.js        23.80 KiB        5.02 KiB
  dist/js/chunk-0b02e536.508b7de4.js        22.75 KiB        5.60 KiB
  dist/js/chunk-28a1c602.54295464.js        22.73 KiB        6.14 KiB
  dist/js/chunk-827d496c.a4df76e2.js        19.87 KiB        4.78 KiB
  dist/js/chunk-93be9b3e.4b20fb22.js        19.14 KiB        4.74 KiB
  dist/js/chunk-d79d18fe.bc9243fc.js        18.72 KiB        6.92 KiB
  dist/js/integrations-management-screen    16.14 KiB        4.16 KiB
  .41a77bf2.js
  dist/js/chunk-be924870.bbd934cc.js        15.11 KiB        3.50 KiB
  dist/js/chunk-b2907c3e.d01a9bfc.js        14.95 KiB        3.42 KiB
  dist/js/chunk-104f7d1f.7f1076bc.js        14.38 KiB        3.17 KiB
  dist/js/assets-screen~cost-center-mana    14.34 KiB        4.49 KiB
  gement-screen~failures-screen~gatekeep
  er-screen~personal-access-tokens~bb65b
  e9d.973b0ae8.js
  dist/js/chunk-bb25ec40.e65ccf4c.js        13.79 KiB        3.21 KiB
  dist/js/chunk-8cd2346a.195a64d0.js        13.45 KiB        3.18 KiB
  dist/js/chunk-010487f3.911b882a.js        13.36 KiB        3.47 KiB
  dist/js/chunk-27db0bf6.9edc978b.js        13.35 KiB        3.77 KiB
  dist/js/chunk-18c6143e.eb14e42d.js        13.13 KiB        3.60 KiB
  dist/js/chunk-2c88b3ba.58c91017.js        12.21 KiB        3.15 KiB
  dist/js/chunk-51e32235.a3fd8cbd.js        10.51 KiB        3.33 KiB
  dist/js/chunk-15ce84bc.38022162.js        8.88 KiB         2.82 KiB
  dist/js/chunk-23982f8a.6b7cd866.js        8.62 KiB         2.76 KiB
  dist/js/chunk-a4692d46.ad780bcc.js        8.01 KiB         2.76 KiB
  dist/js/chunk-5b653a01.921053da.js        7.70 KiB         2.70 KiB
  dist/js/chunk-86e2282c.cb59a98f.js        7.68 KiB         2.62 KiB
  dist/js/welcome-whats-new.b6516a04.js     6.16 KiB         1.85 KiB
  dist/js/chunk-4a08f971.2b6053b4.js        6.03 KiB         1.70 KiB
  dist/js/chunk-1d8a3259.b9ad6c9f.js        6.02 KiB         1.70 KiB
  dist/js/chunk-153b0c86.b87cabe4.js        5.68 KiB         1.83 KiB
  dist/js/chunk-c00805f6.f48ae55d.js        4.02 KiB         1.50 KiB
  dist/js/chunk-2d0d8057.3c3ed904.js        3.53 KiB         1.23 KiB
  dist/js/settings-page-not-found.d4a046    3.46 KiB         1.56 KiB
  a6.js
  dist/basic.js                             3.36 KiB         1.05 KiB
  dist/js/chunk-2d212ff2.6629aa81.js        3.05 KiB         1.17 KiB
  dist/js/chunk-2d2261a8.da626f13.js        3.02 KiB         1.24 KiB
  dist/js/chunk-2d0b1be8.d9984fd0.js        2.99 KiB         1.16 KiB
  dist/js/chunk-4603aef0.91cd5749.js        2.99 KiB         1.11 KiB
  dist/js/chunk-2d0e91af.ad0f37a9.js        2.69 KiB         1.18 KiB
  dist/js/chunk-2d0e1dae.cdc5bfc6.js        2.67 KiB         1.22 KiB
  dist/js/chunk-2d0e4a7c.6b07ec80.js        2.65 KiB         1.19 KiB
  dist/js/chunk-2d0ce796.5f2a3efe.js        2.57 KiB         1.20 KiB
  dist/js/chunk-2d0db486.34bed1c2.js        2.55 KiB         1.19 KiB
  dist/js/chunk-2d21b27e.07be6566.js        2.54 KiB         1.13 KiB
  dist/js/chunk-421f3692.aeacae5e.js        2.53 KiB         0.96 KiB
  dist/js/chunk-2d229616.f7ca2457.js        2.52 KiB         1.17 KiB
  dist/js/chunk-2d228e49.d768461f.js        2.46 KiB         1.11 KiB
  dist/js/chunk-2d22d238.2e039c12.js        2.45 KiB         1.15 KiB
  dist/js/chunk-2d0b2213.6a128350.js        2.43 KiB         1.07 KiB
  dist/js/chunk-764d722c.988f2c59.js        2.42 KiB         1.03 KiB
  dist/js/chunk-2d0da6ab.74241921.js        2.24 KiB         1.09 KiB
  dist/js/chunk-2d0d622d.38de996c.js        2.18 KiB         1.01 KiB
  dist/js/chunk-2d0cba55.e7d6e534.js        2.12 KiB         1.04 KiB
  dist/js/chunk-f50c655a.674a48c9.js        2.05 KiB         0.90 KiB
  dist/js/chunk-2d0f0dec.d782f997.js        2.03 KiB         1.01 KiB
  dist/js/chunk-2d216de6.77705d1b.js        2.01 KiB         1.06 KiB
  dist/js/chunk-2d2132bb.b65fbc8c.js        2.01 KiB         0.97 KiB
  dist/js/chunk-2d0b2ee7.2a81427c.js        2.00 KiB         1.05 KiB
  dist/js/chunk-2d0cf17f.e3785b20.js        1.99 KiB         1.03 KiB
  dist/js/chunk-2d0bdb3c.439f6ea8.js        1.98 KiB         1.01 KiB
  dist/js/chunk-2d237f33.2a8c2cae.js        1.98 KiB         1.04 KiB
  dist/js/chunk-2d0e26c3.1dbaca88.js        1.98 KiB         1.01 KiB
  dist/js/chunk-2d2259d8.83888308.js        1.97 KiB         0.98 KiB
  dist/js/chunk-2d0d70e6.c3640bf9.js        1.96 KiB         1.01 KiB
  dist/js/chunk-2d0ea0ba.3e43d6b9.js        1.96 KiB         1.02 KiB
  dist/js/chunk-2d0d6a95.3d883ea9.js        1.95 KiB         0.96 KiB
  dist/js/chunk-2d0cca32.2bac9c9b.js        1.95 KiB         0.95 KiB
  dist/js/chunk-2d0d03e8.594e85b0.js        1.95 KiB         0.96 KiB
  dist/js/chunk-2d0d70c6.67724bf1.js        1.95 KiB         0.99 KiB
  dist/js/chunk-2d0c575a.9770dc11.js        1.95 KiB         0.97 KiB
  dist/js/chunk-2d0e9ba2.c8755efe.js        1.94 KiB         0.97 KiB
  dist/js/chunk-2d0b9447.463d5376.js        1.93 KiB         0.95 KiB
  dist/js/chunk-2d0a45e0.4ae886a3.js        1.92 KiB         0.95 KiB
  dist/js/chunk-2d217af6.ab91f521.js        1.92 KiB         1.05 KiB
  dist/js/chunk-2d0b23c4.8daecc20.js        1.91 KiB         0.97 KiB
  dist/js/chunk-2d2107bd.2b521a96.js        1.91 KiB         0.96 KiB
  dist/js/chunk-2d22e165.96d5bfa2.js        1.91 KiB         0.95 KiB
  dist/js/chunk-2d20f204.6b3c5220.js        1.90 KiB         1.00 KiB
  dist/js/chunk-2d21a5d7.22ef6e49.js        1.90 KiB         0.95 KiB
  dist/js/chunk-2d0e57ff.3ecd9637.js        1.90 KiB         0.93 KiB
  dist/js/chunk-2d2288f4.b828a075.js        1.90 KiB         0.92 KiB
  dist/js/chunk-77215428.c7d3206c.js        1.89 KiB         0.99 KiB
  dist/js/chunk-2d0cbca7.f3384819.js        1.88 KiB         0.98 KiB
  dist/js/chunk-2d0d0f3c.81b63e6b.js        1.85 KiB         0.95 KiB
  dist/js/chunk-2d0d3ea6.e6f28ebc.js        1.84 KiB         0.96 KiB
  dist/js/chunk-2d0e5eb9.8665eff2.js        1.84 KiB         0.94 KiB
  dist/js/chunk-2d20e85d.6479021d.js        1.82 KiB         0.91 KiB
  dist/js/chunk-2d20f558.03553899.js        1.81 KiB         0.90 KiB
  dist/js/login-screen.f8d5d2a1.js          1.74 KiB         0.83 KiB
  dist/service-worker.js                    1.06 KiB         0.62 KiB
  dist/js/settings-in-maintenance.5b6394    0.97 KiB         0.49 KiB
  0c.js
  dist/css/app.3d05e9b4.css                 385.91 KiB       65.02 KiB
  dist/css/scheduled-works-screen.c1e94a    73.21 KiB        10.66 KiB
  c6.css
  dist/css/chunk-3e026fd7.39ef0e8b.css      60.27 KiB        8.62 KiB
  dist/css/assets-screen.8452c7bd.css       56.44 KiB        8.81 KiB
  dist/css/sales-screen.2d2a637a.css        45.12 KiB        6.96 KiB
  dist/css/chunk-23a7f8d8.91a034ad.css      44.51 KiB        6.97 KiB
  dist/css/failures-screen.e122dcc2.css     44.10 KiB        6.83 KiB
  dist/css/dashboard-screen.6e9f8b8d.css    39.74 KiB        10.30 KiB
  dist/css/purchases-screen.b8eb54e8.css    38.72 KiB        5.94 KiB
  dist/css/chunk-62d15090.7e832b23.css      34.33 KiB        5.32 KiB
  dist/css/chunk-6261009e.713aa8c4.css      31.83 KiB        5.13 KiB
  dist/css/chunk-5376cbfc.d180405b.css      28.08 KiB        4.40 KiB
  dist/css/chunk-25fd1428.cc2d00df.css      24.23 KiB        3.79 KiB
  dist/css/chunk-5de0ab34.53a1a52d.css      19.17 KiB        3.37 KiB
  dist/css/chunk-21353d80.2cf45301.css      19.15 KiB        3.32 KiB
  dist/css/planner-screen.ba408227.css      17.60 KiB        3.46 KiB
  dist/css/chunk-32f23010.31e75dab.css      17.30 KiB        3.22 KiB
  dist/css/home-screen.8d828160.css         16.43 KiB        2.94 KiB
  dist/css/chunk-28a1c602.6f513aed.css      16.00 KiB        2.74 KiB
  dist/css/utilities-screen.920a574e.css    15.91 KiB        2.71 KiB
  dist/css/chunk-f8bc1b16.5929ec87.css      15.29 KiB        1.85 KiB
  dist/css/welcome-screen.4d258227.css      14.76 KiB        1.75 KiB
  dist/css/chunk-30c69e28.493c8a18.css      13.89 KiB        2.48 KiB
  dist/css/webhook-logs-management-scree    13.62 KiB        2.62 KiB
  n.06977a2a.css
  dist/css/webhooks-management-screen.8b    12.75 KiB        2.44 KiB
  954bd1.css
  dist/css/utility-types-management-scre    12.06 KiB        2.31 KiB
  en.9e2bb343.css
  dist/css/chunk-5fcdab7e.60da194a.css      11.63 KiB        2.06 KiB
  dist/css/chunk-3fabc138.3a398c1f.css      11.37 KiB        2.18 KiB
  dist/css/client-prices-old-cms-screen.    10.92 KiB        2.03 KiB
  398af8f6.css
  dist/css/chunk-378aa65e.d3414de3.css      10.92 KiB        2.04 KiB
  dist/css/chunk-0cce51c9.22250371.css      10.57 KiB        2.02 KiB
  dist/css/chunk-c470fd48.92d51cbd.css      10.51 KiB        2.03 KiB
  dist/css/chunk-d3d37354.e3246fe9.css      10.41 KiB        1.99 KiB
  dist/css/iot-management-screen.6ac0cde    10.30 KiB        1.83 KiB
  4.css
  dist/css/chunk-d23a8bc6.0d80a436.css      10.24 KiB        1.78 KiB
  dist/css/chunk-483f18bc.79af50f9.css      10.23 KiB        1.97 KiB
  dist/css/chunk-17ad1f77.eb9e01f3.css      9.65 KiB         1.93 KiB
  dist/css/sales-quotes.7bbfc8f1.css        8.95 KiB         1.96 KiB
  dist/basic.css                            8.28 KiB         1.63 KiB
  dist/css/chunk-d6c0602a.74c8fb29.css      8.07 KiB         1.78 KiB
  dist/css/chunk-39611e5e.18ad5f74.css      7.70 KiB         1.62 KiB
  dist/css/chunk-f4bee576.6698c340.css      7.56 KiB         1.60 KiB
  dist/css/chunk-bb25ec40.0f36f163.css      7.54 KiB         1.54 KiB
  dist/css/settings-screen.8c6a3f2d.css     7.18 KiB         1.50 KiB
  dist/css/chunk-104f7d1f.3427f8eb.css      7.07 KiB         1.60 KiB
  dist/css/analytics-screen.c2766dcd.css    7.05 KiB         1.37 KiB
  dist/css/chunk-27db0bf6.20af370f.css      6.95 KiB         1.27 KiB
  dist/css/personal-access-tokens-manage    6.79 KiB         1.60 KiB
  ment-screen.dd95a328.css
  dist/css/chunk-010487f3.d2b55cf4.css      5.87 KiB         1.34 KiB
  dist/css/chunk-4e922720.560916cb.css      5.73 KiB         1.32 KiB
  dist/css/cost-center-management-screen    5.25 KiB         1.31 KiB
  .4d3971ff.css
  dist/css/gatekeeper-screen.912a12b6.cs    4.97 KiB         1.24 KiB
  s
  dist/css/chunk-5e21f4f2.42faa689.css      4.82 KiB         1.12 KiB
  dist/css/chunk-0b02e536.b2a15c13.css      4.14 KiB         1.02 KiB
  dist/css/assets-screen~cost-center-man    4.13 KiB         1.04 KiB
  agement-screen~failures-screen~gatekee
  per-screen~personal-access-tokens~bb65
  be9d.a17662e9.css
  dist/css/chunk-b505d98c.69e1990b.css      3.79 KiB         0.97 KiB
  dist/css/chunk-02248cae.96b9b0d0.css      3.72 KiB         0.94 KiB
  dist/css/chunk-1b08841e.dcc02432.css      3.62 KiB         0.91 KiB
  dist/css/chunk-5e2582c6.0eb57fe3.css      3.61 KiB         0.90 KiB
  dist/css/chunk-801acd24.0eb57fe3.css      3.61 KiB         0.90 KiB
  dist/css/chunk-93be9b3e.d11b488b.css      3.61 KiB         0.90 KiB
  dist/css/chunk-f4ea4e06.0eb57fe3.css      3.61 KiB         0.90 KiB
  dist/css/chunk-0b1f6a46.a94ca244.css      3.58 KiB         0.90 KiB
  dist/css/chunk-18320270.a94ca244.css      3.58 KiB         0.90 KiB
  dist/css/chunk-8cd2346a.fe3f5c39.css      3.51 KiB         0.87 KiB
  dist/css/chunk-70323638.e5e99ae5.css      3.47 KiB         0.85 KiB
  dist/css/chunk-827d496c.e5e99ae5.css      3.47 KiB         0.85 KiB
  dist/css/chunk-88cfd0a0.e5e99ae5.css      3.47 KiB         0.85 KiB
  dist/css/settings-page-not-found.741a6    3.46 KiB         0.58 KiB
  07e.css
  dist/css/chunk-18c6143e.685d06a1.css      3.42 KiB         0.90 KiB
  dist/css/chunk-vendors.b7d36435.css       3.37 KiB         0.66 KiB
  dist/css/chunk-9d0e5264.93f22d5b.css      3.08 KiB         0.86 KiB
  dist/css/chunk-23982f8a.afc6d752.css      3.01 KiB         0.88 KiB
  dist/css/integrations-management-scree    2.99 KiB         0.78 KiB
  n.1fbfe4fc.css
  dist/css/chunk-4a08f971.fb988400.css      2.22 KiB         0.62 KiB
  dist/css/chunk-153b0c86.a86419d7.css      2.03 KiB         0.63 KiB
  dist/css/chunk-15ce84bc.d6d2de95.css      1.96 KiB         0.58 KiB
  dist/css/welcome-whats-new.efc4568c.cs    1.93 KiB         0.64 KiB
  s
  dist/css/chunk-1d8a3259.402c21a8.css      1.82 KiB         0.52 KiB
  dist/css/failures-screen~home-screen~p    1.67 KiB         0.57 KiB
  lanner-screen.e93da536.css
  dist/css/chunk-2c88b3ba.21a4b42c.css      1.65 KiB         0.53 KiB
  dist/css/chunk-be924870.79b7a0f8.css      1.29 KiB         0.47 KiB
  dist/css/old-cms-screen.7c282f78.css      0.57 KiB         0.31 KiB
  dist/css/chunk-4603aef0.9df33e9d.css      0.43 KiB         0.20 KiB
  dist/css/chunk-a4692d46.eb6b6e0e.css      0.36 KiB         0.18 KiB
  dist/css/chunk-5b653a01.8fa64d17.css      0.34 KiB         0.17 KiB
  dist/css/chunk-421f3692.3aba1420.css      0.26 KiB         0.17 KiB
  dist/css/chunk-f50c655a.6ce1c6d5.css      0.23 KiB         0.15 KiB
  dist/css/settings-in-maintenance.ef200    0.22 KiB         0.15 KiB
  bda.css
  dist/css/dashboard-screen~utilities-sc    0.18 KiB         0.12 KiB
  reen.de4ccf28.css
  dist/css/chunk-51e32235.e14f1a69.css      0.11 KiB         0.09 KiB
  dist/css/chunk-86e2282c.e14f1a69.css      0.11 KiB         0.09 KiB
  dist/css/chunk-764d722c.736eb056.css      0.05 KiB         0.07 KiB
  dist/css/chunk-c00805f6.d6557951.css      0.05 KiB         0.07 KiB

  Images and other types of assets omitted.

 DONE  Build complete. The dist directory is ready to be deployed.
 INFO  Check out deployment instructions at https://cli.vuejs.org/guide/deployment.html
      
section_end:1607087216:step_script[0Ksection_start:1607087216:archive_cache[0K[0K[36;1mSaving cache[0;m
[0;m[32;1mCreating cache v0-90-2...[0;m
dist/: found 451 matching files and directories   [0;m 
node_modules/: found 105677 matching files and directories[0;m 
Uploading cache.zip to https://is-gitlab-runners-cache.s3.dualstack.eu-west-1.amazonaws.com/project/20143087/v0-90-2[0;m 
[32;1mCreated cache[0;m
section_end:1607087272:archive_cache[0K[32;1mJob succeeded
[0;m