[0KRunning with gitlab-runner 13.7.0 (943fc252)
[0;m[0K  on Web Core Client - Tests- docker+machine Gu_oFDiR
[0;msection_start:1612524807:prepare_executor[0K[0K[36;1mPreparing the "docker+machine" executor[0;m
[0;m[0KUsing Docker executor with image node:12.16.1 ...
[0;m[0KPulling docker image node:12.16.1 ...
[0;m[0KUsing docker image sha256:88c089733a3b980b3517e8e2e8afa46b338f69d7562550cb3c2e9fd852a2fbac for node:12.16.1 with digest node@sha256:46f4c17e1edbde36d60a9f6362db7912cfe301bac89afef7cc92421ab3e7ca18 ...
[0;msection_end:1612524821:prepare_executor[0Ksection_start:1612524821:prepare_script[0K[0K[36;1mPreparing environment[0;m
[0;mRunning on runner-guofdir-project-20143087-concurrent-0 via runner-guofdir-IS-Pipeline-gitlab-runner-1612523185-55a074aa...
section_end:1612524821:prepare_script[0Ksection_start:1612524821:get_sources[0K[0K[36;1mGetting source from Git repository[0;m
[0;m[32;1mFetching changes with git depth set to 1...[0;m
Initialized empty Git repository in /builds/infraspeak/web/web-core-client/.git/
[32;1mCreated fresh repository.[0;m
[32;1mChecking out 877f8bb9 as v0.94.2...[0;m

[32;1mSkipping Git submodules setup[0;m
section_end:1612524825:get_sources[0Ksection_start:1612524825:restore_cache[0K[0K[36;1mRestoring cache[0;m
[0;m[32;1mChecking cache for v0-94-2...[0;m
Downloading cache.zip from https://is-gitlab-runners-cache.s3.dualstack.eu-west-1.amazonaws.com/project/20143087/v0-94-2[0;m 
[32;1mSuccessfully extracted cache[0;m
section_end:1612524859:restore_cache[0Ksection_start:1612524859:step_script[0K[0K[36;1mExecuting "step_script" stage of the job script[0;m
[0;m[32;1m$ npm run build-production[0;m

> infraspeak-web-core-client@0.94.0 build-production /builds/infraspeak/web/web-core-client
> vue-cli-service build --mode production --dest dist


-  Building for production...
Starting type checking service...
Using 1 worker with 2048MB memory limit
 WARNING  Compiled with 13 warnings11:40:19 AM

Module Warning (from ./node_modules/eslint-loader/index.js):
error: Unexpected console statement (no-console) at src/components/chart/analytic/ChartAnalytic.vue:249:25:
  247 |                         this.isLoadingData = false
  248 | 
> 249 |                         console.error('error getting data: ', error)
      |                         ^
  250 |                     })
  251 |             }
  252 | 


error: Unexpected console statement (no-console) at src/components/chart/analytic/ChartAnalytic.vue:329:29:
  327 |                         })
  328 |                         .catch(error => {
> 329 |                             console.error('error exporting data: ', error)
      |                             ^
  330 |                         })
  331 |                         .finally(progressNoty.close)
  332 | 


2 errors found.

Module Warning (from ./node_modules/eslint-loader/index.js):
warning: `<template>` require directive (vue/no-lone-template) at src/components/side-dialog/clients-reports/SideDialogClientsReports.vue:6:9:
  4 |         size="small"
  5 |         @close="$refs.actionButtons.cancel()">
> 6 |         <template>
    |         ^
  7 |             <el-form
  8 |                 ref="form"
  9 |                 :model="form">


1 warning found.

You may use special comments to disable some warnings.
Use // eslint-disable-next-line to ignore the next line.
Use /* eslint-disable */ to ignore all warnings in a file.
 warning  in ./src/helpers/download.helper.ts

Module Warning (from ./node_modules/thread-loader/dist/cjs.js):

/builds/infraspeak/web/web-core-client/src/helpers/download.helper.ts
  27:21  error  Unexpected console statement  no-console

✖ 1 problem (1 error, 0 warnings)


 @ ./node_modules/cache-loader/dist/cjs.js??ref--14-0!./node_modules/thread-loader/dist/cjs.js!./node_modules/babel-loader/lib!./node_modules/ts-loader??ref--14-3!./node_modules/cache-loader/dist/cjs.js??ref--0-0!./node_modules/vue-loader/lib??vue-loader-options!./src/components/modal/report-preview/ModalReportPreview.vue?vue&type=script&lang=ts& 20:0-57 105:8-20
 @ ./src/components/modal/report-preview/ModalReportPreview.vue?vue&type=script&lang=ts&
 @ ./src/components/modal/report-preview/ModalReportPreview.vue
 @ ./node_modules/cache-loader/dist/cjs.js??ref--14-0!./node_modules/thread-loader/dist/cjs.js!./node_modules/babel-loader/lib!./node_modules/ts-loader??ref--14-3!./node_modules/cache-loader/dist/cjs.js??ref--0-0!./node_modules/vue-loader/lib??vue-loader-options!./src/views/home/ScreenHome.vue?vue&type=script&lang=ts&
 @ ./src/views/home/ScreenHome.vue?vue&type=script&lang=ts&
 @ ./src/views/home/ScreenHome.vue
 @ ./src/views/home/ScreenHome.route.ts
 @ ./src/router/index.ts
 @ ./src/main.ts
 @ multi ./src/main.ts

 warning  in ./src/models/Base.transformer.ts

Module Warning (from ./node_modules/thread-loader/dist/cjs.js):

/builds/infraspeak/web/web-core-client/src/models/Base.transformer.ts
  100:17  error  Unexpected console statement  no-console
  116:9   error  Unexpected console statement  no-console

✖ 2 problems (2 errors, 0 warnings)


 @ ./src/models/user-option/UserOption.transformer.v3.ts 5:0-60 41:2-17
 @ ./src/api/operator.api.ts
 @ ./src/store/root/Root.store.ts
 @ ./src/plugins/analytics/analytics.plugin.ts
 @ ./src/main.ts
 @ multi ./src/main.ts

 warning  in ./src/store/root/Root.store.ts

Module Warning (from ./node_modules/thread-loader/dist/cjs.js):

/builds/infraspeak/web/web-core-client/src/store/root/Root.store.ts
  270:17  error  Unexpected console statement  no-console

✖ 1 problem (1 error, 0 warnings)


 @ ./src/plugins/analytics/analytics.plugin.ts 8:0-52 15:19-28
 @ ./src/main.ts
 @ multi ./src/main.ts

 warning  

chunk chunk-21c3dd26 [mini-css-extract-plugin]
Conflicting order. Following module has been added:
 * css ./node_modules/css-loader/dist/cjs.js??ref--8-oneOf-1-1!./node_modules/vue-loader/lib/loaders/stylePostLoader.js!./node_modules/postcss-loader/src??ref--8-oneOf-1-2!./node_modules/sass-loader/dist/cjs.js??ref--8-oneOf-1-3!./node_modules/cache-loader/dist/cjs.js??ref--0-0!./node_modules/vue-loader/lib??vue-loader-options!./src/assets/images/IsGearLogo.vue?vue&type=style&index=0&lang=scss&
despite it was not able to fulfill desired ordering with these modules:
 * css ./node_modules/css-loader/dist/cjs.js??ref--8-oneOf-1-1!./node_modules/vue-loader/lib/loaders/stylePostLoader.js!./node_modules/postcss-loader/src??ref--8-oneOf-1-2!./node_modules/sass-loader/dist/cjs.js??ref--8-oneOf-1-3!./node_modules/cache-loader/dist/cjs.js??ref--0-0!./node_modules/vue-loader/lib??vue-loader-options!./src/components/common/tag/popover/IsTagPopover.vue?vue&type=style&index=0&lang=scss&
   - couldn't fulfill desired order of chunk group(s) assets-screen, failures-screen, planner-screen, purchases-screen, sales-screen, sales-quotes, , , , , , , , , , , , , 
   - while fulfilling desired order of chunk group(s) scheduled-works-screen, , , 

 warning  

chunk chunk-21c3dd26 [mini-css-extract-plugin]
Conflicting order. Following module has been added:
 * css ./node_modules/css-loader/dist/cjs.js??ref--8-oneOf-1-1!./node_modules/vue-loader/lib/loaders/stylePostLoader.js!./node_modules/postcss-loader/src??ref--8-oneOf-1-2!./node_modules/sass-loader/dist/cjs.js??ref--8-oneOf-1-3!./node_modules/cache-loader/dist/cjs.js??ref--0-0!./node_modules/vue-loader/lib??vue-loader-options!./src/components/common/tag/popover/IsTagPopover.vue?vue&type=style&index=0&lang=scss&
despite it was not able to fulfill desired ordering with these modules:
 * css ./node_modules/css-loader/dist/cjs.js??ref--8-oneOf-1-1!./node_modules/vue-loader/lib/loaders/stylePostLoader.js!./node_modules/postcss-loader/src??ref--8-oneOf-1-2!./node_modules/sass-loader/dist/cjs.js??ref--8-oneOf-1-3!./node_modules/cache-loader/dist/cjs.js??ref--0-0!./node_modules/vue-loader/lib??vue-loader-options!./src/components/common/select/IsSelect.vue?vue&type=style&index=0&lang=scss&
   - couldn't fulfill desired order of chunk group(s) scheduled-works-screen, , 
   - while fulfilling desired order of chunk group(s) assets-screen, failures-screen, planner-screen, purchases-screen, sales-screen, sales-quotes, , , , , , , , , , , , , , 

 warning  

chunk chunk-799d5304 [mini-css-extract-plugin]
Conflicting order. Following module has been added:
 * css ./node_modules/css-loader/dist/cjs.js??ref--8-oneOf-1-1!./node_modules/vue-loader/lib/loaders/stylePostLoader.js!./node_modules/postcss-loader/src??ref--8-oneOf-1-2!./node_modules/sass-loader/dist/cjs.js??ref--8-oneOf-1-3!./node_modules/cache-loader/dist/cjs.js??ref--0-0!./node_modules/vue-loader/lib??vue-loader-options!./src/components/common/action-buttons/IsActionButtons.vue?vue&type=style&index=0&id=2dcba52c&lang=scss&scoped=true&
despite it was not able to fulfill desired ordering with these modules:
 * css ./node_modules/css-loader/dist/cjs.js??ref--8-oneOf-1-1!./node_modules/vue-loader/lib/loaders/stylePostLoader.js!./node_modules/postcss-loader/src??ref--8-oneOf-1-2!./node_modules/sass-loader/dist/cjs.js??ref--8-oneOf-1-3!./node_modules/cache-loader/dist/cjs.js??ref--0-0!./node_modules/vue-loader/lib??vue-loader-options!./src/components/common/tree/IsTree.vue?vue&type=style&index=0&lang=scss&
   - couldn't fulfill desired order of chunk group(s) 
   - while fulfilling desired order of chunk group(s) , , , , , 

 warning  

chunk chunk-e1bb0814 [mini-css-extract-plugin]
Conflicting order. Following module has been added:
 * css ./node_modules/css-loader/dist/cjs.js??ref--8-oneOf-1-1!./node_modules/vue-loader/lib/loaders/stylePostLoader.js!./node_modules/postcss-loader/src??ref--8-oneOf-1-2!./node_modules/sass-loader/dist/cjs.js??ref--8-oneOf-1-3!./node_modules/cache-loader/dist/cjs.js??ref--0-0!./node_modules/vue-loader/lib??vue-loader-options!./src/components/tag/file/TagFile.vue?vue&type=style&index=0&id=0f740e49&lang=scss&scoped=true&
despite it was not able to fulfill desired ordering with these modules:
 * css ./node_modules/css-loader/dist/cjs.js??ref--8-oneOf-1-1!./node_modules/vue-loader/lib/loaders/stylePostLoader.js!./node_modules/postcss-loader/src??ref--8-oneOf-1-2!./node_modules/sass-loader/dist/cjs.js??ref--8-oneOf-1-3!./node_modules/cache-loader/dist/cjs.js??ref--0-0!./node_modules/vue-loader/lib??vue-loader-options!./src/components/common/card-collapse/IsCardCollapse.vue?vue&type=style&index=0&lang=scss&
   - couldn't fulfill desired order of chunk group(s) assets-screen, , 
   - while fulfilling desired order of chunk group(s) failures-screen, scheduled-works-screen, purchases-screen, sales-screen, sales-quotes, , , , , 
 * css ./node_modules/css-loader/dist/cjs.js??ref--8-oneOf-1-1!./node_modules/vue-loader/lib/loaders/stylePostLoader.js!./node_modules/postcss-loader/src??ref--8-oneOf-1-2!./node_modules/sass-loader/dist/cjs.js??ref--8-oneOf-1-3!./node_modules/cache-loader/dist/cjs.js??ref--0-0!./node_modules/vue-loader/lib??vue-loader-options!./src/components/common/field/IsField.vue?vue&type=style&index=0&lang=scss&
   - couldn't fulfill desired order of chunk group(s) failures-screen, purchases-screen, sales-screen, sales-quotes, , , , , 
   - while fulfilling desired order of chunk group(s) assets-screen, scheduled-works-screen, , 

 warning  

chunk chunk-e1bb0814 [mini-css-extract-plugin]
Conflicting order. Following module has been added:
 * css ./node_modules/css-loader/dist/cjs.js??ref--8-oneOf-1-1!./node_modules/vue-loader/lib/loaders/stylePostLoader.js!./node_modules/postcss-loader/src??ref--8-oneOf-1-2!./node_modules/sass-loader/dist/cjs.js??ref--8-oneOf-1-3!./node_modules/cache-loader/dist/cjs.js??ref--0-0!./node_modules/vue-loader/lib??vue-loader-options!./src/components/common/card-collapse/IsCardCollapse.vue?vue&type=style&index=0&lang=scss&
despite it was not able to fulfill desired ordering with these modules:
 * css ./node_modules/css-loader/dist/cjs.js??ref--8-oneOf-1-1!./node_modules/vue-loader/lib/loaders/stylePostLoader.js!./node_modules/postcss-loader/src??ref--8-oneOf-1-2!./node_modules/sass-loader/dist/cjs.js??ref--8-oneOf-1-3!./node_modules/cache-loader/dist/cjs.js??ref--0-0!./node_modules/vue-loader/lib??vue-loader-options!./src/components/card/file/CardFile.vue?vue&type=style&index=0&lang=scss&
   - couldn't fulfill desired order of chunk group(s) failures-screen, scheduled-works-screen, purchases-screen, sales-screen, sales-quotes, , , , , 
   - while fulfilling desired order of chunk group(s) assets-screen, , 
 * css ./node_modules/css-loader/dist/cjs.js??ref--8-oneOf-1-1!./node_modules/vue-loader/lib/loaders/stylePostLoader.js!./node_modules/postcss-loader/src??ref--8-oneOf-1-2!./node_modules/sass-loader/dist/cjs.js??ref--8-oneOf-1-3!./node_modules/cache-loader/dist/cjs.js??ref--0-0!./node_modules/vue-loader/lib??vue-loader-options!./src/components/common/field/IsField.vue?vue&type=style&index=0&lang=scss&
   - couldn't fulfill desired order of chunk group(s) failures-screen, purchases-screen, sales-screen, sales-quotes, , , , , 
   - while fulfilling desired order of chunk group(s) assets-screen, scheduled-works-screen, , 

 warning  

chunk chunk-e1bb0814 [mini-css-extract-plugin]
Conflicting order. Following module has been added:
 * css ./node_modules/css-loader/dist/cjs.js??ref--8-oneOf-1-1!./node_modules/vue-loader/lib/loaders/stylePostLoader.js!./node_modules/postcss-loader/src??ref--8-oneOf-1-2!./node_modules/sass-loader/dist/cjs.js??ref--8-oneOf-1-3!./node_modules/cache-loader/dist/cjs.js??ref--0-0!./node_modules/vue-loader/lib??vue-loader-options!./src/components/card/file/CardFile.vue?vue&type=style&index=0&lang=scss&
despite it was not able to fulfill desired ordering with these modules:
 * css ./node_modules/css-loader/dist/cjs.js??ref--8-oneOf-1-1!./node_modules/vue-loader/lib/loaders/stylePostLoader.js!./node_modules/postcss-loader/src??ref--8-oneOf-1-2!./node_modules/sass-loader/dist/cjs.js??ref--8-oneOf-1-3!./node_modules/cache-loader/dist/cjs.js??ref--0-0!./node_modules/vue-loader/lib??vue-loader-options!./src/components/common/field/IsField.vue?vue&type=style&index=0&lang=scss&
   - couldn't fulfill desired order of chunk group(s) failures-screen, purchases-screen, sales-screen, sales-quotes, , , , , 
   - while fulfilling desired order of chunk group(s) assets-screen, scheduled-works-screen, , 

 warning  

asset size limit: The following asset(s) exceed the recommended size limit (244 KiB).
This can impact web performance.
Assets: 
  fonts/fa-light-300.1980e028.eot (484 KiB)
  fonts/fa-light-300.f056755c.woff (247 KiB)
  fonts/fa-light-300.5bdaa858.ttf (483 KiB)
  fonts/fa-solid-900.eb397dfa.eot (379 KiB)
  fonts/fa-solid-900.ba008862.ttf (378 KiB)
  img/fa-solid-900.bb8ecec4.svg (1.7 MiB)
  img/fa-light-300.4433b4f4.svg (2.31 MiB)
  css/app.1cf4124b.css (374 KiB)
  js/app.8b976aba.js (434 KiB)
  js/assets-screen.faf189b1.js (1.24 MiB)
  js/chunk-22718490.4e60a1a9.js (1.15 MiB)
  js/chunk-2e0cca1f.4a7ab006.js (928 KiB)
  js/chunk-ed9ccc52.9bfca4ae.js (382 KiB)
  js/chunk-vendors.2123145f.js (2.93 MiB)
  js/dashboard-screen.ef793dae.js (482 KiB)
  js/dashboard-screen~utilities-screen.797655ab.js (848 KiB)
  js/failures-screen.be51534f.js (321 KiB)
  js/purchases-screen.9c930db4.js (247 KiB)
  js/sales-quotes.a2eafa17.js (306 KiB)
  js/sales-screen.34f39166.js (331 KiB)
  js/scheduled-works-screen.8e89b82c.js (531 KiB)

 warning  

entrypoint size limit: The following entrypoint(s) combined asset size exceeds the recommended limit (244 KiB). This can impact web performance.
Entrypoints:
  app (3.72 MiB)
      css/chunk-vendors.b7d36435.css
      js/chunk-vendors.2123145f.js
      css/app.1cf4124b.css
      js/app.8b976aba.js


  File                                      Size             Gzipped

  dist/js/chunk-vendors.2123145f.js         2999.82 KiB      899.42 KiB
  dist/js/assets-screen.faf189b1.js         1264.86 KiB      403.25 KiB
  dist/js/chunk-22718490.4e60a1a9.js        1175.15 KiB      380.98 KiB
  dist/js/chunk-2e0cca1f.4a7ab006.js        928.37 KiB       415.41 KiB
  dist/js/dashboard-screen~utilities-scr    847.84 KiB       292.09 KiB
  een.797655ab.js
  dist/js/scheduled-works-screen.8e89b82    531.00 KiB       101.89 KiB
  c.js
  dist/js/dashboard-screen.ef793dae.js      481.58 KiB       133.38 KiB
  dist/js/app.8b976aba.js                   433.94 KiB       83.91 KiB
  dist/js/chunk-ed9ccc52.9bfca4ae.js        381.58 KiB       71.23 KiB
  dist/js/sales-screen.34f39166.js          330.89 KiB       65.94 KiB
  dist/js/failures-screen.be51534f.js       321.19 KiB       61.82 KiB
  dist/js/sales-quotes.a2eafa17.js          306.32 KiB       58.57 KiB
  dist/js/purchases-screen.9c930db4.js      246.86 KiB       49.28 KiB
  dist/js/chunk-05f01876.48d54ce5.js        237.59 KiB       44.41 KiB
  dist/js/chunk-d8915c64.260228a7.js        231.63 KiB       44.77 KiB
  dist/js/chunk-ff5b79a4.e1ed68a4.js        222.33 KiB       40.82 KiB
  dist/js/chunk-f3ff377e.91835d1c.js        170.47 KiB       32.96 KiB
  dist/js/chunk-56e4d806.92d47d93.js        159.33 KiB       30.59 KiB
  dist/js/home-screen.0d7163a1.js           153.71 KiB       28.37 KiB
  dist/js/planner-screen.ecc7e8be.js        153.14 KiB       30.39 KiB
  dist/js/chunk-12a03bb3.0f1d128f.js        129.66 KiB       36.47 KiB
  dist/js/utilities-screen.f5ffccc6.js      98.57 KiB        24.51 KiB
  dist/js/chunk-c7f0b646.d2838e5f.js        76.14 KiB        14.19 KiB
  dist/js/chunk-2fff0ed4.ad8dd81c.js        69.54 KiB        14.49 KiB
  dist/js/client-prices-old-cms-screen.6    67.60 KiB        16.91 KiB
  2a7be03.js
  dist/js/chunk-235f1310.07bfc33b.js        60.91 KiB        13.64 KiB
  dist/js/chunk-625c93b9.d959d827.js        56.76 KiB        12.34 KiB
  dist/js/chunk-8f8dcf26.9fd6d25a.js        50.19 KiB        10.84 KiB
  dist/js/iot-management-screen.35740fcb    46.33 KiB        11.36 KiB
  .js
  dist/js/utility-types-management-scree    43.49 KiB        9.18 KiB
  n.bc3f95ea.js
  dist/js/chunk-f7d9338e.f7efbf61.js        42.81 KiB        9.50 KiB
  dist/js/chunk-912b3dd8.4eb478ac.js        42.44 KiB        9.39 KiB
  dist/js/chunk-2db4ba7c.1366210a.js        42.07 KiB        9.33 KiB
  dist/js/chunk-0012a99a.447299b5.js        41.18 KiB        9.52 KiB
  dist/js/webhooks-management-screen.a96    40.62 KiB        10.15 KiB
  884c6.js
  dist/js/analytics-screen.081f2584.js      39.33 KiB        9.59 KiB
  dist/js/chunk-4341465d.e849f627.js        39.03 KiB        8.94 KiB
  dist/js/personal-access-tokens-managem    38.43 KiB        9.21 KiB
  ent-screen.0996ed7c.js
  dist/js/chunk-afcceec2.f163d08b.js        37.95 KiB        9.38 KiB
  dist/js/webhook-logs-management-screen    37.94 KiB        9.49 KiB
  .da29d861.js
  dist/js/chunk-428a319f.cbbe0d97.js        37.82 KiB        8.51 KiB
  dist/js/settings-screen.9c82f5be.js       37.15 KiB        9.18 KiB
  dist/js/chunk-21a62b95.6740f335.js        36.76 KiB        8.51 KiB
  dist/js/chunk-f0415d88.7c312a27.js        35.68 KiB        8.86 KiB
  dist/js/chunk-efddab64.843dc177.js        33.54 KiB        7.67 KiB
  dist/js/chunk-58435cca.c1d34810.js        33.39 KiB        7.91 KiB
  dist/js/chunk-34a08439.5c341a13.js        33.06 KiB        8.34 KiB
  dist/js/cost-center-management-screen.    32.30 KiB        7.86 KiB
  df3c86db.js
  dist/js/chunk-0d67be38.f9d1f5b0.js        32.06 KiB        6.88 KiB
  dist/js/chunk-2ea291d6.64380f92.js        31.67 KiB        7.55 KiB
  dist/js/chunk-0cec73ae.8893331e.js        31.44 KiB        7.63 KiB
  dist/js/welcome-screen.651790ac.js        31.08 KiB        6.81 KiB
  dist/js/home-screen~planner-screen.ae3    29.36 KiB        8.77 KiB
  441db.js
  dist/js/chunk-a30d5e00.fbbba5e3.js        29.17 KiB        6.22 KiB
  dist/precache-manifest.5eef5bad1b1c300    29.03 KiB        7.17 KiB
  02e2a82f303e0348f.js
  dist/js/gatekeeper-screen.f852dd16.js     28.37 KiB        7.06 KiB
  dist/js/chunk-06d8447d.612d26b1.js        28.12 KiB        6.80 KiB
  dist/js/assets-screen~cost-center-mana    27.61 KiB        7.91 KiB
  gement-screen~failures-screen~gatekeep
  er-screen~personal-access-tokens~bc96d
  c2a.05a09bc9.js
  dist/js/chunk-f888fec0.361c0577.js        26.80 KiB        6.66 KiB
  dist/js/chunk-3d2e91e2.70efe3f5.js        26.45 KiB        6.55 KiB
  dist/js/chunk-3d4f720c.4a4e5870.js        25.36 KiB        5.74 KiB
  dist/js/home-screen~planner-screen~wor    24.38 KiB        5.16 KiB
  ks-screen.6b11856c.js
  dist/js/chunk-28c4d886.c699ab34.js        24.23 KiB        6.45 KiB
  dist/js/integrations-management-screen    24.17 KiB        7.17 KiB
  .818a3d87.js
  dist/js/chunk-4e9774b6.7155ba89.js        23.97 KiB        5.08 KiB
  dist/js/old-cms-screen.d1069e55.js        23.61 KiB        5.88 KiB
  dist/js/chunk-bb95ab24.3c27fdff.js        23.20 KiB        5.68 KiB
  dist/js/chunk-afd6c2b6.99a902af.js        23.00 KiB        4.75 KiB
  dist/js/chunk-25d9c1b6.ccbb25d3.js        21.84 KiB        5.60 KiB
  dist/js/chunk-d960f196.71c1bfde.js        20.96 KiB        5.51 KiB
  dist/js/chunk-0c345c98.ba49d98d.js        19.77 KiB        4.73 KiB
  dist/js/chunk-d79d18fe.bc9243fc.js        18.72 KiB        6.92 KiB
  dist/js/welcome-whats-new.b8b42537.js     18.27 KiB        5.84 KiB
  dist/js/chunk-e1bb0814.9c6f631f.js        17.67 KiB        4.38 KiB
  dist/js/chunk-23b557d9.8a116b12.js        16.34 KiB        4.56 KiB
  dist/js/chunk-21c3dd26.0ef7f32c.js        15.96 KiB        4.54 KiB
  dist/js/chunk-3b274010.db9cfa25.js        15.52 KiB        3.84 KiB
  dist/js/chunk-b2907c3e.8c415848.js        15.11 KiB        3.48 KiB
  dist/js/chunk-0f45bff0.1852158d.js        14.65 KiB        4.14 KiB
  dist/js/chunk-7383972f.9f1a1780.js        14.44 KiB        2.95 KiB
  dist/js/chunk-104f7d1f.b6ccb21f.js        14.38 KiB        3.17 KiB
  dist/js/chunk-799d5304.002dabb5.js        13.93 KiB        3.20 KiB
  dist/js/chunk-7b987caa.b00d20d8.js        13.79 KiB        3.20 KiB
  dist/js/chunk-e8385d18.ab1ca9b4.js        13.60 KiB        3.43 KiB
  dist/js/hub-apps~hub-screen.e3bf72b7.j    13.25 KiB        3.63 KiB
  s
  dist/js/chunk-4111fbe5.9b305342.js        13.13 KiB        3.61 KiB
  dist/js/chunk-6666581b.3e3b3a38.js        13.07 KiB        3.12 KiB
  dist/js/chunk-33a67149.ab612e6d.js        12.94 KiB        4.07 KiB
  dist/js/chunk-98cd63d0.f7d17456.js        10.81 KiB        3.53 KiB
  dist/js/hub-screen.e2d98c30.js            10.55 KiB        2.91 KiB
  dist/js/hub-apps.2ff3d6ce.js              10.46 KiB        2.87 KiB
  dist/js/account-blocked.32b3a273.js       10.24 KiB        3.77 KiB
  dist/js/chunk-6f7b9194.e9adaf4b.js        10.12 KiB        3.38 KiB
  dist/js/chunk-2bf791cc.a48806f9.js        9.57 KiB         3.29 KiB
  dist/js/chunk-23982f8a.102a953f.js        8.57 KiB         2.74 KiB
  dist/js/chunk-a4692d46.972e619e.js        8.11 KiB         2.76 KiB
  dist/js/chunk-0837de77.b3b2e90a.js        7.80 KiB         2.70 KiB
  dist/js/chunk-751bd99d.e40b4280.js        6.03 KiB         1.71 KiB
  dist/js/chunk-1d8a3259.2959100a.js        6.01 KiB         1.69 KiB
  dist/js/chunk-61bb3ffe.1ea2cabd.js        5.63 KiB         1.86 KiB
  dist/js/works-screen.5eb9ca34.js          4.72 KiB         1.60 KiB
  dist/js/chunk-6d5961ae.2abc08f5.js        4.24 KiB         1.87 KiB
  dist/js/chunk-7ea97edc.75242f7e.js        4.07 KiB         1.52 KiB
  dist/js/chunk-2d0d8057.3c3ed904.js        3.53 KiB         1.23 KiB
  dist/js/settings-page-not-found.5c59bb    3.46 KiB         1.56 KiB
  77.js
  dist/basic.js                             3.36 KiB         1.05 KiB
  dist/js/chunk-2d212ff2.6629aa81.js        3.05 KiB         1.17 KiB
  dist/js/chunk-2d2261a8.da626f13.js        3.02 KiB         1.24 KiB
  dist/js/chunk-2d0b1be8.d9984fd0.js        2.99 KiB         1.16 KiB
  dist/js/chunk-2d0e91af.ad0f37a9.js        2.69 KiB         1.18 KiB
  dist/js/chunk-2d0e1dae.cdc5bfc6.js        2.67 KiB         1.22 KiB
  dist/js/chunk-2d0e4a7c.6b07ec80.js        2.65 KiB         1.19 KiB
  dist/js/chunk-2d0ce796.5f2a3efe.js        2.57 KiB         1.20 KiB
  dist/js/login-screen.ee5a94d3.js          2.56 KiB         1.03 KiB
  dist/js/chunk-2d0db486.34bed1c2.js        2.55 KiB         1.19 KiB
  dist/js/chunk-2d21b27e.07be6566.js        2.54 KiB         1.13 KiB
  dist/js/chunk-421f3692.e4b72745.js        2.53 KiB         0.96 KiB
  dist/js/chunk-2d229616.f7ca2457.js        2.52 KiB         1.17 KiB
  dist/js/chunk-2d228e49.d768461f.js        2.46 KiB         1.11 KiB
  dist/js/chunk-2d22d238.2e039c12.js        2.45 KiB         1.15 KiB
  dist/js/chunk-2d0b2213.6a128350.js        2.43 KiB         1.07 KiB
  dist/js/chunk-7f881f28.4fac1ee6.js        2.42 KiB         1.03 KiB
  dist/js/chunk-2d0da6ab.74241921.js        2.24 KiB         1.09 KiB
  dist/js/chunk-2d0d622d.38de996c.js        2.18 KiB         1.01 KiB
  dist/js/chunk-2d0cba55.e7d6e534.js        2.12 KiB         1.04 KiB
  dist/js/chunk-f50c655a.845d14c7.js        2.05 KiB         0.90 KiB
  dist/js/chunk-2d0f0dec.d782f997.js        2.03 KiB         1.01 KiB
  dist/js/chunk-2d216de6.77705d1b.js        2.01 KiB         1.06 KiB
  dist/js/chunk-2d2132bb.b65fbc8c.js        2.01 KiB         0.97 KiB
  dist/js/chunk-2d0b2ee7.2a81427c.js        2.00 KiB         1.05 KiB
  dist/js/chunk-2d0cf17f.e3785b20.js        1.99 KiB         1.03 KiB
  dist/js/chunk-2d0bdb3c.439f6ea8.js        1.98 KiB         1.01 KiB
  dist/js/chunk-2d237f33.2a8c2cae.js        1.98 KiB         1.04 KiB
  dist/js/chunk-2d0e26c3.1dbaca88.js        1.98 KiB         1.01 KiB
  dist/js/chunk-2d2259d8.83888308.js        1.97 KiB         0.98 KiB
  dist/js/chunk-2d0d70e6.c3640bf9.js        1.96 KiB         1.01 KiB
  dist/js/chunk-2d0ea0ba.3e43d6b9.js        1.96 KiB         1.02 KiB
  dist/js/chunk-2d0d6a95.3d883ea9.js        1.95 KiB         0.96 KiB
  dist/js/chunk-2d0cca32.2bac9c9b.js        1.95 KiB         0.95 KiB
  dist/js/chunk-2d0d03e8.594e85b0.js        1.95 KiB         0.96 KiB
  dist/js/chunk-2d0d70c6.67724bf1.js        1.95 KiB         0.99 KiB
  dist/js/chunk-2d0c575a.9770dc11.js        1.95 KiB         0.97 KiB
  dist/js/chunk-2d0e9ba2.c8755efe.js        1.94 KiB         0.97 KiB
  dist/js/chunk-2d0b9447.463d5376.js        1.93 KiB         0.95 KiB
  dist/js/chunk-2d0a45e0.4ae886a3.js        1.92 KiB         0.95 KiB
  dist/js/chunk-2d217af6.ab91f521.js        1.92 KiB         1.05 KiB
  dist/js/chunk-2d0b23c4.8daecc20.js        1.91 KiB         0.97 KiB
  dist/js/chunk-2d2107bd.2b521a96.js        1.91 KiB         0.96 KiB
  dist/js/chunk-2d22e165.96d5bfa2.js        1.91 KiB         0.95 KiB
  dist/js/chunk-2d20f204.6b3c5220.js        1.90 KiB         1.00 KiB
  dist/js/chunk-2d21a5d7.22ef6e49.js        1.90 KiB         0.95 KiB
  dist/js/chunk-2d0e57ff.3ecd9637.js        1.90 KiB         0.93 KiB
  dist/js/chunk-2d2288f4.b828a075.js        1.90 KiB         0.92 KiB
  dist/js/chunk-77215428.c7d3206c.js        1.89 KiB         0.99 KiB
  dist/js/chunk-2d0cbca7.f3384819.js        1.88 KiB         0.98 KiB
  dist/js/chunk-2d0d0f3c.81b63e6b.js        1.85 KiB         0.95 KiB
  dist/js/chunk-2d0d3ea6.e6f28ebc.js        1.84 KiB         0.96 KiB
  dist/js/chunk-2d0e5eb9.8665eff2.js        1.84 KiB         0.94 KiB
  dist/js/chunk-2d20e85d.6479021d.js        1.82 KiB         0.91 KiB
  dist/js/chunk-2d20f558.03553899.js        1.81 KiB         0.90 KiB
  dist/js/screen-direct-app.54a53255.js     1.23 KiB         0.70 KiB
  dist/service-worker.js                    1.06 KiB         0.62 KiB
  dist/css/app.1cf4124b.css                 374.49 KiB       60.95 KiB
  dist/css/scheduled-works-screen.1b0af6    68.85 KiB        10.19 KiB
  7e.css
  dist/css/chunk-ed9ccc52.7f1f89de.css      58.47 KiB        8.49 KiB
  dist/css/assets-screen.0bc29768.css       47.31 KiB        7.75 KiB
  dist/css/dashboard-screen.de938412.css    42.06 KiB        10.76 KiB
  dist/css/chunk-22718490.b7705931.css      37.95 KiB        6.24 KiB
  dist/css/sales-screen.c6c224ce.css        37.50 KiB        6.05 KiB
  dist/css/failures-screen.bd7deb1a.css     35.42 KiB        5.91 KiB
  dist/css/purchases-screen.91ec629a.css    32.58 KiB        5.12 KiB
  dist/css/sales-quotes.144b589e.css        30.42 KiB        5.04 KiB
  dist/css/chunk-d8915c64.6b099deb.css      29.26 KiB        4.70 KiB
  dist/css/chunk-05f01876.c3b5f484.css      27.67 KiB        4.65 KiB
  dist/css/chunk-56e4d806.d2e16574.css      27.52 KiB        4.25 KiB
  dist/css/chunk-ff5b79a4.5cb41c84.css      25.98 KiB        4.30 KiB
  dist/css/chunk-f3ff377e.97ea2894.css      24.49 KiB        3.89 KiB
  dist/css/chunk-2e0cca1f.54d03f18.css      23.84 KiB        4.20 KiB
  dist/css/planner-screen.3266c9c8.css      21.99 KiB        3.98 KiB
  dist/css/utilities-screen.789517bb.css    20.64 KiB        3.55 KiB
  dist/css/home-screen.4301254b.css         18.47 KiB        3.31 KiB
  dist/css/chunk-28c4d886.03d3a82d.css      16.00 KiB        2.74 KiB
  dist/css/chunk-06d8447d.98aeeecb.css      15.29 KiB        1.85 KiB
  dist/css/welcome-screen.4d258227.css      14.76 KiB        1.75 KiB
  dist/css/chunk-f0415d88.b3acfd2f.css      14.48 KiB        2.61 KiB
  dist/css/chunk-2fff0ed4.ca34889e.css      13.24 KiB        2.41 KiB
  dist/css/chunk-912b3dd8.b2efcfb9.css      12.11 KiB        2.31 KiB
  dist/css/chunk-afcceec2.b698c27e.css      11.96 KiB        2.24 KiB
  dist/css/chunk-0012a99a.169335ed.css      11.96 KiB        2.31 KiB
  dist/css/chunk-625c93b9.d4a0274e.css      11.84 KiB        2.30 KiB
  dist/css/client-prices-old-cms-screen.    11.74 KiB        2.18 KiB
  5af1f635.css
  dist/css/chunk-235f1310.33ea4744.css      11.62 KiB        2.23 KiB
  dist/css/chunk-2db4ba7c.2f031629.css      11.48 KiB        2.23 KiB
  dist/css/chunk-12a03bb3.91ce372a.css      11.17 KiB        2.23 KiB
  dist/css/chunk-21a62b95.946f99a3.css      11.16 KiB        2.16 KiB
  dist/css/chunk-4341465d.5ec66cba.css      11.11 KiB        2.17 KiB
  dist/css/webhook-logs-management-scree    11.06 KiB        2.25 KiB
  n.013fb9a0.css
  dist/css/chunk-58435cca.79141ed7.css      11.00 KiB        2.12 KiB
  dist/css/chunk-c7f0b646.2010b049.css      10.92 KiB        1.93 KiB
  dist/css/iot-management-screen.622046d    10.89 KiB        1.98 KiB
  2.css
  dist/css/webhooks-management-screen.66    10.18 KiB        2.06 KiB
  7db689.css
  dist/css/utility-types-management-scre    9.50 KiB         1.88 KiB
  en.7397836b.css
  dist/css/chunk-e1bb0814.3e64ff54.css      9.25 KiB         1.76 KiB
  dist/css/chunk-8f8dcf26.95d972af.css      8.66 KiB         1.92 KiB
  dist/css/chunk-f7d9338e.7dd9e5fc.css      8.29 KiB         1.76 KiB
  dist/basic.css                            8.28 KiB         1.63 KiB
  dist/css/chunk-efddab64.c0b75088.css      8.16 KiB         1.74 KiB
  dist/css/hub-apps.9844812e.css            7.72 KiB         1.80 KiB
  dist/css/chunk-7b987caa.d7c045ed.css      7.54 KiB         1.54 KiB
  dist/css/chunk-21c3dd26.092b07f1.css      7.54 KiB         1.44 KiB
  dist/css/settings-screen.5b3a6c30.css     7.18 KiB         1.50 KiB
  dist/css/chunk-104f7d1f.3427f8eb.css      7.07 KiB         1.60 KiB
  dist/css/analytics-screen.833fb265.css    7.05 KiB         1.37 KiB
  dist/css/assets-screen~cost-center-man    6.69 KiB         1.46 KiB
  agement-screen~failures-screen~gatekee
  per-screen~personal-access-tokens~bc96
  dc2a.f63f5aaf.css
  dist/css/chunk-3b274010.8c1a0add.css      6.47 KiB         1.38 KiB
  dist/css/welcome-whats-new.b2850f89.cs    5.81 KiB         1.51 KiB
  s
  dist/css/hub-screen.4f04143e.css          5.16 KiB         1.32 KiB
  dist/css/chunk-3d4f720c.164acfa3.css      4.82 KiB         1.12 KiB
  dist/css/chunk-0cec73ae.d713c9a5.css      4.80 KiB         1.27 KiB
  dist/css/chunk-428a319f.9461e88c.css      4.38 KiB         1.13 KiB
  dist/css/chunk-34a08439.87a78e97.css      4.32 KiB         1.10 KiB
  dist/css/chunk-2ea291d6.70eb6f32.css      4.17 KiB         1.06 KiB
  dist/css/chunk-bb95ab24.f43b99ad.css      4.14 KiB         1.02 KiB
  dist/css/chunk-0d67be38.6f8f4945.css      4.12 KiB         1.01 KiB
  dist/css/personal-access-tokens-manage    3.92 KiB         1.17 KiB
  ment-screen.f7b1cfd2.css
  dist/css/chunk-3d2e91e2.9dbefa65.css      3.61 KiB         0.89 KiB
  dist/css/chunk-d960f196.9dbefa65.css      3.61 KiB         0.89 KiB
  dist/css/chunk-f888fec0.9dbefa65.css      3.61 KiB         0.89 KiB
  dist/css/chunk-6666581b.ea6e4cc6.css      3.51 KiB         0.87 KiB
  dist/css/chunk-25d9c1b6.56911b4b.css      3.47 KiB         0.85 KiB
  dist/css/chunk-a30d5e00.e0bcf9fa.css      3.47 KiB         0.85 KiB
  dist/css/settings-page-not-found.ba001    3.46 KiB         0.58 KiB
  6c4.css
  dist/css/chunk-4111fbe5.685d06a1.css      3.42 KiB         0.90 KiB
  dist/css/chunk-vendors.b7d36435.css       3.37 KiB         0.66 KiB
  dist/css/chunk-23b557d9.6bfacdd2.css      3.37 KiB         0.86 KiB
  dist/css/chunk-afd6c2b6.f6b48bda.css      3.13 KiB         0.80 KiB
  dist/css/chunk-4e9774b6.ad56ef63.css      3.08 KiB         0.86 KiB
  dist/css/chunk-23982f8a.afc6d752.css      3.01 KiB         0.88 KiB
  dist/css/integrations-management-scree    2.99 KiB         0.78 KiB
  n.cda864ab.css
  dist/css/cost-center-management-screen    2.69 KiB         0.85 KiB
  .3d767dab.css
  dist/css/gatekeeper-screen.24fc58fb.cs    2.41 KiB         0.78 KiB
  s
  dist/css/chunk-751bd99d.cdc822cf.css      2.22 KiB         0.62 KiB
  dist/css/chunk-61bb3ffe.4b367608.css      2.07 KiB         0.65 KiB
  dist/css/chunk-98cd63d0.20d6e3de.css      1.96 KiB         0.58 KiB
  dist/css/chunk-1d8a3259.402c21a8.css      1.82 KiB         0.52 KiB
  dist/css/home-screen~planner-screen.e9    1.67 KiB         0.57 KiB
  3da536.css
  dist/css/chunk-2bf791cc.890d34f4.css      1.63 KiB         0.52 KiB
  dist/css/chunk-799d5304.d6bd846f.css      1.29 KiB         0.47 KiB
  dist/css/chunk-0c345c98.1c2a5c3d.css      1.08 KiB         0.39 KiB
  dist/css/hub-apps~hub-screen.5c3ae5cf.    1.06 KiB         0.41 KiB
  css
  dist/css/chunk-0f45bff0.cfcddede.css      0.92 KiB         0.33 KiB
  dist/css/account-blocked.df783ce2.css     0.82 KiB         0.34 KiB
  dist/css/chunk-33a67149.88ca29cd.css      0.71 KiB         0.34 KiB
  dist/css/chunk-6f7b9194.88ca29cd.css      0.71 KiB         0.34 KiB
  dist/css/old-cms-screen.3432c496.css      0.57 KiB         0.31 KiB
  dist/css/chunk-6d5961ae.b12ac32e.css      0.43 KiB         0.20 KiB
  dist/css/chunk-a4692d46.eb6b6e0e.css      0.36 KiB         0.18 KiB
  dist/css/chunk-0837de77.8fa64d17.css      0.34 KiB         0.17 KiB
  dist/css/chunk-421f3692.3aba1420.css      0.26 KiB         0.17 KiB
  dist/css/chunk-e8385d18.1a1d508c.css      0.24 KiB         0.15 KiB
  dist/css/chunk-f50c655a.6ce1c6d5.css      0.23 KiB         0.15 KiB
  dist/css/login-screen.ef200bda.css        0.22 KiB         0.15 KiB
  dist/css/dashboard-screen~utilities-sc    0.18 KiB         0.12 KiB
  reen.de4ccf28.css
  dist/css/screen-direct-app.76c647cf.cs    0.10 KiB         0.10 KiB
  s
  dist/css/chunk-7f881f28.2f279e35.css      0.05 KiB         0.07 KiB
  dist/css/chunk-7ea97edc.7a674f83.css      0.05 KiB         0.07 KiB

  Images and other types of assets omitted.

 DONE  Build complete. The dist directory is ready to be deployed.
 INFO  Check out deployment instructions at https://cli.vuejs.org/guide/deployment.html
      
section_end:1612525221:step_script[0Ksection_start:1612525221:archive_cache[0K[0K[36;1mSaving cache for successful job[0;m
[0;m[32;1mCreating cache v0-94-2...[0;m
dist/: found 489 matching files and directories   [0;m 
node_modules/: found 106280 matching files and directories[0;m 
Uploading cache.zip to https://is-gitlab-runners-cache.s3.dualstack.eu-west-1.amazonaws.com/project/20143087/v0-94-2[0;m 
[32;1mCreated cache[0;m
section_end:1612525291:archive_cache[0Ksection_start:1612525291:cleanup_file_variables[0K[0K[36;1mCleaning up file based variables[0;m
[0;msection_end:1612525292:cleanup_file_variables[0K[32;1mJob succeeded
[0;m