[0KRunning with gitlab-runner 13.7.0 (943fc252)
[0;m[0K  on Web Core Client - Tests- docker+machine Gu_oFDiR
[0;msection_start:1614355680:prepare_executor[0K[0K[36;1mPreparing the "docker+machine" executor[0;m
[0;m[0KUsing Docker executor with image node:12.16.1 ...
[0;m[0KPulling docker image node:12.16.1 ...
[0;m[0KUsing docker image sha256:88c089733a3b980b3517e8e2e8afa46b338f69d7562550cb3c2e9fd852a2fbac for node:12.16.1 with digest node@sha256:46f4c17e1edbde36d60a9f6362db7912cfe301bac89afef7cc92421ab3e7ca18 ...
[0;msection_end:1614355684:prepare_executor[0Ksection_start:1614355684:prepare_script[0K[0K[36;1mPreparing environment[0;m
[0;mRunning on runner-guofdir-project-20143087-concurrent-0 via runner-guofdir-IS-Pipeline-gitlab-runner-1614353736-c8e1027b...
section_end:1614355685:prepare_script[0Ksection_start:1614355685:get_sources[0K[0K[36;1mGetting source from Git repository[0;m
[0;m[32;1mFetching changes with git depth set to 1...[0;m
Initialized empty Git repository in /builds/infraspeak/web/web-core-client/.git/
[32;1mCreated fresh repository.[0;m
[32;1mChecking out c34f605a as v0.95.11...[0;m

[32;1mSkipping Git submodules setup[0;m
section_end:1614355688:get_sources[0Ksection_start:1614355688:restore_cache[0K[0K[36;1mRestoring cache[0;m
[0;m[32;1mChecking cache for v0-95-11...[0;m
Downloading cache.zip from https://is-gitlab-runners-cache.s3.dualstack.eu-west-1.amazonaws.com/project/20143087/v0-95-11[0;m 
[32;1mSuccessfully extracted cache[0;m
section_end:1614355724:restore_cache[0Ksection_start:1614355724:step_script[0K[0K[36;1mExecuting "step_script" stage of the job script[0;m
[0;m[32;1m$ npm run build-production[0;m

> infraspeak-web-core-client@0.95.0 build-production /builds/infraspeak/web/web-core-client
> vue-cli-service build --mode production --dest dist


-  Building for production...
Starting type checking service...
Using 1 worker with 2048MB memory limit
 WARNING  Compiled with 19 warnings4:14:40 PM

Module Warning (from ./node_modules/eslint-loader/index.js):
error: Unexpected console statement (no-console) at src/components/chart/analytic/ChartAnalytic.vue:249:25:
  247 |                         this.isLoadingData = false
  248 | 
> 249 |                         console.error('error getting data: ', error)
      |                         ^
  250 |                     })
  251 |             }
  252 | 


error: Unexpected console statement (no-console) at src/components/chart/analytic/ChartAnalytic.vue:329:29:
  327 |                         })
  328 |                         .catch(error => {
> 329 |                             console.error('error exporting data: ', error)
      |                             ^
  330 |                         })
  331 |                         .finally(progressNoty.close)
  332 | 


2 errors found.

Module Warning (from ./node_modules/eslint-loader/index.js):
warning: `<template>` require directive (vue/no-lone-template) at src/components/side-dialog/clients-reports/SideDialogClientsReports.vue:6:9:
  4 |         size="small"
  5 |         @close="$refs.actionButtons.cancel()">
> 6 |         <template>
    |         ^
  7 |             <el-form
  8 |                 ref="form"
  9 |                 :model="form">


1 warning found.

You may use special comments to disable some warnings.
Use // eslint-disable-next-line to ignore the next line.
Use /* eslint-disable */ to ignore all warnings in a file.
 warning  in ./src/helpers/download.helper.ts

Module Warning (from ./node_modules/thread-loader/dist/cjs.js):

/builds/infraspeak/web/web-core-client/src/helpers/download.helper.ts
  27:21  error  Unexpected console statement  no-console

✖ 1 problem (1 error, 0 warnings)


 @ ./node_modules/cache-loader/dist/cjs.js??ref--14-0!./node_modules/thread-loader/dist/cjs.js!./node_modules/babel-loader/lib!./node_modules/ts-loader??ref--14-3!./node_modules/cache-loader/dist/cjs.js??ref--0-0!./node_modules/vue-loader/lib??vue-loader-options!./src/components/action-bar/scheduled-work-mixin/ActionBarScheduledWorkMixin.vue?vue&type=script&lang=ts& 10:0-57 307:8-20
 @ ./src/components/action-bar/scheduled-work-mixin/ActionBarScheduledWorkMixin.vue?vue&type=script&lang=ts&
 @ ./src/components/action-bar/scheduled-work-mixin/ActionBarScheduledWorkMixin.vue
 @ ./node_modules/cache-loader/dist/cjs.js??ref--14-0!./node_modules/thread-loader/dist/cjs.js!./node_modules/babel-loader/lib!./node_modules/ts-loader??ref--14-3!./node_modules/cache-loader/dist/cjs.js??ref--0-0!./node_modules/vue-loader/lib??vue-loader-options!./src/components/modal/scheduled-work/ModalScheduledWorkActionBar.vue?vue&type=script&lang=ts&
 @ ./src/components/modal/scheduled-work/ModalScheduledWorkActionBar.vue?vue&type=script&lang=ts&
 @ ./src/components/modal/scheduled-work/ModalScheduledWorkActionBar.vue
 @ ./node_modules/cache-loader/dist/cjs.js??ref--14-0!./node_modules/thread-loader/dist/cjs.js!./node_modules/babel-loader/lib!./node_modules/ts-loader??ref--14-3!./node_modules/cache-loader/dist/cjs.js??ref--0-0!./node_modules/vue-loader/lib??vue-loader-options!./src/components/modal/scheduled-work/ModalScheduledWork.vue?vue&type=script&lang=ts&
 @ ./src/components/modal/scheduled-work/ModalScheduledWork.vue?vue&type=script&lang=ts&
 @ ./src/components/modal/scheduled-work/ModalScheduledWork.vue
 @ ./node_modules/cache-loader/dist/cjs.js??ref--14-0!./node_modules/thread-loader/dist/cjs.js!./node_modules/babel-loader/lib!./node_modules/ts-loader??ref--14-3!./node_modules/cache-loader/dist/cjs.js??ref--0-0!./node_modules/vue-loader/lib??vue-loader-options!./src/views/home/ScreenHome.vue?vue&type=script&lang=ts&
 @ ./src/views/home/ScreenHome.vue?vue&type=script&lang=ts&
 @ ./src/views/home/ScreenHome.vue
 @ ./src/views/home/ScreenHome.route.ts
 @ ./src/router/index.ts
 @ ./src/main.ts
 @ multi ./src/main.ts

 warning  in ./src/models/Base.transformer.ts

Module Warning (from ./node_modules/thread-loader/dist/cjs.js):

/builds/infraspeak/web/web-core-client/src/models/Base.transformer.ts
  100:17  error  Unexpected console statement  no-console
  116:9   error  Unexpected console statement  no-console

✖ 2 problems (2 errors, 0 warnings)


 @ ./src/models/user-option/UserOption.transformer.v3.ts 5:0-60 41:2-17
 @ ./src/api/operator.api.ts
 @ ./src/store/root/Root.store.ts
 @ ./src/plugins/analytics/analytics.plugin.ts
 @ ./src/main.ts
 @ multi ./src/main.ts

 warning  in ./src/store/root/Root.store.ts

Module Warning (from ./node_modules/thread-loader/dist/cjs.js):

/builds/infraspeak/web/web-core-client/src/store/root/Root.store.ts
  320:17  error  Unexpected console statement  no-console

✖ 1 problem (1 error, 0 warnings)


 @ ./src/plugins/analytics/analytics.plugin.ts 7:0-52 14:19-28 39:19-28 39:49-58
 @ ./src/main.ts
 @ multi ./src/main.ts

 warning  

chunk chunk-4c94a113 [mini-css-extract-plugin]
Conflicting order. Following module has been added:
 * css ./node_modules/css-loader/dist/cjs.js??ref--8-oneOf-1-1!./node_modules/vue-loader/lib/loaders/stylePostLoader.js!./node_modules/postcss-loader/src??ref--8-oneOf-1-2!./node_modules/sass-loader/dist/cjs.js??ref--8-oneOf-1-3!./node_modules/cache-loader/dist/cjs.js??ref--0-0!./node_modules/vue-loader/lib??vue-loader-options!./src/components/common/action-buttons/IsActionButtons.vue?vue&type=style&index=0&id=1eb0ca3d&lang=scss&scoped=true&
despite it was not able to fulfill desired ordering with these modules:
 * css ./node_modules/css-loader/dist/cjs.js??ref--8-oneOf-1-1!./node_modules/vue-loader/lib/loaders/stylePostLoader.js!./node_modules/postcss-loader/src??ref--8-oneOf-1-2!./node_modules/sass-loader/dist/cjs.js??ref--8-oneOf-1-3!./node_modules/cache-loader/dist/cjs.js??ref--0-0!./node_modules/vue-loader/lib??vue-loader-options!./src/components/common/navigation-buttons/IsNavigationButtons.vue?vue&type=style&index=0&id=76168aaa&lang=scss&scoped=true&
   - couldn't fulfill desired order of chunk group(s) , 
   - while fulfilling desired order of chunk group(s) planner-screen

 warning  

chunk chunk-4c94a113 [mini-css-extract-plugin]
Conflicting order. Following module has been added:
 * css ./node_modules/css-loader/dist/cjs.js??ref--8-oneOf-1-1!./node_modules/vue-loader/lib/loaders/stylePostLoader.js!./node_modules/postcss-loader/src??ref--8-oneOf-1-2!./node_modules/sass-loader/dist/cjs.js??ref--8-oneOf-1-3!./node_modules/cache-loader/dist/cjs.js??ref--0-0!./node_modules/vue-loader/lib??vue-loader-options!./src/components/common/date-picker/IsDatePicker.vue?vue&type=style&index=0&lang=scss&
despite it was not able to fulfill desired ordering with these modules:
 * css ./node_modules/css-loader/dist/cjs.js??ref--8-oneOf-1-1!./node_modules/vue-loader/lib/loaders/stylePostLoader.js!./node_modules/postcss-loader/src??ref--8-oneOf-1-2!./node_modules/sass-loader/dist/cjs.js??ref--8-oneOf-1-3!./node_modules/cache-loader/dist/cjs.js??ref--0-0!./node_modules/vue-loader/lib??vue-loader-options!./src/components/common/navigation-buttons/IsNavigationButtons.vue?vue&type=style&index=0&id=76168aaa&lang=scss&scoped=true&
   - couldn't fulfill desired order of chunk group(s) , 
   - while fulfilling desired order of chunk group(s) planner-screen

 warning  

chunk chunk-4c94a113 [mini-css-extract-plugin]
Conflicting order. Following module has been added:
 * css ./node_modules/css-loader/dist/cjs.js??ref--8-oneOf-1-1!./node_modules/vue-loader/lib/loaders/stylePostLoader.js!./node_modules/postcss-loader/src??ref--8-oneOf-1-2!./node_modules/sass-loader/dist/cjs.js??ref--8-oneOf-1-3!./node_modules/cache-loader/dist/cjs.js??ref--0-0!./node_modules/vue-loader/lib??vue-loader-options!./src/components/summary/operator/SummaryOperator.vue?vue&type=style&index=0&id=51377b1a&lang=scss&scoped=true&
despite it was not able to fulfill desired ordering with these modules:
 * css ./node_modules/css-loader/dist/cjs.js??ref--8-oneOf-1-1!./node_modules/vue-loader/lib/loaders/stylePostLoader.js!./node_modules/postcss-loader/src??ref--8-oneOf-1-2!./node_modules/sass-loader/dist/cjs.js??ref--8-oneOf-1-3!./node_modules/cache-loader/dist/cjs.js??ref--0-0!./node_modules/vue-loader/lib??vue-loader-options!./src/components/common/time-picker/IsTimePicker.vue?vue&type=style&index=0&id=84536cda&lang=scss&scoped=true&
   - couldn't fulfill desired order of chunk group(s) , 
   - while fulfilling desired order of chunk group(s) planner-screen
 * css ./node_modules/css-loader/dist/cjs.js??ref--8-oneOf-1-1!./node_modules/vue-loader/lib/loaders/stylePostLoader.js!./node_modules/postcss-loader/src??ref--8-oneOf-1-2!./node_modules/sass-loader/dist/cjs.js??ref--8-oneOf-1-3!./node_modules/cache-loader/dist/cjs.js??ref--0-0!./node_modules/vue-loader/lib??vue-loader-options!./src/components/common/navigation-buttons/IsNavigationButtons.vue?vue&type=style&index=0&id=76168aaa&lang=scss&scoped=true&
   - couldn't fulfill desired order of chunk group(s) , 
   - while fulfilling desired order of chunk group(s) planner-screen

 warning  

chunk chunk-4c94a113 [mini-css-extract-plugin]
Conflicting order. Following module has been added:
 * css ./node_modules/css-loader/dist/cjs.js??ref--8-oneOf-1-1!./node_modules/vue-loader/lib/loaders/stylePostLoader.js!./node_modules/postcss-loader/src??ref--8-oneOf-1-2!./node_modules/sass-loader/dist/cjs.js??ref--8-oneOf-1-3!./node_modules/cache-loader/dist/cjs.js??ref--0-0!./node_modules/vue-loader/lib??vue-loader-options!./src/components/common/navigation-buttons/IsNavigationButtons.vue?vue&type=style&index=0&id=76168aaa&lang=scss&scoped=true&
despite it was not able to fulfill desired ordering with these modules:
 * css ./node_modules/css-loader/dist/cjs.js??ref--8-oneOf-1-1!./node_modules/vue-loader/lib/loaders/stylePostLoader.js!./node_modules/postcss-loader/src??ref--8-oneOf-1-2!./node_modules/sass-loader/dist/cjs.js??ref--8-oneOf-1-3!./node_modules/cache-loader/dist/cjs.js??ref--0-0!./node_modules/vue-loader/lib??vue-loader-options!./src/components/chip/operator/ChipOperator.vue?vue&type=style&index=0&id=6fb0e1b8&lang=scss&scoped=true&
   - couldn't fulfill desired order of chunk group(s) planner-screen
   - while fulfilling desired order of chunk group(s) , 

 warning  

chunk chunk-4c94a113 [mini-css-extract-plugin]
Conflicting order. Following module has been added:
 * css ./node_modules/css-loader/dist/cjs.js??ref--8-oneOf-1-1!./node_modules/vue-loader/lib/loaders/stylePostLoader.js!./node_modules/postcss-loader/src??ref--8-oneOf-1-2!./node_modules/sass-loader/dist/cjs.js??ref--8-oneOf-1-3!./node_modules/cache-loader/dist/cjs.js??ref--0-0!./node_modules/vue-loader/lib??vue-loader-options!./src/components/chip/operator/ChipOperator.vue?vue&type=style&index=0&id=6fb0e1b8&lang=scss&scoped=true&
despite it was not able to fulfill desired ordering with these modules:
 * css ./node_modules/css-loader/dist/cjs.js??ref--8-oneOf-1-1!./node_modules/vue-loader/lib/loaders/stylePostLoader.js!./node_modules/postcss-loader/src??ref--8-oneOf-1-2!./node_modules/sass-loader/dist/cjs.js??ref--8-oneOf-1-3!./node_modules/cache-loader/dist/cjs.js??ref--0-0!./node_modules/vue-loader/lib??vue-loader-options!./src/components/common/time-picker/IsTimePicker.vue?vue&type=style&index=0&id=84536cda&lang=scss&scoped=true&
   - couldn't fulfill desired order of chunk group(s) , 
   - while fulfilling desired order of chunk group(s) planner-screen

 warning  

chunk chunk-6d80b8e0 [mini-css-extract-plugin]
Conflicting order. Following module has been added:
 * css ./node_modules/css-loader/dist/cjs.js??ref--8-oneOf-1-1!./node_modules/vue-loader/lib/loaders/stylePostLoader.js!./node_modules/postcss-loader/src??ref--8-oneOf-1-2!./node_modules/sass-loader/dist/cjs.js??ref--8-oneOf-1-3!./node_modules/cache-loader/dist/cjs.js??ref--0-0!./node_modules/vue-loader/lib??vue-loader-options!./src/components/common/action-buttons/IsActionButtons.vue?vue&type=style&index=0&id=1eb0ca3d&lang=scss&scoped=true&
despite it was not able to fulfill desired ordering with these modules:
 * css ./node_modules/css-loader/dist/cjs.js??ref--8-oneOf-1-1!./node_modules/vue-loader/lib/loaders/stylePostLoader.js!./node_modules/postcss-loader/src??ref--8-oneOf-1-2!./node_modules/sass-loader/dist/cjs.js??ref--8-oneOf-1-3!./node_modules/cache-loader/dist/cjs.js??ref--0-0!./node_modules/vue-loader/lib??vue-loader-options!./src/components/common/tree/IsTree.vue?vue&type=style&index=0&lang=scss&
   - couldn't fulfill desired order of chunk group(s) 
   - while fulfilling desired order of chunk group(s) , , , , , 

 warning  

chunk chunk-ca93b42e [mini-css-extract-plugin]
Conflicting order. Following module has been added:
 * css ./node_modules/css-loader/dist/cjs.js??ref--8-oneOf-1-1!./node_modules/vue-loader/lib/loaders/stylePostLoader.js!./node_modules/postcss-loader/src??ref--8-oneOf-1-2!./node_modules/sass-loader/dist/cjs.js??ref--8-oneOf-1-3!./node_modules/cache-loader/dist/cjs.js??ref--0-0!./node_modules/vue-loader/lib??vue-loader-options!./src/components/summary/operator/SummaryOperator.vue?vue&type=style&index=0&id=51377b1a&lang=scss&scoped=true&
despite it was not able to fulfill desired ordering with these modules:
 * css ./node_modules/css-loader/dist/cjs.js??ref--8-oneOf-1-1!./node_modules/vue-loader/lib/loaders/stylePostLoader.js!./node_modules/postcss-loader/src??ref--8-oneOf-1-2!./node_modules/sass-loader/dist/cjs.js??ref--8-oneOf-1-3!./node_modules/cache-loader/dist/cjs.js??ref--0-0!./node_modules/vue-loader/lib??vue-loader-options!./src/components/common/field/IsField.vue?vue&type=style&index=0&lang=scss&
   - couldn't fulfill desired order of chunk group(s) failures-screen, purchases-screen, sales-screen, sales-quotes, screen-direct-app, , , , , 
   - while fulfilling desired order of chunk group(s) assets-screen, scheduled-works-screen, , 
 * css ./node_modules/css-loader/dist/cjs.js??ref--8-oneOf-1-1!./node_modules/vue-loader/lib/loaders/stylePostLoader.js!./node_modules/postcss-loader/src??ref--8-oneOf-1-2!./node_modules/sass-loader/dist/cjs.js??ref--8-oneOf-1-3!./node_modules/cache-loader/dist/cjs.js??ref--0-0!./node_modules/vue-loader/lib??vue-loader-options!./src/components/common/navigation-panel/IsNavigationPanel.vue?vue&type=style&index=0&lang=scss&
   - couldn't fulfill desired order of chunk group(s) failures-screen, purchases-screen, sales-screen, sales-quotes, screen-direct-app, , , , , , 
   - while fulfilling desired order of chunk group(s) assets-screen, scheduled-works-screen, 
 * css ./node_modules/css-loader/dist/cjs.js??ref--8-oneOf-1-1!./node_modules/vue-loader/lib/loaders/stylePostLoader.js!./node_modules/postcss-loader/src??ref--8-oneOf-1-2!./node_modules/sass-loader/dist/cjs.js??ref--8-oneOf-1-3!./node_modules/cache-loader/dist/cjs.js??ref--0-0!./node_modules/vue-loader/lib??vue-loader-options!./src/components/common/section-title/IsSectionTitle.vue?vue&type=style&index=0&id=436d790a&lang=scss&scoped=true&
   - couldn't fulfill desired order of chunk group(s) failures-screen, purchases-screen, sales-screen, sales-quotes, screen-direct-app, , , , , , 
   - while fulfilling desired order of chunk group(s) assets-screen, scheduled-works-screen, 

 warning  

chunk chunk-ca93b42e [mini-css-extract-plugin]
Conflicting order. Following module has been added:
 * css ./node_modules/css-loader/dist/cjs.js??ref--8-oneOf-1-1!./node_modules/vue-loader/lib/loaders/stylePostLoader.js!./node_modules/postcss-loader/src??ref--8-oneOf-1-2!./node_modules/sass-loader/dist/cjs.js??ref--8-oneOf-1-3!./node_modules/cache-loader/dist/cjs.js??ref--0-0!./node_modules/vue-loader/lib??vue-loader-options!./src/components/common/section-title/IsSectionTitle.vue?vue&type=style&index=0&id=436d790a&lang=scss&scoped=true&
despite it was not able to fulfill desired ordering with these modules:
 * css ./node_modules/css-loader/dist/cjs.js??ref--8-oneOf-1-1!./node_modules/vue-loader/lib/loaders/stylePostLoader.js!./node_modules/postcss-loader/src??ref--8-oneOf-1-2!./node_modules/sass-loader/dist/cjs.js??ref--8-oneOf-1-3!./node_modules/cache-loader/dist/cjs.js??ref--0-0!./node_modules/vue-loader/lib??vue-loader-options!./src/components/common/field/IsField.vue?vue&type=style&index=0&lang=scss&
   - couldn't fulfill desired order of chunk group(s) assets-screen
   - while fulfilling desired order of chunk group(s) failures-screen, scheduled-works-screen, purchases-screen, sales-screen, sales-quotes, screen-direct-app, , , , , , , 
 * css ./node_modules/css-loader/dist/cjs.js??ref--8-oneOf-1-1!./node_modules/vue-loader/lib/loaders/stylePostLoader.js!./node_modules/postcss-loader/src??ref--8-oneOf-1-2!./node_modules/sass-loader/dist/cjs.js??ref--8-oneOf-1-3!./node_modules/cache-loader/dist/cjs.js??ref--0-0!./node_modules/vue-loader/lib??vue-loader-options!./src/components/chip/operator/ChipOperator.vue?vue&type=style&index=0&id=6fb0e1b8&lang=scss&scoped=true&
   - couldn't fulfill desired order of chunk group(s) assets-screen, scheduled-works-screen, 
   - while fulfilling desired order of chunk group(s) failures-screen, purchases-screen, sales-screen, sales-quotes, screen-direct-app, , , , , , 

 warning  

chunk chunk-ca93b42e [mini-css-extract-plugin]
Conflicting order. Following module has been added:
 * css ./node_modules/css-loader/dist/cjs.js??ref--8-oneOf-1-1!./node_modules/vue-loader/lib/loaders/stylePostLoader.js!./node_modules/postcss-loader/src??ref--8-oneOf-1-2!./node_modules/sass-loader/dist/cjs.js??ref--8-oneOf-1-3!./node_modules/cache-loader/dist/cjs.js??ref--0-0!./node_modules/vue-loader/lib??vue-loader-options!./src/components/chip/operator/ChipOperator.vue?vue&type=style&index=0&id=6fb0e1b8&lang=scss&scoped=true&
despite it was not able to fulfill desired ordering with these modules:
 * css ./node_modules/css-loader/dist/cjs.js??ref--8-oneOf-1-1!./node_modules/vue-loader/lib/loaders/stylePostLoader.js!./node_modules/postcss-loader/src??ref--8-oneOf-1-2!./node_modules/sass-loader/dist/cjs.js??ref--8-oneOf-1-3!./node_modules/cache-loader/dist/cjs.js??ref--0-0!./node_modules/vue-loader/lib??vue-loader-options!./src/components/common/field/IsField.vue?vue&type=style&index=0&lang=scss&
   - couldn't fulfill desired order of chunk group(s) failures-screen, purchases-screen, sales-screen, sales-quotes, screen-direct-app, , , , , 
   - while fulfilling desired order of chunk group(s) assets-screen, scheduled-works-screen, , 
 * css ./node_modules/css-loader/dist/cjs.js??ref--8-oneOf-1-1!./node_modules/vue-loader/lib/loaders/stylePostLoader.js!./node_modules/postcss-loader/src??ref--8-oneOf-1-2!./node_modules/sass-loader/dist/cjs.js??ref--8-oneOf-1-3!./node_modules/cache-loader/dist/cjs.js??ref--0-0!./node_modules/vue-loader/lib??vue-loader-options!./src/components/common/navigation-panel/IsNavigationPanel.vue?vue&type=style&index=0&lang=scss&
   - couldn't fulfill desired order of chunk group(s) failures-screen, purchases-screen, sales-screen, sales-quotes, screen-direct-app, , , , , , 
   - while fulfilling desired order of chunk group(s) assets-screen, scheduled-works-screen, 

 warning  

chunk chunk-ca93b42e [mini-css-extract-plugin]
Conflicting order. Following module has been added:
 * css ./node_modules/css-loader/dist/cjs.js??ref--8-oneOf-1-1!./node_modules/vue-loader/lib/loaders/stylePostLoader.js!./node_modules/postcss-loader/src??ref--8-oneOf-1-2!./node_modules/sass-loader/dist/cjs.js??ref--8-oneOf-1-3!./node_modules/cache-loader/dist/cjs.js??ref--0-0!./node_modules/vue-loader/lib??vue-loader-options!./src/components/common/field/IsField.vue?vue&type=style&index=0&lang=scss&
despite it was not able to fulfill desired ordering with these modules:
 * css ./node_modules/css-loader/dist/cjs.js??ref--8-oneOf-1-1!./node_modules/vue-loader/lib/loaders/stylePostLoader.js!./node_modules/postcss-loader/src??ref--8-oneOf-1-2!./node_modules/sass-loader/dist/cjs.js??ref--8-oneOf-1-3!./node_modules/cache-loader/dist/cjs.js??ref--0-0!./node_modules/vue-loader/lib??vue-loader-options!./src/components/common/navigation-panel/IsNavigationPanel.vue?vue&type=style&index=0&lang=scss&
   - couldn't fulfill desired order of chunk group(s) failures-screen, scheduled-works-screen, purchases-screen, sales-screen, sales-quotes, screen-direct-app, , , , , , , 
   - while fulfilling desired order of chunk group(s) assets-screen

 warning  

chunk chunk-f5b04b6a [mini-css-extract-plugin]
Conflicting order. Following module has been added:
 * css ./node_modules/css-loader/dist/cjs.js??ref--6-oneOf-1-1!./node_modules/vue-loader/lib/loaders/stylePostLoader.js!./node_modules/postcss-loader/src??ref--6-oneOf-1-2!./node_modules/cache-loader/dist/cjs.js??ref--0-0!./node_modules/vue-loader/lib??vue-loader-options!./src/assets/images/IsGearLogo.vue?vue&type=style&index=0&lang=css&
despite it was not able to fulfill desired ordering with these modules:
 * css ./node_modules/css-loader/dist/cjs.js??ref--8-oneOf-1-1!./node_modules/vue-loader/lib/loaders/stylePostLoader.js!./node_modules/postcss-loader/src??ref--8-oneOf-1-2!./node_modules/sass-loader/dist/cjs.js??ref--8-oneOf-1-3!./node_modules/cache-loader/dist/cjs.js??ref--0-0!./node_modules/vue-loader/lib??vue-loader-options!./src/components/common/tag/popover/IsTagPopover.vue?vue&type=style&index=0&lang=scss&
   - couldn't fulfill desired order of chunk group(s) assets-screen, failures-screen, planner-screen, purchases-screen, sales-screen, sales-quotes, , , , , , , , , , , , , , 
   - while fulfilling desired order of chunk group(s) scheduled-works-screen, works-screen, screen-direct-app, , , 

 warning  

chunk chunk-f5b04b6a [mini-css-extract-plugin]
Conflicting order. Following module has been added:
 * css ./node_modules/css-loader/dist/cjs.js??ref--8-oneOf-1-1!./node_modules/vue-loader/lib/loaders/stylePostLoader.js!./node_modules/postcss-loader/src??ref--8-oneOf-1-2!./node_modules/sass-loader/dist/cjs.js??ref--8-oneOf-1-3!./node_modules/cache-loader/dist/cjs.js??ref--0-0!./node_modules/vue-loader/lib??vue-loader-options!./src/components/common/tag/popover/IsTagPopover.vue?vue&type=style&index=0&lang=scss&
despite it was not able to fulfill desired ordering with these modules:
 * css ./node_modules/css-loader/dist/cjs.js??ref--8-oneOf-1-1!./node_modules/vue-loader/lib/loaders/stylePostLoader.js!./node_modules/postcss-loader/src??ref--8-oneOf-1-2!./node_modules/sass-loader/dist/cjs.js??ref--8-oneOf-1-3!./node_modules/cache-loader/dist/cjs.js??ref--0-0!./node_modules/vue-loader/lib??vue-loader-options!./src/components/common/select/IsSelect.vue?vue&type=style&index=0&lang=scss&
   - couldn't fulfill desired order of chunk group(s) scheduled-works-screen, works-screen, screen-direct-app, , 
   - while fulfilling desired order of chunk group(s) assets-screen, failures-screen, planner-screen, purchases-screen, sales-screen, sales-quotes, , , , , , , , , , , , , , , 

 warning  

asset size limit: The following asset(s) exceed the recommended size limit (244 KiB).
This can impact web performance.
Assets: 
  fonts/fa-light-300.1980e028.eot (484 KiB)
  fonts/fa-light-300.f056755c.woff (247 KiB)
  fonts/fa-light-300.5bdaa858.ttf (483 KiB)
  fonts/fa-solid-900.eb397dfa.eot (379 KiB)
  fonts/fa-solid-900.ba008862.ttf (378 KiB)
  img/fa-solid-900.bb8ecec4.svg (1.7 MiB)
  img/fa-light-300.4433b4f4.svg (2.31 MiB)
  css/app.b0e4d411.css (375 KiB)
  js/app.9fd9984f.js (442 KiB)
  js/assets-screen.642b8d6c.js (1.24 MiB)
  js/chunk-50f83950.43a30676.js (377 KiB)
  js/chunk-77127bf4.5f3aab71.js (929 KiB)
  js/chunk-9b691370.1385e690.js (1.14 MiB)
  js/chunk-vendors.f314f5f6.js (2.93 MiB)
  js/dashboard-screen.4d523873.js (482 KiB)
  js/dashboard-screen~utilities-screen.960c5888.js (848 KiB)
  js/failures-screen.8e339448.js (322 KiB)
  js/purchases-screen.4f6de605.js (252 KiB)
  js/sales-quotes.2c9b6c15.js (319 KiB)
  js/sales-screen.9baf2445.js (332 KiB)
  js/scheduled-works-screen.86c37b33.js (533 KiB)
  js/screen-direct-app.828196cc.js (270 KiB)

 warning  

entrypoint size limit: The following entrypoint(s) combined asset size exceeds the recommended limit (244 KiB). This can impact web performance.
Entrypoints:
  app (3.73 MiB)
      css/chunk-vendors.b7d36435.css
      js/chunk-vendors.f314f5f6.js
      css/app.b0e4d411.css
      js/app.9fd9984f.js


  File                                      Size             Gzipped

  dist/js/chunk-vendors.f314f5f6.js         3000.29 KiB      899.59 KiB
  dist/js/assets-screen.642b8d6c.js         1266.41 KiB      402.52 KiB
  dist/js/chunk-9b691370.1385e690.js        1170.56 KiB      379.29 KiB
  dist/js/chunk-77127bf4.5f3aab71.js        928.61 KiB       415.54 KiB
  dist/js/dashboard-screen~utilities-scr    847.84 KiB       292.09 KiB
  een.960c5888.js
  dist/js/scheduled-works-screen.86c37b3    533.12 KiB       101.15 KiB
  3.js
  dist/js/dashboard-screen.4d523873.js      482.28 KiB       133.62 KiB
  dist/js/app.9fd9984f.js                   442.34 KiB       85.95 KiB
  dist/js/chunk-50f83950.43a30676.js        377.10 KiB       69.92 KiB
  dist/js/sales-screen.9baf2445.js          332.35 KiB       65.17 KiB
  dist/js/failures-screen.8e339448.js       322.50 KiB       61.74 KiB
  dist/js/sales-quotes.2c9b6c15.js          319.08 KiB       59.39 KiB
  dist/js/screen-direct-app.828196cc.js     269.73 KiB       52.03 KiB
  dist/js/purchases-screen.4f6de605.js      252.37 KiB       49.58 KiB
  dist/js/chunk-0d82c1e0.fa7120a5.js        233.06 KiB       43.67 KiB
  dist/js/chunk-37ab4e80.ba367b61.js        227.09 KiB       43.37 KiB
  dist/js/chunk-2e2269d8.27698998.js        224.48 KiB       40.37 KiB
  dist/js/planner-screen.befda688.js        171.46 KiB       36.82 KiB
  dist/js/chunk-2e58c366.452dd6cb.js        169.99 KiB       32.71 KiB
  dist/js/chunk-3339b118.9392e568.js        169.60 KiB       32.50 KiB
  dist/js/home-screen.5c92a046.js           160.38 KiB       30.78 KiB
  dist/js/chunk-3154db10.b9d1e83f.js        147.63 KiB       40.44 KiB
  dist/js/works-screen.1cea757c.js          122.00 KiB       24.81 KiB
  dist/js/utilities-screen.4f73ea50.js      77.30 KiB        17.91 KiB
  dist/js/chunk-568c86d0.538e85a2.js        75.29 KiB        13.90 KiB
  dist/js/chunk-218f48b0.7f6ca1c1.js        68.99 KiB        14.28 KiB
  dist/js/client-prices-old-cms-screen.d    67.84 KiB        17.03 KiB
  0abfdeb.js
  dist/js/chunk-390bc577.2b53350a.js        67.48 KiB        13.35 KiB
  dist/js/chunk-6fafae08.b3877fde.js        59.66 KiB        13.45 KiB
  dist/js/chunk-e7a1abc6.1f7fc4fc.js        57.44 KiB        12.51 KiB
  dist/js/utility-types-management-scree    49.30 KiB        9.79 KiB
  n.200dfd3b.js
  dist/js/iot-management-screen.d8c55c26    46.75 KiB        11.50 KiB
  .js
  dist/js/webhooks-management-screen.b5f    46.42 KiB        10.60 KiB
  73e42.js
  dist/js/personal-access-tokens-managem    44.43 KiB        9.75 KiB
  ent-screen.c8f97363.js
  dist/js/webhook-logs-management-screen    43.74 KiB        9.97 KiB
  .00b806da.js
  dist/js/chunk-0107b679.938364fc.js        43.70 KiB        9.72 KiB
  dist/js/chunk-215c1af2.801ff9fb.js        42.48 KiB        9.51 KiB
  dist/js/chunk-912b3dd8.27fa1a88.js        42.44 KiB        9.39 KiB
  dist/js/chunk-2a383aa8.a0601c71.js        41.58 KiB        9.67 KiB
  dist/js/chunk-1550c9ea.f2de0e68.js        39.45 KiB        9.09 KiB
  dist/js/chunk-3bf03171.329bcd5e.js        38.23 KiB        8.66 KiB
  dist/js/cost-center-management-screen.    38.10 KiB        8.36 KiB
  408dddab.js
  dist/js/chunk-e09547fa.5b774dec.js        37.18 KiB        8.68 KiB
  dist/js/settings-screen.0ae64022.js       37.04 KiB        9.12 KiB
  dist/js/chunk-0d55eceb.57ee523a.js        36.70 KiB        9.29 KiB
  dist/js/chunk-3383114c.4b6b8a1f.js        34.43 KiB        8.77 KiB
  dist/js/gatekeeper-screen.5ba5fd1b.js     34.17 KiB        7.63 KiB
  dist/js/chunk-1a3b12b4.9e2ef4ef.js        33.95 KiB        7.82 KiB
  dist/js/chunk-6230b708.5443bd47.js        33.81 KiB        8.06 KiB
  dist/js/chunk-9ec75486.b0bd45dc.js        33.47 KiB        8.48 KiB
  dist/js/chunk-5a4b93dc.cfa2aeda.js        32.40 KiB        6.96 KiB
  dist/js/chunk-8cc5a674.d484e0b7.js        32.08 KiB        7.71 KiB
  dist/js/chunk-44ae293c.a2db1c38.js        32.06 KiB        7.82 KiB
  dist/js/welcome-screen.651790ac.js        31.08 KiB        6.81 KiB
  dist/js/chunk-0d363cfd.95cefde5.js        30.09 KiB        7.58 KiB
  dist/precache-manifest.3fdcb60a3ed2ab6    29.78 KiB        7.36 KiB
  9596cb12c59a1daec.js
  dist/js/chunk-388afc10.8a883a2f.js        29.50 KiB        6.29 KiB
  dist/js/chunk-2317ea4d.21b828dd.js        28.31 KiB        6.84 KiB
  dist/js/home-screen~planner-screen~wor    27.59 KiB        6.20 KiB
  ks-screen.bb11e79f.js
  dist/js/chunk-5d4995ce.9022e666.js        27.00 KiB        6.70 KiB
  dist/js/chunk-8a126786.ac3e5816.js        26.64 KiB        6.59 KiB
  dist/js/chunk-04d0266c.80759b7b.js        25.55 KiB        5.78 KiB
  dist/js/chunk-3c384ca6.fba4f4fb.js        24.66 KiB        6.53 KiB
  dist/js/integrations-management-screen    24.17 KiB        7.17 KiB
  .818a3d87.js
  dist/js/chunk-26183dd5.498fb3ba.js        24.15 KiB        5.12 KiB
  dist/js/chunk-ca93b42e.ce8c19ff.js        23.73 KiB        5.70 KiB
  dist/js/chunk-27b877ab.0563a5ce.js        22.76 KiB        6.15 KiB
  dist/js/analytics-screen~home-screen.e    22.42 KiB        5.71 KiB
  093ec9d.js
  dist/js/chunk-18976bdc.ae681f1d.js        22.03 KiB        5.63 KiB
  dist/js/assets-screen~cost-center-mana    21.81 KiB        7.38 KiB
  gement-screen~failures-screen~gatekeep
  er-screen~personal-access-tokens~e32ab
  ad7.aa2d0de3.js
  dist/js/chunk-6cdd9c63.58d43980.js        21.15 KiB        5.54 KiB
  dist/js/chunk-4c94a113.3ec78b58.js        21.09 KiB        4.38 KiB
  dist/js/chunk-0c345c98.b4266453.js        19.91 KiB        4.76 KiB
  dist/js/chunk-d79d18fe.bc9243fc.js        18.72 KiB        6.92 KiB
  dist/js/welcome-whats-new.c09f37bb.js     18.35 KiB        5.87 KiB
  dist/js/analytics-screen.ef47d155.js      17.07 KiB        4.40 KiB
  dist/js/chunk-8d2df3ce.ebbe506c.js        16.34 KiB        4.56 KiB
  dist/js/chunk-f5b04b6a.6b0516e5.js        16.19 KiB        4.66 KiB
  dist/js/chunk-a627a208.f87f7d8c.js        15.63 KiB        3.86 KiB
  dist/js/chunk-6d80b8e0.2412cfa4.js        15.60 KiB        3.60 KiB
  dist/js/chunk-2be44027.6c785724.js        15.49 KiB        3.25 KiB
  dist/js/chunk-b2907c3e.8c415848.js        15.11 KiB        3.48 KiB
  dist/js/chunk-104f7d1f.b6ccb21f.js        14.38 KiB        3.17 KiB
  dist/js/chunk-7b987caa.b00d20d8.js        13.79 KiB        3.20 KiB
  dist/js/chunk-578ad1c4.17a9e557.js        13.79 KiB        3.47 KiB
  dist/js/chunk-95c9a0a2.c7e11437.js        13.26 KiB        3.16 KiB
  dist/js/hub-apps~hub-screen.e3bf72b7.j    13.25 KiB        3.63 KiB
  s
  dist/js/chunk-091d813e.52ae8da0.js        13.18 KiB        3.77 KiB
  dist/js/chunk-fd3695ea.5f9aa84d.js        13.17 KiB        4.20 KiB
  dist/js/chunk-4111fbe5.9b305342.js        13.13 KiB        3.61 KiB
  dist/js/chunk-0240c71f.ca8411bb.js        12.38 KiB        3.28 KiB
  dist/js/chunk-66e3ab4a.f69186b0.js        12.15 KiB        2.54 KiB
  dist/js/old-cms-screen.39f5be9b.js        11.55 KiB        3.34 KiB
  dist/js/chunk-6d751f44.25162a44.js        11.14 KiB        3.18 KiB
  dist/js/chunk-ad2fbdf8.f816c264.js        10.83 KiB        3.54 KiB
  dist/js/hub-screen.2f0a4d06.js            10.55 KiB        2.91 KiB
  dist/js/hub-apps.2ff3d6ce.js              10.46 KiB        2.87 KiB
  dist/js/chunk-e84d0994.4ee78995.js        10.35 KiB        3.49 KiB
  dist/js/account-blocked.32b3a273.js       10.24 KiB        3.77 KiB
  dist/js/chunk-2bf791cc.a48806f9.js        9.57 KiB         3.29 KiB
  dist/js/chunk-23982f8a.102a953f.js        8.57 KiB         2.74 KiB
  dist/js/chunk-a4692d46.972e619e.js        8.11 KiB         2.76 KiB
  dist/js/chunk-0837de77.b3b2e90a.js        7.80 KiB         2.70 KiB
  dist/js/chunk-3b33c162.d8630eb3.js        6.03 KiB         1.71 KiB
  dist/js/chunk-1d8a3259.2959100a.js        6.01 KiB         1.69 KiB
  dist/js/chunk-61bb3ffe.2e1009b2.js        5.76 KiB         1.90 KiB
  dist/js/chunk-6d5961ae.2abc08f5.js        4.24 KiB         1.87 KiB
  dist/js/chunk-7ea97edc.75242f7e.js        4.07 KiB         1.52 KiB
  dist/js/chunk-2d0d8057.3c3ed904.js        3.53 KiB         1.23 KiB
  dist/js/settings-page-not-found.5c59bb    3.46 KiB         1.56 KiB
  77.js
  dist/basic.js                             3.36 KiB         1.05 KiB
  dist/js/chunk-2d212ff2.6629aa81.js        3.05 KiB         1.17 KiB
  dist/js/chunk-2d2261a8.da626f13.js        3.02 KiB         1.24 KiB
  dist/js/chunk-2d0b1be8.d9984fd0.js        2.99 KiB         1.16 KiB
  dist/js/chunk-2d0e91af.ad0f37a9.js        2.69 KiB         1.18 KiB
  dist/js/chunk-2d0e1dae.cdc5bfc6.js        2.67 KiB         1.22 KiB
  dist/js/chunk-2d0e4a7c.6b07ec80.js        2.65 KiB         1.19 KiB
  dist/js/login-screen.4d0233ee.js          2.60 KiB         1.04 KiB
  dist/js/chunk-2d0ce796.5f2a3efe.js        2.57 KiB         1.20 KiB
  dist/js/chunk-2d0db486.34bed1c2.js        2.55 KiB         1.19 KiB
  dist/js/chunk-2d21b27e.07be6566.js        2.54 KiB         1.13 KiB
  dist/js/chunk-421f3692.e4b72745.js        2.53 KiB         0.96 KiB
  dist/js/chunk-2d229616.f7ca2457.js        2.52 KiB         1.17 KiB
  dist/js/chunk-2d228e49.d768461f.js        2.46 KiB         1.11 KiB
  dist/js/chunk-2d22d238.2e039c12.js        2.45 KiB         1.15 KiB
  dist/js/chunk-2d0b2213.6a128350.js        2.43 KiB         1.07 KiB
  dist/js/chunk-7f881f28.4fac1ee6.js        2.42 KiB         1.03 KiB
  dist/js/chunk-2d0da6ab.74241921.js        2.24 KiB         1.09 KiB
  dist/js/chunk-2d0d622d.38de996c.js        2.18 KiB         1.01 KiB
  dist/js/chunk-2d0cba55.e7d6e534.js        2.12 KiB         1.04 KiB
  dist/js/chunk-f50c655a.845d14c7.js        2.05 KiB         0.90 KiB
  dist/js/chunk-2d0f0dec.d782f997.js        2.03 KiB         1.01 KiB
  dist/js/chunk-2d216de6.77705d1b.js        2.01 KiB         1.06 KiB
  dist/js/chunk-2d2132bb.b65fbc8c.js        2.01 KiB         0.97 KiB
  dist/js/chunk-2d0b2ee7.2a81427c.js        2.00 KiB         1.05 KiB
  dist/js/chunk-2d0cf17f.e3785b20.js        1.99 KiB         1.03 KiB
  dist/js/chunk-2d0bdb3c.439f6ea8.js        1.98 KiB         1.01 KiB
  dist/js/chunk-2d237f33.2a8c2cae.js        1.98 KiB         1.04 KiB
  dist/js/chunk-2d0e26c3.1dbaca88.js        1.98 KiB         1.01 KiB
  dist/js/chunk-2d2259d8.83888308.js        1.97 KiB         0.98 KiB
  dist/js/chunk-2d0d70e6.c3640bf9.js        1.96 KiB         1.01 KiB
  dist/js/chunk-2d0ea0ba.3e43d6b9.js        1.96 KiB         1.02 KiB
  dist/js/chunk-2d0d6a95.3d883ea9.js        1.95 KiB         0.96 KiB
  dist/js/chunk-2d0cca32.2bac9c9b.js        1.95 KiB         0.95 KiB
  dist/js/chunk-2d0d03e8.594e85b0.js        1.95 KiB         0.96 KiB
  dist/js/chunk-2d0d70c6.67724bf1.js        1.95 KiB         0.99 KiB
  dist/js/chunk-2d0c575a.9770dc11.js        1.95 KiB         0.97 KiB
  dist/js/chunk-2d0e9ba2.c8755efe.js        1.94 KiB         0.97 KiB
  dist/js/chunk-2d0b9447.463d5376.js        1.93 KiB         0.95 KiB
  dist/js/chunk-2d0a45e0.4ae886a3.js        1.92 KiB         0.95 KiB
  dist/js/chunk-2d217af6.ab91f521.js        1.92 KiB         1.05 KiB
  dist/js/chunk-2d0b23c4.8daecc20.js        1.91 KiB         0.97 KiB
  dist/js/chunk-2d2107bd.2b521a96.js        1.91 KiB         0.96 KiB
  dist/js/chunk-2d22e165.96d5bfa2.js        1.91 KiB         0.95 KiB
  dist/js/chunk-2d20f204.6b3c5220.js        1.90 KiB         1.00 KiB
  dist/js/chunk-2d21a5d7.22ef6e49.js        1.90 KiB         0.95 KiB
  dist/js/chunk-2d0e57ff.3ecd9637.js        1.90 KiB         0.93 KiB
  dist/js/chunk-2d2288f4.b828a075.js        1.90 KiB         0.92 KiB
  dist/js/chunk-77215428.c7d3206c.js        1.89 KiB         0.99 KiB
  dist/js/chunk-2d0cbca7.f3384819.js        1.88 KiB         0.98 KiB
  dist/js/chunk-2d0d0f3c.81b63e6b.js        1.85 KiB         0.95 KiB
  dist/js/chunk-2d0d3ea6.e6f28ebc.js        1.84 KiB         0.96 KiB
  dist/js/chunk-2d0e5eb9.8665eff2.js        1.84 KiB         0.94 KiB
  dist/js/chunk-2d20e85d.6479021d.js        1.82 KiB         0.91 KiB
  dist/js/chunk-2d20f558.03553899.js        1.81 KiB         0.90 KiB
  dist/service-worker.js                    1.06 KiB         0.62 KiB
  dist/css/app.b0e4d411.css                 375.02 KiB       61.06 KiB
  dist/css/scheduled-works-screen.ee70d5    72.47 KiB        10.61 KiB
  51.css
  dist/css/chunk-50f83950.bfae0ebd.css      59.53 KiB        8.56 KiB
  dist/css/assets-screen.3394a9a7.css       51.20 KiB        8.09 KiB
  dist/css/dashboard-screen.1a078aab.css    42.32 KiB        10.79 KiB
  dist/css/sales-screen.bbdd77fb.css        41.17 KiB        6.37 KiB
  dist/css/chunk-9b691370.19b41c3e.css      39.22 KiB        6.29 KiB
  dist/css/failures-screen.31ad9f68.css     39.02 KiB        6.40 KiB
  dist/css/purchases-screen.df4687d7.css    36.66 KiB        5.51 KiB
  dist/css/sales-quotes.c7bb7706.css        34.47 KiB        5.56 KiB
  dist/css/chunk-3339b118.4cc87442.css      30.69 KiB        4.67 KiB
  dist/css/chunk-37ab4e80.353acced.css      30.38 KiB        4.74 KiB
  dist/css/screen-direct-app.87bdc8a2.cs    28.99 KiB        4.83 KiB
  s
  dist/css/chunk-0d82c1e0.da4e0316.css      28.70 KiB        4.86 KiB
  dist/css/chunk-2e2269d8.6da75e40.css      27.23 KiB        4.53 KiB
  dist/css/chunk-2e58c366.c411bf2a.css      26.01 KiB        3.96 KiB
  dist/css/home-screen.7288aba4.css         24.31 KiB        4.18 KiB
  dist/css/chunk-77127bf4.e52e499f.css      24.11 KiB        4.25 KiB
  dist/css/planner-screen.16f9b6f1.css      21.32 KiB        3.88 KiB
  dist/css/chunk-3154db10.b71de693.css      20.67 KiB        3.57 KiB
  dist/css/utilities-screen.a0f12f03.css    16.77 KiB        2.88 KiB
  dist/css/chunk-27b877ab.3c35cfa1.css      16.00 KiB        2.74 KiB
  dist/css/works-screen.4569cc7d.css        15.34 KiB        2.95 KiB
  dist/css/chunk-2317ea4d.edf31110.css      15.29 KiB        1.85 KiB
  dist/css/welcome-screen.4d258227.css      14.76 KiB        1.75 KiB
  dist/css/chunk-3383114c.6b2fd996.css      14.75 KiB        2.65 KiB
  dist/css/webhook-logs-management-scree    13.62 KiB        2.62 KiB
  n.c43e6e4e.css
  dist/css/chunk-218f48b0.c4afee76.css      13.27 KiB        2.43 KiB
  dist/css/webhooks-management-screen.66    12.75 KiB        2.44 KiB
  dc5cbd.css
  dist/css/chunk-912b3dd8.2d58f8e1.css      12.72 KiB        2.36 KiB
  dist/css/chunk-0d55eceb.e8c24b3a.css      12.23 KiB        2.30 KiB
  dist/css/chunk-2a383aa8.36c4b916.css      12.23 KiB        2.35 KiB
  dist/css/chunk-e7a1abc6.78ec2e69.css      12.10 KiB        2.34 KiB
  dist/css/utility-types-management-scre    12.06 KiB        2.31 KiB
  en.9e2bb343.css
  dist/css/client-prices-old-cms-screen.    12.01 KiB        2.22 KiB
  73a45046.css
  dist/css/chunk-6fafae08.75e2e587.css      11.88 KiB        2.30 KiB
  dist/css/chunk-215c1af2.37cacda3.css      11.74 KiB        2.27 KiB
  dist/css/chunk-e09547fa.576eb6f6.css      11.43 KiB        2.20 KiB
  dist/css/chunk-1550c9ea.775346ea.css      11.37 KiB        2.21 KiB
  dist/css/chunk-6230b708.146f0072.css      11.27 KiB        2.16 KiB
  dist/css/iot-management-screen.da6aca8    11.16 KiB        2.02 KiB
  0.css
  dist/css/chunk-568c86d0.91516c19.css      10.92 KiB        1.92 KiB
  dist/css/chunk-ca93b42e.91c577e9.css      9.06 KiB         1.83 KiB
  dist/css/chunk-0107b679.b9db0af3.css      8.56 KiB         1.81 KiB
  dist/css/chunk-1a3b12b4.bb065307.css      8.42 KiB         1.78 KiB
  dist/basic.css                            8.28 KiB         1.63 KiB
  dist/css/chunk-f5b04b6a.128428aa.css      7.80 KiB         1.49 KiB
  dist/css/hub-apps.9844812e.css            7.72 KiB         1.80 KiB
  dist/css/chunk-7b987caa.d7c045ed.css      7.54 KiB         1.54 KiB
  dist/css/settings-screen.939374a6.css     7.18 KiB         1.50 KiB
  dist/css/chunk-104f7d1f.3427f8eb.css      7.07 KiB         1.60 KiB
  dist/css/analytics-screen.833fb265.css    7.05 KiB         1.37 KiB
  dist/css/chunk-390bc577.7f051c59.css      6.70 KiB         1.65 KiB
  dist/css/personal-access-tokens-manage    6.48 KiB         1.56 KiB
  ment-screen.3763855f.css
  dist/css/chunk-a627a208.693d2699.css      6.47 KiB         1.38 KiB
  dist/css/welcome-whats-new.b2850f89.cs    5.81 KiB         1.51 KiB
  s
  dist/css/cost-center-management-screen    5.25 KiB         1.31 KiB
  .f028c7bf.css
  dist/css/hub-screen.4f04143e.css          5.16 KiB         1.32 KiB
  dist/css/chunk-0d363cfd.5fd1cbd2.css      5.13 KiB         1.29 KiB
  dist/css/chunk-44ae293c.ac2a6bfe.css      5.07 KiB         1.32 KiB
  dist/css/gatekeeper-screen.912a12b6.cs    4.97 KiB         1.24 KiB
  s
  dist/css/chunk-04d0266c.031b961a.css      4.82 KiB         1.12 KiB
  dist/css/chunk-3c384ca6.06cbcbbf.css      4.74 KiB         1.19 KiB
  dist/css/chunk-3bf03171.abb05dbb.css      4.65 KiB         1.17 KiB
  dist/css/chunk-9ec75486.ab0dd5c9.css      4.58 KiB         1.14 KiB
  dist/css/chunk-8cc5a674.6337ef16.css      4.44 KiB         1.10 KiB
  dist/css/chunk-5a4b93dc.e1bc17ca.css      4.15 KiB         1.02 KiB
  dist/css/assets-screen~cost-center-man    4.13 KiB         1.04 KiB
  agement-screen~failures-screen~gatekee
  per-screen~personal-access-tokens~e32a
  bad7.a17662e9.css
  dist/css/chunk-4c94a113.32320113.css      3.80 KiB         0.97 KiB
  dist/css/chunk-6d751f44.1ddf22db.css      3.73 KiB         0.94 KiB
  dist/css/chunk-5d4995ce.078f1833.css      3.61 KiB         0.89 KiB
  dist/css/chunk-6cdd9c63.078f1833.css      3.61 KiB         0.89 KiB
  dist/css/chunk-8a126786.078f1833.css      3.61 KiB         0.89 KiB
  dist/css/chunk-95c9a0a2.6acbfb8d.css      3.51 KiB         0.87 KiB
  dist/css/chunk-18976bdc.aa8b5301.css      3.47 KiB         0.85 KiB
  dist/css/chunk-388afc10.37d4ae83.css      3.47 KiB         0.85 KiB
  dist/css/settings-page-not-found.ba001    3.46 KiB         0.58 KiB
  6c4.css
  dist/css/chunk-4111fbe5.685d06a1.css      3.42 KiB         0.90 KiB
  dist/css/chunk-vendors.b7d36435.css       3.37 KiB         0.66 KiB
  dist/css/chunk-8d2df3ce.6bfacdd2.css      3.37 KiB         0.86 KiB
  dist/css/chunk-26183dd5.12820318.css      3.08 KiB         0.86 KiB
  dist/css/chunk-23982f8a.afc6d752.css      3.01 KiB         0.88 KiB
  dist/css/integrations-management-scree    2.99 KiB         0.78 KiB
  n.cda864ab.css
  dist/css/chunk-61bb3ffe.a4f9bc31.css      2.44 KiB         0.79 KiB
  dist/css/chunk-3b33c162.687ebca8.css      2.22 KiB         0.62 KiB
  dist/css/chunk-ad2fbdf8.88b2c577.css      1.96 KiB         0.58 KiB
  dist/css/chunk-1d8a3259.402c21a8.css      1.82 KiB         0.52 KiB
  dist/css/home-screen~planner-screen~wo    1.67 KiB         0.57 KiB
  rks-screen.e93da536.css
  dist/css/chunk-2bf791cc.890d34f4.css      1.63 KiB         0.52 KiB
  dist/css/chunk-6d80b8e0.da4fb138.css      1.29 KiB         0.47 KiB
  dist/css/chunk-0c345c98.1c2a5c3d.css      1.08 KiB         0.39 KiB
  dist/css/hub-apps~hub-screen.5c3ae5cf.    1.06 KiB         0.41 KiB
  css
  dist/css/chunk-e84d0994.2f3ddb9d.css      0.97 KiB         0.40 KiB
  dist/css/chunk-fd3695ea.2f3ddb9d.css      0.97 KiB         0.40 KiB
  dist/css/chunk-091d813e.cfcddede.css      0.92 KiB         0.33 KiB
  dist/css/account-blocked.df783ce2.css     0.82 KiB         0.34 KiB
  dist/css/chunk-6d5961ae.b12ac32e.css      0.43 KiB         0.20 KiB
  dist/css/chunk-0240c71f.b3d33bd3.css      0.42 KiB         0.25 KiB
  dist/css/chunk-a4692d46.eb6b6e0e.css      0.36 KiB         0.18 KiB
  dist/css/chunk-0837de77.8fa64d17.css      0.34 KiB         0.17 KiB
  dist/css/chunk-421f3692.3aba1420.css      0.26 KiB         0.17 KiB
  dist/css/chunk-578ad1c4.cde8b4c6.css      0.24 KiB         0.15 KiB
  dist/css/chunk-f50c655a.6ce1c6d5.css      0.23 KiB         0.15 KiB
  dist/css/login-screen.ef200bda.css        0.22 KiB         0.15 KiB
  dist/css/dashboard-screen~utilities-sc    0.18 KiB         0.12 KiB
  reen.de4ccf28.css
  dist/css/old-cms-screen.9fd262d6.css      0.15 KiB         0.12 KiB
  dist/css/chunk-7f881f28.2f279e35.css      0.05 KiB         0.07 KiB
  dist/css/chunk-7ea97edc.7a674f83.css      0.05 KiB         0.07 KiB

  Images and other types of assets omitted.

 DONE  Build complete. The dist directory is ready to be deployed.
 INFO  Check out deployment instructions at https://cli.vuejs.org/guide/deployment.html
      
section_end:1614356081:step_script[0Ksection_start:1614356081:archive_cache[0K[0K[36;1mSaving cache for successful job[0;m
[0;m[32;1mCreating cache v0-95-11...[0;m
dist/: found 501 matching files and directories   [0;m 
node_modules/: found 106431 matching files and directories[0;m 
Uploading cache.zip to https://is-gitlab-runners-cache.s3.dualstack.eu-west-1.amazonaws.com/project/20143087/v0-95-11[0;m 
[32;1mCreated cache[0;m
section_end:1614356157:archive_cache[0Ksection_start:1614356157:cleanup_file_variables[0K[0K[36;1mCleaning up file based variables[0;m
[0;msection_end:1614356157:cleanup_file_variables[0K[32;1mJob succeeded
[0;m