[0KRunning with gitlab-runner 13.7.0 (943fc252)
[0;m[0K  on Web Core Client - Tests- docker+machine Gu_oFDiR
[0;msection_start:1616582495:prepare_executor[0K[0K[36;1mPreparing the "docker+machine" executor[0;m
[0;m[0KUsing Docker executor with image node:12.16.1 ...
[0;m[0KPulling docker image node:12.16.1 ...
[0;m[0KUsing docker image sha256:88c089733a3b980b3517e8e2e8afa46b338f69d7562550cb3c2e9fd852a2fbac for node:12.16.1 with digest node@sha256:46f4c17e1edbde36d60a9f6362db7912cfe301bac89afef7cc92421ab3e7ca18 ...
[0;msection_end:1616582497:prepare_executor[0Ksection_start:1616582497:prepare_script[0K[0K[36;1mPreparing environment[0;m
[0;mRunning on runner-guofdir-project-20143087-concurrent-0 via runner-guofdir-IS-Pipeline-gitlab-runner-1616578576-2ecb5d98...
section_end:1616582497:prepare_script[0Ksection_start:1616582497:get_sources[0K[0K[36;1mGetting source from Git repository[0;m
[0;m[32;1mFetching changes with git depth set to 1...[0;m
Initialized empty Git repository in /builds/infraspeak/web/web-core-client/.git/
[32;1mCreated fresh repository.[0;m
[32;1mChecking out 318094e8 as v0.97.5...[0;m

[32;1mSkipping Git submodules setup[0;m
section_end:1616582502:get_sources[0Ksection_start:1616582502:restore_cache[0K[0K[36;1mRestoring cache[0;m
[0;m[32;1mChecking cache for v0-97-5...[0;m
Downloading cache.zip from https://is-gitlab-runners-cache.s3.dualstack.eu-west-1.amazonaws.com/project/20143087/v0-97-5[0;m 
[32;1mSuccessfully extracted cache[0;m
section_end:1616582537:restore_cache[0Ksection_start:1616582537:step_script[0K[0K[36;1mExecuting "step_script" stage of the job script[0;m
[0;m[32;1m$ npm run build-production[0;m

> infraspeak-web-core-client@0.97.0 build-production /builds/infraspeak/web/web-core-client
> vue-cli-service build --mode production --dest dist


-  Building for production...
Starting type checking service...
Using 1 worker with 2048MB memory limit
 WARNING  Compiled with 21 warnings10:47:16 AM

Module Warning (from ./node_modules/eslint-loader/index.js):
error: Unexpected console statement (no-console) at src/components/chart/analytic/ChartAnalytic.vue:249:25:
  247 |                         this.isLoadingData = false
  248 | 
> 249 |                         console.error('error getting data: ', error)
      |                         ^
  250 |                     })
  251 |             }
  252 | 


error: Unexpected console statement (no-console) at src/components/chart/analytic/ChartAnalytic.vue:329:29:
  327 |                         })
  328 |                         .catch(error => {
> 329 |                             console.error('error exporting data: ', error)
      |                             ^
  330 |                         })
  331 |                         .finally(progressNoty.close)
  332 | 


2 errors found.

You may use special comments to disable some warnings.
Use // eslint-disable-next-line to ignore the next line.
Use /* eslint-disable */ to ignore all warnings in a file.
 warning  in ./src/components/side-dialog/entity-configuration/SideDialogEntityConfiguration.store.ts

Module Warning (from ./node_modules/thread-loader/dist/cjs.js):

/builds/infraspeak/web/web-core-client/src/components/side-dialog/entity-configuration/SideDialogEntityConfiguration.store.ts
  59:144  error  Newline required at end of file but not found  eol-last

✖ 1 problem (1 error, 0 warnings)
  1 error and 0 warnings potentially fixable with the `--fix` option.


 @ ./node_modules/cache-loader/dist/cjs.js??ref--14-0!./node_modules/thread-loader/dist/cjs.js!./node_modules/babel-loader/lib!./node_modules/ts-loader??ref--14-3!./node_modules/cache-loader/dist/cjs.js??ref--0-0!./node_modules/vue-loader/lib??vue-loader-options!./src/views/settings/ScreenSettings.vue?vue&type=script&lang=ts& 15:0-135 52:10-44
 @ ./src/views/settings/ScreenSettings.vue?vue&type=script&lang=ts&
 @ ./src/views/settings/ScreenSettings.vue
 @ ./src/views/settings/ScreenSettings.route.ts
 @ ./src/views/home/ScreenHome.route.ts
 @ ./src/router/index.ts
 @ ./src/main.ts
 @ multi ./src/main.ts

 warning  in ./src/models/Base.transformer.ts

Module Warning (from ./node_modules/thread-loader/dist/cjs.js):

/builds/infraspeak/web/web-core-client/src/models/Base.transformer.ts
  45:17  error  Unexpected console statement  no-console

✖ 1 problem (1 error, 0 warnings)


 @ ./src/models/entity/Entity.transformer.v3.ts 7:0-60 70:2-17
 @ ./src/api/entity.api.ts
 @ ./src/store/root/Root.store.ts
 @ ./src/router/index.ts
 @ ./src/main.ts
 @ multi ./src/main.ts

 warning  in ./src/store/root/Root.store.ts

Module Warning (from ./node_modules/thread-loader/dist/cjs.js):

/builds/infraspeak/web/web-core-client/src/store/root/Root.store.ts
  354:17  error  Unexpected console statement  no-console

✖ 1 problem (1 error, 0 warnings)


 @ ./src/router/index.ts 14:0-52 43:56-65 43:88-97 49:19-28 52:56-65 52:88-97 58:19-28 79:17-26 83:16-25 89:19-28 92:19-28 102:18-27 136:6-15 144:10-19
 @ ./src/main.ts
 @ multi ./src/main.ts

 warning  in ./src/views/settings/config/ScreenSettings.config.ts

Module Warning (from ./node_modules/thread-loader/dist/cjs.js):

/builds/infraspeak/web/web-core-client/src/views/settings/config/ScreenSettings.config.ts
  240:79  error  Operator '?' must be spaced  space-infix-ops

✖ 1 problem (1 error, 0 warnings)
  1 error and 0 warnings potentially fixable with the `--fix` option.


 @ ./node_modules/cache-loader/dist/cjs.js??ref--14-0!./node_modules/thread-loader/dist/cjs.js!./node_modules/babel-loader/lib!./node_modules/ts-loader??ref--14-3!./node_modules/cache-loader/dist/cjs.js??ref--0-0!./node_modules/vue-loader/lib??vue-loader-options!./src/views/settings/ScreenSettings.vue?vue&type=script&lang=ts& 16:0-187 32:20-27 33:20-27 34:29-45 35:32-51 36:20-27 44:13-32 51:13-32 55:13-32 64:13-28 68:13-28 72:13-28 78:13-28 118:32-43 123:32-52
 @ ./src/views/settings/ScreenSettings.vue?vue&type=script&lang=ts&
 @ ./src/views/settings/ScreenSettings.vue
 @ ./src/views/settings/ScreenSettings.route.ts
 @ ./src/views/home/ScreenHome.route.ts
 @ ./src/router/index.ts
 @ ./src/main.ts
 @ multi ./src/main.ts

 warning  

chunk chunk-323a1331 [mini-css-extract-plugin]
Conflicting order. Following module has been added:
 * css ./node_modules/css-loader/dist/cjs.js??ref--6-oneOf-1-1!./node_modules/vue-loader/lib/loaders/stylePostLoader.js!./node_modules/postcss-loader/src??ref--6-oneOf-1-2!./node_modules/cache-loader/dist/cjs.js??ref--0-0!./node_modules/vue-loader/lib??vue-loader-options!./src/assets/images/IsGearLogo.vue?vue&type=style&index=0&lang=css&
despite it was not able to fulfill desired ordering with these modules:
 * css ./node_modules/css-loader/dist/cjs.js??ref--8-oneOf-1-1!./node_modules/vue-loader/lib/loaders/stylePostLoader.js!./node_modules/postcss-loader/src??ref--8-oneOf-1-2!./node_modules/sass-loader/dist/cjs.js??ref--8-oneOf-1-3!./node_modules/cache-loader/dist/cjs.js??ref--0-0!./node_modules/vue-loader/lib??vue-loader-options!./src/components/common/tag/popover/IsTagPopover.vue?vue&type=style&index=0&lang=scss&
   - couldn't fulfill desired order of chunk group(s) assets-screen, failures-screen, planner-screen, purchases-screen, sales-screen, sales-quotes, , , , , , , , , , , , , 
   - while fulfilling desired order of chunk group(s) scheduled-works-screen, works-screen, screen-direct-app, , , , 

 warning  

chunk chunk-323a1331 [mini-css-extract-plugin]
Conflicting order. Following module has been added:
 * css ./node_modules/css-loader/dist/cjs.js??ref--8-oneOf-1-1!./node_modules/vue-loader/lib/loaders/stylePostLoader.js!./node_modules/postcss-loader/src??ref--8-oneOf-1-2!./node_modules/sass-loader/dist/cjs.js??ref--8-oneOf-1-3!./node_modules/cache-loader/dist/cjs.js??ref--0-0!./node_modules/vue-loader/lib??vue-loader-options!./src/components/common/tag/popover/IsTagPopover.vue?vue&type=style&index=0&lang=scss&
despite it was not able to fulfill desired ordering with these modules:
 * css ./node_modules/css-loader/dist/cjs.js??ref--8-oneOf-1-1!./node_modules/vue-loader/lib/loaders/stylePostLoader.js!./node_modules/postcss-loader/src??ref--8-oneOf-1-2!./node_modules/sass-loader/dist/cjs.js??ref--8-oneOf-1-3!./node_modules/cache-loader/dist/cjs.js??ref--0-0!./node_modules/vue-loader/lib??vue-loader-options!./src/components/common/select/IsSelect.vue?vue&type=style&index=0&lang=scss&
   - couldn't fulfill desired order of chunk group(s) scheduled-works-screen, works-screen, screen-direct-app, , , 
   - while fulfilling desired order of chunk group(s) assets-screen, failures-screen, planner-screen, purchases-screen, sales-screen, sales-quotes, , , , , , , , , , , , , , 

 warning  

chunk chunk-3abb3d5c [mini-css-extract-plugin]
Conflicting order. Following module has been added:
 * css ./node_modules/css-loader/dist/cjs.js??ref--8-oneOf-1-1!./node_modules/vue-loader/lib/loaders/stylePostLoader.js!./node_modules/postcss-loader/src??ref--8-oneOf-1-2!./node_modules/sass-loader/dist/cjs.js??ref--8-oneOf-1-3!./node_modules/cache-loader/dist/cjs.js??ref--0-0!./node_modules/vue-loader/lib??vue-loader-options!./src/components/summary/operator/SummaryOperator.vue?vue&type=style&index=0&id=51377b1a&lang=scss&scoped=true&
despite it was not able to fulfill desired ordering with these modules:
 * css ./node_modules/css-loader/dist/cjs.js??ref--8-oneOf-1-1!./node_modules/vue-loader/lib/loaders/stylePostLoader.js!./node_modules/postcss-loader/src??ref--8-oneOf-1-2!./node_modules/sass-loader/dist/cjs.js??ref--8-oneOf-1-3!./node_modules/cache-loader/dist/cjs.js??ref--0-0!./node_modules/vue-loader/lib??vue-loader-options!./src/components/common/navigation-panel/IsNavigationPanel.vue?vue&type=style&index=0&lang=scss&
   - couldn't fulfill desired order of chunk group(s) failures-screen, purchases-screen, sales-screen, sales-quotes, screen-direct-app, , , , , , 
   - while fulfilling desired order of chunk group(s) assets-screen, scheduled-works-screen, works-screen, 
 * css ./node_modules/css-loader/dist/cjs.js??ref--8-oneOf-1-1!./node_modules/vue-loader/lib/loaders/stylePostLoader.js!./node_modules/postcss-loader/src??ref--8-oneOf-1-2!./node_modules/sass-loader/dist/cjs.js??ref--8-oneOf-1-3!./node_modules/cache-loader/dist/cjs.js??ref--0-0!./node_modules/vue-loader/lib??vue-loader-options!./src/components/common/section-title/IsSectionTitle.vue?vue&type=style&index=0&id=436d790a&lang=scss&scoped=true&
   - couldn't fulfill desired order of chunk group(s) failures-screen, purchases-screen, sales-screen, sales-quotes, screen-direct-app, , , , , , 
   - while fulfilling desired order of chunk group(s) assets-screen, scheduled-works-screen, works-screen, 
 * css ./node_modules/css-loader/dist/cjs.js??ref--8-oneOf-1-1!./node_modules/vue-loader/lib/loaders/stylePostLoader.js!./node_modules/postcss-loader/src??ref--8-oneOf-1-2!./node_modules/sass-loader/dist/cjs.js??ref--8-oneOf-1-3!./node_modules/cache-loader/dist/cjs.js??ref--0-0!./node_modules/vue-loader/lib??vue-loader-options!./src/components/summary/contact/SummaryContact.vue?vue&type=style&index=0&id=8bf1c9a2&lang=scss&scoped=true&
   - couldn't fulfill desired order of chunk group(s) sales-quotes, screen-direct-app, 
   - while fulfilling desired order of chunk group(s) assets-screen, failures-screen, scheduled-works-screen, purchases-screen, sales-screen, works-screen, , , , , , 

 warning  

chunk chunk-3abb3d5c [mini-css-extract-plugin]
Conflicting order. Following module has been added:
 * css ./node_modules/css-loader/dist/cjs.js??ref--8-oneOf-1-1!./node_modules/vue-loader/lib/loaders/stylePostLoader.js!./node_modules/postcss-loader/src??ref--8-oneOf-1-2!./node_modules/sass-loader/dist/cjs.js??ref--8-oneOf-1-3!./node_modules/cache-loader/dist/cjs.js??ref--0-0!./node_modules/vue-loader/lib??vue-loader-options!./src/components/summary/contact/SummaryContact.vue?vue&type=style&index=0&id=8bf1c9a2&lang=scss&scoped=true&
despite it was not able to fulfill desired ordering with these modules:
 * css ./node_modules/css-loader/dist/cjs.js??ref--8-oneOf-1-1!./node_modules/vue-loader/lib/loaders/stylePostLoader.js!./node_modules/postcss-loader/src??ref--8-oneOf-1-2!./node_modules/sass-loader/dist/cjs.js??ref--8-oneOf-1-3!./node_modules/cache-loader/dist/cjs.js??ref--0-0!./node_modules/vue-loader/lib??vue-loader-options!./src/components/chip/operator/ChipOperator.vue?vue&type=style&index=0&id=6fb0e1b8&lang=scss&scoped=true&
   - couldn't fulfill desired order of chunk group(s) failures-screen, scheduled-works-screen, purchases-screen, sales-screen, works-screen, , , , , 
   - while fulfilling desired order of chunk group(s) assets-screen, sales-quotes, screen-direct-app, , 
 * css ./node_modules/css-loader/dist/cjs.js??ref--8-oneOf-1-1!./node_modules/vue-loader/lib/loaders/stylePostLoader.js!./node_modules/postcss-loader/src??ref--8-oneOf-1-2!./node_modules/sass-loader/dist/cjs.js??ref--8-oneOf-1-3!./node_modules/cache-loader/dist/cjs.js??ref--0-0!./node_modules/vue-loader/lib??vue-loader-options!./src/components/common/navigation-panel/IsNavigationPanel.vue?vue&type=style&index=0&lang=scss&
   - couldn't fulfill desired order of chunk group(s) failures-screen, scheduled-works-screen, purchases-screen, sales-screen, sales-quotes, works-screen, , , , , 
   - while fulfilling desired order of chunk group(s) assets-screen, screen-direct-app, , 
 * css ./node_modules/css-loader/dist/cjs.js??ref--8-oneOf-1-1!./node_modules/vue-loader/lib/loaders/stylePostLoader.js!./node_modules/postcss-loader/src??ref--8-oneOf-1-2!./node_modules/sass-loader/dist/cjs.js??ref--8-oneOf-1-3!./node_modules/cache-loader/dist/cjs.js??ref--0-0!./node_modules/vue-loader/lib??vue-loader-options!./src/components/common/section-title/IsSectionTitle.vue?vue&type=style&index=0&id=436d790a&lang=scss&scoped=true&
   - couldn't fulfill desired order of chunk group(s) failures-screen, scheduled-works-screen, purchases-screen, sales-screen, sales-quotes, works-screen, , , , , 
   - while fulfilling desired order of chunk group(s) assets-screen, screen-direct-app, , 

 warning  

chunk chunk-3abb3d5c [mini-css-extract-plugin]
Conflicting order. Following module has been added:
 * css ./node_modules/css-loader/dist/cjs.js??ref--8-oneOf-1-1!./node_modules/vue-loader/lib/loaders/stylePostLoader.js!./node_modules/postcss-loader/src??ref--8-oneOf-1-2!./node_modules/sass-loader/dist/cjs.js??ref--8-oneOf-1-3!./node_modules/cache-loader/dist/cjs.js??ref--0-0!./node_modules/vue-loader/lib??vue-loader-options!./src/components/tag-popover/contact/TagPopoverContact.vue?vue&type=style&index=0&id=064a5c39&lang=scss&scoped=true&
despite it was not able to fulfill desired ordering with these modules:
 * css ./node_modules/css-loader/dist/cjs.js??ref--8-oneOf-1-1!./node_modules/vue-loader/lib/loaders/stylePostLoader.js!./node_modules/postcss-loader/src??ref--8-oneOf-1-2!./node_modules/sass-loader/dist/cjs.js??ref--8-oneOf-1-3!./node_modules/cache-loader/dist/cjs.js??ref--0-0!./node_modules/vue-loader/lib??vue-loader-options!./src/components/chip/operator/ChipOperator.vue?vue&type=style&index=0&id=6fb0e1b8&lang=scss&scoped=true&
   - couldn't fulfill desired order of chunk group(s) failures-screen, scheduled-works-screen, purchases-screen, sales-screen, sales-quotes, works-screen, screen-direct-app, , , , , , 
   - while fulfilling desired order of chunk group(s) assets-screen, 
 * css ./node_modules/css-loader/dist/cjs.js??ref--8-oneOf-1-1!./node_modules/vue-loader/lib/loaders/stylePostLoader.js!./node_modules/postcss-loader/src??ref--8-oneOf-1-2!./node_modules/sass-loader/dist/cjs.js??ref--8-oneOf-1-3!./node_modules/cache-loader/dist/cjs.js??ref--0-0!./node_modules/vue-loader/lib??vue-loader-options!./src/components/common/navigation-panel/IsNavigationPanel.vue?vue&type=style&index=0&lang=scss&
   - couldn't fulfill desired order of chunk group(s) failures-screen, scheduled-works-screen, purchases-screen, sales-screen, sales-quotes, works-screen, screen-direct-app, , , , , , 
   - while fulfilling desired order of chunk group(s) assets-screen, 
 * css ./node_modules/css-loader/dist/cjs.js??ref--8-oneOf-1-1!./node_modules/vue-loader/lib/loaders/stylePostLoader.js!./node_modules/postcss-loader/src??ref--8-oneOf-1-2!./node_modules/sass-loader/dist/cjs.js??ref--8-oneOf-1-3!./node_modules/cache-loader/dist/cjs.js??ref--0-0!./node_modules/vue-loader/lib??vue-loader-options!./src/components/common/section-title/IsSectionTitle.vue?vue&type=style&index=0&id=436d790a&lang=scss&scoped=true&
   - couldn't fulfill desired order of chunk group(s) failures-screen, scheduled-works-screen, purchases-screen, sales-screen, sales-quotes, works-screen, screen-direct-app, , , , , , 
   - while fulfilling desired order of chunk group(s) assets-screen, 

 warning  

chunk chunk-3abb3d5c [mini-css-extract-plugin]
Conflicting order. Following module has been added:
 * css ./node_modules/css-loader/dist/cjs.js??ref--8-oneOf-1-1!./node_modules/vue-loader/lib/loaders/stylePostLoader.js!./node_modules/postcss-loader/src??ref--8-oneOf-1-2!./node_modules/sass-loader/dist/cjs.js??ref--8-oneOf-1-3!./node_modules/cache-loader/dist/cjs.js??ref--0-0!./node_modules/vue-loader/lib??vue-loader-options!./src/components/common/history-item/IsHistoryItemHeader.vue?vue&type=style&index=0&lang=scss&
despite it was not able to fulfill desired ordering with these modules:
 * css ./node_modules/css-loader/dist/cjs.js??ref--8-oneOf-1-1!./node_modules/vue-loader/lib/loaders/stylePostLoader.js!./node_modules/postcss-loader/src??ref--8-oneOf-1-2!./node_modules/sass-loader/dist/cjs.js??ref--8-oneOf-1-3!./node_modules/cache-loader/dist/cjs.js??ref--0-0!./node_modules/vue-loader/lib??vue-loader-options!./src/components/chip/operator/ChipOperator.vue?vue&type=style&index=0&id=6fb0e1b8&lang=scss&scoped=true&
   - couldn't fulfill desired order of chunk group(s) failures-screen, scheduled-works-screen, purchases-screen, sales-screen, sales-quotes, works-screen, screen-direct-app, , , , , , 
   - while fulfilling desired order of chunk group(s) assets-screen, 
 * css ./node_modules/css-loader/dist/cjs.js??ref--8-oneOf-1-1!./node_modules/vue-loader/lib/loaders/stylePostLoader.js!./node_modules/postcss-loader/src??ref--8-oneOf-1-2!./node_modules/sass-loader/dist/cjs.js??ref--8-oneOf-1-3!./node_modules/cache-loader/dist/cjs.js??ref--0-0!./node_modules/vue-loader/lib??vue-loader-options!./src/components/common/navigation-panel/IsNavigationPanel.vue?vue&type=style&index=0&lang=scss&
   - couldn't fulfill desired order of chunk group(s) failures-screen, scheduled-works-screen, purchases-screen, sales-screen, sales-quotes, works-screen, screen-direct-app, , , , , , 
   - while fulfilling desired order of chunk group(s) assets-screen, 
 * css ./node_modules/css-loader/dist/cjs.js??ref--8-oneOf-1-1!./node_modules/vue-loader/lib/loaders/stylePostLoader.js!./node_modules/postcss-loader/src??ref--8-oneOf-1-2!./node_modules/sass-loader/dist/cjs.js??ref--8-oneOf-1-3!./node_modules/cache-loader/dist/cjs.js??ref--0-0!./node_modules/vue-loader/lib??vue-loader-options!./src/components/common/section-title/IsSectionTitle.vue?vue&type=style&index=0&id=436d790a&lang=scss&scoped=true&
   - couldn't fulfill desired order of chunk group(s) failures-screen, scheduled-works-screen, purchases-screen, sales-screen, sales-quotes, works-screen, screen-direct-app, , , , , , 
   - while fulfilling desired order of chunk group(s) assets-screen, 

 warning  

chunk chunk-3abb3d5c [mini-css-extract-plugin]
Conflicting order. Following module has been added:
 * css ./node_modules/css-loader/dist/cjs.js??ref--8-oneOf-1-1!./node_modules/vue-loader/lib/loaders/stylePostLoader.js!./node_modules/postcss-loader/src??ref--8-oneOf-1-2!./node_modules/sass-loader/dist/cjs.js??ref--8-oneOf-1-3!./node_modules/cache-loader/dist/cjs.js??ref--0-0!./node_modules/vue-loader/lib??vue-loader-options!./src/components/common/section-title/IsSectionTitle.vue?vue&type=style&index=0&id=436d790a&lang=scss&scoped=true&
despite it was not able to fulfill desired ordering with these modules:
 * css ./node_modules/css-loader/dist/cjs.js??ref--8-oneOf-1-1!./node_modules/vue-loader/lib/loaders/stylePostLoader.js!./node_modules/postcss-loader/src??ref--8-oneOf-1-2!./node_modules/sass-loader/dist/cjs.js??ref--8-oneOf-1-3!./node_modules/cache-loader/dist/cjs.js??ref--0-0!./node_modules/vue-loader/lib??vue-loader-options!./src/components/chip/operator/ChipOperator.vue?vue&type=style&index=0&id=6fb0e1b8&lang=scss&scoped=true&
   - couldn't fulfill desired order of chunk group(s) assets-screen, scheduled-works-screen, works-screen, 
   - while fulfilling desired order of chunk group(s) failures-screen, purchases-screen, sales-screen, sales-quotes, screen-direct-app, , , , , , 
 * css ./node_modules/css-loader/dist/cjs.js??ref--8-oneOf-1-1!./node_modules/vue-loader/lib/loaders/stylePostLoader.js!./node_modules/postcss-loader/src??ref--8-oneOf-1-2!./node_modules/sass-loader/dist/cjs.js??ref--8-oneOf-1-3!./node_modules/cache-loader/dist/cjs.js??ref--0-0!./node_modules/vue-loader/lib??vue-loader-options!./src/components/common/history-item/IsHistoryItem.vue?vue&type=style&index=0&lang=scss&
   - couldn't fulfill desired order of chunk group(s) assets-screen, 
   - while fulfilling desired order of chunk group(s) failures-screen, scheduled-works-screen, purchases-screen, sales-screen, sales-quotes, works-screen, screen-direct-app, , , , , , 

 warning  

chunk chunk-3abb3d5c [mini-css-extract-plugin]
Conflicting order. Following module has been added:
 * css ./node_modules/css-loader/dist/cjs.js??ref--8-oneOf-1-1!./node_modules/vue-loader/lib/loaders/stylePostLoader.js!./node_modules/postcss-loader/src??ref--8-oneOf-1-2!./node_modules/sass-loader/dist/cjs.js??ref--8-oneOf-1-3!./node_modules/cache-loader/dist/cjs.js??ref--0-0!./node_modules/vue-loader/lib??vue-loader-options!./src/components/common/history-item/IsHistoryItem.vue?vue&type=style&index=0&lang=scss&
despite it was not able to fulfill desired ordering with these modules:
 * css ./node_modules/css-loader/dist/cjs.js??ref--8-oneOf-1-1!./node_modules/vue-loader/lib/loaders/stylePostLoader.js!./node_modules/postcss-loader/src??ref--8-oneOf-1-2!./node_modules/sass-loader/dist/cjs.js??ref--8-oneOf-1-3!./node_modules/cache-loader/dist/cjs.js??ref--0-0!./node_modules/vue-loader/lib??vue-loader-options!./src/components/chip/operator/ChipOperator.vue?vue&type=style&index=0&id=6fb0e1b8&lang=scss&scoped=true&
   - couldn't fulfill desired order of chunk group(s) failures-screen, scheduled-works-screen, purchases-screen, sales-screen, sales-quotes, works-screen, screen-direct-app, , , , , , 
   - while fulfilling desired order of chunk group(s) assets-screen, 
 * css ./node_modules/css-loader/dist/cjs.js??ref--8-oneOf-1-1!./node_modules/vue-loader/lib/loaders/stylePostLoader.js!./node_modules/postcss-loader/src??ref--8-oneOf-1-2!./node_modules/sass-loader/dist/cjs.js??ref--8-oneOf-1-3!./node_modules/cache-loader/dist/cjs.js??ref--0-0!./node_modules/vue-loader/lib??vue-loader-options!./src/components/common/navigation-panel/IsNavigationPanel.vue?vue&type=style&index=0&lang=scss&
   - couldn't fulfill desired order of chunk group(s) failures-screen, scheduled-works-screen, purchases-screen, sales-screen, sales-quotes, works-screen, screen-direct-app, , , , , , 
   - while fulfilling desired order of chunk group(s) assets-screen, 

 warning  

chunk chunk-3abb3d5c [mini-css-extract-plugin]
Conflicting order. Following module has been added:
 * css ./node_modules/css-loader/dist/cjs.js??ref--8-oneOf-1-1!./node_modules/vue-loader/lib/loaders/stylePostLoader.js!./node_modules/postcss-loader/src??ref--8-oneOf-1-2!./node_modules/sass-loader/dist/cjs.js??ref--8-oneOf-1-3!./node_modules/cache-loader/dist/cjs.js??ref--0-0!./node_modules/vue-loader/lib??vue-loader-options!./src/components/chip/operator/ChipOperator.vue?vue&type=style&index=0&id=6fb0e1b8&lang=scss&scoped=true&
despite it was not able to fulfill desired ordering with these modules:
 * css ./node_modules/css-loader/dist/cjs.js??ref--8-oneOf-1-1!./node_modules/vue-loader/lib/loaders/stylePostLoader.js!./node_modules/postcss-loader/src??ref--8-oneOf-1-2!./node_modules/sass-loader/dist/cjs.js??ref--8-oneOf-1-3!./node_modules/cache-loader/dist/cjs.js??ref--0-0!./node_modules/vue-loader/lib??vue-loader-options!./src/components/common/navigation-panel/IsNavigationPanel.vue?vue&type=style&index=0&lang=scss&
   - couldn't fulfill desired order of chunk group(s) failures-screen, purchases-screen, sales-screen, sales-quotes, screen-direct-app, , , , , , 
   - while fulfilling desired order of chunk group(s) assets-screen, scheduled-works-screen, works-screen, 

 warning  

chunk chunk-6ac3dadd [mini-css-extract-plugin]
Conflicting order. Following module has been added:
 * css ./node_modules/css-loader/dist/cjs.js??ref--8-oneOf-1-1!./node_modules/vue-loader/lib/loaders/stylePostLoader.js!./node_modules/postcss-loader/src??ref--8-oneOf-1-2!./node_modules/sass-loader/dist/cjs.js??ref--8-oneOf-1-3!./node_modules/cache-loader/dist/cjs.js??ref--0-0!./node_modules/vue-loader/lib??vue-loader-options!./src/components/summary/operator/SummaryOperator.vue?vue&type=style&index=0&id=51377b1a&lang=scss&scoped=true&
despite it was not able to fulfill desired ordering with these modules:
 * css ./node_modules/css-loader/dist/cjs.js??ref--8-oneOf-1-1!./node_modules/vue-loader/lib/loaders/stylePostLoader.js!./node_modules/postcss-loader/src??ref--8-oneOf-1-2!./node_modules/sass-loader/dist/cjs.js??ref--8-oneOf-1-3!./node_modules/cache-loader/dist/cjs.js??ref--0-0!./node_modules/vue-loader/lib??vue-loader-options!./src/components/common/time-picker/IsTimePicker.vue?vue&type=style&index=0&id=84536cda&lang=scss&scoped=true&
   - couldn't fulfill desired order of chunk group(s) , 
   - while fulfilling desired order of chunk group(s) planner-screen

 warning  

chunk chunk-6ac3dadd [mini-css-extract-plugin]
Conflicting order. Following module has been added:
 * css ./node_modules/css-loader/dist/cjs.js??ref--8-oneOf-1-1!./node_modules/vue-loader/lib/loaders/stylePostLoader.js!./node_modules/postcss-loader/src??ref--8-oneOf-1-2!./node_modules/sass-loader/dist/cjs.js??ref--8-oneOf-1-3!./node_modules/cache-loader/dist/cjs.js??ref--0-0!./node_modules/vue-loader/lib??vue-loader-options!./src/components/chip/operator/ChipOperator.vue?vue&type=style&index=0&id=6fb0e1b8&lang=scss&scoped=true&
despite it was not able to fulfill desired ordering with these modules:
 * css ./node_modules/css-loader/dist/cjs.js??ref--8-oneOf-1-1!./node_modules/vue-loader/lib/loaders/stylePostLoader.js!./node_modules/postcss-loader/src??ref--8-oneOf-1-2!./node_modules/sass-loader/dist/cjs.js??ref--8-oneOf-1-3!./node_modules/cache-loader/dist/cjs.js??ref--0-0!./node_modules/vue-loader/lib??vue-loader-options!./src/components/common/time-picker/IsTimePicker.vue?vue&type=style&index=0&id=84536cda&lang=scss&scoped=true&
   - couldn't fulfill desired order of chunk group(s) , 
   - while fulfilling desired order of chunk group(s) planner-screen

 warning  

chunk chunk-d634c212 [mini-css-extract-plugin]
Conflicting order. Following module has been added:
 * css ./node_modules/css-loader/dist/cjs.js??ref--8-oneOf-1-1!./node_modules/vue-loader/lib/loaders/stylePostLoader.js!./node_modules/postcss-loader/src??ref--8-oneOf-1-2!./node_modules/sass-loader/dist/cjs.js??ref--8-oneOf-1-3!./node_modules/cache-loader/dist/cjs.js??ref--0-0!./node_modules/vue-loader/lib??vue-loader-options!./src/components/tag/file/TagFile.vue?vue&type=style&index=0&id=0f740e49&lang=scss&scoped=true&
despite it was not able to fulfill desired ordering with these modules:
 * css ./node_modules/css-loader/dist/cjs.js??ref--8-oneOf-1-1!./node_modules/vue-loader/lib/loaders/stylePostLoader.js!./node_modules/postcss-loader/src??ref--8-oneOf-1-2!./node_modules/sass-loader/dist/cjs.js??ref--8-oneOf-1-3!./node_modules/cache-loader/dist/cjs.js??ref--0-0!./node_modules/vue-loader/lib??vue-loader-options!./src/components/common/card-collapse/IsCardCollapse.vue?vue&type=style&index=0&lang=scss&
   - couldn't fulfill desired order of chunk group(s) assets-screen, , 
   - while fulfilling desired order of chunk group(s) failures-screen, scheduled-works-screen, purchases-screen, sales-screen, sales-quotes, works-screen, screen-direct-app, , , , , , 
 * css ./node_modules/css-loader/dist/cjs.js??ref--8-oneOf-1-1!./node_modules/vue-loader/lib/loaders/stylePostLoader.js!./node_modules/postcss-loader/src??ref--8-oneOf-1-2!./node_modules/sass-loader/dist/cjs.js??ref--8-oneOf-1-3!./node_modules/cache-loader/dist/cjs.js??ref--0-0!./node_modules/vue-loader/lib??vue-loader-options!./src/components/common/field/IsField.vue?vue&type=style&index=0&lang=scss&
   - couldn't fulfill desired order of chunk group(s) failures-screen, purchases-screen, sales-screen, sales-quotes, works-screen, screen-direct-app, , , , , , 
   - while fulfilling desired order of chunk group(s) assets-screen, scheduled-works-screen, , 

 warning  

chunk chunk-d634c212 [mini-css-extract-plugin]
Conflicting order. Following module has been added:
 * css ./node_modules/css-loader/dist/cjs.js??ref--8-oneOf-1-1!./node_modules/vue-loader/lib/loaders/stylePostLoader.js!./node_modules/postcss-loader/src??ref--8-oneOf-1-2!./node_modules/sass-loader/dist/cjs.js??ref--8-oneOf-1-3!./node_modules/cache-loader/dist/cjs.js??ref--0-0!./node_modules/vue-loader/lib??vue-loader-options!./src/components/common/card-collapse/IsCardCollapse.vue?vue&type=style&index=0&lang=scss&
despite it was not able to fulfill desired ordering with these modules:
 * css ./node_modules/css-loader/dist/cjs.js??ref--8-oneOf-1-1!./node_modules/vue-loader/lib/loaders/stylePostLoader.js!./node_modules/postcss-loader/src??ref--8-oneOf-1-2!./node_modules/sass-loader/dist/cjs.js??ref--8-oneOf-1-3!./node_modules/cache-loader/dist/cjs.js??ref--0-0!./node_modules/vue-loader/lib??vue-loader-options!./src/components/card/file/CardFile.vue?vue&type=style&index=0&lang=scss&
   - couldn't fulfill desired order of chunk group(s) failures-screen, scheduled-works-screen, purchases-screen, sales-screen, sales-quotes, works-screen, screen-direct-app, , , , , , 
   - while fulfilling desired order of chunk group(s) assets-screen, , 
 * css ./node_modules/css-loader/dist/cjs.js??ref--8-oneOf-1-1!./node_modules/vue-loader/lib/loaders/stylePostLoader.js!./node_modules/postcss-loader/src??ref--8-oneOf-1-2!./node_modules/sass-loader/dist/cjs.js??ref--8-oneOf-1-3!./node_modules/cache-loader/dist/cjs.js??ref--0-0!./node_modules/vue-loader/lib??vue-loader-options!./src/components/common/field/IsField.vue?vue&type=style&index=0&lang=scss&
   - couldn't fulfill desired order of chunk group(s) failures-screen, purchases-screen, sales-screen, sales-quotes, works-screen, screen-direct-app, , , , , , 
   - while fulfilling desired order of chunk group(s) assets-screen, scheduled-works-screen, , 

 warning  

chunk chunk-d634c212 [mini-css-extract-plugin]
Conflicting order. Following module has been added:
 * css ./node_modules/css-loader/dist/cjs.js??ref--8-oneOf-1-1!./node_modules/vue-loader/lib/loaders/stylePostLoader.js!./node_modules/postcss-loader/src??ref--8-oneOf-1-2!./node_modules/sass-loader/dist/cjs.js??ref--8-oneOf-1-3!./node_modules/cache-loader/dist/cjs.js??ref--0-0!./node_modules/vue-loader/lib??vue-loader-options!./src/components/card/file/CardFile.vue?vue&type=style&index=0&lang=scss&
despite it was not able to fulfill desired ordering with these modules:
 * css ./node_modules/css-loader/dist/cjs.js??ref--8-oneOf-1-1!./node_modules/vue-loader/lib/loaders/stylePostLoader.js!./node_modules/postcss-loader/src??ref--8-oneOf-1-2!./node_modules/sass-loader/dist/cjs.js??ref--8-oneOf-1-3!./node_modules/cache-loader/dist/cjs.js??ref--0-0!./node_modules/vue-loader/lib??vue-loader-options!./src/components/common/field/IsField.vue?vue&type=style&index=0&lang=scss&
   - couldn't fulfill desired order of chunk group(s) failures-screen, purchases-screen, sales-screen, sales-quotes, works-screen, screen-direct-app, , , , , , 
   - while fulfilling desired order of chunk group(s) assets-screen, scheduled-works-screen, , 

 warning  

asset size limit: The following asset(s) exceed the recommended size limit (244 KiB).
This can impact web performance.
Assets: 
  fonts/fa-light-300.1980e028.eot (484 KiB)
  fonts/fa-light-300.f056755c.woff (247 KiB)
  fonts/fa-light-300.5bdaa858.ttf (483 KiB)
  fonts/fa-solid-900.eb397dfa.eot (379 KiB)
  fonts/fa-solid-900.ba008862.ttf (378 KiB)
  img/fa-solid-900.bb8ecec4.svg (1.7 MiB)
  img/fa-light-300.4433b4f4.svg (2.31 MiB)
  css/app.f6117694.css (375 KiB)
  js/app.09b941fc.js (432 KiB)
  js/assets-screen.355f187c.js (1.25 MiB)
  js/chunk-248df29a.d572ceb0.js (1.14 MiB)
  js/chunk-7ffc7b7f.e771c2c2.js (372 KiB)
  js/chunk-9a5716ca.c50fa3f4.js (248 KiB)
  js/chunk-b5ab066e.593c908c.js (929 KiB)
  js/chunk-vendors.221dda7a.js (1.87 MiB)
  js/dashboard-screen.4f559a49.js (1.28 MiB)
  js/failures-screen.a0fcd621.js (333 KiB)
  js/purchases-screen.e59d5f29.js (264 KiB)
  js/sales-quotes.f97395e4.js (340 KiB)
  js/sales-screen.ba393c9e.js (353 KiB)
  js/scheduled-works-screen.04a8eb2d.js (553 KiB)
  js/screen-direct-app.5c4ab86b.js (436 KiB)
  js/utilities-screen.ae23d1db.js (926 KiB)
  js/works-screen.3aa9fd92.js (333 KiB)

 warning  

entrypoint size limit: The following entrypoint(s) combined asset size exceeds the recommended limit (244 KiB). This can impact web performance.
Entrypoints:
  app (2.66 MiB)
      css/chunk-vendors.b7d36435.css
      js/chunk-vendors.221dda7a.js
      css/app.f6117694.css
      js/app.09b941fc.js


  File                                      Size             Gzipped

  dist/js/chunk-vendors.221dda7a.js         1911.14 KiB      530.21 KiB
  dist/js/dashboard-screen.4f559a49.js      1311.51 KiB      424.17 KiB
  dist/js/assets-screen.355f187c.js         1281.28 KiB      408.23 KiB
  dist/js/chunk-248df29a.d572ceb0.js        1166.18 KiB      379.21 KiB
  dist/js/chunk-b5ab066e.593c908c.js        928.60 KiB       416.13 KiB
  dist/js/utilities-screen.ae23d1db.js      925.52 KiB       312.59 KiB
  dist/js/scheduled-works-screen.04a8eb2    553.06 KiB       107.77 KiB
  d.js
  dist/js/screen-direct-app.5c4ab86b.js     436.04 KiB       83.54 KiB
  dist/js/app.09b941fc.js                   431.63 KiB       85.91 KiB
  dist/js/chunk-7ffc7b7f.e771c2c2.js        371.83 KiB       68.43 KiB
  dist/js/sales-screen.ba393c9e.js          353.24 KiB       72.15 KiB
  dist/js/sales-quotes.f97395e4.js          339.64 KiB       65.71 KiB
  dist/js/works-screen.3aa9fd92.js          333.04 KiB       68.28 KiB
  dist/js/failures-screen.a0fcd621.js       332.51 KiB       66.16 KiB
  dist/js/purchases-screen.e59d5f29.js      263.79 KiB       53.98 KiB
  dist/js/chunk-9a5716ca.c50fa3f4.js        247.86 KiB       47.29 KiB
  dist/js/chunk-98f40e20.386ed355.js        228.11 KiB       40.81 KiB
  dist/js/chunk-0f93b02a.1a6dc2e8.js        224.30 KiB       41.48 KiB
  dist/js/chunk-5caf894c.23c8100f.js        203.42 KiB       39.39 KiB
  dist/js/chunk-2e93f624.43802971.js        180.89 KiB       34.85 KiB
  dist/js/home-screen.1b48ab74.js           172.56 KiB       31.03 KiB
  dist/js/chunk-1787d58e.c468bc1f.js        171.30 KiB       32.26 KiB
  dist/js/planner-screen.3c465777.js        158.87 KiB       31.63 KiB
  dist/js/chunk-2b94f36c.b941b878.js        124.75 KiB       35.70 KiB
  dist/js/chunk-66311c2d.9f72c23a.js        76.30 KiB        14.18 KiB
  dist/js/client-prices-old-cms-screen.d    68.18 KiB        17.04 KiB
  8d64421.js
  dist/js/chunk-2171c35c.d692cbde.js        66.94 KiB        13.48 KiB
  dist/js/chunk-04583e96.c42f7b00.js        57.47 KiB        12.71 KiB
  dist/js/utility-types-management-scree    49.34 KiB        9.76 KiB
  n.3d80d1b8.js
  dist/js/iot-management-screen.543982a0    48.01 KiB        12.08 KiB
  .js
  dist/js/webhooks-management-screen.35e    46.37 KiB        10.55 KiB
  45337.js
  dist/js/home-screen~planner-screen.a7b    45.12 KiB        9.89 KiB
  9150f.js
  dist/js/personal-access-tokens-managem    44.32 KiB        9.69 KiB
  ent-screen.6d7be49f.js
  dist/js/webhook-logs-management-screen    43.65 KiB        9.91 KiB
  .504a54b6.js
  dist/js/chunk-dd9232fc.e9d3cf27.js        42.63 KiB        9.35 KiB
  dist/js/chunk-71dd47ac.61b14479.js        42.42 KiB        9.34 KiB
  dist/js/settings-screen.d111c42a.js       41.31 KiB        9.67 KiB
  dist/js/analytics-screen.64723346.js      39.68 KiB        9.74 KiB
  dist/js/cost-center-management-screen.    38.55 KiB        8.38 KiB
  ebe3a778.js
  dist/js/chunk-456ec523.841bf2ff.js        37.56 KiB        8.70 KiB
  dist/js/chunk-24819957.3b5b50dd.js        35.93 KiB        10.93 KiB
  dist/js/other-cost-management-screen.7    35.14 KiB        7.87 KiB
  769fbd3.js
  dist/js/chunk-6f682a76.ffa66baa.js        35.12 KiB        8.17 KiB
  dist/js/chunk-3abb3d5c.124e98a3.js        34.23 KiB        9.69 KiB
  dist/js/chunk-69dec1bd.d8097aa9.js        34.22 KiB        8.36 KiB
  dist/js/gatekeeper-screen.2d0432c7.js     34.15 KiB        7.59 KiB
  dist/js/chunk-f701cf02.40b358cc.js        33.43 KiB        8.28 KiB
  dist/new-relic/new-relic-production.js    33.27 KiB        10.17 KiB
  dist/js/chunk-c3fab488.b2fe001c.js        32.12 KiB        7.80 KiB
  dist/js/chunk-29d327c6.5712372d.js        31.70 KiB        7.50 KiB
  dist/js/welcome-screen.63790dea.js        31.22 KiB        6.78 KiB
  dist/js/chunk-96593c88.21762be0.js        31.13 KiB        7.75 KiB
  dist/js/chunk-0740d18e.15e6e5df.js        30.73 KiB        7.36 KiB
  dist/precache-manifest.5192def0dd57724    30.62 KiB        7.50 KiB
  3755be00776242bce.js
  dist/js/chunk-51a99e1c.2d15a31c.js        30.45 KiB        9.36 KiB
  dist/js/chunk-12f84066.6c1506bc.js        30.10 KiB        9.22 KiB
  dist/js/chunk-bb8bb71c.a67704e9.js        29.82 KiB        7.36 KiB
  dist/js/chunk-5d43b0ee.0201ae93.js        27.69 KiB        6.83 KiB
  dist/js/chunk-7c9229cd.046b0e6a.js        26.85 KiB        5.93 KiB
  dist/js/chunk-bd6c36a6.79fc7ac3.js        26.59 KiB        6.50 KiB
  dist/js/chunk-edd6f50e.5b7ed14c.js        26.45 KiB        6.76 KiB
  dist/js/chunk-6e79fb70.b2a8f2e7.js        26.26 KiB        6.44 KiB
  dist/js/integrations-management-screen    25.72 KiB        7.45 KiB
  .9caedc68.js
  dist/js/chunk-ad7aaefc.1f87b0f7.js        25.63 KiB        8.21 KiB
  dist/js/old-cms-screen.3ba8cc97.js        24.99 KiB        6.45 KiB
  dist/js/chunk-79831f1f.b6474cde.js        24.90 KiB        7.85 KiB
  dist/js/chunk-46a43f9d.b87a7e5c.js        24.73 KiB        6.40 KiB
  dist/js/chunk-63ec3a1d.3da57db6.js        24.70 KiB        6.52 KiB
  dist/js/chunk-26183dd5.ab909082.js        23.96 KiB        5.04 KiB
  dist/js/chunk-d447b52a.6dfd45b5.js        23.95 KiB        5.24 KiB
  dist/js/chunk-8f15fc56.513db8bb.js        23.62 KiB        7.82 KiB
  dist/js/chunk-79f7fb9b.f4f33935.js        23.49 KiB        5.17 KiB
  dist/js/chunk-0f3fcfff.420680da.js        23.12 KiB        5.78 KiB
  dist/js/cost-center-management-screen~    21.67 KiB        7.34 KiB
  gatekeeper-screen~other-cost-managemen
  t-screen~personal-access-tokens-~6d41d
  455.4e1bf065.js
  dist/js/chunk-3683d3dc.e14f611b.js        21.07 KiB        5.34 KiB
  dist/js/chunk-0b963646.3e7ab7ca.js        20.97 KiB        5.46 KiB
  dist/js/chunk-50ba1901.6b5d6497.js        20.55 KiB        5.45 KiB
  dist/js/dashboard-screen~home-screen~p    20.21 KiB        6.54 KiB
  lanner-screen.df9e0251.js
  dist/js/chunk-514f34b5.58092d14.js        19.89 KiB        4.74 KiB
  dist/js/chunk-3f264440.003b728e.js        19.06 KiB        6.88 KiB
  dist/js/chunk-2f39d752.469a4846.js        18.93 KiB        5.22 KiB
  dist/js/welcome-whats-new.a8f481bf.js     18.29 KiB        5.83 KiB
  dist/js/chunk-42b58206.a9d98c25.js        18.21 KiB        4.45 KiB
  dist/js/chunk-2c474fae.dd43bbd9.js        17.88 KiB        6.62 KiB
  dist/js/chunk-d486d454.bb1f4f28.js        17.73 KiB        4.83 KiB
  dist/js/chunk-9e9c9b90.5c5cdf13.js        17.06 KiB        6.44 KiB
  dist/js/chunk-d634c212.41edef35.js        16.77 KiB        4.10 KiB
  dist/js/chunk-00679d99.18db1f79.js        16.00 KiB        3.05 KiB
  dist/js/chunk-3b274010.e3ac61e5.js        15.58 KiB        3.82 KiB
  dist/js/chunk-323a1331.754a9c5b.js        15.13 KiB        4.31 KiB
  dist/js/chunk-351f8eab.3aca1b39.js        14.33 KiB        3.13 KiB
  dist/js/hub-apps~hub-screen.c2bc301d.j    13.32 KiB        3.64 KiB
  s
  dist/js/chunk-5db3340d.3b6d5683.js        12.54 KiB        5.16 KiB
  dist/js/chunk-60cc3e74.9b49049b.js        12.13 KiB        2.80 KiB
  dist/js/chunk-6ac3dadd.bb294180.js        12.10 KiB        2.89 KiB
  dist/js/chunk-5439ff79.238feda1.js        12.07 KiB        3.28 KiB
  dist/js/chunk-36e50286.42883227.js        11.88 KiB        3.12 KiB
  dist/js/chunk-64aebc23.841c23e8.js        11.70 KiB        3.30 KiB
  dist/js/hub-screen.b6eb32f0.js            10.51 KiB        2.87 KiB
  dist/js/account-blocked.04afa891.js       10.18 KiB        3.74 KiB
  dist/js/hub-apps.b34fd3c8.js              10.16 KiB        2.79 KiB
  dist/js/login-screen.30d9fa9f.js          9.85 KiB         3.89 KiB
  dist/js/chunk-053c745c.9fa69890.js        8.63 KiB         2.65 KiB
  dist/js/chunk-76a05bde.41828865.js        8.08 KiB         2.33 KiB
  dist/js/chunk-a4692d46.45ba6d7a.js        8.06 KiB         2.72 KiB
  dist/js/chunk-5b653a01.b62fb755.js        7.74 KiB         2.67 KiB
  dist/js/chunk-f2b884e2.8c885770.js        7.63 KiB         2.38 KiB
  dist/js/chunk-27ecb80c.0cb58549.js        7.09 KiB         2.21 KiB
  dist/js/chunk-7c25761a.e5b8282b.js        6.91 KiB         2.33 KiB
  dist/js/chunk-751bd99d.df6da13d.js        5.98 KiB         1.67 KiB
  dist/js/chunk-61bb3ffe.0d958ea7.js        5.71 KiB         1.86 KiB
  dist/js/chunk-76c155c2.c007f6a0.js        4.36 KiB         1.28 KiB
  dist/js/chunk-6170a64c.7afdf435.js        4.02 KiB         1.48 KiB
  dist/js/chunk-2d0d8057.3c3ed904.js        3.48 KiB         1.19 KiB
  dist/js/page-not-found-screen.21789fc0    3.40 KiB         1.52 KiB
  .js
  dist/basic.js                             3.36 KiB         1.05 KiB
  dist/js/chunk-2d212ff2.6629aa81.js        3.00 KiB         1.13 KiB
  dist/js/chunk-2d2261a8.da626f13.js        2.97 KiB         1.21 KiB
  dist/js/chunk-2d0b1be8.d9984fd0.js        2.94 KiB         1.13 KiB
  dist/js/chunk-2d0e91af.ad0f37a9.js        2.64 KiB         1.14 KiB
  dist/js/chunk-2d0e1dae.cdc5bfc6.js        2.62 KiB         1.18 KiB
  dist/js/chunk-2d0e4a7c.6b07ec80.js        2.60 KiB         1.15 KiB
  dist/js/chunk-2d0ce796.5f2a3efe.js        2.52 KiB         1.16 KiB
  dist/js/chunk-2d0db486.34bed1c2.js        2.50 KiB         1.15 KiB
  dist/js/chunk-2d21b27e.07be6566.js        2.49 KiB         1.09 KiB
  dist/js/chunk-421f3692.1c42f578.js        2.48 KiB         0.93 KiB
  dist/js/chunk-2d229616.f7ca2457.js        2.47 KiB         1.13 KiB
  dist/js/chunk-2d228e49.d768461f.js        2.41 KiB         1.07 KiB
  dist/js/chunk-2d22d238.2e039c12.js        2.40 KiB         1.11 KiB
  dist/js/chunk-2d0b2213.6a128350.js        2.38 KiB         1.03 KiB
  dist/js/chunk-7f881f28.e01b3463.js        2.36 KiB         0.99 KiB
  dist/js/chunk-2d0da6ab.74241921.js        2.19 KiB         1.05 KiB
  dist/js/chunk-2d0d622d.38de996c.js        2.13 KiB         0.97 KiB
  dist/js/chunk-2d0cba55.e7d6e534.js        2.07 KiB         1.00 KiB
  dist/js/chunk-f50c655a.c7294685.js        2.00 KiB         0.87 KiB
  dist/js/chunk-2d0f0dec.d782f997.js        1.98 KiB         0.97 KiB
  dist/js/chunk-2d216de6.77705d1b.js        1.96 KiB         1.02 KiB
  dist/js/chunk-2d2132bb.b65fbc8c.js        1.96 KiB         0.94 KiB
  dist/js/chunk-2d0b2ee7.2a81427c.js        1.94 KiB         1.01 KiB
  dist/js/chunk-2d0cf17f.e3785b20.js        1.94 KiB         0.99 KiB
  dist/js/chunk-2d0bdb3c.439f6ea8.js        1.93 KiB         0.98 KiB
  dist/js/chunk-2d237f33.2a8c2cae.js        1.93 KiB         1.00 KiB
  dist/js/chunk-2d0e26c3.1dbaca88.js        1.93 KiB         0.97 KiB
  dist/js/chunk-2d2259d8.83888308.js        1.92 KiB         0.94 KiB
  dist/js/chunk-2d0d70e6.c3640bf9.js        1.91 KiB         0.98 KiB
  dist/js/chunk-2d0ea0ba.3e43d6b9.js        1.90 KiB         0.98 KiB
  dist/js/chunk-2d0d6a95.3d883ea9.js        1.90 KiB         0.93 KiB
  dist/js/chunk-2d0cca32.2bac9c9b.js        1.90 KiB         0.91 KiB
  dist/js/chunk-2d0d03e8.594e85b0.js        1.90 KiB         0.92 KiB
  dist/js/chunk-2d0d70c6.67724bf1.js        1.90 KiB         0.96 KiB
  dist/js/chunk-2d0c575a.9770dc11.js        1.90 KiB         0.94 KiB
  dist/js/chunk-2d0e9ba2.c8755efe.js        1.89 KiB         0.94 KiB
  dist/js/chunk-2d0b9447.463d5376.js        1.88 KiB         0.92 KiB
  dist/js/chunk-2d0a45e0.4ae886a3.js        1.87 KiB         0.91 KiB
  dist/js/chunk-2d217af6.ab91f521.js        1.87 KiB         1.01 KiB
  dist/js/chunk-2d0b23c4.8daecc20.js        1.86 KiB         0.93 KiB
  dist/js/chunk-2d2107bd.2b521a96.js        1.86 KiB         0.92 KiB
  dist/js/chunk-2d22e165.96d5bfa2.js        1.86 KiB         0.91 KiB
  dist/js/chunk-2d20f204.6b3c5220.js        1.85 KiB         0.97 KiB
  dist/js/chunk-2d21a5d7.22ef6e49.js        1.85 KiB         0.92 KiB
  dist/js/chunk-2d0e57ff.3ecd9637.js        1.85 KiB         0.89 KiB
  dist/js/chunk-2d2288f4.b828a075.js        1.85 KiB         0.89 KiB
  dist/js/chunk-77215428.c7d3206c.js        1.84 KiB         0.95 KiB
  dist/js/chunk-2d0cbca7.f3384819.js        1.83 KiB         0.94 KiB
  dist/js/chunk-2d0d0f3c.81b63e6b.js        1.80 KiB         0.91 KiB
  dist/js/chunk-2d0d3ea6.e6f28ebc.js        1.79 KiB         0.93 KiB
  dist/js/chunk-2d0e5eb9.8665eff2.js        1.79 KiB         0.91 KiB
  dist/js/chunk-2d20e85d.6479021d.js        1.77 KiB         0.87 KiB
  dist/js/chunk-2d20f558.03553899.js        1.76 KiB         0.86 KiB
  dist/service-worker.js                    1.06 KiB         0.62 KiB
  dist/css/app.f6117694.css                 374.97 KiB       61.07 KiB
  dist/css/scheduled-works-screen.5b0c1d    66.94 KiB        10.09 KiB
  be.css
  dist/css/chunk-7ffc7b7f.9293cf68.css      56.36 KiB        8.36 KiB
  dist/css/assets-screen.eb63b568.css       45.21 KiB        7.44 KiB
  dist/css/screen-direct-app.a56ec375.cs    41.47 KiB        6.18 KiB
  s
  dist/css/dashboard-screen.7347f837.css    40.83 KiB        10.56 KiB
  dist/css/sales-screen.0bf88035.css        37.83 KiB        6.24 KiB
  dist/css/works-screen.c610d7a9.css        37.30 KiB        6.45 KiB
  dist/css/chunk-248df29a.5b89c119.css      35.92 KiB        6.03 KiB
  dist/css/chunk-9a5716ca.4ca34e09.css      31.76 KiB        5.27 KiB
  dist/css/failures-screen.956df0f5.css     31.58 KiB        5.62 KiB
  dist/css/purchases-screen.d5b0b2d8.css    31.12 KiB        4.89 KiB
  dist/css/chunk-2e93f624.37f70825.css      29.07 KiB        4.68 KiB
  dist/css/sales-quotes.13d1a82a.css        28.60 KiB        5.07 KiB
  dist/css/chunk-5caf894c.434706cb.css      28.36 KiB        5.01 KiB
  dist/css/home-screen.d20ece05.css         24.46 KiB        4.24 KiB
  dist/css/chunk-0f93b02a.1404973d.css      23.96 KiB        4.40 KiB
  dist/css/chunk-b5ab066e.b4d3550f.css      23.47 KiB        4.18 KiB
  dist/css/chunk-1787d58e.83d9efed.css      23.40 KiB        3.66 KiB
  dist/css/chunk-98f40e20.251af02f.css      22.41 KiB        4.04 KiB
  dist/css/planner-screen.94a6e995.css      22.03 KiB        4.01 KiB
  dist/css/utilities-screen.322a1634.css    16.95 KiB        2.94 KiB
  dist/css/chunk-3683d3dc.3d651d5f.css      15.36 KiB        2.66 KiB
  dist/css/welcome-screen.b1668bd2.css      14.80 KiB        1.75 KiB
  dist/css/chunk-0b963646.9b43a963.css      14.41 KiB        1.73 KiB
  dist/css/chunk-96593c88.5e199908.css      14.11 KiB        2.57 KiB
  dist/css/webhook-logs-management-scree    13.63 KiB        2.62 KiB
  n.bb24b7b3.css
  dist/css/webhooks-management-screen.4c    12.75 KiB        2.45 KiB
  5501ef.css
  dist/css/chunk-71dd47ac.78392b1d.css      12.72 KiB        2.36 KiB
  dist/css/chunk-3abb3d5c.d66bfc6d.css      12.65 KiB        2.22 KiB
  dist/css/chunk-2171c35c.4cac10ba.css      12.63 KiB        2.36 KiB
  dist/css/utility-types-management-scre    12.07 KiB        2.31 KiB
  en.e7e6b915.css
  dist/css/client-prices-old-cms-screen.    12.01 KiB        2.22 KiB
  ae503150.css
  dist/css/chunk-04583e96.4afdacd8.css      11.88 KiB        2.30 KiB
  dist/css/chunk-f701cf02.6eaea80a.css      11.59 KiB        2.21 KiB
  dist/css/chunk-69dec1bd.eaca2111.css      11.35 KiB        2.26 KiB
  dist/css/chunk-2b94f36c.42d28b51.css      11.19 KiB        2.20 KiB
  dist/css/iot-management-screen.551a30f    11.17 KiB        2.05 KiB
  5.css
  dist/css/chunk-66311c2d.4efc2644.css      10.92 KiB        1.92 KiB
  dist/css/chunk-6f682a76.5ec3fcd6.css      10.86 KiB        2.16 KiB
  dist/css/chunk-dd9232fc.dd375724.css      10.75 KiB        2.17 KiB
  dist/css/chunk-bb8bb71c.96674774.css      10.55 KiB        2.09 KiB
  dist/css/chunk-c3fab488.18bb778f.css      10.49 KiB        2.09 KiB
  dist/css/chunk-edd6f50e.5162c550.css      10.39 KiB        2.04 KiB
  dist/css/chunk-d634c212.3e64ff54.css      9.25 KiB         1.76 KiB
  dist/css/chunk-456ec523.f6f47439.css      8.32 KiB         1.76 KiB
  dist/basic.css                            8.28 KiB         1.63 KiB
  dist/css/hub-apps.a262c1fd.css            7.81 KiB         1.80 KiB
  dist/css/chunk-323a1331.3b210025.css      7.80 KiB         1.49 KiB
  dist/css/chunk-60cc3e74.131ae645.css      7.54 KiB         1.54 KiB
  dist/css/chunk-bd6c36a6.b87f8e74.css      7.54 KiB         1.67 KiB
  dist/css/settings-screen.0be02c85.css     7.18 KiB         1.50 KiB
  dist/css/chunk-351f8eab.050d3879.css      7.07 KiB         1.60 KiB
  dist/css/analytics-screen.833fb265.css    7.05 KiB         1.37 KiB
  dist/css/personal-access-tokens-manage    6.49 KiB         1.56 KiB
  ment-screen.05002bc7.css
  dist/css/chunk-3b274010.8c1a0add.css      6.47 KiB         1.38 KiB
  dist/css/welcome-whats-new.902b3dee.cs    5.94 KiB         1.53 KiB
  s
  dist/css/cost-center-management-screen    5.26 KiB         1.32 KiB
  .4c25d925.css
  dist/css/hub-screen.0910a7e2.css          5.20 KiB         1.35 KiB
  dist/css/gatekeeper-screen.2076c928.cs    4.98 KiB         1.25 KiB
  s
  dist/css/other-cost-management-screen.    4.98 KiB         1.25 KiB
  2076c928.css
  dist/css/chunk-29d327c6.83f2c96c.css      4.87 KiB         1.29 KiB
  dist/css/chunk-6e79fb70.01331cac.css      4.49 KiB         1.19 KiB
  dist/css/chunk-63ec3a1d.9e70a679.css      4.19 KiB         1.19 KiB
  dist/css/cost-center-management-screen    4.13 KiB         1.04 KiB
  ~gatekeeper-screen~other-cost-manageme
  nt-screen~personal-access-tokens-~6d41
  d455.a17662e9.css
  dist/css/chunk-42b58206.f8f6ba49.css      3.94 KiB         1.00 KiB
  dist/css/chunk-0740d18e.16100c1f.css      3.77 KiB         1.06 KiB
  dist/css/chunk-5d43b0ee.cc60a062.css      3.77 KiB         1.06 KiB
  dist/css/chunk-24819957.e7821156.css      3.70 KiB         1.02 KiB
  dist/css/chunk-50ba1901.d149da47.css      3.60 KiB         0.99 KiB
  dist/css/chunk-d486d454.d149da47.css      3.60 KiB         0.99 KiB
  dist/css/chunk-0f3fcfff.2677c49e.css      3.56 KiB         0.97 KiB
  dist/css/chunk-46a43f9d.2677c49e.css      3.56 KiB         0.97 KiB
  dist/css/page-not-found-screen.ba0016c    3.46 KiB         0.58 KiB
  4.css
  dist/css/chunk-vendors.b7d36435.css       3.37 KiB         0.66 KiB
  dist/css/login-screen.692cb65f.css        3.35 KiB         0.96 KiB
  dist/css/chunk-7c9229cd.5946d312.css      3.27 KiB         0.90 KiB
  dist/css/chunk-2f39d752.82eb1be9.css      3.26 KiB         0.90 KiB
  dist/css/chunk-6ac3dadd.be67eb1a.css      3.17 KiB         0.82 KiB
  dist/css/chunk-26183dd5.12820318.css      3.08 KiB         0.86 KiB
  dist/css/chunk-7c25761a.afc6d752.css      3.01 KiB         0.88 KiB
  dist/css/integrations-management-scree    2.99 KiB         0.78 KiB
  n.cda864ab.css
  dist/css/chunk-36e50286.513e9a44.css      2.78 KiB         0.81 KiB
  dist/css/chunk-12f84066.97d011b6.css      2.73 KiB         0.78 KiB
  dist/css/chunk-51a99e1c.97d011b6.css      2.73 KiB         0.78 KiB
  dist/css/chunk-79831f1f.97d011b6.css      2.73 KiB         0.78 KiB
  dist/css/chunk-8f15fc56.97d011b6.css      2.73 KiB         0.78 KiB
  dist/css/chunk-79f7fb9b.66a8ccf1.css      2.63 KiB         0.75 KiB
  dist/css/chunk-76a05bde.a75d3a54.css      2.59 KiB         0.73 KiB
  dist/css/chunk-ad7aaefc.a75d3a54.css      2.59 KiB         0.73 KiB
  dist/css/chunk-d447b52a.a75d3a54.css      2.59 KiB         0.73 KiB
  dist/css/chunk-61bb3ffe.a4f9bc31.css      2.44 KiB         0.79 KiB
  dist/css/chunk-751bd99d.cdc822cf.css      2.22 KiB         0.62 KiB
  dist/css/chunk-3f264440.88b2c577.css      1.96 KiB         0.58 KiB
  dist/css/chunk-76c155c2.402c21a8.css      1.82 KiB         0.52 KiB
  dist/css/dashboard-screen~home-screen~    1.67 KiB         0.57 KiB
  planner-screen.e93da536.css
  dist/css/chunk-2c474fae.dfda00ef.css      1.63 KiB         0.52 KiB
  dist/css/chunk-514f34b5.8da7986f.css      1.08 KiB         0.39 KiB
  dist/css/hub-apps~hub-screen.5c3ae5cf.    1.06 KiB         0.41 KiB
  css
  dist/css/chunk-64aebc23.23c9b06e.css      1.05 KiB         0.40 KiB
  dist/css/chunk-5439ff79.cfcddede.css      0.92 KiB         0.33 KiB
  dist/css/account-blocked.df783ce2.css     0.82 KiB         0.34 KiB
  dist/css/old-cms-screen.b5dc59b7.css      0.62 KiB         0.32 KiB
  dist/css/chunk-5db3340d.b12ac32e.css      0.43 KiB         0.20 KiB
  dist/css/chunk-f2b884e2.75149533.css      0.42 KiB         0.22 KiB
  dist/css/chunk-27ecb80c.eacf9950.css      0.42 KiB         0.22 KiB
  dist/css/chunk-a4692d46.eb6b6e0e.css      0.36 KiB         0.18 KiB
  dist/css/chunk-5b653a01.8fa64d17.css      0.34 KiB         0.17 KiB
  dist/css/chunk-421f3692.3aba1420.css      0.26 KiB         0.17 KiB
  dist/css/home-screen~planner-screen.cd    0.24 KiB         0.15 KiB
  e8b4c6.css
  dist/css/chunk-f50c655a.6ce1c6d5.css      0.23 KiB         0.15 KiB
  dist/css/chunk-7f881f28.2f279e35.css      0.05 KiB         0.07 KiB
  dist/css/chunk-6170a64c.c1803a16.css      0.05 KiB         0.07 KiB

  Images and other types of assets omitted.

 DONE  Build complete. The dist directory is ready to be deployed.
 INFO  Check out deployment instructions at https://cli.vuejs.org/guide/deployment.html
      
section_end:1616582837:step_script[0Ksection_start:1616582837:archive_cache[0K[0K[36;1mSaving cache for successful job[0;m
[0;m[32;1mCreating cache v0-97-5...[0;m
dist/: found 348 matching files and directories   [0;m 
node_modules/: found 106752 matching files and directories[0;m 
Uploading cache.zip to https://is-gitlab-runners-cache.s3.dualstack.eu-west-1.amazonaws.com/project/20143087/v0-97-5[0;m 
[32;1mCreated cache[0;m
section_end:1616582898:archive_cache[0Ksection_start:1616582898:cleanup_file_variables[0K[0K[36;1mCleaning up file based variables[0;m
[0;msection_end:1616582898:cleanup_file_variables[0K[32;1mJob succeeded
[0;m