[0KRunning with gitlab-runner 13.7.0 (943fc252)
[0;m[0K  on Web Core Client - Tests- docker+machine Gu_oFDiR
[0;msection_start:1621507990:resolve_secrets[0K[0K[36;1mResolving secrets[0;m
[0;msection_end:1621507990:resolve_secrets[0Ksection_start:1621507990:prepare_executor[0K[0K[36;1mPreparing the "docker+machine" executor[0;m
[0;m[0KUsing Docker executor with image node:12.16.1 ...
[0;m[0KPulling docker image node:12.16.1 ...
[0;m[0KUsing docker image sha256:88c089733a3b980b3517e8e2e8afa46b338f69d7562550cb3c2e9fd852a2fbac for node:12.16.1 with digest node@sha256:46f4c17e1edbde36d60a9f6362db7912cfe301bac89afef7cc92421ab3e7ca18 ...
[0;msection_end:1621507993:prepare_executor[0Ksection_start:1621507993:prepare_script[0K[0K[36;1mPreparing environment[0;m
[0;mRunning on runner-guofdir-project-20143087-concurrent-0 via runner-guofdir-IS-Pipeline-gitlab-runner-1621503062-59b48a6e...
section_end:1621507994:prepare_script[0Ksection_start:1621507994:get_sources[0K[0K[36;1mGetting source from Git repository[0;m
[0;m[32;1mFetching changes with git depth set to 1...[0;m
Initialized empty Git repository in /builds/infraspeak/web/web-core-client/.git/
[32;1mCreated fresh repository.[0;m
[32;1mChecking out d4ee256c as v0.101.2...[0;m

[32;1mSkipping Git submodules setup[0;m
section_end:1621507996:get_sources[0Ksection_start:1621507996:restore_cache[0K[0K[36;1mRestoring cache[0;m
[0;m[32;1mChecking cache for v0-101-2...[0;m
Downloading cache.zip from https://is-gitlab-runners-cache.s3.dualstack.eu-west-1.amazonaws.com/project/20143087/v0-101-2[0;m 
[32;1mSuccessfully extracted cache[0;m
section_end:1621508059:restore_cache[0Ksection_start:1621508059:step_script[0K[0K[36;1mExecuting "step_script" stage of the job script[0;m
[0;m[32;1m$ npm run build-production[0;m

> infraspeak-web-core-client@0.101.0 build-production /builds/infraspeak/web/web-core-client
> vue-cli-service build --mode production --dest dist


-  Building for production...
Starting type checking service...
Using 1 worker with 2048MB memory limit
Browserslist: caniuse-lite is outdated. Please run:
npx browserslist@latest --update-db

Why you should do it regularly:
https://github.com/browserslist/browserslist#browsers-data-updating
Browserslist: caniuse-lite is outdated. Please run:
npx browserslist@latest --update-db

Why you should do it regularly:
https://github.com/browserslist/browserslist#browsers-data-updating
 WARNING  Compiled with 18 warnings10:59:38 AM

Module Warning (from ./node_modules/eslint-loader/index.js):
error: Unexpected console statement (no-console) at src/components/chart/analytic/ChartAnalytic.vue:249:25:
  247 |                         this.isLoadingData = false
  248 | 
> 249 |                         console.error('error getting data: ', error)
      |                         ^
  250 |                     })
  251 |             }
  252 | 


error: Unexpected console statement (no-console) at src/components/chart/analytic/ChartAnalytic.vue:329:29:
  327 |                         })
  328 |                         .catch(error => {
> 329 |                             console.error('error exporting data: ', error)
      |                             ^
  330 |                         })
  331 |                         .finally(progressNoty.close)
  332 | 


2 errors found.

Module Warning (from ./node_modules/eslint-loader/index.js):
error: Unexpected console statement (no-console) at src/components/chart/analyticnew2/ChartAnalytic.vue:121:21:
  119 |                 })
  120 |                 .catch(error => {
> 121 |                     console.error('error exporting data: ', error)
      |                     ^
  122 |                 })
  123 |                 .finally(progressNoty.close)
  124 |         }


1 error found.

You may use special comments to disable some warnings.
Use // eslint-disable-next-line to ignore the next line.
Use /* eslint-disable */ to ignore all warnings in a file.
 warning  in ./src/helpers/cookies.helper.ts

Module Warning (from ./node_modules/thread-loader/dist/cjs.js):

/builds/infraspeak/web/web-core-client/src/helpers/cookies.helper.ts
  40:5   error  Unexpected var, use let or const instead   no-var
  40:40  error  Extra semicolon                            semi
  41:5   error  Unexpected var, use let or const instead   no-var
  41:65  error  Extra semicolon                            semi
  42:5   error  Unexpected var, use let or const instead   no-var
  42:77  error  Missing space before function parentheses  space-before-function-paren
  43:69  error  Extra semicolon                            semi
  44:17  error  Extra semicolon                            semi
  46:35  error  Extra semicolon                            semi

✖ 9 problems (9 errors, 0 warnings)
  9 errors and 0 warnings potentially fixable with the `--fix` option.


 @ ./src/store/root/Root.store.ts 22:0-56 62:26-38
 @ ./src/plugins/analytics/analytics.plugin.ts
 @ ./src/main.ts
 @ multi ./src/main.ts

 warning  in ./src/models/Base.transformer.ts

Module Warning (from ./node_modules/thread-loader/dist/cjs.js):

/builds/infraspeak/web/web-core-client/src/models/Base.transformer.ts
  46:17  error  Unexpected console statement  no-console

✖ 1 problem (1 error, 0 warnings)


 @ ./src/models/entity/Entity.transformer.v3.ts 7:0-60 71:2-17
 @ ./src/api/entity.api.ts
 @ ./src/store/root/Root.store.ts
 @ ./src/plugins/analytics/analytics.plugin.ts
 @ ./src/main.ts
 @ multi ./src/main.ts

 warning  in ./src/store/root/Root.store.ts

Module Warning (from ./node_modules/thread-loader/dist/cjs.js):

/builds/infraspeak/web/web-core-client/src/store/root/Root.store.ts
  366:17  error  Unexpected console statement  no-console

✖ 1 problem (1 error, 0 warnings)


 @ ./src/plugins/analytics/analytics.plugin.ts 9:0-52 19:14-23 20:16-25 21:16-25 22:40-49 27:8-17 28:27-36 29:28-37 52:19-28 52:49-58
 @ ./src/main.ts
 @ multi ./src/main.ts

 warning  

chunk chunk-0a685dcf [mini-css-extract-plugin]
Conflicting order. Following module has been added:
 * css ./node_modules/css-loader/dist/cjs.js??ref--8-oneOf-1-1!./node_modules/vue-loader/lib/loaders/stylePostLoader.js!./node_modules/postcss-loader/src??ref--8-oneOf-1-2!./node_modules/sass-loader/dist/cjs.js??ref--8-oneOf-1-3!./node_modules/cache-loader/dist/cjs.js??ref--0-0!./node_modules/vue-loader/lib??vue-loader-options!./src/components/summary/operator/SummaryOperator.vue?vue&type=style&index=0&id=51377b1a&lang=scss&scoped=true&
despite it was not able to fulfill desired ordering with these modules:
 * css ./node_modules/css-loader/dist/cjs.js??ref--8-oneOf-1-1!./node_modules/vue-loader/lib/loaders/stylePostLoader.js!./node_modules/postcss-loader/src??ref--8-oneOf-1-2!./node_modules/sass-loader/dist/cjs.js??ref--8-oneOf-1-3!./node_modules/cache-loader/dist/cjs.js??ref--0-0!./node_modules/vue-loader/lib??vue-loader-options!./src/components/common/time-picker/IsTimePicker.vue?vue&type=style&index=0&id=84536cda&lang=scss&scoped=true&
   - couldn't fulfill desired order of chunk group(s) , 
   - while fulfilling desired order of chunk group(s) planner-screen

 warning  

chunk chunk-0a685dcf [mini-css-extract-plugin]
Conflicting order. Following module has been added:
 * css ./node_modules/css-loader/dist/cjs.js??ref--8-oneOf-1-1!./node_modules/vue-loader/lib/loaders/stylePostLoader.js!./node_modules/postcss-loader/src??ref--8-oneOf-1-2!./node_modules/sass-loader/dist/cjs.js??ref--8-oneOf-1-3!./node_modules/cache-loader/dist/cjs.js??ref--0-0!./node_modules/vue-loader/lib??vue-loader-options!./src/components/chip/operator/ChipOperator.vue?vue&type=style&index=0&id=6fb0e1b8&lang=scss&scoped=true&
despite it was not able to fulfill desired ordering with these modules:
 * css ./node_modules/css-loader/dist/cjs.js??ref--8-oneOf-1-1!./node_modules/vue-loader/lib/loaders/stylePostLoader.js!./node_modules/postcss-loader/src??ref--8-oneOf-1-2!./node_modules/sass-loader/dist/cjs.js??ref--8-oneOf-1-3!./node_modules/cache-loader/dist/cjs.js??ref--0-0!./node_modules/vue-loader/lib??vue-loader-options!./src/components/common/time-picker/IsTimePicker.vue?vue&type=style&index=0&id=84536cda&lang=scss&scoped=true&
   - couldn't fulfill desired order of chunk group(s) , 
   - while fulfilling desired order of chunk group(s) planner-screen

 warning  

chunk chunk-0f4c2051 [mini-css-extract-plugin]
Conflicting order. Following module has been added:
 * css ./node_modules/css-loader/dist/cjs.js??ref--8-oneOf-1-1!./node_modules/vue-loader/lib/loaders/stylePostLoader.js!./node_modules/postcss-loader/src??ref--8-oneOf-1-2!./node_modules/sass-loader/dist/cjs.js??ref--8-oneOf-1-3!./node_modules/cache-loader/dist/cjs.js??ref--0-0!./node_modules/vue-loader/lib??vue-loader-options!./src/components/summary/operator/SummaryOperator.vue?vue&type=style&index=0&id=51377b1a&lang=scss&scoped=true&
despite it was not able to fulfill desired ordering with these modules:
 * css ./node_modules/css-loader/dist/cjs.js??ref--8-oneOf-1-1!./node_modules/vue-loader/lib/loaders/stylePostLoader.js!./node_modules/postcss-loader/src??ref--8-oneOf-1-2!./node_modules/sass-loader/dist/cjs.js??ref--8-oneOf-1-3!./node_modules/cache-loader/dist/cjs.js??ref--0-0!./node_modules/vue-loader/lib??vue-loader-options!./src/components/common/field/IsField.vue?vue&type=style&index=0&lang=scss&
   - couldn't fulfill desired order of chunk group(s) purchases-screen, sales-screen, sales-quotes, screen-direct-app, , , , 
   - while fulfilling desired order of chunk group(s) assets-screen, failures-screen, scheduled-works-screen, works-screen, , , , 
 * css ./node_modules/css-loader/dist/cjs.js??ref--8-oneOf-1-1!./node_modules/vue-loader/lib/loaders/stylePostLoader.js!./node_modules/postcss-loader/src??ref--8-oneOf-1-2!./node_modules/sass-loader/dist/cjs.js??ref--8-oneOf-1-3!./node_modules/cache-loader/dist/cjs.js??ref--0-0!./node_modules/vue-loader/lib??vue-loader-options!./src/components/summary/contact/SummaryContact.vue?vue&type=style&index=0&id=8bf1c9a2&lang=scss&scoped=true&
   - couldn't fulfill desired order of chunk group(s) sales-quotes, screen-direct-app, , 
   - while fulfilling desired order of chunk group(s) assets-screen, failures-screen, scheduled-works-screen, purchases-screen, sales-screen, works-screen, , , , , , 

 warning  

chunk chunk-0f4c2051 [mini-css-extract-plugin]
Conflicting order. Following module has been added:
 * css ./node_modules/css-loader/dist/cjs.js??ref--8-oneOf-1-1!./node_modules/vue-loader/lib/loaders/stylePostLoader.js!./node_modules/postcss-loader/src??ref--8-oneOf-1-2!./node_modules/sass-loader/dist/cjs.js??ref--8-oneOf-1-3!./node_modules/cache-loader/dist/cjs.js??ref--0-0!./node_modules/vue-loader/lib??vue-loader-options!./src/components/summary/contact/SummaryContact.vue?vue&type=style&index=0&id=8bf1c9a2&lang=scss&scoped=true&
despite it was not able to fulfill desired ordering with these modules:
 * css ./node_modules/css-loader/dist/cjs.js??ref--8-oneOf-1-1!./node_modules/vue-loader/lib/loaders/stylePostLoader.js!./node_modules/postcss-loader/src??ref--8-oneOf-1-2!./node_modules/sass-loader/dist/cjs.js??ref--8-oneOf-1-3!./node_modules/cache-loader/dist/cjs.js??ref--0-0!./node_modules/vue-loader/lib??vue-loader-options!./src/components/common/field/IsField.vue?vue&type=style&index=0&lang=scss&
   - couldn't fulfill desired order of chunk group(s) failures-screen, scheduled-works-screen, purchases-screen, sales-screen, sales-quotes, works-screen, , , , , 
   - while fulfilling desired order of chunk group(s) assets-screen, screen-direct-app, , , 
 * css ./node_modules/css-loader/dist/cjs.js??ref--8-oneOf-1-1!./node_modules/vue-loader/lib/loaders/stylePostLoader.js!./node_modules/postcss-loader/src??ref--8-oneOf-1-2!./node_modules/sass-loader/dist/cjs.js??ref--8-oneOf-1-3!./node_modules/cache-loader/dist/cjs.js??ref--0-0!./node_modules/vue-loader/lib??vue-loader-options!./src/components/chip/operator/ChipOperator.vue?vue&type=style&index=0&id=6fb0e1b8&lang=scss&scoped=true&
   - couldn't fulfill desired order of chunk group(s) failures-screen, scheduled-works-screen, purchases-screen, sales-screen, works-screen, , , , , 
   - while fulfilling desired order of chunk group(s) assets-screen, sales-quotes, screen-direct-app, , , 

 warning  

chunk chunk-0f4c2051 [mini-css-extract-plugin]
Conflicting order. Following module has been added:
 * css ./node_modules/css-loader/dist/cjs.js??ref--8-oneOf-1-1!./node_modules/vue-loader/lib/loaders/stylePostLoader.js!./node_modules/postcss-loader/src??ref--8-oneOf-1-2!./node_modules/sass-loader/dist/cjs.js??ref--8-oneOf-1-3!./node_modules/cache-loader/dist/cjs.js??ref--0-0!./node_modules/vue-loader/lib??vue-loader-options!./src/components/chip/operator/ChipOperator.vue?vue&type=style&index=0&id=6fb0e1b8&lang=scss&scoped=true&
despite it was not able to fulfill desired ordering with these modules:
 * css ./node_modules/css-loader/dist/cjs.js??ref--8-oneOf-1-1!./node_modules/vue-loader/lib/loaders/stylePostLoader.js!./node_modules/postcss-loader/src??ref--8-oneOf-1-2!./node_modules/sass-loader/dist/cjs.js??ref--8-oneOf-1-3!./node_modules/cache-loader/dist/cjs.js??ref--0-0!./node_modules/vue-loader/lib??vue-loader-options!./src/components/common/field/IsField.vue?vue&type=style&index=0&lang=scss&
   - couldn't fulfill desired order of chunk group(s) purchases-screen, sales-screen, sales-quotes, screen-direct-app, , , , 
   - while fulfilling desired order of chunk group(s) assets-screen, failures-screen, scheduled-works-screen, works-screen, , , , 

 warning  

chunk chunk-63774b06 [mini-css-extract-plugin]
Conflicting order. Following module has been added:
 * css ./node_modules/css-loader/dist/cjs.js??ref--6-oneOf-1-1!./node_modules/vue-loader/lib/loaders/stylePostLoader.js!./node_modules/postcss-loader/src??ref--6-oneOf-1-2!./node_modules/cache-loader/dist/cjs.js??ref--0-0!./node_modules/vue-loader/lib??vue-loader-options!./src/assets/images/IsGearLogo.vue?vue&type=style&index=0&lang=css&
despite it was not able to fulfill desired ordering with these modules:
 * css ./node_modules/css-loader/dist/cjs.js??ref--8-oneOf-1-1!./node_modules/vue-loader/lib/loaders/stylePostLoader.js!./node_modules/postcss-loader/src??ref--8-oneOf-1-2!./node_modules/sass-loader/dist/cjs.js??ref--8-oneOf-1-3!./node_modules/cache-loader/dist/cjs.js??ref--0-0!./node_modules/vue-loader/lib??vue-loader-options!./src/components/common/tag/popover/IsTagPopover.vue?vue&type=style&index=0&lang=scss&
   - couldn't fulfill desired order of chunk group(s) assets-screen, failures-screen, planner-screen, purchases-screen, sales-screen, sales-quotes, , , , , , , , , , , , , 
   - while fulfilling desired order of chunk group(s) scheduled-works-screen, scheduled-work-analytics-screen, works-screen, screen-direct-app, , , , 

 warning  

chunk chunk-63774b06 [mini-css-extract-plugin]
Conflicting order. Following module has been added:
 * css ./node_modules/css-loader/dist/cjs.js??ref--8-oneOf-1-1!./node_modules/vue-loader/lib/loaders/stylePostLoader.js!./node_modules/postcss-loader/src??ref--8-oneOf-1-2!./node_modules/sass-loader/dist/cjs.js??ref--8-oneOf-1-3!./node_modules/cache-loader/dist/cjs.js??ref--0-0!./node_modules/vue-loader/lib??vue-loader-options!./src/components/common/tag/popover/IsTagPopover.vue?vue&type=style&index=0&lang=scss&
despite it was not able to fulfill desired ordering with these modules:
 * css ./node_modules/css-loader/dist/cjs.js??ref--8-oneOf-1-1!./node_modules/vue-loader/lib/loaders/stylePostLoader.js!./node_modules/postcss-loader/src??ref--8-oneOf-1-2!./node_modules/sass-loader/dist/cjs.js??ref--8-oneOf-1-3!./node_modules/cache-loader/dist/cjs.js??ref--0-0!./node_modules/vue-loader/lib??vue-loader-options!./src/components/common/select/IsSelect.vue?vue&type=style&index=0&lang=scss&
   - couldn't fulfill desired order of chunk group(s) scheduled-works-screen, scheduled-work-analytics-screen, works-screen, screen-direct-app, , , 
   - while fulfilling desired order of chunk group(s) assets-screen, failures-screen, planner-screen, purchases-screen, sales-screen, sales-quotes, , , , , , , , , , , , , , 

 warning  

chunk chunk-d9620424 [mini-css-extract-plugin]
Conflicting order. Following module has been added:
 * css ./node_modules/css-loader/dist/cjs.js??ref--8-oneOf-1-1!./node_modules/vue-loader/lib/loaders/stylePostLoader.js!./node_modules/postcss-loader/src??ref--8-oneOf-1-2!./node_modules/sass-loader/dist/cjs.js??ref--8-oneOf-1-3!./node_modules/cache-loader/dist/cjs.js??ref--0-0!./node_modules/vue-loader/lib??vue-loader-options!./src/components/common/show-all/IsShowAll.vue?vue&type=style&index=0&id=59795ca0&lang=scss&scoped=true&
despite it was not able to fulfill desired ordering with these modules:
 * css ./node_modules/css-loader/dist/cjs.js??ref--8-oneOf-1-1!./node_modules/vue-loader/lib/loaders/stylePostLoader.js!./node_modules/postcss-loader/src??ref--8-oneOf-1-2!./node_modules/sass-loader/dist/cjs.js??ref--8-oneOf-1-3!./node_modules/cache-loader/dist/cjs.js??ref--0-0!./node_modules/vue-loader/lib??vue-loader-options!./src/components/common/popover-summary/IsPopoverSummary.vue?vue&type=style&index=0&lang=scss&
   - couldn't fulfill desired order of chunk group(s) assets-screen, purchases-screen, sales-screen, works-screen, , , , , , , 
   - while fulfilling desired order of chunk group(s) dashboard-screen, scheduled-works-screen, planner-screen, sales-quotes, screen-direct-app, , 

 warning  

chunk chunk-d9620424 [mini-css-extract-plugin]
Conflicting order. Following module has been added:
 * css ./node_modules/css-loader/dist/cjs.js??ref--8-oneOf-1-1!./node_modules/vue-loader/lib/loaders/stylePostLoader.js!./node_modules/postcss-loader/src??ref--8-oneOf-1-2!./node_modules/sass-loader/dist/cjs.js??ref--8-oneOf-1-3!./node_modules/cache-loader/dist/cjs.js??ref--0-0!./node_modules/vue-loader/lib??vue-loader-options!./src/components/common/list/IsList.vue?vue&type=style&index=0&id=2fe9468a&lang=scss&scoped=true&
despite it was not able to fulfill desired ordering with these modules:
 * css ./node_modules/css-loader/dist/cjs.js??ref--8-oneOf-1-1!./node_modules/vue-loader/lib/loaders/stylePostLoader.js!./node_modules/postcss-loader/src??ref--8-oneOf-1-2!./node_modules/sass-loader/dist/cjs.js??ref--8-oneOf-1-3!./node_modules/cache-loader/dist/cjs.js??ref--0-0!./node_modules/vue-loader/lib??vue-loader-options!./src/components/common/popover-summary/IsPopoverSummary.vue?vue&type=style&index=0&lang=scss&
   - couldn't fulfill desired order of chunk group(s) assets-screen, purchases-screen, sales-screen, works-screen, , , , , , , 
   - while fulfilling desired order of chunk group(s) dashboard-screen, scheduled-works-screen, planner-screen, sales-quotes, screen-direct-app, , 

 warning  

chunk home-screen~planner-screen [mini-css-extract-plugin]
Conflicting order. Following module has been added:
 * css ./node_modules/css-loader/dist/cjs.js??ref--8-oneOf-1-1!./node_modules/vue-loader/lib/loaders/stylePostLoader.js!./node_modules/postcss-loader/src??ref--8-oneOf-1-2!./node_modules/sass-loader/dist/cjs.js??ref--8-oneOf-1-3!./node_modules/cache-loader/dist/cjs.js??ref--0-0!./node_modules/vue-loader/lib??vue-loader-options!./src/components/common/profile-picture/IsProfilePicture.vue?vue&type=style&index=0&lang=scss&
despite it was not able to fulfill desired ordering with these modules:
 * css ./node_modules/css-loader/dist/cjs.js??ref--8-oneOf-1-1!./node_modules/vue-loader/lib/loaders/stylePostLoader.js!./node_modules/postcss-loader/src??ref--8-oneOf-1-2!./node_modules/sass-loader/dist/cjs.js??ref--8-oneOf-1-3!./node_modules/cache-loader/dist/cjs.js??ref--0-0!./node_modules/vue-loader/lib??vue-loader-options!./src/components/common/action-buttons/IsActionButtons.vue?vue&type=style&index=0&id=db3670b8&lang=scss&scoped=true&
   - couldn't fulfill desired order of chunk group(s) planner-screen
   - while fulfilling desired order of chunk group(s) home-screen

 warning  

chunk home-screen~planner-screen [mini-css-extract-plugin]
Conflicting order. Following module has been added:
 * css ./node_modules/css-loader/dist/cjs.js??ref--8-oneOf-1-1!./node_modules/vue-loader/lib/loaders/stylePostLoader.js!./node_modules/postcss-loader/src??ref--8-oneOf-1-2!./node_modules/sass-loader/dist/cjs.js??ref--8-oneOf-1-3!./node_modules/cache-loader/dist/cjs.js??ref--0-0!./node_modules/vue-loader/lib??vue-loader-options!./src/components/tag/new/TagNew.vue?vue&type=style&index=0&lang=scss&
despite it was not able to fulfill desired ordering with these modules:
 * css ./node_modules/css-loader/dist/cjs.js??ref--8-oneOf-1-1!./node_modules/vue-loader/lib/loaders/stylePostLoader.js!./node_modules/postcss-loader/src??ref--8-oneOf-1-2!./node_modules/sass-loader/dist/cjs.js??ref--8-oneOf-1-3!./node_modules/cache-loader/dist/cjs.js??ref--0-0!./node_modules/vue-loader/lib??vue-loader-options!./src/components/common/action-buttons/IsActionButtons.vue?vue&type=style&index=0&id=db3670b8&lang=scss&scoped=true&
   - couldn't fulfill desired order of chunk group(s) planner-screen
   - while fulfilling desired order of chunk group(s) home-screen

 warning  

asset size limit: The following asset(s) exceed the recommended size limit (244 KiB).
This can impact web performance.
Assets: 
  fonts/fa-light-300.1980e028.eot (484 KiB)
  fonts/fa-light-300.f056755c.woff (247 KiB)
  fonts/fa-light-300.5bdaa858.ttf (483 KiB)
  fonts/fa-solid-900.eb397dfa.eot (379 KiB)
  fonts/fa-solid-900.ba008862.ttf (378 KiB)
  img/fa-solid-900.bb8ecec4.svg (1.7 MiB)
  img/fa-light-300.4433b4f4.svg (2.31 MiB)
  css/app.aa5cc3c2.css (378 KiB)
  js/app.01b34dae.js (447 KiB)
  js/assets-screen.2ff5b0b0.js (1.3 MiB)
  js/chunk-55a3dac1.3d0d0b79.js (292 KiB)
  js/chunk-56b9fdc2.db611d21.js (287 KiB)
  js/chunk-765ae8e2.997466b4.js (307 KiB)
  js/chunk-9cda8984.753d3e24.js (1.18 MiB)
  js/chunk-9e7f3c02.e14b2aa0.js (409 KiB)
  js/chunk-f7515b80.b0a4eeaa.js (916 KiB)
  js/chunk-vendors.69ebf1e0.js (1.98 MiB)
  js/dashboard-screen.ccd3ced2.js (527 KiB)
  js/dashboard-screen~scheduled-work-analytics-screen~utilities-screen.34c2f954.js (848 KiB)
  js/failures-screen.cc901be3.js (418 KiB)
  js/purchases-screen.49e737ec.js (317 KiB)
  js/sales-quotes.933715e8.js (412 KiB)
  js/sales-screen.17a11a2c.js (424 KiB)
  js/scheduled-works-screen.d63d683c.js (607 KiB)
  js/screen-direct-app.18dc0bfb.js (500 KiB)
  js/works-screen.42f9d237.js (380 KiB)

 warning  

entrypoint size limit: The following entrypoint(s) combined asset size exceeds the recommended limit (244 KiB). This can impact web performance.
Entrypoints:
  app (2.79 MiB)
      css/chunk-vendors.b7d36435.css
      js/chunk-vendors.69ebf1e0.js
      css/app.aa5cc3c2.css
      js/app.01b34dae.js


  File                                      Size             Gzipped

  dist/js/chunk-vendors.69ebf1e0.js         2026.16 KiB      565.35 KiB
  dist/js/assets-screen.2ff5b0b0.js         1333.96 KiB      427.34 KiB
  dist/js/chunk-9cda8984.753d3e24.js        1207.64 KiB      391.26 KiB
  dist/js/chunk-f7515b80.b0a4eeaa.js        915.75 KiB       413.40 KiB
  dist/js/dashboard-screen~scheduled-wor    847.60 KiB       291.98 KiB
  k-analytics-screen~utilities-screen.34
  c2f954.js
  dist/js/scheduled-works-screen.d63d683    607.36 KiB       126.70 KiB
  c.js
  dist/js/dashboard-screen.ccd3ced2.js      527.14 KiB       141.91 KiB
  dist/js/screen-direct-app.18dc0bfb.js     499.97 KiB       99.03 KiB
  dist/js/app.01b34dae.js                   447.30 KiB       90.29 KiB
  dist/js/sales-screen.17a11a2c.js          423.55 KiB       93.91 KiB
  dist/js/failures-screen.cc901be3.js       418.23 KiB       88.76 KiB
  dist/js/sales-quotes.933715e8.js          412.08 KiB       88.25 KiB
  dist/js/chunk-9e7f3c02.e14b2aa0.js        409.29 KiB       79.12 KiB
  dist/js/works-screen.42f9d237.js          380.08 KiB       85.64 KiB
  dist/js/purchases-screen.49e737ec.js      317.26 KiB       72.76 KiB
  dist/js/chunk-765ae8e2.997466b4.js        307.00 KiB       61.86 KiB
  dist/js/chunk-55a3dac1.3d0d0b79.js        292.41 KiB       56.15 KiB
  dist/js/chunk-56b9fdc2.db611d21.js        287.30 KiB       57.27 KiB
  dist/js/chunk-1fa9f44f.ecf423ff.js        241.49 KiB       49.67 KiB
  dist/js/chunk-337f63e6.1a622116.js        210.66 KiB       42.89 KiB
  dist/js/chunk-024f8108.a3ba8d25.js        182.01 KiB       35.64 KiB
  dist/js/home-screen.36ce3542.js           176.47 KiB       31.51 KiB
  dist/js/planner-screen.f717be7a.js        150.93 KiB       30.18 KiB
  dist/js/scheduled-work-analytics-scree    146.51 KiB       33.86 KiB
  n.43b8df7a.js
  dist/js/chunk-40aec68c.d668661e.js        141.85 KiB       39.39 KiB
  dist/js/chunk-448776c5.a45c03b4.js        79.74 KiB        16.61 KiB
  dist/js/utilities-screen.7107909a.js      78.13 KiB        18.13 KiB
  dist/js/chunk-0e8ad4d6.73e3efe3.js        76.45 KiB        14.27 KiB
  dist/js/client-prices-old-cms-screen.6    68.44 KiB        17.19 KiB
  22a29b5.js
  dist/js/home-screen~planner-screen.459    66.50 KiB        16.03 KiB
  1ab2f.js
  dist/js/personal-access-tokens-managem    56.27 KiB        12.33 KiB
  ent-screen.e18881b1.js
  dist/js/chunk-7e0aa7d2.86b4a763.js        55.58 KiB        12.34 KiB
  dist/js/chunk-be6dc046.efaf6ebc.js        48.43 KiB        10.48 KiB
  dist/js/iot-management-screen.aa868b68    48.22 KiB        12.12 KiB
  .js
  dist/js/webhooks-management-screen.391    45.36 KiB        10.35 KiB
  ec006.js
  dist/js/chunk-4af8769e.102ff928.js        45.31 KiB        10.75 KiB
  dist/js/chunk-e53225a0.c0d638ef.js        42.95 KiB        9.41 KiB
  dist/js/webhook-logs-management-screen    42.63 KiB        9.72 KiB
  .42c00909.js
  dist/js/utility-types-management-scree    42.28 KiB        8.20 KiB
  n.460abf9c.js
  dist/js/chunk-3b3eb048.d7537e41.js        41.46 KiB        9.90 KiB
  dist/js/chunk-1685773e.971aadab.js        41.01 KiB        9.58 KiB
  dist/js/settings-screen.5de07958.js       40.89 KiB        9.84 KiB
  dist/js/analytics-screen.750a083e.js      39.00 KiB        9.71 KiB
  dist/js/chunk-310526ba.014e9581.js        37.79 KiB        8.75 KiB
  dist/js/cost-center-management-screen.    37.48 KiB        8.13 KiB
  6eeaaeff.js
  dist/js/chunk-e5ba3fd2.27719e57.js        36.21 KiB        11.00 KiB
  dist/js/chunk-6f682a76.376c6ef7.js        35.38 KiB        8.23 KiB
  dist/js/other-cost-management-screen.e    34.07 KiB        7.64 KiB
  f8027d5.js
  dist/new-relic/new-relic-staging.js       33.31 KiB        10.18 KiB
  dist/new-relic/new-relic-production.js    33.27 KiB        10.17 KiB
  dist/js/gatekeeper-screen.420811b5.js     33.08 KiB        7.34 KiB
  dist/precache-manifest.234971a95ad03c7    32.55 KiB        8.03 KiB
  a16393766ce53bece.js
  dist/js/chunk-5c93fd4a.08714abf.js        32.38 KiB        7.85 KiB
  dist/js/chunk-03083898.c967f6ae.js        31.92 KiB        7.55 KiB
  dist/js/welcome-screen.10d5f859.js        31.22 KiB        6.78 KiB
  dist/js/chunk-880079e8.2ec0fe70.js        31.07 KiB        7.44 KiB
  dist/js/chunk-d410395a.bcbcc010.js        31.01 KiB        9.41 KiB
  dist/js/chunk-75d47bc4.5c6de276.js        30.66 KiB        9.28 KiB
  dist/js/chunk-0f86bf14.a2e498ac.js        30.19 KiB        7.29 KiB
  dist/js/chunk-bb8bb71c.385effcd.js        30.08 KiB        7.42 KiB
  dist/js/chunk-c72a8b22.ac88394b.js        27.67 KiB        6.77 KiB
  dist/js/chunk-de8258d0.3c70b1dd.js        27.26 KiB        6.04 KiB
  dist/js/chunk-4e831194.e02f9ab1.js        26.82 KiB        6.55 KiB
  dist/js/chunk-edd6f50e.84a316a7.js        26.71 KiB        6.82 KiB
  dist/js/chunk-62106afa.708d5cdb.js        26.48 KiB        6.49 KiB
  dist/js/chunk-8f1604aa.a4d671e7.js        26.19 KiB        8.30 KiB
  dist/js/integrations-management-screen    25.74 KiB        7.47 KiB
  .bccdce4b.js
  dist/js/chunk-7f523c96.e66bc4aa.js        25.26 KiB        7.95 KiB
  dist/js/chunk-00d685cf.7d43829d.js        25.07 KiB        6.49 KiB
  dist/js/old-cms-screen.19c40408.js        24.97 KiB        6.41 KiB
  dist/js/chunk-63ec3a1d.c5b2b65f.js        24.87 KiB        6.57 KiB
  dist/js/chunk-2e54c174.a0a43bca.js        24.36 KiB        5.34 KiB
  dist/js/chunk-88195bb4.7cb73dd1.js        24.11 KiB        5.29 KiB
  dist/js/chunk-01575096.eaf6d427.js        23.68 KiB        7.85 KiB
  dist/js/cost-center-management-screen~    22.74 KiB        7.61 KiB
  failures-screen~gatekeeper-screen~othe
  r-cost-management-screen~persona~7184d
  4ac.6ec2ea9e.js
  dist/js/chunk-0b963646.493aaf11.js        20.97 KiB        5.45 KiB
  dist/js/chunk-50ba1901.50672d2e.js        20.77 KiB        5.50 KiB
  dist/js/chunk-28a68ae6.a40fd71b.js        20.44 KiB        4.62 KiB
  dist/js/chunk-492e5ff2.b773c1e0.js        19.00 KiB        6.86 KiB
  dist/js/chunk-2f39d752.13caa9f4.js        18.91 KiB        5.21 KiB
  dist/js/chunk-7e2e62a3.4fb3ea73.js        18.46 KiB        4.44 KiB
  dist/js/chunk-154bf348.ba2e29c8.js        18.37 KiB        4.66 KiB
  dist/js/welcome-whats-new.126dc76f.js     18.29 KiB        5.83 KiB
  dist/js/chunk-d486d454.9239b3e7.js        17.95 KiB        4.88 KiB
  dist/js/chunk-39a5301c.3af81946.js        17.82 KiB        6.61 KiB
  dist/js/chunk-9e9c9b90.5c5cdf13.js        17.06 KiB        6.44 KiB
  dist/js/chunk-0ca90d33.0c82bd83.js        16.65 KiB        3.08 KiB
  dist/js/chunk-63774b06.103022a9.js        15.40 KiB        4.38 KiB
  dist/js/chunk-6b87e6b6.27819a4c.js        14.87 KiB        3.79 KiB
  dist/js/chunk-020eb630.b0c8df4b.js        14.82 KiB        3.61 KiB
  dist/js/chunk-3c04fc25.51dbf44d.js        14.44 KiB        3.94 KiB
  dist/js/chunk-010487f3.413e2f93.js        13.39 KiB        3.48 KiB
  dist/js/hub-apps~hub-screen.3d4723a4.j    13.32 KiB        3.63 KiB
  s
  dist/js/chunk-4eec0cf6.c5d63320.js        12.48 KiB        5.16 KiB
  dist/js/chunk-0f4c2051.9996b737.js        12.28 KiB        2.87 KiB
  dist/js/chunk-0a685dcf.8315f1fb.js        12.22 KiB        2.94 KiB
  dist/js/chunk-511b6e68.bad18384.js        12.13 KiB        2.81 KiB
  dist/js/chunk-046a7c89.f6c41c85.js        12.00 KiB        3.16 KiB
  dist/js/hub-screen.f9fa1780.js            10.51 KiB        2.87 KiB
  dist/js/account-blocked.7d0628cf.js       10.18 KiB        3.74 KiB
  dist/js/hub-apps.c5f7b4ad.js              10.16 KiB        2.79 KiB
  dist/js/chunk-a3e2d22a.f7578aab.js        9.91 KiB         2.86 KiB
  dist/js/login-screen.3f43fbe2.js          9.91 KiB         3.91 KiB
  dist/js/chunk-053c745c.83909702.js        8.83 KiB         2.71 KiB
  dist/js/chunk-d9620424.04e1d6b5.js        8.38 KiB         2.16 KiB
  dist/js/chunk-76a05bde.fd976da5.js        8.08 KiB         2.32 KiB
  dist/js/chunk-a4692d46.dc62f38f.js        8.06 KiB         2.72 KiB
  dist/js/chunk-5b653a01.9c0fc18a.js        7.74 KiB         2.67 KiB
  dist/js/chunk-f2b884e2.8666bb02.js        7.63 KiB         2.39 KiB
  dist/js/chunk-27ecb80c.d31c0eed.js        7.23 KiB         2.25 KiB
  dist/js/chunk-66f59a7a.949e70a4.js        6.11 KiB         1.89 KiB
  dist/js/chunk-751bd99d.61357320.js        5.98 KiB         1.67 KiB
  dist/js/chunk-7edb60e6.0dc4f847.js        5.75 KiB         2.03 KiB
  dist/js/chunk-61bb3ffe.c9bb948a.js        5.71 KiB         1.86 KiB
  dist/js/chunk-6acaf102.ee6cf514.js        5.60 KiB         1.89 KiB
  dist/js/chunk-24f77d2a.e67bb430.js        5.51 KiB         1.86 KiB
  dist/js/chunk-9466aa38.4cb0417b.js        4.36 KiB         1.28 KiB
  dist/js/chunk-2d0d8057.3c3ed904.js        3.48 KiB         1.19 KiB
  dist/js/page-not-found-screen.27105315    3.40 KiB         1.53 KiB
  .js
  dist/basic.js                             3.36 KiB         1.05 KiB
  dist/js/chunk-5c252a5e.844e41fb.js        3.11 KiB         1.09 KiB
  dist/js/chunk-2d212ff2.6629aa81.js        3.00 KiB         1.13 KiB
  dist/js/chunk-2d2261a8.da626f13.js        2.97 KiB         1.21 KiB
  dist/js/chunk-2d0b1be8.d9984fd0.js        2.94 KiB         1.13 KiB
  dist/js/chunk-2d0e91af.ad0f37a9.js        2.64 KiB         1.14 KiB
  dist/js/chunk-2d0e1dae.cdc5bfc6.js        2.62 KiB         1.18 KiB
  dist/js/chunk-2d0e4a7c.6b07ec80.js        2.60 KiB         1.15 KiB
  dist/js/chunk-2d0ce796.5f2a3efe.js        2.52 KiB         1.16 KiB
  dist/js/chunk-2d0db486.34bed1c2.js        2.50 KiB         1.15 KiB
  dist/js/chunk-2d21b27e.07be6566.js        2.49 KiB         1.09 KiB
  dist/js/chunk-2d229616.f7ca2457.js        2.47 KiB         1.13 KiB
  dist/js/chunk-2d228e49.d768461f.js        2.41 KiB         1.07 KiB
  dist/js/chunk-2d22d238.2e039c12.js        2.40 KiB         1.11 KiB
  dist/js/chunk-2d0b2213.6a128350.js        2.38 KiB         1.03 KiB
  dist/js/chunk-50765fcb.ddb0e838.js        2.36 KiB         0.99 KiB
  dist/js/chunk-2d0da6ab.74241921.js        2.19 KiB         1.05 KiB
  dist/js/chunk-2d0d622d.38de996c.js        2.13 KiB         0.97 KiB
  dist/js/chunk-2d0cba55.e7d6e534.js        2.07 KiB         1.00 KiB
  dist/js/chunk-f50c655a.f1c30a74.js        2.00 KiB         0.87 KiB
  dist/js/chunk-2d0f0dec.d782f997.js        1.98 KiB         0.97 KiB
  dist/js/chunk-2d216de6.77705d1b.js        1.96 KiB         1.02 KiB
  dist/js/chunk-2d2132bb.b65fbc8c.js        1.96 KiB         0.94 KiB
  dist/js/chunk-2d0b2ee7.2a81427c.js        1.94 KiB         1.01 KiB
  dist/js/chunk-2d0cf17f.e3785b20.js        1.94 KiB         0.99 KiB
  dist/js/chunk-2d0bdb3c.439f6ea8.js        1.93 KiB         0.98 KiB
  dist/js/chunk-2d237f33.2a8c2cae.js        1.93 KiB         1.00 KiB
  dist/js/chunk-2d0e26c3.1dbaca88.js        1.93 KiB         0.97 KiB
  dist/js/chunk-2d2259d8.83888308.js        1.92 KiB         0.94 KiB
  dist/js/chunk-2d0d70e6.c3640bf9.js        1.91 KiB         0.98 KiB
  dist/js/chunk-2d0ea0ba.3e43d6b9.js        1.90 KiB         0.98 KiB
  dist/js/chunk-2d0d6a95.3d883ea9.js        1.90 KiB         0.93 KiB
  dist/js/chunk-2d0cca32.2bac9c9b.js        1.90 KiB         0.91 KiB
  dist/js/chunk-2d0d03e8.594e85b0.js        1.90 KiB         0.92 KiB
  dist/js/chunk-2d0d70c6.67724bf1.js        1.90 KiB         0.96 KiB
  dist/js/chunk-2d0c575a.9770dc11.js        1.90 KiB         0.94 KiB
  dist/js/chunk-2d0e9ba2.c8755efe.js        1.89 KiB         0.94 KiB
  dist/js/chunk-2d0b9447.463d5376.js        1.88 KiB         0.92 KiB
  dist/js/chunk-2d0a45e0.4ae886a3.js        1.87 KiB         0.91 KiB
  dist/js/chunk-2d217af6.ab91f521.js        1.87 KiB         1.01 KiB
  dist/js/chunk-2d0b23c4.8daecc20.js        1.86 KiB         0.93 KiB
  dist/js/chunk-2d2107bd.2b521a96.js        1.86 KiB         0.92 KiB
  dist/js/chunk-2d22e165.96d5bfa2.js        1.86 KiB         0.91 KiB
  dist/js/chunk-2d20f204.6b3c5220.js        1.85 KiB         0.97 KiB
  dist/js/chunk-2d21a5d7.22ef6e49.js        1.85 KiB         0.92 KiB
  dist/js/chunk-2d0e57ff.3ecd9637.js        1.85 KiB         0.89 KiB
  dist/js/chunk-2d2288f4.b828a075.js        1.85 KiB         0.89 KiB
  dist/js/chunk-77215428.c7d3206c.js        1.84 KiB         0.95 KiB
  dist/js/chunk-2d0cbca7.f3384819.js        1.83 KiB         0.94 KiB
  dist/js/chunk-2d0d0f3c.81b63e6b.js        1.80 KiB         0.91 KiB
  dist/js/chunk-2d0d3ea6.e6f28ebc.js        1.79 KiB         0.93 KiB
  dist/js/chunk-2d0e5eb9.8665eff2.js        1.79 KiB         0.91 KiB
  dist/js/chunk-2d20e85d.6479021d.js        1.77 KiB         0.87 KiB
  dist/js/chunk-2d20f558.03553899.js        1.76 KiB         0.86 KiB
  dist/service-worker.js                    1.06 KiB         0.62 KiB
  dist/css/app.aa5cc3c2.css                 378.15 KiB       61.81 KiB
  dist/css/scheduled-works-screen.0d0485    147.48 KiB       14.14 KiB
  f6.css
  dist/css/chunk-9e7f3c02.1614001b.css      131.62 KiB       12.25 KiB
  dist/css/assets-screen.7b1c366d.css       108.86 KiB       11.19 KiB
  dist/css/chunk-9cda8984.c97676b5.css      94.71 KiB        9.60 KiB
  dist/css/screen-direct-app.6f61a8a1.cs    90.05 KiB        9.95 KiB
  s
  dist/css/failures-screen.a0f6b707.css     81.74 KiB        9.02 KiB
  dist/css/sales-screen.49d0fbe1.css        80.49 KiB        9.85 KiB
  dist/css/chunk-765ae8e2.085a86b7.css      76.47 KiB        8.90 KiB
  dist/css/works-screen.5959185a.css        70.23 KiB        9.18 KiB
  dist/css/purchases-screen.ab0c9392.css    69.93 KiB        8.02 KiB
  dist/css/chunk-56b9fdc2.300b28a3.css      65.34 KiB        6.82 KiB
  dist/css/chunk-337f63e6.e4a411e7.css      64.46 KiB        6.89 KiB
  dist/css/sales-quotes.a50d34e6.css        64.21 KiB        8.50 KiB
  dist/css/chunk-1fa9f44f.e116bbb2.css      61.78 KiB        7.79 KiB
  dist/css/chunk-55a3dac1.f94e185d.css      58.31 KiB        7.60 KiB
  dist/css/dashboard-screen.8106d8cc.css    56.35 KiB        12.17 KiB
  dist/css/chunk-f7515b80.a084adb2.css      45.66 KiB        4.20 KiB
  dist/css/chunk-024f8108.738e0b3c.css      45.45 KiB        4.88 KiB
  dist/css/planner-screen.cdfc2e8b.css      44.79 KiB        4.59 KiB
  dist/css/home-screen.435cc350.css         31.78 KiB        4.88 KiB
  dist/css/chunk-be6dc046.35765605.css      30.19 KiB        3.28 KiB
  dist/css/utilities-screen.cb48b9cc.css    29.07 KiB        3.49 KiB
  dist/css/chunk-3b3eb048.f4831705.css      26.53 KiB        3.93 KiB
  dist/css/chunk-40aec68c.25aec70d.css      25.57 KiB        4.04 KiB
  dist/css/chunk-448776c5.fcb038ab.css      23.50 KiB        3.17 KiB
  dist/css/scheduled-work-analytics-scre    21.20 KiB        3.01 KiB
  en.18408274.css
  dist/css/chunk-154bf348.ea400670.css      20.63 KiB        3.21 KiB
  dist/css/chunk-0e8ad4d6.cfad4988.css      19.90 KiB        2.56 KiB
  dist/css/chunk-310526ba.b27d001a.css      18.87 KiB        2.39 KiB
  dist/css/chunk-1685773e.c564aba1.css      18.44 KiB        2.62 KiB
  dist/css/chunk-4e831194.c9ae91da.css      18.11 KiB        2.29 KiB
  dist/css/chunk-511b6e68.60511207.css      18.09 KiB        2.17 KiB
  dist/css/chunk-e53225a0.e9866983.css      17.58 KiB        2.62 KiB
  dist/css/chunk-7e0aa7d2.6ec3e31f.css      17.15 KiB        2.83 KiB
  dist/css/webhook-logs-management-scree    17.14 KiB        3.12 KiB
  n.b1db92a7.css
  dist/css/welcome-screen.69942b43.css      16.54 KiB        2.25 KiB
  dist/css/iot-management-screen.db4d5cc    16.43 KiB        2.62 KiB
  e.css
  dist/css/webhooks-management-screen.5a    16.26 KiB        2.96 KiB
  783807.css
  dist/css/chunk-0b963646.923e8498.css      16.15 KiB        2.22 KiB
  dist/css/settings-screen.cd66366c.css     14.81 KiB        2.21 KiB
  dist/css/personal-access-tokens-manage    14.49 KiB        2.38 KiB
  ment-screen.be622209.css
  dist/css/chunk-4af8769e.171740b8.css      14.39 KiB        2.84 KiB
  dist/css/chunk-6f682a76.9e306957.css      14.37 KiB        2.66 KiB
  dist/css/analytics-screen.34ea5468.css    14.08 KiB        1.96 KiB
  dist/css/chunk-bb8bb71c.8ef593cc.css      14.05 KiB        2.58 KiB
  dist/css/chunk-5c93fd4a.c43c7f5b.css      14.00 KiB        2.58 KiB
  dist/css/client-prices-old-cms-screen.    13.75 KiB        2.71 KiB
  b61fff52.css
  dist/css/chunk-010487f3.c6b0e10c.css      12.83 KiB        1.91 KiB
  dist/css/chunk-0f4c2051.6e144656.css      12.73 KiB        1.68 KiB
  dist/css/chunk-edd6f50e.0a0f186c.css      12.13 KiB        2.51 KiB
  dist/css/chunk-28a68ae6.1a22b2e9.css      11.50 KiB        2.28 KiB
  dist/css/chunk-66f59a7a.c0810937.css      10.60 KiB        1.79 KiB
  dist/css/chunk-0a685dcf.25df779a.css      10.20 KiB        1.40 KiB
  dist/css/chunk-03083898.47c871f1.css      10.14 KiB        1.85 KiB
  dist/css/hub-apps.7bb4dcac.css            9.56 KiB         2.31 KiB
  dist/css/chunk-63774b06.ea3c0949.css      9.55 KiB         1.98 KiB
  dist/css/cost-center-management-screen    8.77 KiB         1.85 KiB
  .28287a90.css
  dist/basic.css                            8.28 KiB         1.63 KiB
  dist/css/chunk-62106afa.bbbf0bbc.css      7.99 KiB         1.73 KiB
  dist/css/welcome-whats-new.176de1aa.cs    7.68 KiB         2.04 KiB
  s
  dist/css/chunk-880079e8.55881853.css      7.27 KiB         1.58 KiB
  dist/css/chunk-9466aa38.e6c50781.css      7.08 KiB         1.08 KiB
  dist/css/hub-screen.c776f36c.css          6.94 KiB         1.85 KiB
  dist/css/chunk-d9620424.573bddf9.css      6.92 KiB         1.09 KiB
  dist/css/gatekeeper-screen.6fc3d40a.cs    6.72 KiB         1.74 KiB
  s
  dist/css/other-cost-management-screen.    6.72 KiB         1.74 KiB
  6fc3d40a.css
  dist/css/utility-types-management-scre    6.72 KiB         1.74 KiB
  en.6fc3d40a.css
  dist/css/chunk-c72a8b22.ebd6f47c.css      6.58 KiB         1.70 KiB
  dist/css/integrations-management-scree    6.49 KiB         1.32 KiB
  n.a44da00c.css
  dist/css/chunk-020eb630.3b468e91.css      6.04 KiB         1.22 KiB
  dist/css/old-cms-screen.0a49c550.css      5.89 KiB         0.87 KiB
  dist/css/home-screen~planner-screen.3b    5.89 KiB         1.33 KiB
  c910e1.css
  dist/css/cost-center-management-screen    5.88 KiB         1.55 KiB
  ~failures-screen~gatekeeper-screen~oth
  er-cost-management-screen~persona~7184
  d4ac.df99f5e7.css
  dist/css/chunk-63ec3a1d.d02f694b.css      5.74 KiB         1.56 KiB
  dist/css/chunk-751bd99d.a34d6524.css      5.72 KiB         1.16 KiB
  dist/css/chunk-7e2e62a3.e2467bbf.css      5.69 KiB         1.50 KiB
  dist/css/chunk-0f86bf14.80425abe.css      5.64 KiB         1.57 KiB
  dist/css/chunk-492e5ff2.020f3881.css      5.48 KiB         1.12 KiB
  dist/css/chunk-e5ba3fd2.5294855a.css      5.45 KiB         1.52 KiB
  dist/css/chunk-50ba1901.f06eb3c3.css      5.35 KiB         1.49 KiB
  dist/css/chunk-d486d454.f06eb3c3.css      5.35 KiB         1.49 KiB
  dist/css/chunk-00d685cf.e5e15df3.css      5.30 KiB         1.47 KiB
  dist/css/page-not-found-screen.cfdea92    5.22 KiB         1.09 KiB
  7.css
  dist/css/login-screen.b4ff8532.css        5.09 KiB         1.48 KiB
  dist/css/chunk-de8258d0.bea96c36.css      5.02 KiB         1.40 KiB
  dist/css/chunk-2f39d752.cc8aa3a8.css      5.01 KiB         1.40 KiB
  dist/css/chunk-046a7c89.bc8f3dd1.css      4.53 KiB         1.31 KiB
  dist/css/chunk-01575096.6a4d0725.css      4.47 KiB         1.28 KiB
  dist/css/chunk-75d47bc4.6a4d0725.css      4.47 KiB         1.28 KiB
  dist/css/chunk-7f523c96.6a4d0725.css      4.47 KiB         1.28 KiB
  dist/css/chunk-d410395a.6a4d0725.css      4.47 KiB         1.28 KiB
  dist/css/chunk-88195bb4.5d4cdb4a.css      4.38 KiB         1.25 KiB
  dist/css/chunk-7edb60e6.8fade6b3.css      4.36 KiB         1.28 KiB
  dist/css/chunk-2e54c174.ffd1aed9.css      4.33 KiB         1.22 KiB
  dist/css/chunk-76a05bde.ffd1aed9.css      4.33 KiB         1.22 KiB
  dist/css/chunk-8f1604aa.ffd1aed9.css      4.33 KiB         1.22 KiB
  dist/css/chunk-61bb3ffe.84ec0d1f.css      4.19 KiB         1.29 KiB
  dist/css/chunk-6b87e6b6.346fe3e5.css      4.00 KiB         0.79 KiB
  dist/css/chunk-39a5301c.3dc0d519.css      3.38 KiB         1.03 KiB
  dist/css/chunk-vendors.b7d36435.css       3.37 KiB         0.66 KiB
  dist/css/hub-apps~hub-screen.1f14f5e2.    2.80 KiB         0.93 KiB
  css
  dist/css/chunk-3c04fc25.ea85ca7f.css      2.80 KiB         0.90 KiB
  dist/css/chunk-a3e2d22a.885d438a.css      2.66 KiB         0.85 KiB
  dist/css/account-blocked.7d55c5c5.css     2.56 KiB         0.84 KiB
  dist/css/chunk-4eec0cf6.1b6f5f32.css      2.19 KiB         0.71 KiB
  dist/css/chunk-6acaf102.4ac7edbc.css      2.19 KiB         0.73 KiB
  dist/css/chunk-24f77d2a.465795e1.css      2.17 KiB         0.73 KiB
  dist/css/chunk-f2b884e2.10059aea.css      2.16 KiB         0.73 KiB
  dist/css/chunk-27ecb80c.1ff176f0.css      2.16 KiB         0.72 KiB
  dist/css/chunk-a4692d46.0f5efdab.css      2.10 KiB         0.68 KiB
  dist/css/chunk-5b653a01.9928b22f.css      2.08 KiB         0.68 KiB
  dist/css/chunk-f50c655a.4841d5d3.css      1.99 KiB         0.66 KiB
  dist/css/chunk-5c252a5e.1a63d872.css      1.99 KiB         0.67 KiB
  dist/css/dashboard-screen~scheduled-wo    1.92 KiB         0.63 KiB
  rk-analytics-screen~utilities-screen.4
  c5f5ece.css
  dist/css/chunk-50765fcb.eb7cbe5b.css      1.81 KiB         0.59 KiB

  Images and other types of assets omitted.

 DONE  Build complete. The dist directory is ready to be deployed.
 INFO  Check out deployment instructions at https://cli.vuejs.org/guide/deployment.html
      
section_end:1621508380:step_script[0Ksection_start:1621508380:archive_cache[0K[0K[36;1mSaving cache for successful job[0;m
[0;m[32;1mCreating cache v0-101-2...[0;m
dist/: found 368 matching files and directories   [0;m 
node_modules/: found 155852 matching files and directories[0;m 
Uploading cache.zip to https://is-gitlab-runners-cache.s3.dualstack.eu-west-1.amazonaws.com/project/20143087/v0-101-2[0;m 
[32;1mCreated cache[0;m
section_end:1621508476:archive_cache[0Ksection_start:1621508476:cleanup_file_variables[0K[0K[36;1mCleaning up file based variables[0;m
[0;msection_end:1621508477:cleanup_file_variables[0K[32;1mJob succeeded
[0;m