[0KRunning with gitlab-runner 13.7.0 (943fc252)
[0;m[0K  on Web Core Client - Tests- docker+machine Gu_oFDiR
[0;msection_start:1623248299:resolve_secrets[0K[0K[36;1mResolving secrets[0;m
[0;msection_end:1623248299:resolve_secrets[0Ksection_start:1623248299:prepare_executor[0K[0K[36;1mPreparing the "docker+machine" executor[0;m
[0;m[0KUsing Docker executor with image node:12.16.1 ...
[0;m[0KPulling docker image node:12.16.1 ...
[0;m[0KUsing docker image sha256:88c089733a3b980b3517e8e2e8afa46b338f69d7562550cb3c2e9fd852a2fbac for node:12.16.1 with digest node@sha256:46f4c17e1edbde36d60a9f6362db7912cfe301bac89afef7cc92421ab3e7ca18 ...
[0;msection_end:1623248302:prepare_executor[0Ksection_start:1623248302:prepare_script[0K[0K[36;1mPreparing environment[0;m
[0;mRunning on runner-guofdir-project-20143087-concurrent-0 via runner-guofdir-IS-Pipeline-gitlab-runner-1623245838-9afb9534...
section_end:1623248302:prepare_script[0Ksection_start:1623248302:get_sources[0K[0K[36;1mGetting source from Git repository[0;m
[0;m[32;1mFetching changes with git depth set to 1...[0;m
Initialized empty Git repository in /builds/infraspeak/web/web-core-client/.git/
[32;1mCreated fresh repository.[0;m
[32;1mChecking out 839e506e as v0.102.9...[0;m

[32;1mSkipping Git submodules setup[0;m
section_end:1623248305:get_sources[0Ksection_start:1623248305:restore_cache[0K[0K[36;1mRestoring cache[0;m
[0;m[32;1mChecking cache for v0-102-9...[0;m
Downloading cache.zip from https://is-gitlab-runners-cache.s3.dualstack.eu-west-1.amazonaws.com/project/20143087/v0-102-9[0;m 
[32;1mSuccessfully extracted cache[0;m
section_end:1623248369:restore_cache[0Ksection_start:1623248369:step_script[0K[0K[36;1mExecuting "step_script" stage of the job script[0;m
[0;m[32;1m$ npm run build-production[0;m

> infraspeak-web-core-client@0.102.0 build-production /builds/infraspeak/web/web-core-client
> vue-cli-service build --mode production --dest dist


-  Building for production...
Starting type checking service...
Using 1 worker with 2048MB memory limit
Browserslist: caniuse-lite is outdated. Please run:
npx browserslist@latest --update-db

Why you should do it regularly:
https://github.com/browserslist/browserslist#browsers-data-updating
Browserslist: caniuse-lite is outdated. Please run:
npx browserslist@latest --update-db

Why you should do it regularly:
https://github.com/browserslist/browserslist#browsers-data-updating
 WARNING  Compiled with 13 warnings2:25:15 PM

Module Warning (from ./node_modules/eslint-loader/index.js):
error: Expected indentation of 16 spaces but found 12 spaces (vue/html-indent) at src/components/warning-popup/WarningPopup.vue:12:1:
  10 |                 :class="{'is-active': isVisible}"
  11 |                 :title="$t('redesign__topbar.btn-warningpopup')"
> 12 |             :aria-label="$t('redesign__topbar.btn-warningpopup')"
     | ^
  13 |                 plain
  14 |                 circle
  15 |                 :icon="topbarIcon" />


1 error found.
1 error potentially fixable with the `--fix` option.

Module Warning (from ./node_modules/eslint-loader/index.js):
error: Unexpected console statement (no-console) at src/components/chart/analytic/ChartAnalytic.vue:249:25:
  247 |                         this.isLoadingData = false
  248 | 
> 249 |                         console.error('error getting data: ', error)
      |                         ^
  250 |                     })
  251 |             }
  252 | 


error: Unexpected console statement (no-console) at src/components/chart/analytic/ChartAnalytic.vue:329:29:
  327 |                         })
  328 |                         .catch(error => {
> 329 |                             console.error('error exporting data: ', error)
      |                             ^
  330 |                         })
  331 |                         .finally(progressNoty.close)
  332 | 


2 errors found.

Module Warning (from ./node_modules/eslint-loader/index.js):
error: Unexpected console statement (no-console) at src/components/chart/analyticnew2/ChartAnalytic.vue:126:21:
  124 |                 })
  125 |                 .catch(error => {
> 126 |                     console.error('error exporting data: ', error)
      |                     ^
  127 |                 })
  128 |                 .finally(progressNoty.close)
  129 |         }


1 error found.

You may use special comments to disable some warnings.
Use // eslint-disable-next-line to ignore the next line.
Use /* eslint-disable */ to ignore all warnings in a file.
 warning  in ./src/helpers/cookies.helper.ts

Module Warning (from ./node_modules/thread-loader/dist/cjs.js):

/builds/infraspeak/web/web-core-client/src/helpers/cookies.helper.ts
  40:5   error  Unexpected var, use let or const instead   no-var
  40:40  error  Extra semicolon                            semi
  41:5   error  Unexpected var, use let or const instead   no-var
  41:65  error  Extra semicolon                            semi
  42:5   error  Unexpected var, use let or const instead   no-var
  42:77  error  Missing space before function parentheses  space-before-function-paren
  43:69  error  Extra semicolon                            semi
  44:17  error  Extra semicolon                            semi
  46:35  error  Extra semicolon                            semi

✖ 9 problems (9 errors, 0 warnings)
  9 errors and 0 warnings potentially fixable with the `--fix` option.


 @ ./src/store/root/Root.store.ts 22:0-56 62:26-38
 @ ./src/plugins/analytics/analytics.plugin.ts
 @ ./src/main.ts
 @ multi ./src/main.ts

 warning  in ./src/models/Base.transformer.ts

Module Warning (from ./node_modules/thread-loader/dist/cjs.js):

/builds/infraspeak/web/web-core-client/src/models/Base.transformer.ts
  46:17  error  Unexpected console statement  no-console

✖ 1 problem (1 error, 0 warnings)


 @ ./src/models/entity/Entity.transformer.v3.ts 7:0-60 71:2-17
 @ ./src/api/entity.api.ts
 @ ./src/store/root/Root.store.ts
 @ ./src/plugins/analytics/analytics.plugin.ts
 @ ./src/main.ts
 @ multi ./src/main.ts

 warning  in ./src/store/root/Root.store.ts

Module Warning (from ./node_modules/thread-loader/dist/cjs.js):

/builds/infraspeak/web/web-core-client/src/store/root/Root.store.ts
  366:17  error  Unexpected console statement  no-console

✖ 1 problem (1 error, 0 warnings)


 @ ./src/plugins/analytics/analytics.plugin.ts 9:0-52 19:14-23 20:16-25 21:16-25 22:40-49 27:8-17 28:27-36 29:28-37 52:19-28 52:49-58
 @ ./src/main.ts
 @ multi ./src/main.ts

 warning  

chunk chunk-63774b06 [mini-css-extract-plugin]
Conflicting order. Following module has been added:
 * css ./node_modules/css-loader/dist/cjs.js??ref--6-oneOf-1-1!./node_modules/vue-loader/lib/loaders/stylePostLoader.js!./node_modules/postcss-loader/src??ref--6-oneOf-1-2!./node_modules/cache-loader/dist/cjs.js??ref--0-0!./node_modules/vue-loader/lib??vue-loader-options!./src/assets/images/IsGearLogo.vue?vue&type=style&index=0&lang=css&
despite it was not able to fulfill desired ordering with these modules:
 * css ./node_modules/css-loader/dist/cjs.js??ref--8-oneOf-1-1!./node_modules/vue-loader/lib/loaders/stylePostLoader.js!./node_modules/postcss-loader/src??ref--8-oneOf-1-2!./node_modules/sass-loader/dist/cjs.js??ref--8-oneOf-1-3!./node_modules/cache-loader/dist/cjs.js??ref--0-0!./node_modules/vue-loader/lib??vue-loader-options!./src/components/common/tag/popover/IsTagPopover.vue?vue&type=style&index=0&lang=scss&
   - couldn't fulfill desired order of chunk group(s) assets-screen, failures-screen, planner-screen, purchases-screen, sales-screen, sales-quotes, , , , , , , , , , , , , , 
   - while fulfilling desired order of chunk group(s) scheduled-works-screen, scheduled-work-analytics-screen, failure-sla-analytics-screen, sla-analytics-screen, works-screen, screen-direct-app, , , , 

 warning  

chunk chunk-63774b06 [mini-css-extract-plugin]
Conflicting order. Following module has been added:
 * css ./node_modules/css-loader/dist/cjs.js??ref--8-oneOf-1-1!./node_modules/vue-loader/lib/loaders/stylePostLoader.js!./node_modules/postcss-loader/src??ref--8-oneOf-1-2!./node_modules/sass-loader/dist/cjs.js??ref--8-oneOf-1-3!./node_modules/cache-loader/dist/cjs.js??ref--0-0!./node_modules/vue-loader/lib??vue-loader-options!./src/components/common/tag/popover/IsTagPopover.vue?vue&type=style&index=0&lang=scss&
despite it was not able to fulfill desired ordering with these modules:
 * css ./node_modules/css-loader/dist/cjs.js??ref--8-oneOf-1-1!./node_modules/vue-loader/lib/loaders/stylePostLoader.js!./node_modules/postcss-loader/src??ref--8-oneOf-1-2!./node_modules/sass-loader/dist/cjs.js??ref--8-oneOf-1-3!./node_modules/cache-loader/dist/cjs.js??ref--0-0!./node_modules/vue-loader/lib??vue-loader-options!./src/components/common/select/IsSelect.vue?vue&type=style&index=0&lang=scss&
   - couldn't fulfill desired order of chunk group(s) scheduled-works-screen, scheduled-work-analytics-screen, failure-sla-analytics-screen, sla-analytics-screen, works-screen, screen-direct-app, , , 
   - while fulfilling desired order of chunk group(s) assets-screen, failures-screen, planner-screen, purchases-screen, sales-screen, sales-quotes, , , , , , , , , , , , , , , 

 warning  

chunk chunk-d9620424 [mini-css-extract-plugin]
Conflicting order. Following module has been added:
 * css ./node_modules/css-loader/dist/cjs.js??ref--8-oneOf-1-1!./node_modules/vue-loader/lib/loaders/stylePostLoader.js!./node_modules/postcss-loader/src??ref--8-oneOf-1-2!./node_modules/sass-loader/dist/cjs.js??ref--8-oneOf-1-3!./node_modules/cache-loader/dist/cjs.js??ref--0-0!./node_modules/vue-loader/lib??vue-loader-options!./src/components/common/show-all/IsShowAll.vue?vue&type=style&index=0&id=59795ca0&lang=scss&scoped=true&
despite it was not able to fulfill desired ordering with these modules:
 * css ./node_modules/css-loader/dist/cjs.js??ref--8-oneOf-1-1!./node_modules/vue-loader/lib/loaders/stylePostLoader.js!./node_modules/postcss-loader/src??ref--8-oneOf-1-2!./node_modules/sass-loader/dist/cjs.js??ref--8-oneOf-1-3!./node_modules/cache-loader/dist/cjs.js??ref--0-0!./node_modules/vue-loader/lib??vue-loader-options!./src/components/common/popover-summary/IsPopoverSummary.vue?vue&type=style&index=0&lang=scss&
   - couldn't fulfill desired order of chunk group(s) assets-screen, purchases-screen, sales-screen, works-screen, , , , , , , , 
   - while fulfilling desired order of chunk group(s) dashboard-screen, scheduled-works-screen, planner-screen, sales-quotes, screen-direct-app, , 

 warning  

chunk chunk-d9620424 [mini-css-extract-plugin]
Conflicting order. Following module has been added:
 * css ./node_modules/css-loader/dist/cjs.js??ref--8-oneOf-1-1!./node_modules/vue-loader/lib/loaders/stylePostLoader.js!./node_modules/postcss-loader/src??ref--8-oneOf-1-2!./node_modules/sass-loader/dist/cjs.js??ref--8-oneOf-1-3!./node_modules/cache-loader/dist/cjs.js??ref--0-0!./node_modules/vue-loader/lib??vue-loader-options!./src/components/common/list/IsList.vue?vue&type=style&index=0&id=2fe9468a&lang=scss&scoped=true&
despite it was not able to fulfill desired ordering with these modules:
 * css ./node_modules/css-loader/dist/cjs.js??ref--8-oneOf-1-1!./node_modules/vue-loader/lib/loaders/stylePostLoader.js!./node_modules/postcss-loader/src??ref--8-oneOf-1-2!./node_modules/sass-loader/dist/cjs.js??ref--8-oneOf-1-3!./node_modules/cache-loader/dist/cjs.js??ref--0-0!./node_modules/vue-loader/lib??vue-loader-options!./src/components/common/popover-summary/IsPopoverSummary.vue?vue&type=style&index=0&lang=scss&
   - couldn't fulfill desired order of chunk group(s) assets-screen, purchases-screen, sales-screen, works-screen, , , , , , , , 
   - while fulfilling desired order of chunk group(s) dashboard-screen, scheduled-works-screen, planner-screen, sales-quotes, screen-direct-app, , 

 warning  

chunk home-screen~planner-screen [mini-css-extract-plugin]
Conflicting order. Following module has been added:
 * css ./node_modules/css-loader/dist/cjs.js??ref--8-oneOf-1-1!./node_modules/vue-loader/lib/loaders/stylePostLoader.js!./node_modules/postcss-loader/src??ref--8-oneOf-1-2!./node_modules/sass-loader/dist/cjs.js??ref--8-oneOf-1-3!./node_modules/cache-loader/dist/cjs.js??ref--0-0!./node_modules/vue-loader/lib??vue-loader-options!./src/components/tag/new/TagNew.vue?vue&type=style&index=0&lang=scss&
despite it was not able to fulfill desired ordering with these modules:
 * css ./node_modules/css-loader/dist/cjs.js??ref--8-oneOf-1-1!./node_modules/vue-loader/lib/loaders/stylePostLoader.js!./node_modules/postcss-loader/src??ref--8-oneOf-1-2!./node_modules/sass-loader/dist/cjs.js??ref--8-oneOf-1-3!./node_modules/cache-loader/dist/cjs.js??ref--0-0!./node_modules/vue-loader/lib??vue-loader-options!./src/components/common/action-buttons/IsActionButtons.vue?vue&type=style&index=0&id=db3670b8&lang=scss&scoped=true&
   - couldn't fulfill desired order of chunk group(s) planner-screen
   - while fulfilling desired order of chunk group(s) home-screen

 warning  

asset size limit: The following asset(s) exceed the recommended size limit (244 KiB).
This can impact web performance.
Assets: 
  fonts/fa-light-300.1980e028.eot (484 KiB)
  fonts/fa-light-300.f056755c.woff (247 KiB)
  fonts/fa-light-300.5bdaa858.ttf (483 KiB)
  fonts/fa-solid-900.eb397dfa.eot (379 KiB)
  fonts/fa-solid-900.ba008862.ttf (378 KiB)
  img/fa-solid-900.bb8ecec4.svg (1.7 MiB)
  img/fa-light-300.4433b4f4.svg (2.31 MiB)
  css/app.3e251fed.css (378 KiB)
  js/app.8174cb25.js (470 KiB)
  js/assets-screen.a23eeeff.js (1.28 MiB)
  js/chunk-27852a9e.ef1d4338.js (299 KiB)
  js/chunk-67210066.abff419d.js (285 KiB)
  js/chunk-71f778ec.5c06cb2e.js (289 KiB)
  js/chunk-94169496.e4b4d8fc.js (930 KiB)
  js/chunk-c75ecfb4.5e1ba3ab.js (1.15 MiB)
  js/chunk-ec5cb53c.f4a38010.js (402 KiB)
  js/chunk-vendors.bc8540ce.js (1.91 MiB)
  js/dashboard-screen.38022b43.js (532 KiB)
  js/dashboard-screen~failure-sla-analytics-screen~sales-analytics-screen~scheduled-work-analytics-screen~7a7024e4.45ca1471.js (848 KiB)
  js/failures-screen.9efc365a.js (423 KiB)
  js/home-screen~quote-requests.14b7e04d.js (1.12 MiB)
  js/purchases-screen.79f5ac81.js (317 KiB)
  js/sales-quotes.770795a9.js (412 KiB)
  js/sales-screen.0a1a430c.js (424 KiB)
  js/scheduled-works-screen.af5bee6c.js (608 KiB)
  js/screen-direct-app.be5e24ea.js (493 KiB)
  js/works-screen.d331ace6.js (381 KiB)

 warning  

entrypoint size limit: The following entrypoint(s) combined asset size exceeds the recommended limit (244 KiB). This can impact web performance.
Entrypoints:
  app (2.75 MiB)
      css/chunk-vendors.b7d36435.css
      js/chunk-vendors.bc8540ce.js
      css/app.3e251fed.css
      js/app.8174cb25.js


  File                                      Size             Gzipped

  dist/js/chunk-vendors.bc8540ce.js         1959.16 KiB      550.63 KiB
  dist/js/assets-screen.a23eeeff.js         1311.20 KiB      418.94 KiB
  dist/js/chunk-c75ecfb4.5e1ba3ab.js        1178.73 KiB      382.54 KiB
  dist/js/home-screen~quote-requests.14b    1145.48 KiB      350.12 KiB
  7e04d.js
  dist/js/chunk-94169496.e4b4d8fc.js        929.85 KiB       416.41 KiB
  dist/js/dashboard-screen~failure-sla-a    847.53 KiB       291.95 KiB
  nalytics-screen~sales-analytics-screen
  ~scheduled-work-analytics-screen~7a702
  4e4.45ca1471.js
  dist/js/scheduled-works-screen.af5bee6    608.02 KiB       125.14 KiB
  c.js
  dist/js/dashboard-screen.38022b43.js      531.60 KiB       142.78 KiB
  dist/js/screen-direct-app.be5e24ea.js     492.78 KiB       97.99 KiB
  dist/js/app.8174cb25.js                   470.25 KiB       93.64 KiB
  dist/js/sales-screen.0a1a430c.js          423.50 KiB       91.75 KiB
  dist/js/failures-screen.9efc365a.js       423.22 KiB       89.95 KiB
  dist/js/sales-quotes.770795a9.js          412.29 KiB       86.20 KiB
  dist/js/chunk-ec5cb53c.f4a38010.js        402.18 KiB       78.06 KiB
  dist/js/works-screen.d331ace6.js          380.51 KiB       83.81 KiB
  dist/js/purchases-screen.79f5ac81.js      317.23 KiB       70.81 KiB
  dist/js/chunk-27852a9e.ef1d4338.js        299.42 KiB       60.48 KiB
  dist/js/chunk-71f778ec.5c06cb2e.js        289.06 KiB       57.34 KiB
  dist/js/chunk-67210066.abff419d.js        284.82 KiB       54.76 KiB
  dist/js/chunk-11b39890.5ab21223.js        234.32 KiB       48.20 KiB
  dist/js/chunk-a2c59080.c419c689.js        203.29 KiB       41.31 KiB
  dist/js/home-screen.0f306ae0.js           174.78 KiB       31.10 KiB
  dist/js/chunk-458b1468.87e0713f.js        173.14 KiB       33.35 KiB
  dist/js/planner-screen.9e644164.js        164.88 KiB       32.85 KiB
  dist/js/scheduled-work-analytics-scree    151.01 KiB       33.06 KiB
  n.9183241f.js
  dist/js/chunk-40aec68c.e3a4e638.js        141.87 KiB       39.40 KiB
  dist/js/failure-sla-analytics-screen.e    132.64 KiB       29.48 KiB
  c12d217.js
  dist/js/sla-analytics-screen.1d1fc5d1.    127.50 KiB       28.22 KiB
  js
  dist/js/sales-analytics-screen.994be57    121.23 KiB       27.27 KiB
  3.js
  dist/js/quote-requests.c113b414.js        104.04 KiB       26.38 KiB
  dist/js/utilities-screen.8a6b2c0a.js      96.51 KiB        24.28 KiB
  dist/js/chunk-5ad53e4d.0d28b538.js        81.67 KiB        16.90 KiB
  dist/js/chunk-9fabc144.52b27e23.js        79.07 KiB        16.22 KiB
  dist/js/chunk-0e8ad4d6.fb75ba03.js        76.45 KiB        14.27 KiB
  dist/js/client-prices-old-cms-screen.9    68.46 KiB        17.19 KiB
  a4826b5.js
  dist/js/chunk-f92a5520.3d19b65b.js        56.71 KiB        12.89 KiB
  dist/js/iot-management-screen.4295029f    48.48 KiB        12.26 KiB
  .js
  dist/js/chunk-be6dc046.df01b4d8.js        48.43 KiB        10.48 KiB
  dist/js/chunk-4af8769e.91de7f6b.js        45.33 KiB        10.75 KiB
  dist/js/personal-access-tokens-managem    44.44 KiB        10.33 KiB
  ent-screen.c5a8b63c.js
  dist/js/chunk-e53225a0.b54f50b7.js        42.95 KiB        9.41 KiB
  dist/js/settings-screen.b46ccba4.js       41.40 KiB        9.97 KiB
  dist/js/analytics-screen.2460232c.js      39.00 KiB        9.71 KiB
  dist/js/chunk-24819957.96b5f236.js        37.11 KiB        11.16 KiB
  dist/js/chunk-8d84d64c.2c365cb7.js        37.07 KiB        9.74 KiB
  dist/js/home-screen~planner-screen.384    36.02 KiB        10.07 KiB
  7053d.js
  dist/js/chunk-6f682a76.506a6814.js        35.40 KiB        8.24 KiB
  dist/js/chunk-ed2db28a.af015618.js        34.88 KiB        7.92 KiB
  dist/precache-manifest.985d5a5ee270a97    34.24 KiB        8.37 KiB
  258647605ce007cd6.js
  dist/new-relic/new-relic-staging.js       33.31 KiB        10.18 KiB
  dist/new-relic/new-relic-production.js    33.27 KiB        10.17 KiB
  dist/js/webhooks-management-screen.f75    33.23 KiB        8.20 KiB
  9ebc1.js
  dist/js/chunk-5b71d83e.a27ebeb7.js        32.75 KiB        7.94 KiB
  dist/js/chunk-5c93fd4a.8830d3f5.js        32.40 KiB        7.86 KiB
  dist/js/chunk-40542b77.d11868e3.js        31.67 KiB        9.52 KiB
  dist/js/chunk-a6775f34.166960ae.js        31.32 KiB        9.39 KiB
  dist/js/welcome-screen.648ef79b.js        31.22 KiB        6.78 KiB
  dist/js/chunk-563e286f.a485522f.js        30.95 KiB        7.40 KiB
  dist/js/home-screen~planner-screen~quo    30.88 KiB        6.92 KiB
  te-requests.3e811a64.js
  dist/js/webhook-logs-management-screen    30.51 KiB        7.55 KiB
  .dd4ec4cf.js
  dist/js/chunk-50ce4de3.fe5ef66b.js        30.36 KiB        7.82 KiB
  dist/js/utility-types-management-scree    30.13 KiB        5.85 KiB
  n.def41987.js
  dist/js/chunk-bb8bb71c.73e97646.js        30.10 KiB        7.42 KiB
  dist/js/chunk-228634b6.e32cf3e8.js        30.07 KiB        7.25 KiB
  dist/js/chunk-4b884181.5a91adad.js        29.44 KiB        6.83 KiB
  dist/js/chunk-a5b10e64.9b2c4fb3.js        28.73 KiB        6.98 KiB
  dist/js/chunk-7530c446.33a4c0ee.js        28.65 KiB        7.04 KiB
  dist/js/chunk-c72a8b22.64a595f1.js        27.67 KiB        6.77 KiB
  dist/js/chunk-8317bdac.be98e1c5.js        27.14 KiB        5.99 KiB
  dist/js/chunk-cb357d92.24a7297c.js        26.85 KiB        8.40 KiB
  dist/js/chunk-4e831194.39143bf2.js        26.82 KiB        6.55 KiB
  dist/js/chunk-edd6f50e.71c0bb89.js        26.73 KiB        6.82 KiB
  dist/js/integrations-management-screen    26.53 KiB        7.66 KiB
  .0f3e4d1c.js
  dist/js/chunk-3e61d454.8d170fa8.js        25.92 KiB        8.05 KiB
  dist/js/cost-center-management-screen.    25.34 KiB        5.82 KiB
  fce9ced2.js
  dist/js/old-cms-screen.eb21eea8.js        25.23 KiB        6.54 KiB
  dist/js/chunk-46a43f9d.a29fdce1.js        24.95 KiB        6.45 KiB
  dist/js/chunk-63ec3a1d.d58acdd2.js        24.87 KiB        6.57 KiB
  dist/js/chunk-8f15fc56.96754c7f.js        24.34 KiB        7.96 KiB
  dist/js/chunk-7641f568.479fe534.js        24.24 KiB        5.29 KiB
  dist/js/chunk-2ef1fa86.848c5b33.js        24.19 KiB        5.27 KiB
  dist/js/other-cost-management-screen.4    21.93 KiB        5.31 KiB
  6dba2b1.js
  dist/js/chunk-0b963646.698087c2.js        20.97 KiB        5.45 KiB
  dist/js/gatekeeper-screen.f46488f1.js     20.94 KiB        4.96 KiB
  dist/js/chunk-50ba1901.80435c32.js        20.77 KiB        5.50 KiB
  dist/js/chunk-28a68ae6.254ef410.js        20.44 KiB        4.62 KiB
  dist/js/cost-center-management-screen~    20.02 KiB        5.29 KiB
  failures-screen~gatekeeper-screen~othe
  r-cost-management-screen~persona~67c50
  c01.a0c294a1.js
  dist/js/chunk-7dfc3f67.4a8ef2c6.js        19.78 KiB        7.02 KiB
  dist/js/chunk-2f39d752.928d5d7c.js        19.17 KiB        5.35 KiB
  dist/js/chunk-39a5301c.5c7b7810.js        18.60 KiB        6.76 KiB
  dist/js/chunk-7e2e62a3.9a28cfd8.js        18.46 KiB        4.44 KiB
  dist/js/welcome-whats-new.fa6961d2.js     18.29 KiB        5.83 KiB
  dist/js/chunk-d486d454.1f632868.js        17.95 KiB        4.88 KiB
  dist/js/chunk-9e9c9b90.5c5cdf13.js        17.06 KiB        6.44 KiB
  dist/js/chunk-0ca90d33.0c82bd83.js        16.65 KiB        3.08 KiB
  dist/js/chunk-63774b06.e496ace5.js        15.41 KiB        4.38 KiB
  dist/js/assets-screen~cost-center-mana    15.03 KiB        5.20 KiB
  gement-screen~failure-sla-analytics-sc
  reen~failures-screen~gatekeeper-~278fd
  1fd.917bd973.js
  dist/js/chunk-020eb630.e2037c5d.js        14.87 KiB        3.62 KiB
  dist/js/chunk-5a50fbae.cea1d453.js        14.87 KiB        3.79 KiB
  dist/js/sales-analytics-screen~utiliti    14.59 KiB        3.54 KiB
  es-screen.76595648.js
  dist/js/chunk-447e4a00.f8b5ddc9.js        13.32 KiB        3.32 KiB
  dist/js/hub-apps~hub-screen.c25aacb3.j    13.32 KiB        3.63 KiB
  s
  dist/js/chunk-4eec0cf6.c6dca37d.js        13.26 KiB        5.30 KiB
  dist/js/chunk-8208f196.826d2e01.js        12.31 KiB        3.26 KiB
  dist/js/chunk-2ca6309a.54189b3b.js        11.89 KiB        3.11 KiB
  dist/js/chunk-263d19fc.7ca29984.js        11.03 KiB        3.46 KiB
  dist/js/hub-screen.67543a45.js            10.51 KiB        2.87 KiB
  dist/js/account-blocked.f71aa644.js       10.18 KiB        3.74 KiB
  dist/js/login-screen.e847992f.js          10.17 KiB        4.04 KiB
  dist/js/hub-apps.1d7359c1.js              10.16 KiB        2.79 KiB
  dist/js/chunk-a4692d46.f1cd6959.js        9.40 KiB         3.06 KiB
  dist/js/chunk-29798ad0.a751cc1e.js        9.38 KiB         2.56 KiB
  dist/js/chunk-5b653a01.1703cabe.js        8.88 KiB         2.96 KiB
  dist/js/chunk-053c745c.d901f18a.js        8.83 KiB         2.71 KiB
  dist/js/chunk-d9620424.c126cdad.js        8.38 KiB         2.16 KiB
  dist/js/chunk-76a05bde.e1526fc1.js        8.08 KiB         2.32 KiB
  dist/js/chunk-f2b884e2.30923146.js        7.63 KiB         2.39 KiB
  dist/js/chunk-27ecb80c.f80c4ecc.js        7.23 KiB         2.25 KiB
  dist/js/chunk-66f59a7a.fd907028.js        6.12 KiB         1.90 KiB
  dist/js/chunk-751bd99d.167be24f.js        5.98 KiB         1.67 KiB
  dist/js/chunk-7edb60e6.45db409a.js        5.75 KiB         2.03 KiB
  dist/js/chunk-61bb3ffe.89863edb.js        5.71 KiB         1.86 KiB
  dist/js/chunk-6acaf102.247f1cfb.js        5.60 KiB         1.89 KiB
  dist/js/chunk-24f77d2a.2c85d402.js        5.51 KiB         1.86 KiB
  dist/js/chunk-7b4fb17e.e3422018.js        5.16 KiB         1.68 KiB
  dist/js/chunk-03b6f782.bee28e1d.js        4.36 KiB         1.28 KiB
  dist/js/chunk-5c252a5e.61df4d0e.js        3.58 KiB         1.19 KiB
  dist/js/chunk-2d0d8057.3c3ed904.js        3.48 KiB         1.19 KiB
  dist/js/page-not-found-screen.0ff218e5    3.40 KiB         1.53 KiB
  .js
  dist/basic.js                             3.36 KiB         1.05 KiB
  dist/js/chunk-2d212ff2.6629aa81.js        3.00 KiB         1.13 KiB
  dist/js/chunk-2d2261a8.da626f13.js        2.97 KiB         1.21 KiB
  dist/js/chunk-2d0b1be8.d9984fd0.js        2.94 KiB         1.13 KiB
  dist/js/chunk-2d0e91af.ad0f37a9.js        2.64 KiB         1.14 KiB
  dist/js/chunk-2d0e1dae.cdc5bfc6.js        2.62 KiB         1.18 KiB
  dist/js/chunk-2d0e4a7c.6b07ec80.js        2.60 KiB         1.15 KiB
  dist/js/chunk-2d0ce796.5f2a3efe.js        2.52 KiB         1.16 KiB
  dist/js/chunk-2d0db486.34bed1c2.js        2.50 KiB         1.15 KiB
  dist/js/chunk-2d21b27e.07be6566.js        2.49 KiB         1.09 KiB
  dist/js/chunk-2d229616.f7ca2457.js        2.47 KiB         1.13 KiB
  dist/js/chunk-2d228e49.d768461f.js        2.41 KiB         1.07 KiB
  dist/js/chunk-2d22d238.2e039c12.js        2.40 KiB         1.11 KiB
  dist/js/chunk-2d0b2213.6a128350.js        2.38 KiB         1.03 KiB
  dist/js/chunk-2d0da6ab.74241921.js        2.19 KiB         1.05 KiB
  dist/js/chunk-2d0d622d.38de996c.js        2.13 KiB         0.97 KiB
  dist/js/chunk-2d0cba55.e7d6e534.js        2.07 KiB         1.00 KiB
  dist/js/chunk-f50c655a.e32d2e71.js        2.00 KiB         0.87 KiB
  dist/js/chunk-2d0f0dec.d782f997.js        1.98 KiB         0.97 KiB
  dist/js/chunk-2d216de6.77705d1b.js        1.96 KiB         1.02 KiB
  dist/js/chunk-2d2132bb.b65fbc8c.js        1.96 KiB         0.94 KiB
  dist/js/chunk-2d0b2ee7.2a81427c.js        1.94 KiB         1.01 KiB
  dist/js/chunk-2d0cf17f.e3785b20.js        1.94 KiB         0.99 KiB
  dist/js/chunk-2d0bdb3c.439f6ea8.js        1.93 KiB         0.98 KiB
  dist/js/chunk-2d237f33.2a8c2cae.js        1.93 KiB         1.00 KiB
  dist/js/chunk-2d0e26c3.1dbaca88.js        1.93 KiB         0.97 KiB
  dist/js/chunk-2d2259d8.83888308.js        1.92 KiB         0.94 KiB
  dist/js/chunk-2d0d70e6.c3640bf9.js        1.91 KiB         0.98 KiB
  dist/js/chunk-2d0ea0ba.3e43d6b9.js        1.90 KiB         0.98 KiB
  dist/js/chunk-2d0d6a95.3d883ea9.js        1.90 KiB         0.93 KiB
  dist/js/chunk-2d0cca32.2bac9c9b.js        1.90 KiB         0.91 KiB
  dist/js/chunk-2d0d03e8.594e85b0.js        1.90 KiB         0.92 KiB
  dist/js/chunk-2d0d70c6.67724bf1.js        1.90 KiB         0.96 KiB
  dist/js/chunk-2d0c575a.9770dc11.js        1.90 KiB         0.94 KiB
  dist/js/chunk-2d0e9ba2.c8755efe.js        1.89 KiB         0.94 KiB
  dist/js/chunk-2d0b9447.463d5376.js        1.88 KiB         0.92 KiB
  dist/js/chunk-2d0a45e0.4ae886a3.js        1.87 KiB         0.91 KiB
  dist/js/chunk-2d217af6.ab91f521.js        1.87 KiB         1.01 KiB
  dist/js/chunk-2d0b23c4.8daecc20.js        1.86 KiB         0.93 KiB
  dist/js/chunk-2d2107bd.2b521a96.js        1.86 KiB         0.92 KiB
  dist/js/chunk-2d22e165.96d5bfa2.js        1.86 KiB         0.91 KiB
  dist/js/chunk-2d20f204.6b3c5220.js        1.85 KiB         0.97 KiB
  dist/js/chunk-2d21a5d7.22ef6e49.js        1.85 KiB         0.92 KiB
  dist/js/chunk-2d0e57ff.3ecd9637.js        1.85 KiB         0.89 KiB
  dist/js/chunk-2d2288f4.b828a075.js        1.85 KiB         0.89 KiB
  dist/js/chunk-77215428.c7d3206c.js        1.84 KiB         0.95 KiB
  dist/js/chunk-2d0cbca7.f3384819.js        1.83 KiB         0.94 KiB
  dist/js/chunk-2d0d0f3c.81b63e6b.js        1.80 KiB         0.91 KiB
  dist/js/chunk-2d0d3ea6.e6f28ebc.js        1.79 KiB         0.93 KiB
  dist/js/chunk-2d0e5eb9.8665eff2.js        1.79 KiB         0.91 KiB
  dist/js/chunk-6659b8d6.fe1398c8.js        1.78 KiB         0.80 KiB
  dist/js/chunk-2d20e85d.6479021d.js        1.77 KiB         0.87 KiB
  dist/js/chunk-2d20f558.03553899.js        1.76 KiB         0.86 KiB
  dist/service-worker.js                    1.06 KiB         0.62 KiB
  dist/css/app.3e251fed.css                 378.28 KiB       61.82 KiB
  dist/css/scheduled-works-screen.270a8f    156.80 KiB       14.65 KiB
  ae.css
  dist/css/chunk-ec5cb53c.a985485b.css      132.86 KiB       11.83 KiB
  dist/css/assets-screen.28baffbf.css       118.19 KiB       11.71 KiB
  dist/css/chunk-c75ecfb4.bebd7703.css      95.95 KiB        9.06 KiB
  dist/css/screen-direct-app.1aac2979.cs    91.34 KiB        9.71 KiB
  s
  dist/css/sales-screen.da41bca2.css        89.81 KiB        10.41 KiB
  dist/css/failures-screen.d7d4a160.css     87.96 KiB        9.12 KiB
  dist/css/works-screen.50a5626c.css        79.54 KiB        9.73 KiB
  dist/css/purchases-screen.72ca70b6.css    79.25 KiB        8.68 KiB
  dist/css/chunk-27852a9e.edd86e9a.css      77.71 KiB        8.38 KiB
  dist/css/chunk-71f778ec.a596b0a6.css      75.43 KiB        7.42 KiB
  dist/css/sales-quotes.f61c6b86.css        73.54 KiB        9.03 KiB
  dist/css/chunk-a2c59080.37cc916c.css      65.70 KiB        6.51 KiB
  dist/css/chunk-11b39890.bc541065.css      63.00 KiB        7.18 KiB
  dist/css/chunk-67210066.fe63e54d.css      59.55 KiB        7.04 KiB
  dist/css/chunk-94169496.bd9abbdf.css      57.13 KiB        5.19 KiB
  dist/css/dashboard-screen.ac1c51da.css    56.80 KiB        12.21 KiB
  dist/css/planner-screen.6450e474.css      53.25 KiB        5.17 KiB
  dist/css/chunk-458b1468.757f36d8.css      46.71 KiB        5.06 KiB
  dist/css/chunk-9fabc144.1de095f8.css      33.44 KiB        3.74 KiB
  dist/css/utilities-screen.fe70eca6.css    33.34 KiB        4.20 KiB
  dist/css/home-screen.eb117916.css         31.78 KiB        4.88 KiB
  dist/css/chunk-be6dc046.35765605.css      30.19 KiB        3.28 KiB
  dist/css/chunk-40aec68c.e6b3a0aa.css      25.96 KiB        4.08 KiB
  dist/css/chunk-5ad53e4d.dc8fdf8c.css      23.87 KiB        2.93 KiB
  dist/css/chunk-5b71d83e.1ce79ab4.css      22.07 KiB        3.38 KiB
  dist/css/scheduled-work-analytics-scre    21.75 KiB        2.98 KiB
  en.cfeb6693.css
  dist/css/chunk-0e8ad4d6.cfad4988.css      19.90 KiB        2.56 KiB
  dist/css/chunk-8d84d64c.a1c17f36.css      18.76 KiB        2.32 KiB
  dist/css/sla-analytics-screen.88eb5241    18.37 KiB        2.87 KiB
  .css
  dist/css/sales-analytics-screen.097c53    18.31 KiB        2.91 KiB
  18.css
  dist/css/failure-sla-analytics-screen.    18.30 KiB        2.86 KiB
  69a0ef85.css
  dist/css/chunk-4e831194.c9ae91da.css      18.11 KiB        2.29 KiB
  dist/css/chunk-50ce4de3.61476ee8.css      17.99 KiB        3.11 KiB
  dist/css/chunk-e53225a0.e9866983.css      17.58 KiB        2.62 KiB
  dist/css/chunk-f92a5520.23a54b8e.css      17.53 KiB        2.86 KiB
  dist/css/welcome-screen.69942b43.css      16.54 KiB        2.25 KiB
  dist/css/iot-management-screen.db4d5cc    16.43 KiB        2.62 KiB
  e.css
  dist/css/quote-requests.91cef92b.css      16.42 KiB        3.00 KiB
  dist/css/chunk-0b963646.923e8498.css      16.15 KiB        2.22 KiB
  dist/css/settings-screen.cd66366c.css     14.81 KiB        2.21 KiB
  dist/css/chunk-4af8769e.a4bb0d4f.css      14.77 KiB        2.87 KiB
  dist/css/chunk-6f682a76.3657ed8c.css      14.75 KiB        2.69 KiB
  dist/css/chunk-bb8bb71c.dc44c268.css      14.44 KiB        2.62 KiB
  dist/css/chunk-5c93fd4a.9aba3652.css      14.38 KiB        2.62 KiB
  dist/css/client-prices-old-cms-screen.    14.13 KiB        2.74 KiB
  7570cce2.css
  dist/css/analytics-screen.34ea5468.css    14.08 KiB        1.96 KiB
  dist/css/webhook-logs-management-scree    12.54 KiB        2.23 KiB
  n.81e7e6c7.css
  dist/css/chunk-edd6f50e.f871b8b4.css      12.52 KiB        2.54 KiB
  dist/css/webhooks-management-screen.86    11.67 KiB        2.03 KiB
  c0dc5c.css
  dist/css/chunk-28a68ae6.1a22b2e9.css      11.50 KiB        2.28 KiB
  dist/css/chunk-66f59a7a.361ca5ab.css      10.98 KiB        1.83 KiB
  dist/css/chunk-8208f196.38783451.css      10.66 KiB        1.74 KiB
  dist/css/chunk-a5b10e64.3ac4142e.css      10.11 KiB        1.70 KiB
  dist/css/chunk-63774b06.cee20d18.css      9.93 KiB         2.01 KiB
  dist/css/chunk-ed2db28a.73687a4a.css      9.84 KiB         1.81 KiB
  dist/css/hub-apps.7bb4dcac.css            9.56 KiB         2.31 KiB
  dist/css/chunk-7530c446.5cf9eed5.css      9.52 KiB         1.70 KiB
  dist/css/personal-access-tokens-manage    9.51 KiB         1.39 KiB
  ment-screen.94789abf.css
  dist/css/cost-center-management-screen    9.13 KiB         2.28 KiB
  ~failures-screen~gatekeeper-screen~oth
  er-cost-management-screen~persona~67c5
  0c01.1fc7f9ca.css
  dist/css/chunk-29798ad0.bfa5f447.css      8.76 KiB         1.41 KiB
  dist/basic.css                            8.28 KiB         1.63 KiB
  dist/css/chunk-4b884181.71c81e88.css      7.69 KiB         1.70 KiB
  dist/css/welcome-whats-new.176de1aa.cs    7.68 KiB         2.04 KiB
  s
  dist/css/chunk-563e286f.55881853.css      7.27 KiB         1.58 KiB
  dist/css/chunk-03b6f782.e6c50781.css      7.08 KiB         1.08 KiB
  dist/css/hub-screen.c776f36c.css          6.94 KiB         1.85 KiB
  dist/css/chunk-d9620424.573bddf9.css      6.92 KiB         1.09 KiB
  dist/css/chunk-c72a8b22.ebd6f47c.css      6.58 KiB         1.70 KiB
  dist/css/integrations-management-scree    6.39 KiB         1.29 KiB
  n.d45b4815.css
  dist/css/chunk-020eb630.3b468e91.css      6.04 KiB         1.22 KiB
  dist/css/old-cms-screen.0a49c550.css      5.89 KiB         0.87 KiB
  dist/css/chunk-63ec3a1d.d02f694b.css      5.74 KiB         1.56 KiB
  dist/css/chunk-751bd99d.a34d6524.css      5.72 KiB         1.16 KiB
  dist/css/chunk-7e2e62a3.e2467bbf.css      5.69 KiB         1.50 KiB
  dist/css/chunk-228634b6.80425abe.css      5.64 KiB         1.57 KiB
  dist/css/chunk-7dfc3f67.0f908b79.css      5.48 KiB         1.12 KiB
  dist/css/chunk-24819957.89c8c9de.css      5.45 KiB         1.52 KiB
  dist/css/chunk-50ba1901.f06eb3c3.css      5.35 KiB         1.49 KiB
  dist/css/chunk-d486d454.f06eb3c3.css      5.35 KiB         1.49 KiB
  dist/css/chunk-46a43f9d.e5e15df3.css      5.30 KiB         1.47 KiB
  dist/css/page-not-found-screen.cfdea92    5.22 KiB         1.09 KiB
  7.css
  dist/css/login-screen.b4ff8532.css        5.09 KiB         1.48 KiB
  dist/css/chunk-8317bdac.bea96c36.css      5.02 KiB         1.40 KiB
  dist/css/chunk-2f39d752.cc8aa3a8.css      5.01 KiB         1.40 KiB
  dist/css/chunk-2ca6309a.5c163df3.css      4.53 KiB         1.31 KiB
  dist/css/chunk-3e61d454.6a4d0725.css      4.47 KiB         1.28 KiB
  dist/css/chunk-40542b77.6a4d0725.css      4.47 KiB         1.28 KiB
  dist/css/chunk-8f15fc56.6a4d0725.css      4.47 KiB         1.28 KiB
  dist/css/chunk-a6775f34.6a4d0725.css      4.47 KiB         1.28 KiB
  dist/css/chunk-2ef1fa86.5d4cdb4a.css      4.38 KiB         1.25 KiB
  dist/css/chunk-7edb60e6.8fade6b3.css      4.36 KiB         1.28 KiB
  dist/css/chunk-7641f568.ffd1aed9.css      4.33 KiB         1.22 KiB
  dist/css/chunk-76a05bde.ffd1aed9.css      4.33 KiB         1.22 KiB
  dist/css/chunk-cb357d92.ffd1aed9.css      4.33 KiB         1.22 KiB
  dist/css/chunk-61bb3ffe.84ec0d1f.css      4.19 KiB         1.29 KiB
  dist/css/home-screen~planner-screen.cd    4.16 KiB         0.88 KiB
  13dfc8.css
  dist/css/chunk-5a50fbae.346fe3e5.css      4.00 KiB         0.79 KiB
  dist/css/home-screen~planner-screen~qu    3.54 KiB         1.10 KiB
  ote-requests.c7cbd849.css
  dist/css/assets-screen~cost-center-man    3.47 KiB         0.92 KiB
  agement-screen~failure-sla-analytics-s
  creen~failures-screen~gatekeeper-~278f
  d1fd.dac667ce.css
  dist/css/chunk-39a5301c.3dc0d519.css      3.38 KiB         1.03 KiB
  dist/css/chunk-vendors.b7d36435.css       3.37 KiB         0.66 KiB
  dist/css/hub-apps~hub-screen.1f14f5e2.    2.80 KiB         0.93 KiB
  css
  dist/css/chunk-447e4a00.ea85ca7f.css      2.80 KiB         0.90 KiB
  dist/css/chunk-263d19fc.885d438a.css      2.66 KiB         0.85 KiB
  dist/css/sales-analytics-screen~utilit    2.64 KiB         0.82 KiB
  ies-screen.90271dbd.css
  dist/css/account-blocked.7d55c5c5.css     2.56 KiB         0.84 KiB
  dist/css/chunk-4eec0cf6.1b6f5f32.css      2.19 KiB         0.71 KiB
  dist/css/chunk-6acaf102.4ac7edbc.css      2.19 KiB         0.73 KiB
  dist/css/chunk-7b4fb17e.95113aaf.css      2.19 KiB         0.73 KiB
  dist/css/chunk-24f77d2a.465795e1.css      2.17 KiB         0.73 KiB
  dist/css/chunk-f2b884e2.10059aea.css      2.16 KiB         0.73 KiB
  dist/css/chunk-27ecb80c.1ff176f0.css      2.16 KiB         0.72 KiB
  dist/css/chunk-a4692d46.0f5efdab.css      2.10 KiB         0.68 KiB
  dist/css/chunk-5b653a01.9928b22f.css      2.08 KiB         0.68 KiB
  dist/css/cost-center-management-screen    2.05 KiB         0.65 KiB
  .72a7aea9.css
  dist/css/chunk-f50c655a.4841d5d3.css      1.99 KiB         0.66 KiB
  dist/css/chunk-5c252a5e.1a63d872.css      1.99 KiB         0.67 KiB
  dist/css/dashboard-screen~failure-sla-    1.92 KiB         0.63 KiB
  analytics-screen~sales-analytics-scree
  n~scheduled-work-analytics-screen~7a70
  24e4.4c5f5ece.css
  dist/css/chunk-6659b8d6.a6e3afb4.css      1.81 KiB         0.59 KiB

  Images and other types of assets omitted.

 DONE  Build complete. The dist directory is ready to be deployed.
 INFO  Check out deployment instructions at https://cli.vuejs.org/guide/deployment.html
      
section_end:1623248717:step_script[0Ksection_start:1623248717:archive_cache[0K[0K[36;1mSaving cache for successful job[0;m
[0;m[32;1mCreating cache v0-102-9...[0;m
dist/: found 382 matching files and directories   [0;m 
node_modules/: found 157686 matching files and directories[0;m 
Uploading cache.zip to https://is-gitlab-runners-cache.s3.dualstack.eu-west-1.amazonaws.com/project/20143087/v0-102-9[0;m 
[32;1mCreated cache[0;m
section_end:1623248816:archive_cache[0Ksection_start:1623248816:cleanup_file_variables[0K[0K[36;1mCleaning up file based variables[0;m
[0;msection_end:1623248817:cleanup_file_variables[0K[32;1mJob succeeded
[0;m