[0KRunning with gitlab-runner 13.7.0 (943fc252)
[0;m[0K  on Web Core Client - Tests- docker+machine Gu_oFDiR
[0;msection_start:1625148048:resolve_secrets[0K[0K[36;1mResolving secrets[0;m
[0;msection_end:1625148048:resolve_secrets[0Ksection_start:1625148048:prepare_executor[0K[0K[36;1mPreparing the "docker+machine" executor[0;m
[0;m[0KUsing Docker executor with image node:12.16.1 ...
[0;m[0KPulling docker image node:12.16.1 ...
[0;m[0KUsing docker image sha256:88c089733a3b980b3517e8e2e8afa46b338f69d7562550cb3c2e9fd852a2fbac for node:12.16.1 with digest node@sha256:46f4c17e1edbde36d60a9f6362db7912cfe301bac89afef7cc92421ab3e7ca18 ...
[0;msection_end:1625148051:prepare_executor[0Ksection_start:1625148051:prepare_script[0K[0K[36;1mPreparing environment[0;m
[0;mRunning on runner-guofdir-project-20143087-concurrent-0 via runner-guofdir-IS-Pipeline-gitlab-runner-1625147197-dda8d69b...
section_end:1625148051:prepare_script[0Ksection_start:1625148051:get_sources[0K[0K[36;1mGetting source from Git repository[0;m
[0;m[32;1mFetching changes with git depth set to 1...[0;m
Initialized empty Git repository in /builds/infraspeak/web/web-core-client/.git/
[32;1mCreated fresh repository.[0;m
[32;1mChecking out 9ec5e3af as v0.104.5...[0;m

[32;1mSkipping Git submodules setup[0;m
section_end:1625148055:get_sources[0Ksection_start:1625148055:restore_cache[0K[0K[36;1mRestoring cache[0;m
[0;m[32;1mChecking cache for v0-104-5...[0;m
Downloading cache.zip from https://is-gitlab-runners-cache.s3.dualstack.eu-west-1.amazonaws.com/project/20143087/v0-104-5[0;m 
[32;1mSuccessfully extracted cache[0;m
section_end:1625148119:restore_cache[0Ksection_start:1625148119:step_script[0K[0K[36;1mExecuting "step_script" stage of the job script[0;m
[0;m[32;1m$ npm run build-production[0;m

> infraspeak-web-core-client@0.103.0 build-production /builds/infraspeak/web/web-core-client
> vue-cli-service build --mode production --dest dist


-  Building for production...
Starting type checking service...
Using 1 worker with 2048MB memory limit
Browserslist: caniuse-lite is outdated. Please run:
npx browserslist@latest --update-db

Why you should do it regularly:
https://github.com/browserslist/browserslist#browsers-data-updating
Browserslist: caniuse-lite is outdated. Please run:
npx browserslist@latest --update-db

Why you should do it regularly:
https://github.com/browserslist/browserslist#browsers-data-updating
 WARNING  Compiled with 13 warnings2:08:15 PM

Module Warning (from ./node_modules/eslint-loader/index.js):
error: Unexpected console statement (no-console) at src/components/chart/analytic/ChartAnalytic.vue:249:25:
  247 |                         this.isLoadingData = false
  248 | 
> 249 |                         console.error('error getting data: ', error)
      |                         ^
  250 |                     })
  251 |             }
  252 | 


error: Unexpected console statement (no-console) at src/components/chart/analytic/ChartAnalytic.vue:329:29:
  327 |                         })
  328 |                         .catch(error => {
> 329 |                             console.error('error exporting data: ', error)
      |                             ^
  330 |                         })
  331 |                         .finally(progressNoty.close)
  332 | 


2 errors found.

Module Warning (from ./node_modules/eslint-loader/index.js):
error: Unexpected console statement (no-console) at src/components/chart/analyticnew2/ChartAnalytic.vue:126:21:
  124 |                 })
  125 |                 .catch(error => {
> 126 |                     console.error('error exporting data: ', error)
      |                     ^
  127 |                 })
  128 |                 .finally(progressNoty.close)
  129 |         }


1 error found.

You may use special comments to disable some warnings.
Use // eslint-disable-next-line to ignore the next line.
Use /* eslint-disable */ to ignore all warnings in a file.
 warning  in ./src/helpers/cookies.helper.ts

Module Warning (from ./node_modules/thread-loader/dist/cjs.js):

/builds/infraspeak/web/web-core-client/src/helpers/cookies.helper.ts
  40:5   error  Unexpected var, use let or const instead   no-var
  40:40  error  Extra semicolon                            semi
  41:5   error  Unexpected var, use let or const instead   no-var
  41:65  error  Extra semicolon                            semi
  42:5   error  Unexpected var, use let or const instead   no-var
  42:77  error  Missing space before function parentheses  space-before-function-paren
  43:69  error  Extra semicolon                            semi
  44:17  error  Extra semicolon                            semi
  46:35  error  Extra semicolon                            semi

✖ 9 problems (9 errors, 0 warnings)
  9 errors and 0 warnings potentially fixable with the `--fix` option.


 @ ./src/store/root/Root.store.ts 22:0-56 62:26-38
 @ ./src/plugins/analytics/analytics.plugin.ts
 @ ./src/main.ts
 @ multi ./src/main.ts

 warning  in ./src/models/Base.transformer.ts

Module Warning (from ./node_modules/thread-loader/dist/cjs.js):

/builds/infraspeak/web/web-core-client/src/models/Base.transformer.ts
  46:17  error  Unexpected console statement  no-console

✖ 1 problem (1 error, 0 warnings)


 @ ./src/models/extension-configuration/ExtensionConfiguration.transformer.v3.ts 5:0-60 57:2-17
 @ ./src/api/extension.api.ts
 @ ./src/store/root/Root.store.ts
 @ ./src/plugins/analytics/analytics.plugin.ts
 @ ./src/main.ts
 @ multi ./src/main.ts

 warning  in ./src/store/root/Root.store.ts

Module Warning (from ./node_modules/thread-loader/dist/cjs.js):

/builds/infraspeak/web/web-core-client/src/store/root/Root.store.ts
  366:17  error  Unexpected console statement  no-console

✖ 1 problem (1 error, 0 warnings)


 @ ./src/plugins/analytics/analytics.plugin.ts 9:0-52 19:14-23 20:16-25 21:16-25 22:40-49 27:8-17 28:27-36 29:28-37 54:19-28 54:49-58
 @ ./src/main.ts
 @ multi ./src/main.ts

 warning  

chunk chunk-63774b06 [mini-css-extract-plugin]
Conflicting order. Following module has been added:
 * css ./node_modules/css-loader/dist/cjs.js??ref--6-oneOf-1-1!./node_modules/vue-loader/lib/loaders/stylePostLoader.js!./node_modules/postcss-loader/src??ref--6-oneOf-1-2!./node_modules/cache-loader/dist/cjs.js??ref--0-0!./node_modules/vue-loader/lib??vue-loader-options!./src/assets/images/IsGearLogo.vue?vue&type=style&index=0&lang=css&
despite it was not able to fulfill desired ordering with these modules:
 * css ./node_modules/css-loader/dist/cjs.js??ref--8-oneOf-1-1!./node_modules/vue-loader/lib/loaders/stylePostLoader.js!./node_modules/postcss-loader/src??ref--8-oneOf-1-2!./node_modules/sass-loader/dist/cjs.js??ref--8-oneOf-1-3!./node_modules/cache-loader/dist/cjs.js??ref--0-0!./node_modules/vue-loader/lib??vue-loader-options!./src/components/common/tag/popover/IsTagPopover.vue?vue&type=style&index=0&lang=scss&
   - couldn't fulfill desired order of chunk group(s) assets-screen, failures-screen, planner-screen, purchases-screen, sales-screen, sales-quotes, , , , , , , , , , , , , 
   - while fulfilling desired order of chunk group(s) scheduled-works-screen, scheduled-work-analytics-screen, failure-sla-analytics-screen, sla-analytics-screen, works-screen, screen-direct-app, , , , , 

 warning  

chunk chunk-63774b06 [mini-css-extract-plugin]
Conflicting order. Following module has been added:
 * css ./node_modules/css-loader/dist/cjs.js??ref--8-oneOf-1-1!./node_modules/vue-loader/lib/loaders/stylePostLoader.js!./node_modules/postcss-loader/src??ref--8-oneOf-1-2!./node_modules/sass-loader/dist/cjs.js??ref--8-oneOf-1-3!./node_modules/cache-loader/dist/cjs.js??ref--0-0!./node_modules/vue-loader/lib??vue-loader-options!./src/components/common/tag/popover/IsTagPopover.vue?vue&type=style&index=0&lang=scss&
despite it was not able to fulfill desired ordering with these modules:
 * css ./node_modules/css-loader/dist/cjs.js??ref--8-oneOf-1-1!./node_modules/vue-loader/lib/loaders/stylePostLoader.js!./node_modules/postcss-loader/src??ref--8-oneOf-1-2!./node_modules/sass-loader/dist/cjs.js??ref--8-oneOf-1-3!./node_modules/cache-loader/dist/cjs.js??ref--0-0!./node_modules/vue-loader/lib??vue-loader-options!./src/components/common/select/IsSelect.vue?vue&type=style&index=0&lang=scss&
   - couldn't fulfill desired order of chunk group(s) scheduled-works-screen, scheduled-work-analytics-screen, failure-sla-analytics-screen, sla-analytics-screen, works-screen, screen-direct-app, , , 
   - while fulfilling desired order of chunk group(s) assets-screen, failures-screen, planner-screen, purchases-screen, sales-screen, sales-quotes, , , , , , , , , , , , , , , 

 warning  

chunk chunk-a1c9cdf6 [mini-css-extract-plugin]
Conflicting order. Following module has been added:
 * css ./node_modules/css-loader/dist/cjs.js??ref--8-oneOf-1-1!./node_modules/vue-loader/lib/loaders/stylePostLoader.js!./node_modules/postcss-loader/src??ref--8-oneOf-1-2!./node_modules/sass-loader/dist/cjs.js??ref--8-oneOf-1-3!./node_modules/cache-loader/dist/cjs.js??ref--0-0!./node_modules/vue-loader/lib??vue-loader-options!./src/components/summary/operator/SummaryOperator.vue?vue&type=style&index=0&id=51377b1a&lang=scss&scoped=true&
despite it was not able to fulfill desired ordering with these modules:
 * css ./node_modules/css-loader/dist/cjs.js??ref--8-oneOf-1-1!./node_modules/vue-loader/lib/loaders/stylePostLoader.js!./node_modules/postcss-loader/src??ref--8-oneOf-1-2!./node_modules/sass-loader/dist/cjs.js??ref--8-oneOf-1-3!./node_modules/cache-loader/dist/cjs.js??ref--0-0!./node_modules/vue-loader/lib??vue-loader-options!./src/components/common/time-picker/IsTimePicker.vue?vue&type=style&index=0&id=84536cda&lang=scss&scoped=true&
   - couldn't fulfill desired order of chunk group(s) , 
   - while fulfilling desired order of chunk group(s) planner-screen

 warning  

chunk chunk-a1c9cdf6 [mini-css-extract-plugin]
Conflicting order. Following module has been added:
 * css ./node_modules/css-loader/dist/cjs.js??ref--8-oneOf-1-1!./node_modules/vue-loader/lib/loaders/stylePostLoader.js!./node_modules/postcss-loader/src??ref--8-oneOf-1-2!./node_modules/sass-loader/dist/cjs.js??ref--8-oneOf-1-3!./node_modules/cache-loader/dist/cjs.js??ref--0-0!./node_modules/vue-loader/lib??vue-loader-options!./src/components/chip/operator/ChipOperator.vue?vue&type=style&index=0&id=05dd3048&lang=scss&scoped=true&
despite it was not able to fulfill desired ordering with these modules:
 * css ./node_modules/css-loader/dist/cjs.js??ref--8-oneOf-1-1!./node_modules/vue-loader/lib/loaders/stylePostLoader.js!./node_modules/postcss-loader/src??ref--8-oneOf-1-2!./node_modules/sass-loader/dist/cjs.js??ref--8-oneOf-1-3!./node_modules/cache-loader/dist/cjs.js??ref--0-0!./node_modules/vue-loader/lib??vue-loader-options!./src/components/common/time-picker/IsTimePicker.vue?vue&type=style&index=0&id=84536cda&lang=scss&scoped=true&
   - couldn't fulfill desired order of chunk group(s) , 
   - while fulfilling desired order of chunk group(s) planner-screen

 warning  

chunk chunk-d9620424 [mini-css-extract-plugin]
Conflicting order. Following module has been added:
 * css ./node_modules/css-loader/dist/cjs.js??ref--8-oneOf-1-1!./node_modules/vue-loader/lib/loaders/stylePostLoader.js!./node_modules/postcss-loader/src??ref--8-oneOf-1-2!./node_modules/sass-loader/dist/cjs.js??ref--8-oneOf-1-3!./node_modules/cache-loader/dist/cjs.js??ref--0-0!./node_modules/vue-loader/lib??vue-loader-options!./src/components/common/show-all/IsShowAll.vue?vue&type=style&index=0&id=59795ca0&lang=scss&scoped=true&
despite it was not able to fulfill desired ordering with these modules:
 * css ./node_modules/css-loader/dist/cjs.js??ref--8-oneOf-1-1!./node_modules/vue-loader/lib/loaders/stylePostLoader.js!./node_modules/postcss-loader/src??ref--8-oneOf-1-2!./node_modules/sass-loader/dist/cjs.js??ref--8-oneOf-1-3!./node_modules/cache-loader/dist/cjs.js??ref--0-0!./node_modules/vue-loader/lib??vue-loader-options!./src/components/common/popover-summary/IsPopoverSummary.vue?vue&type=style&index=0&lang=scss&
   - couldn't fulfill desired order of chunk group(s) assets-screen, purchases-screen, sales-screen, works-screen, , , , , , , , , , 
   - while fulfilling desired order of chunk group(s) dashboard-screen, scheduled-works-screen, planner-screen, sales-quotes, screen-direct-app, , 

 warning  

chunk chunk-d9620424 [mini-css-extract-plugin]
Conflicting order. Following module has been added:
 * css ./node_modules/css-loader/dist/cjs.js??ref--8-oneOf-1-1!./node_modules/vue-loader/lib/loaders/stylePostLoader.js!./node_modules/postcss-loader/src??ref--8-oneOf-1-2!./node_modules/sass-loader/dist/cjs.js??ref--8-oneOf-1-3!./node_modules/cache-loader/dist/cjs.js??ref--0-0!./node_modules/vue-loader/lib??vue-loader-options!./src/components/common/list/IsList.vue?vue&type=style&index=0&id=2fe9468a&lang=scss&scoped=true&
despite it was not able to fulfill desired ordering with these modules:
 * css ./node_modules/css-loader/dist/cjs.js??ref--8-oneOf-1-1!./node_modules/vue-loader/lib/loaders/stylePostLoader.js!./node_modules/postcss-loader/src??ref--8-oneOf-1-2!./node_modules/sass-loader/dist/cjs.js??ref--8-oneOf-1-3!./node_modules/cache-loader/dist/cjs.js??ref--0-0!./node_modules/vue-loader/lib??vue-loader-options!./src/components/common/popover-summary/IsPopoverSummary.vue?vue&type=style&index=0&lang=scss&
   - couldn't fulfill desired order of chunk group(s) assets-screen, purchases-screen, sales-screen, works-screen, , , , , , , , , , 
   - while fulfilling desired order of chunk group(s) dashboard-screen, scheduled-works-screen, planner-screen, sales-quotes, screen-direct-app, , 

 warning  

asset size limit: The following asset(s) exceed the recommended size limit (244 KiB).
This can impact web performance.
Assets: 
  fonts/fa-light-300.1980e028.eot (484 KiB)
  fonts/fa-light-300.f056755c.woff (247 KiB)
  fonts/fa-light-300.5bdaa858.ttf (483 KiB)
  fonts/fa-solid-900.eb397dfa.eot (379 KiB)
  fonts/fa-solid-900.ba008862.ttf (378 KiB)
  img/fa-solid-900.bb8ecec4.svg (1.7 MiB)
  img/fa-light-300.4433b4f4.svg (2.31 MiB)
  css/app.2b76ae88.css (378 KiB)
  js/app.80ccb226.js (485 KiB)
  js/assets-screen.246fc747.js (1.28 MiB)
  js/chunk-03e6c3f1.a22c5c72.js (294 KiB)
  js/chunk-3d95285e.988ca774.js (285 KiB)
  js/chunk-4c9e8250.bd4cc2c1.js (301 KiB)
  js/chunk-5cd90b6f.c9fc8235.js (1.23 MiB)
  js/chunk-6e5e6314.18e714db.js (1.15 MiB)
  js/chunk-94169496.7dd7622c.js (932 KiB)
  js/chunk-adb4c646.40fb0af8.js (405 KiB)
  js/chunk-da3c9532.d6e06ee3.js (1.13 MiB)
  js/chunk-vendors.fa4d1729.js (1.91 MiB)
  js/dashboard-screen.f10287f4.js (533 KiB)
  js/dashboard-screen~failure-sla-analytics-screen~sales-analytics-screen~scheduled-work-analytics-screen~7a7024e4.186a7f44.js (848 KiB)
  js/failures-screen.18a4a49e.js (431 KiB)
  js/purchases-screen.76c803b0.js (326 KiB)
  js/sales-quotes.4946e7d9.js (415 KiB)
  js/sales-screen.2c031015.js (427 KiB)
  js/scheduled-works-screen.4937956d.js (613 KiB)
  js/screen-direct-app.e1555af2.js (497 KiB)
  js/works-screen.81c3535a.js (383 KiB)

 warning  

entrypoint size limit: The following entrypoint(s) combined asset size exceeds the recommended limit (244 KiB). This can impact web performance.
Entrypoints:
  app (2.76 MiB)
      css/chunk-vendors.b7d36435.css
      js/chunk-vendors.fa4d1729.js
      css/app.2b76ae88.css
      js/app.80ccb226.js


  File                                      Size             Gzipped

  dist/js/chunk-vendors.fa4d1729.js         1959.07 KiB      550.60 KiB
  dist/js/assets-screen.246fc747.js         1314.00 KiB      419.50 KiB
  dist/js/chunk-5cd90b6f.c9fc8235.js        1263.58 KiB      382.72 KiB
  dist/js/chunk-6e5e6314.18e714db.js        1179.21 KiB      382.56 KiB
  dist/js/chunk-da3c9532.d6e06ee3.js        1157.55 KiB      353.75 KiB
  dist/js/chunk-94169496.7dd7622c.js        931.66 KiB       416.78 KiB
  dist/js/dashboard-screen~failure-sla-a    847.65 KiB       292.00 KiB
  nalytics-screen~sales-analytics-screen
  ~scheduled-work-analytics-screen~7a702
  4e4.186a7f44.js
  dist/js/scheduled-works-screen.4937956    612.67 KiB       126.15 KiB
  d.js
  dist/js/dashboard-screen.f10287f4.js      533.19 KiB       143.12 KiB
  dist/js/screen-direct-app.e1555af2.js     497.03 KiB       98.65 KiB
  dist/js/app.80ccb226.js                   484.98 KiB       96.66 KiB
  dist/js/failures-screen.18a4a49e.js       431.38 KiB       91.61 KiB
  dist/js/sales-screen.2c031015.js          426.96 KiB       92.37 KiB
  dist/js/sales-quotes.4946e7d9.js          414.94 KiB       86.57 KiB
  dist/js/chunk-adb4c646.40fb0af8.js        404.55 KiB       78.51 KiB
  dist/js/works-screen.81c3535a.js          382.93 KiB       84.22 KiB
  dist/js/purchases-screen.76c803b0.js      326.41 KiB       72.42 KiB
  dist/js/chunk-4c9e8250.bd4cc2c1.js        300.77 KiB       60.65 KiB
  dist/js/chunk-03e6c3f1.a22c5c72.js        294.34 KiB       58.19 KiB
  dist/js/chunk-3d95285e.988ca774.js        284.56 KiB       54.40 KiB
  dist/js/chunk-c7f3d1de.69ed13d5.js        235.32 KiB       48.25 KiB
  dist/js/home-screen.a923a73d.js           230.18 KiB       42.25 KiB
  dist/js/chunk-61565fba.91c7b154.js        210.71 KiB       42.06 KiB
  dist/js/chunk-32d503f8.4cd919ff.js        210.49 KiB       42.51 KiB
  dist/js/planner-screen.2f102a98.js        187.56 KiB       40.24 KiB
  dist/js/scheduled-work-analytics-scree    151.21 KiB       33.06 KiB
  n.d4248aeb.js
  dist/js/chunk-1b88ff6a.86c5a304.js        145.55 KiB       40.23 KiB
  dist/js/failure-sla-analytics-screen.3    132.84 KiB       29.48 KiB
  ef10372.js
  dist/js/sla-analytics-screen.f2ac47ae.    127.70 KiB       28.22 KiB
  js
  dist/js/sales-analytics-screen.7d71294    123.19 KiB       27.61 KiB
  f.js
  dist/js/quote-requests.64bd714f.js        114.41 KiB       27.59 KiB
  dist/js/utilities-screen.56cbc565.js      98.22 KiB        24.67 KiB
  dist/js/chunk-78435694.9f18642e.js        81.03 KiB        16.50 KiB
  dist/js/chunk-63a94b7e.658aa468.js        76.89 KiB        14.22 KiB
  dist/js/client-prices-old-cms-screen.9    70.35 KiB        17.58 KiB
  f050e3a.js
  dist/js/chunk-f92a5520.26003da0.js        58.54 KiB        13.23 KiB
  dist/js/iot-management-screen.a1f51a45    50.18 KiB        12.64 KiB
  .js
  dist/js/chunk-be6dc046.7cb06453.js        48.66 KiB        10.52 KiB
  dist/js/chunk-75aef4e1.59881804.js        47.13 KiB        11.09 KiB
  dist/js/personal-access-tokens-managem    46.08 KiB        10.64 KiB
  ent-screen.62536fd9.js
  dist/js/chunk-e53225a0.e3704630.js        44.59 KiB        9.73 KiB
  dist/js/settings-screen.fc420194.js       44.27 KiB        10.29 KiB
  dist/js/chunk-035b1cb4.189d1bb0.js        40.44 KiB        9.79 KiB
  dist/js/chunk-6aad693d.dfd52d52.js        39.68 KiB        9.12 KiB
  dist/js/chunk-e5ba3fd2.7bc5f44b.js        38.87 KiB        11.51 KiB
  dist/js/chunk-3b8f94f9.01eab85f.js        37.80 KiB        10.08 KiB
  dist/js/chunk-6f682a76.e31c4496.js        37.05 KiB        8.56 KiB
  dist/js/webhooks-management-screen.c67    36.40 KiB        8.53 KiB
  0db40.js
  dist/precache-manifest.8076aa99c27f2d0    34.98 KiB        8.54 KiB
  dc8e82f68ae10ee86.js
  dist/js/chunk-5c93fd4a.fa5d6f61.js        34.23 KiB        8.19 KiB
  dist/js/webhook-logs-management-screen    33.68 KiB        7.88 KiB
  .bae050de.js
  dist/js/chunk-03083898.d1d2aa8f.js        33.56 KiB        7.87 KiB
  dist/new-relic/new-relic-staging.js       33.31 KiB        10.18 KiB
  dist/new-relic/new-relic-production.js    33.27 KiB        10.17 KiB
  dist/js/chunk-340bb292.dc045273.js        33.14 KiB        8.03 KiB
  dist/js/chunk-02d698e7.959e8e5b.js        32.72 KiB        7.75 KiB
  dist/js/chunk-3ff01a62.04a38aa8.js        32.51 KiB        7.35 KiB
  dist/js/home-screen~planner-screen~quo    32.42 KiB        7.27 KiB
  te-requests.cb2571f4.js
  dist/js/chunk-50ce4de3.c7c58efd.js        32.01 KiB        8.14 KiB
  dist/js/chunk-0f86bf14.86b27394.js        31.84 KiB        7.60 KiB
  dist/js/chunk-d410395a.9820abf8.js        31.79 KiB        9.55 KiB
  dist/js/chunk-bb8bb71c.be22f341.js        31.75 KiB        7.74 KiB
  dist/js/chunk-75d47bc4.52b504ab.js        31.43 KiB        9.43 KiB
  dist/js/welcome-screen.b9292304.js        31.22 KiB        6.78 KiB
  dist/js/chunk-be38cf86.dd10882a.js        30.42 KiB        7.39 KiB
  dist/js/chunk-00d685cf.4a0d6e94.js        30.35 KiB        7.18 KiB
  dist/js/utility-types-management-scree    30.13 KiB        5.85 KiB
  n.616da396.js
  dist/js/chunk-4df6755f.e8b23e43.js        29.32 KiB        7.09 KiB
  dist/js/chunk-4e831194.beb43a0b.js        28.47 KiB        6.87 KiB
  dist/js/chunk-edd6f50e.1e212e07.js        28.37 KiB        7.14 KiB
  dist/js/chunk-6e79fb70.5a0d1e83.js        28.13 KiB        6.81 KiB
  dist/js/chunk-de8258d0.68afe2f7.js        28.01 KiB        6.15 KiB
  dist/js/chunk-4eba77e0.acc527fd.js        28.00 KiB        6.18 KiB
  dist/js/chunk-8f1604aa.02608e43.js        26.96 KiB        8.45 KiB
  dist/js/integrations-management-screen    26.75 KiB        7.70 KiB
  .25fb44e3.js
  dist/js/chunk-63ec3a1d.d14d58da.js        26.51 KiB        6.88 KiB
  dist/js/chunk-7f523c96.2996d5f4.js        26.04 KiB        8.10 KiB
  dist/js/cost-center-management-screen.    25.58 KiB        5.84 KiB
  43c8e6f2.js
  dist/js/old-cms-screen.93ea7669.js        25.23 KiB        6.54 KiB
  dist/js/chunk-01575096.8ebe0cc9.js        24.46 KiB        8.00 KiB
  dist/js/chunk-88195bb4.4941c470.js        24.31 KiB        5.32 KiB
  dist/js/analytics-screen~home-screen.1    22.46 KiB        5.95 KiB
  6d75f9e.js
  dist/js/chunk-50ba1901.5a89bc3b.js        22.28 KiB        5.79 KiB
  dist/js/other-cost-management-screen.5    21.93 KiB        5.31 KiB
  ceb6607.js
  dist/js/chunk-0b963646.ca0a96f2.js        20.97 KiB        5.45 KiB
  dist/js/gatekeeper-screen.f7dfd739.js     20.94 KiB        4.96 KiB
  dist/js/chunk-28a68ae6.cb86de2e.js        20.44 KiB        4.62 KiB
  dist/js/cost-center-management-screen~    20.02 KiB        5.29 KiB
  failures-screen~gatekeeper-screen~othe
  r-cost-management-screen~persona~67c50
  c01.40d20ecb.js
  dist/js/chunk-8035c4a2.2b952fd4.js        19.78 KiB        7.02 KiB
  dist/js/chunk-d486d454.a5c43fd3.js        19.47 KiB        5.16 KiB
  dist/js/chunk-2f39d752.18d34af4.js        19.17 KiB        5.35 KiB
  dist/js/chunk-39a5301c.78d4bdfb.js        18.60 KiB        6.76 KiB
  dist/js/chunk-7e2e62a3.1655a5da.js        18.46 KiB        4.44 KiB
  dist/js/welcome-whats-new.3fd940af.js     18.29 KiB        5.83 KiB
  dist/js/chunk-34b9818a.7b144fd9.js        17.78 KiB        3.39 KiB
  dist/js/analytics-screen.2910588c.js      17.11 KiB        4.38 KiB
  dist/js/chunk-9e9c9b90.5c5cdf13.js        17.06 KiB        6.44 KiB
  dist/js/chunk-63774b06.44fe1db8.js        17.06 KiB        4.70 KiB
  dist/js/assets-screen~cost-center-mana    15.09 KiB        5.22 KiB
  gement-screen~failure-sla-analytics-sc
  reen~failures-screen~gatekeeper-~278fd
  1fd.93b6e329.js
  dist/js/chunk-5a50fbae.4da8ace4.js        15.05 KiB        3.86 KiB
  dist/js/chunk-020eb630.1b162889.js        14.87 KiB        3.62 KiB
  dist/js/sales-analytics-screen~utiliti    14.47 KiB        3.49 KiB
  es-screen.f1ca79fd.js
  dist/js/chunk-447e4a00.ffb0fce1.js        13.32 KiB        3.32 KiB
  dist/js/hub-apps~hub-screen.84dfd87d.j    13.32 KiB        3.63 KiB
  s
  dist/js/chunk-4eec0cf6.d4be46d4.js        13.26 KiB        5.30 KiB
  dist/js/chunk-a1c9cdf6.418c8670.js        12.46 KiB        3.00 KiB
  dist/js/chunk-8208f196.332bb692.js        12.31 KiB        3.26 KiB
  dist/js/chunk-046a7c89.958a4fd5.js        12.00 KiB        3.16 KiB
  dist/js/chunk-6b42b25f.ca2741d1.js        11.93 KiB        2.95 KiB
  dist/js/chunk-263d19fc.ccb6c8fa.js        11.03 KiB        3.46 KiB
  dist/js/hub-screen.7ab52a12.js            10.51 KiB        2.87 KiB
  dist/js/account-blocked.de59dbff.js       10.24 KiB        3.78 KiB
  dist/js/login-screen.73f340df.js          10.17 KiB        4.04 KiB
  dist/js/hub-apps.29408e66.js              10.16 KiB        2.79 KiB
  dist/js/chunk-a4692d46.7a89b648.js        9.40 KiB         3.06 KiB
  dist/js/chunk-5b653a01.26c2fae3.js        8.88 KiB         2.96 KiB
  dist/js/chunk-053c745c.53de359d.js        8.83 KiB         2.71 KiB
  dist/js/chunk-d9620424.cac65432.js        8.38 KiB         2.16 KiB
  dist/js/chunk-76a05bde.565598bf.js        8.14 KiB         2.34 KiB
  dist/js/chunk-f2b884e2.5d1d6bca.js        7.63 KiB         2.39 KiB
  dist/js/chunk-27ecb80c.2e655fe2.js        7.23 KiB         2.25 KiB
  dist/js/chunk-751bd99d.233b383a.js        6.39 KiB         1.74 KiB
  dist/js/chunk-66f59a7a.3e3936bd.js        6.12 KiB         1.90 KiB
  dist/js/chunk-7edb60e6.45c83b25.js        5.75 KiB         2.03 KiB
  dist/js/chunk-61bb3ffe.c89db51e.js        5.71 KiB         1.86 KiB
  dist/js/chunk-6acaf102.d210cc46.js        5.60 KiB         1.89 KiB
  dist/js/chunk-24f77d2a.2565e05b.js        5.51 KiB         1.86 KiB
  dist/js/chunk-7b4fb17e.aa424460.js        5.16 KiB         1.68 KiB
  dist/js/chunk-9466aa38.05913d95.js        4.36 KiB         1.28 KiB
  dist/js/chunk-37abaabf.57549479.js        3.58 KiB         1.19 KiB
  dist/js/chunk-2d0d8057.3c3ed904.js        3.48 KiB         1.19 KiB
  dist/js/page-not-found-screen.ffa48cab    3.40 KiB         1.53 KiB
  .js
  dist/basic.js                             3.36 KiB         1.05 KiB
  dist/js/chunk-2d212ff2.6629aa81.js        3.00 KiB         1.13 KiB
  dist/js/chunk-2d2261a8.da626f13.js        2.97 KiB         1.21 KiB
  dist/js/chunk-2d0b1be8.d9984fd0.js        2.94 KiB         1.13 KiB
  dist/js/chunk-2d0e91af.ad0f37a9.js        2.64 KiB         1.14 KiB
  dist/js/chunk-2d0e1dae.cdc5bfc6.js        2.62 KiB         1.18 KiB
  dist/js/chunk-2d0e4a7c.6b07ec80.js        2.60 KiB         1.15 KiB
  dist/js/chunk-2d0ce796.5f2a3efe.js        2.52 KiB         1.16 KiB
  dist/js/chunk-2d0db486.34bed1c2.js        2.50 KiB         1.15 KiB
  dist/js/chunk-2d21b27e.07be6566.js        2.49 KiB         1.09 KiB
  dist/js/chunk-2d229616.f7ca2457.js        2.47 KiB         1.13 KiB
  dist/js/chunk-2d228e49.d768461f.js        2.41 KiB         1.07 KiB
  dist/js/chunk-2d22d238.2e039c12.js        2.40 KiB         1.11 KiB
  dist/js/chunk-2d0b2213.6a128350.js        2.38 KiB         1.03 KiB
  dist/js/chunk-2d0da6ab.74241921.js        2.19 KiB         1.05 KiB
  dist/js/chunk-2d0d622d.38de996c.js        2.13 KiB         0.97 KiB
  dist/js/chunk-2d0cba55.e7d6e534.js        2.07 KiB         1.00 KiB
  dist/js/chunk-f50c655a.1a63188f.js        2.00 KiB         0.87 KiB
  dist/js/chunk-2d0f0dec.d782f997.js        1.98 KiB         0.97 KiB
  dist/js/chunk-2d216de6.77705d1b.js        1.96 KiB         1.02 KiB
  dist/js/chunk-2d2132bb.b65fbc8c.js        1.96 KiB         0.94 KiB
  dist/js/chunk-2d0b2ee7.2a81427c.js        1.94 KiB         1.01 KiB
  dist/js/chunk-2d0cf17f.e3785b20.js        1.94 KiB         0.99 KiB
  dist/js/chunk-2d0bdb3c.439f6ea8.js        1.93 KiB         0.98 KiB
  dist/js/chunk-2d237f33.2a8c2cae.js        1.93 KiB         1.00 KiB
  dist/js/chunk-2d0e26c3.1dbaca88.js        1.93 KiB         0.97 KiB
  dist/js/chunk-2d2259d8.83888308.js        1.92 KiB         0.94 KiB
  dist/js/chunk-2d0d70e6.c3640bf9.js        1.91 KiB         0.98 KiB
  dist/js/chunk-2d0ea0ba.3e43d6b9.js        1.90 KiB         0.98 KiB
  dist/js/chunk-2d0d6a95.3d883ea9.js        1.90 KiB         0.93 KiB
  dist/js/chunk-2d0cca32.2bac9c9b.js        1.90 KiB         0.91 KiB
  dist/js/chunk-2d0d03e8.594e85b0.js        1.90 KiB         0.92 KiB
  dist/js/chunk-2d0d70c6.67724bf1.js        1.90 KiB         0.96 KiB
  dist/js/chunk-2d0c575a.9770dc11.js        1.90 KiB         0.94 KiB
  dist/js/chunk-2d0e9ba2.c8755efe.js        1.89 KiB         0.94 KiB
  dist/js/chunk-2d0b9447.463d5376.js        1.88 KiB         0.92 KiB
  dist/js/chunk-2d0a45e0.4ae886a3.js        1.87 KiB         0.91 KiB
  dist/js/chunk-2d217af6.ab91f521.js        1.87 KiB         1.01 KiB
  dist/js/chunk-2d0b23c4.8daecc20.js        1.86 KiB         0.93 KiB
  dist/js/chunk-2d2107bd.2b521a96.js        1.86 KiB         0.92 KiB
  dist/js/chunk-2d22e165.96d5bfa2.js        1.86 KiB         0.91 KiB
  dist/js/chunk-2d20f204.6b3c5220.js        1.85 KiB         0.97 KiB
  dist/js/chunk-2d21a5d7.22ef6e49.js        1.85 KiB         0.92 KiB
  dist/js/chunk-2d0e57ff.3ecd9637.js        1.85 KiB         0.89 KiB
  dist/js/analytics-customizations-scree    1.85 KiB         0.84 KiB
  n.e0fe19dc.js
  dist/js/chunk-2d2288f4.b828a075.js        1.85 KiB         0.89 KiB
  dist/js/chunk-77215428.c7d3206c.js        1.84 KiB         0.95 KiB
  dist/js/chunk-2d0cbca7.f3384819.js        1.83 KiB         0.94 KiB
  dist/js/chunk-2d0d0f3c.81b63e6b.js        1.80 KiB         0.91 KiB
  dist/js/chunk-2d0d3ea6.e6f28ebc.js        1.79 KiB         0.93 KiB
  dist/js/chunk-2d0e5eb9.8665eff2.js        1.79 KiB         0.91 KiB
  dist/js/chunk-6659b8d6.813c8251.js        1.78 KiB         0.80 KiB
  dist/js/chunk-2d20e85d.6479021d.js        1.77 KiB         0.87 KiB
  dist/js/chunk-2d20f558.03553899.js        1.76 KiB         0.86 KiB
  dist/service-worker.js                    1.06 KiB         0.62 KiB
  dist/css/app.2b76ae88.css                 378.39 KiB       61.84 KiB
  dist/css/scheduled-works-screen.09c134    154.65 KiB       14.47 KiB
  50.css
  dist/css/chunk-adb4c646.de8d244b.css      130.70 KiB       11.70 KiB
  dist/css/assets-screen.0d618946.css       118.20 KiB       11.72 KiB
  dist/css/chunk-6e5e6314.e9d73c08.css      95.97 KiB        9.06 KiB
  dist/css/screen-direct-app.1aac2979.cs    91.34 KiB        9.71 KiB
  s
  dist/css/sales-screen.da41bca2.css        89.81 KiB        10.41 KiB
  dist/css/failures-screen.d20166d4.css     86.03 KiB        9.05 KiB
  dist/css/works-screen.7bae13ce.css        79.76 KiB        9.76 KiB
  dist/css/purchases-screen.09dcbaf6.css    79.70 KiB        8.73 KiB
  dist/css/chunk-4c9e8250.edd86e9a.css      77.71 KiB        8.38 KiB
  dist/css/sales-quotes.f61c6b86.css        73.54 KiB        9.03 KiB
  dist/css/chunk-03e6c3f1.1e08436c.css      73.49 KiB        7.33 KiB
  dist/css/chunk-32d503f8.5d29faa6.css      66.14 KiB        6.57 KiB
  dist/css/chunk-61565fba.83bff959.css      65.54 KiB        6.55 KiB
  dist/css/chunk-c7f3d1de.cf502f15.css      63.22 KiB        7.21 KiB
  dist/css/chunk-3d95285e.a2c281b6.css      59.55 KiB        7.04 KiB
  dist/css/chunk-94169496.1b2babcc.css      57.19 KiB        5.20 KiB
  dist/css/dashboard-screen.5a1bbb99.css    56.85 KiB        12.22 KiB
  dist/css/planner-screen.f462e96b.css      47.20 KiB        4.76 KiB
  dist/css/chunk-5cd90b6f.faf7f3a0.css      35.71 KiB        4.40 KiB
  dist/css/home-screen.b51384c1.css         34.19 KiB        5.02 KiB
  dist/css/chunk-78435694.1de095f8.css      33.44 KiB        3.74 KiB
  dist/css/utilities-screen.aa43542c.css    33.39 KiB        4.21 KiB
  dist/css/chunk-be6dc046.35765605.css      30.19 KiB        3.28 KiB
  dist/css/chunk-1b88ff6a.d8f7c4c7.css      26.01 KiB        4.09 KiB
  dist/css/chunk-340bb292.83efc138.css      22.19 KiB        3.40 KiB
  dist/css/scheduled-work-analytics-scre    21.77 KiB        2.98 KiB
  en.6d906287.css
  dist/css/chunk-63a94b7e.78a99d21.css      19.97 KiB        2.57 KiB
  dist/css/chunk-6aad693d.53b8380e.css      18.92 KiB        2.40 KiB
  dist/css/chunk-3b8f94f9.7701ab0c.css      18.83 KiB        2.34 KiB
  dist/css/chunk-035b1cb4.8504daf8.css      18.51 KiB        3.24 KiB
  dist/css/sla-analytics-screen.3798322b    18.39 KiB        2.87 KiB
  .css
  dist/css/sales-analytics-screen.1bd447    18.37 KiB        2.92 KiB
  93.css
  dist/css/failure-sla-analytics-screen.    18.31 KiB        2.86 KiB
  2b378533.css
  dist/css/chunk-4e831194.46461dcf.css      18.16 KiB        2.31 KiB
  dist/css/chunk-50ce4de3.67372031.css      18.05 KiB        3.12 KiB
  dist/css/chunk-e53225a0.19f1dbf8.css      17.64 KiB        2.64 KiB
  dist/css/chunk-f92a5520.f1e3baf7.css      17.59 KiB        2.87 KiB
  dist/css/welcome-screen.69942b43.css      16.54 KiB        2.25 KiB
  dist/css/iot-management-screen.f2e169d    16.49 KiB        2.63 KiB
  9.css
  dist/css/chunk-0b963646.923e8498.css      16.15 KiB        2.22 KiB
  dist/css/chunk-75aef4e1.de26d3f3.css      14.83 KiB        2.88 KiB
  dist/css/settings-screen.cd66366c.css     14.81 KiB        2.21 KiB
  dist/css/chunk-6f682a76.74e2c60a.css      14.81 KiB        2.70 KiB
  dist/css/chunk-bb8bb71c.bda72c75.css      14.49 KiB        2.63 KiB
  dist/css/chunk-5c93fd4a.aa37c31e.css      14.44 KiB        2.63 KiB
  dist/css/client-prices-old-cms-screen.    14.19 KiB        2.75 KiB
  47f1554e.css
  dist/css/analytics-screen.86047d4b.css    14.08 KiB        1.96 KiB
  dist/css/chunk-3ff01a62.3fa5d4c4.css      13.45 KiB        2.37 KiB
  dist/css/chunk-edd6f50e.5bd91d92.css      12.57 KiB        2.55 KiB
  dist/css/webhook-logs-management-scree    12.54 KiB        2.23 KiB
  n.81e7e6c7.css
  dist/css/webhooks-management-screen.86    11.67 KiB        2.03 KiB
  c0dc5c.css
  dist/css/chunk-28a68ae6.1a22b2e9.css      11.50 KiB        2.28 KiB
  dist/css/chunk-66f59a7a.361ca5ab.css      10.98 KiB        1.83 KiB
  dist/css/chunk-8208f196.38783451.css      10.66 KiB        1.74 KiB
  dist/css/chunk-a1c9cdf6.7ed727ff.css      10.20 KiB        1.40 KiB
  dist/css/chunk-03083898.58a721e6.css      10.20 KiB        1.87 KiB
  dist/css/chunk-63774b06.ba1d70ce.css      9.99 KiB         2.02 KiB
  dist/css/chunk-da3c9532.c0cc9cc5.css      9.99 KiB         2.02 KiB
  dist/css/chunk-be38cf86.cb2ad398.css      9.58 KiB         1.72 KiB
  dist/css/personal-access-tokens-manage    9.57 KiB         1.41 KiB
  ment-screen.47ceb305.css
  dist/css/hub-apps.7bb4dcac.css            9.56 KiB         2.31 KiB
  dist/css/cost-center-management-screen    9.13 KiB         2.28 KiB
  ~failures-screen~gatekeeper-screen~oth
  er-cost-management-screen~persona~67c5
  0c01.1fc7f9ca.css
  dist/css/quote-requests.8d65b94d.css      8.92 KiB         1.94 KiB
  dist/basic.css                            8.28 KiB         1.63 KiB
  dist/css/chunk-6e79fb70.17056ce4.css      8.05 KiB         1.74 KiB
  dist/css/welcome-whats-new.176de1aa.cs    7.68 KiB         2.04 KiB
  s
  dist/css/chunk-02d698e7.4cdc79d1.css      7.33 KiB         1.61 KiB
  dist/css/chunk-9466aa38.e6c50781.css      7.08 KiB         1.08 KiB
  dist/css/hub-screen.c776f36c.css          6.94 KiB         1.85 KiB
  dist/css/chunk-d9620424.573bddf9.css      6.92 KiB         1.09 KiB
  dist/css/chunk-4df6755f.0d8da1e1.css      6.63 KiB         1.72 KiB
  dist/css/integrations-management-scree    6.39 KiB         1.29 KiB
  n.ac07b63a.css
  dist/css/chunk-020eb630.3b468e91.css      6.04 KiB         1.22 KiB
  dist/css/old-cms-screen.0a49c550.css      5.89 KiB         0.87 KiB
  dist/css/chunk-63ec3a1d.22e0f381.css      5.79 KiB         1.58 KiB
  dist/css/chunk-751bd99d.a34d6524.css      5.72 KiB         1.16 KiB
  dist/css/chunk-0f86bf14.cbbd68e8.css      5.70 KiB         1.59 KiB
  dist/css/chunk-7e2e62a3.e2467bbf.css      5.69 KiB         1.50 KiB
  dist/css/chunk-6b42b25f.362a5c87.css      5.66 KiB         1.49 KiB
  dist/css/chunk-e5ba3fd2.a4dcfe29.css      5.50 KiB         1.54 KiB
  dist/css/chunk-8035c4a2.020f3881.css      5.48 KiB         1.12 KiB
  dist/css/chunk-50ba1901.033ea070.css      5.40 KiB         1.51 KiB
  dist/css/chunk-d486d454.033ea070.css      5.40 KiB         1.51 KiB
  dist/css/chunk-00d685cf.947da5ac.css      5.36 KiB         1.49 KiB
  dist/css/page-not-found-screen.cfdea92    5.22 KiB         1.09 KiB
  7.css
  dist/css/login-screen.b4ff8532.css        5.09 KiB         1.48 KiB
  dist/css/chunk-4eba77e0.bea96c36.css      5.02 KiB         1.40 KiB
  dist/css/chunk-de8258d0.bea96c36.css      5.02 KiB         1.40 KiB
  dist/css/chunk-2f39d752.cc8aa3a8.css      5.01 KiB         1.40 KiB
  dist/css/chunk-046a7c89.bc8f3dd1.css      4.53 KiB         1.31 KiB
  dist/css/chunk-01575096.6a4d0725.css      4.47 KiB         1.28 KiB
  dist/css/chunk-75d47bc4.6a4d0725.css      4.47 KiB         1.28 KiB
  dist/css/chunk-7f523c96.6a4d0725.css      4.47 KiB         1.28 KiB
  dist/css/chunk-d410395a.6a4d0725.css      4.47 KiB         1.28 KiB
  dist/css/chunk-88195bb4.5d4cdb4a.css      4.38 KiB         1.25 KiB
  dist/css/chunk-7edb60e6.8fade6b3.css      4.36 KiB         1.28 KiB
  dist/css/chunk-76a05bde.ffd1aed9.css      4.33 KiB         1.22 KiB
  dist/css/chunk-8f1604aa.ffd1aed9.css      4.33 KiB         1.22 KiB
  dist/css/chunk-61bb3ffe.84ec0d1f.css      4.19 KiB         1.29 KiB
  dist/css/chunk-5a50fbae.346fe3e5.css      4.00 KiB         0.79 KiB
  dist/css/home-screen~planner-screen~qu    3.54 KiB         1.10 KiB
  ote-requests.c7cbd849.css
  dist/css/assets-screen~cost-center-man    3.47 KiB         0.92 KiB
  agement-screen~failure-sla-analytics-s
  creen~failures-screen~gatekeeper-~278f
  d1fd.dac667ce.css
  dist/css/chunk-39a5301c.3dc0d519.css      3.38 KiB         1.03 KiB
  dist/css/chunk-vendors.b7d36435.css       3.37 KiB         0.66 KiB
  dist/css/hub-apps~hub-screen.1f14f5e2.    2.80 KiB         0.93 KiB
  css
  dist/css/chunk-447e4a00.ea85ca7f.css      2.80 KiB         0.90 KiB
  dist/css/chunk-263d19fc.885d438a.css      2.66 KiB         0.85 KiB
  dist/css/sales-analytics-screen~utilit    2.65 KiB         0.83 KiB
  ies-screen.467915e7.css
  dist/css/account-blocked.7d55c5c5.css     2.56 KiB         0.84 KiB
  dist/css/chunk-4eec0cf6.1b6f5f32.css      2.19 KiB         0.71 KiB
  dist/css/chunk-6acaf102.4ac7edbc.css      2.19 KiB         0.73 KiB
  dist/css/chunk-7b4fb17e.95113aaf.css      2.19 KiB         0.73 KiB
  dist/css/chunk-24f77d2a.465795e1.css      2.17 KiB         0.73 KiB
  dist/css/chunk-f2b884e2.10059aea.css      2.16 KiB         0.73 KiB
  dist/css/chunk-27ecb80c.1ff176f0.css      2.16 KiB         0.72 KiB
  dist/css/chunk-a4692d46.0f5efdab.css      2.10 KiB         0.68 KiB
  dist/css/chunk-5b653a01.9928b22f.css      2.08 KiB         0.68 KiB
  dist/css/cost-center-management-screen    2.05 KiB         0.65 KiB
  .72a7aea9.css
  dist/css/analytics-customizations-scre    2.02 KiB         0.65 KiB
  en.07dc4344.css
  dist/css/chunk-37abaabf.327d5b4d.css      2.00 KiB         0.68 KiB
  dist/css/chunk-f50c655a.4841d5d3.css      1.99 KiB         0.66 KiB
  dist/css/dashboard-screen~failure-sla-    1.92 KiB         0.63 KiB
  analytics-screen~sales-analytics-scree
  n~scheduled-work-analytics-screen~7a70
  24e4.4c5f5ece.css
  dist/css/chunk-6659b8d6.a6e3afb4.css      1.81 KiB         0.59 KiB

  Images and other types of assets omitted.

 DONE  Build complete. The dist directory is ready to be deployed.
 INFO  Check out deployment instructions at https://cli.vuejs.org/guide/deployment.html
      
section_end:1625148497:step_script[0Ksection_start:1625148497:archive_cache[0K[0K[36;1mSaving cache for successful job[0;m
[0;m[32;1mCreating cache v0-104-5...[0;m
dist/: found 390 matching files and directories   [0;m 
node_modules/: found 157935 matching files and directories[0;m 
Uploading cache.zip to https://is-gitlab-runners-cache.s3.dualstack.eu-west-1.amazonaws.com/project/20143087/v0-104-5[0;m 
[32;1mCreated cache[0;m
section_end:1625148593:archive_cache[0Ksection_start:1625148593:cleanup_file_variables[0K[0K[36;1mCleaning up file based variables[0;m
[0;msection_end:1625148594:cleanup_file_variables[0K[32;1mJob succeeded
[0;m