[0KRunning with gitlab-runner 13.7.0 (943fc252)
[0;m[0K  on Web Core Client - Tests- docker+machine Gu_oFDiR
[0;msection_start:1625650414:resolve_secrets[0K[0K[36;1mResolving secrets[0;m
[0;msection_end:1625650414:resolve_secrets[0Ksection_start:1625650414:prepare_executor[0K[0K[36;1mPreparing the "docker+machine" executor[0;m
[0;m[0KUsing Docker executor with image node:12.16.1 ...
[0;m[0KPulling docker image node:12.16.1 ...
[0;m[0KUsing docker image sha256:88c089733a3b980b3517e8e2e8afa46b338f69d7562550cb3c2e9fd852a2fbac for node:12.16.1 with digest node@sha256:46f4c17e1edbde36d60a9f6362db7912cfe301bac89afef7cc92421ab3e7ca18 ...
[0;msection_end:1625650417:prepare_executor[0Ksection_start:1625650417:prepare_script[0K[0K[36;1mPreparing environment[0;m
[0;mRunning on runner-guofdir-project-20143087-concurrent-0 via runner-guofdir-IS-Pipeline-gitlab-runner-1625649034-eb53112e...
section_end:1625650418:prepare_script[0Ksection_start:1625650418:get_sources[0K[0K[36;1mGetting source from Git repository[0;m
[0;m[32;1mFetching changes with git depth set to 1...[0;m
Initialized empty Git repository in /builds/infraspeak/web/web-core-client/.git/
[32;1mCreated fresh repository.[0;m
[32;1mChecking out 295fc64b as v0.104.13...[0;m

[32;1mSkipping Git submodules setup[0;m
section_end:1625650421:get_sources[0Ksection_start:1625650421:restore_cache[0K[0K[36;1mRestoring cache[0;m
[0;m[32;1mChecking cache for v0-104-13...[0;m
Downloading cache.zip from https://is-gitlab-runners-cache.s3.dualstack.eu-west-1.amazonaws.com/project/20143087/v0-104-13[0;m 
[32;1mSuccessfully extracted cache[0;m
section_end:1625650478:restore_cache[0Ksection_start:1625650478:step_script[0K[0K[36;1mExecuting "step_script" stage of the job script[0;m
[0;m[32;1m$ npm run build-production[0;m

> infraspeak-web-core-client@0.103.0 build-production /builds/infraspeak/web/web-core-client
> vue-cli-service build --mode production --dest dist


-  Building for production...
Starting type checking service...
Using 1 worker with 2048MB memory limit
Browserslist: caniuse-lite is outdated. Please run:
npx browserslist@latest --update-db

Why you should do it regularly:
https://github.com/browserslist/browserslist#browsers-data-updating
Browserslist: caniuse-lite is outdated. Please run:
npx browserslist@latest --update-db

Why you should do it regularly:
https://github.com/browserslist/browserslist#browsers-data-updating
 WARNING  Compiled with 12 warnings9:40:43 AM

Module Warning (from ./node_modules/eslint-loader/index.js):
error: Unexpected console statement (no-console) at src/components/chart/analytic/ChartAnalytic.vue:249:25:
  247 |                         this.isLoadingData = false
  248 | 
> 249 |                         console.error('error getting data: ', error)
      |                         ^
  250 |                     })
  251 |             }
  252 | 


error: Unexpected console statement (no-console) at src/components/chart/analytic/ChartAnalytic.vue:329:29:
  327 |                         })
  328 |                         .catch(error => {
> 329 |                             console.error('error exporting data: ', error)
      |                             ^
  330 |                         })
  331 |                         .finally(progressNoty.close)
  332 | 


2 errors found.

Module Warning (from ./node_modules/eslint-loader/index.js):
error: Unexpected console statement (no-console) at src/components/chart/analyticnew2/ChartAnalytic.vue:126:21:
  124 |                 })
  125 |                 .catch(error => {
> 126 |                     console.error('error exporting data: ', error)
      |                     ^
  127 |                 })
  128 |                 .finally(progressNoty.close)
  129 |         }


1 error found.

You may use special comments to disable some warnings.
Use // eslint-disable-next-line to ignore the next line.
Use /* eslint-disable */ to ignore all warnings in a file.
 warning  in ./src/helpers/cookies.helper.ts

Module Warning (from ./node_modules/thread-loader/dist/cjs.js):

/builds/infraspeak/web/web-core-client/src/helpers/cookies.helper.ts
  40:5   error  Unexpected var, use let or const instead   no-var
  40:40  error  Extra semicolon                            semi
  41:5   error  Unexpected var, use let or const instead   no-var
  41:65  error  Extra semicolon                            semi
  42:5   error  Unexpected var, use let or const instead   no-var
  42:77  error  Missing space before function parentheses  space-before-function-paren
  43:69  error  Extra semicolon                            semi
  44:17  error  Extra semicolon                            semi
  46:35  error  Extra semicolon                            semi

✖ 9 problems (9 errors, 0 warnings)
  9 errors and 0 warnings potentially fixable with the `--fix` option.


 @ ./src/store/root/Root.store.ts 22:0-56 62:26-38
 @ ./src/plugins/analytics/analytics.plugin.ts
 @ ./src/main.ts
 @ multi ./src/main.ts

 warning  in ./src/models/Base.transformer.ts

Module Warning (from ./node_modules/thread-loader/dist/cjs.js):

/builds/infraspeak/web/web-core-client/src/models/Base.transformer.ts
  46:17  error  Unexpected console statement  no-console

✖ 1 problem (1 error, 0 warnings)


 @ ./src/models/entity/Entity.transformer.v3.ts 7:0-60 71:2-17
 @ ./src/api/entity.api.ts
 @ ./src/store/root/Root.store.ts
 @ ./src/plugins/analytics/analytics.plugin.ts
 @ ./src/main.ts
 @ multi ./src/main.ts

 warning  in ./src/store/root/Root.store.ts

Module Warning (from ./node_modules/thread-loader/dist/cjs.js):

/builds/infraspeak/web/web-core-client/src/store/root/Root.store.ts
  366:17  error  Unexpected console statement  no-console

✖ 1 problem (1 error, 0 warnings)


 @ ./src/plugins/analytics/analytics.plugin.ts 9:0-52 19:14-23 20:16-25 21:16-25 22:40-49 27:8-17 28:27-36 29:28-37 54:19-28 54:49-58
 @ ./src/main.ts
 @ multi ./src/main.ts

 warning  

chunk chunk-6f6188f6 [mini-css-extract-plugin]
Conflicting order. Following module has been added:
 * css ./node_modules/css-loader/dist/cjs.js??ref--8-oneOf-1-1!./node_modules/vue-loader/lib/loaders/stylePostLoader.js!./node_modules/postcss-loader/src??ref--8-oneOf-1-2!./node_modules/sass-loader/dist/cjs.js??ref--8-oneOf-1-3!./node_modules/cache-loader/dist/cjs.js??ref--0-0!./node_modules/vue-loader/lib??vue-loader-options!./src/components/common/tag/popover/IsTagPopover.vue?vue&type=style&index=0&lang=scss&
despite it was not able to fulfill desired ordering with these modules:
 * css ./node_modules/css-loader/dist/cjs.js??ref--8-oneOf-1-1!./node_modules/vue-loader/lib/loaders/stylePostLoader.js!./node_modules/postcss-loader/src??ref--8-oneOf-1-2!./node_modules/sass-loader/dist/cjs.js??ref--8-oneOf-1-3!./node_modules/cache-loader/dist/cjs.js??ref--0-0!./node_modules/vue-loader/lib??vue-loader-options!./src/components/common/field/IsField.vue?vue&type=style&index=0&lang=scss&
   - couldn't fulfill desired order of chunk group(s) client-prices-old-cms-screen, screen-direct-app, , , , , , , , , 
   - while fulfilling desired order of chunk group(s) dashboard-screen, assets-screen, failures-screen, scheduled-works-screen, purchases-screen, sales-screen, sales-quotes, works-screen, , , , , , , 

 warning  

chunk chunk-a1c9cdf6 [mini-css-extract-plugin]
Conflicting order. Following module has been added:
 * css ./node_modules/css-loader/dist/cjs.js??ref--8-oneOf-1-1!./node_modules/vue-loader/lib/loaders/stylePostLoader.js!./node_modules/postcss-loader/src??ref--8-oneOf-1-2!./node_modules/sass-loader/dist/cjs.js??ref--8-oneOf-1-3!./node_modules/cache-loader/dist/cjs.js??ref--0-0!./node_modules/vue-loader/lib??vue-loader-options!./src/components/summary/operator/SummaryOperator.vue?vue&type=style&index=0&id=51377b1a&lang=scss&scoped=true&
despite it was not able to fulfill desired ordering with these modules:
 * css ./node_modules/css-loader/dist/cjs.js??ref--8-oneOf-1-1!./node_modules/vue-loader/lib/loaders/stylePostLoader.js!./node_modules/postcss-loader/src??ref--8-oneOf-1-2!./node_modules/sass-loader/dist/cjs.js??ref--8-oneOf-1-3!./node_modules/cache-loader/dist/cjs.js??ref--0-0!./node_modules/vue-loader/lib??vue-loader-options!./src/components/common/time-picker/IsTimePicker.vue?vue&type=style&index=0&id=84536cda&lang=scss&scoped=true&
   - couldn't fulfill desired order of chunk group(s) , 
   - while fulfilling desired order of chunk group(s) planner-screen

 warning  

chunk chunk-a1c9cdf6 [mini-css-extract-plugin]
Conflicting order. Following module has been added:
 * css ./node_modules/css-loader/dist/cjs.js??ref--8-oneOf-1-1!./node_modules/vue-loader/lib/loaders/stylePostLoader.js!./node_modules/postcss-loader/src??ref--8-oneOf-1-2!./node_modules/sass-loader/dist/cjs.js??ref--8-oneOf-1-3!./node_modules/cache-loader/dist/cjs.js??ref--0-0!./node_modules/vue-loader/lib??vue-loader-options!./src/components/chip/operator/ChipOperator.vue?vue&type=style&index=0&id=05dd3048&lang=scss&scoped=true&
despite it was not able to fulfill desired ordering with these modules:
 * css ./node_modules/css-loader/dist/cjs.js??ref--8-oneOf-1-1!./node_modules/vue-loader/lib/loaders/stylePostLoader.js!./node_modules/postcss-loader/src??ref--8-oneOf-1-2!./node_modules/sass-loader/dist/cjs.js??ref--8-oneOf-1-3!./node_modules/cache-loader/dist/cjs.js??ref--0-0!./node_modules/vue-loader/lib??vue-loader-options!./src/components/common/time-picker/IsTimePicker.vue?vue&type=style&index=0&id=84536cda&lang=scss&scoped=true&
   - couldn't fulfill desired order of chunk group(s) , 
   - while fulfilling desired order of chunk group(s) planner-screen

 warning  

chunk chunk-d9620424 [mini-css-extract-plugin]
Conflicting order. Following module has been added:
 * css ./node_modules/css-loader/dist/cjs.js??ref--8-oneOf-1-1!./node_modules/vue-loader/lib/loaders/stylePostLoader.js!./node_modules/postcss-loader/src??ref--8-oneOf-1-2!./node_modules/sass-loader/dist/cjs.js??ref--8-oneOf-1-3!./node_modules/cache-loader/dist/cjs.js??ref--0-0!./node_modules/vue-loader/lib??vue-loader-options!./src/components/common/show-all/IsShowAll.vue?vue&type=style&index=0&id=59795ca0&lang=scss&scoped=true&
despite it was not able to fulfill desired ordering with these modules:
 * css ./node_modules/css-loader/dist/cjs.js??ref--8-oneOf-1-1!./node_modules/vue-loader/lib/loaders/stylePostLoader.js!./node_modules/postcss-loader/src??ref--8-oneOf-1-2!./node_modules/sass-loader/dist/cjs.js??ref--8-oneOf-1-3!./node_modules/cache-loader/dist/cjs.js??ref--0-0!./node_modules/vue-loader/lib??vue-loader-options!./src/components/common/popover-summary/IsPopoverSummary.vue?vue&type=style&index=0&lang=scss&
   - couldn't fulfill desired order of chunk group(s) assets-screen, purchases-screen, sales-screen, works-screen, , , , , , , , , , 
   - while fulfilling desired order of chunk group(s) dashboard-screen, scheduled-works-screen, planner-screen, sales-quotes, screen-direct-app, , 

 warning  

chunk chunk-d9620424 [mini-css-extract-plugin]
Conflicting order. Following module has been added:
 * css ./node_modules/css-loader/dist/cjs.js??ref--8-oneOf-1-1!./node_modules/vue-loader/lib/loaders/stylePostLoader.js!./node_modules/postcss-loader/src??ref--8-oneOf-1-2!./node_modules/sass-loader/dist/cjs.js??ref--8-oneOf-1-3!./node_modules/cache-loader/dist/cjs.js??ref--0-0!./node_modules/vue-loader/lib??vue-loader-options!./src/components/common/list/IsList.vue?vue&type=style&index=0&id=2fe9468a&lang=scss&scoped=true&
despite it was not able to fulfill desired ordering with these modules:
 * css ./node_modules/css-loader/dist/cjs.js??ref--8-oneOf-1-1!./node_modules/vue-loader/lib/loaders/stylePostLoader.js!./node_modules/postcss-loader/src??ref--8-oneOf-1-2!./node_modules/sass-loader/dist/cjs.js??ref--8-oneOf-1-3!./node_modules/cache-loader/dist/cjs.js??ref--0-0!./node_modules/vue-loader/lib??vue-loader-options!./src/components/common/popover-summary/IsPopoverSummary.vue?vue&type=style&index=0&lang=scss&
   - couldn't fulfill desired order of chunk group(s) assets-screen, purchases-screen, sales-screen, works-screen, , , , , , , , , , 
   - while fulfilling desired order of chunk group(s) dashboard-screen, scheduled-works-screen, planner-screen, sales-quotes, screen-direct-app, , 

 warning  

asset size limit: The following asset(s) exceed the recommended size limit (244 KiB).
This can impact web performance.
Assets: 
  fonts/fa-light-300.1980e028.eot (484 KiB)
  fonts/fa-light-300.f056755c.woff (247 KiB)
  fonts/fa-light-300.5bdaa858.ttf (483 KiB)
  fonts/fa-solid-900.eb397dfa.eot (379 KiB)
  fonts/fa-solid-900.ba008862.ttf (378 KiB)
  img/fa-solid-900.bb8ecec4.svg (1.7 MiB)
  img/fa-light-300.4433b4f4.svg (2.31 MiB)
  css/app.2b76ae88.css (378 KiB)
  js/app.37cda7aa.js (484 KiB)
  js/assets-screen.2abc119f.js (1.29 MiB)
  js/chunk-10c7cb18.28bd48bf.js (1.14 MiB)
  js/chunk-34ddccd2.1755bbac.js (250 KiB)
  js/chunk-39c79f62.1ae1e144.js (909 KiB)
  js/chunk-3bfe8ab2.ae88083b.js (419 KiB)
  js/chunk-4383bc45.5cbb2fae.js (1.25 MiB)
  js/chunk-53460c0c.0e90ddeb.js (300 KiB)
  js/chunk-6028e72f.00719eec.js (1.17 MiB)
  js/chunk-665c5b3d.352baeaa.js (316 KiB)
  js/chunk-7cf30e1c.4d5be205.js (302 KiB)
  js/chunk-vendors.fa4d1729.js (1.91 MiB)
  js/dashboard-screen.a89ff066.js (1.34 MiB)
  js/failure-sla-analytics-screen~sales-analytics-screen~scheduled-work-analytics-screen~sla-analytics-sc~e9009d77.ebe8f5c6.js (862 KiB)
  js/failures-screen.a22f1d2e.js (446 KiB)
  js/purchases-screen.15fa03ed.js (340 KiB)
  js/quote-requests.1ae634ca.js (1.23 MiB)
  js/sales-quotes.58d0c8dc.js (437 KiB)
  js/sales-screen.439359df.js (454 KiB)
  js/scheduled-works-screen.c7e0a34c.js (622 KiB)
  js/screen-direct-app.037a4bf5.js (512 KiB)
  js/works-screen.8dced3bd.js (393 KiB)

 warning  

entrypoint size limit: The following entrypoint(s) combined asset size exceeds the recommended limit (244 KiB). This can impact web performance.
Entrypoints:
  app (2.76 MiB)
      css/chunk-vendors.b7d36435.css
      js/chunk-vendors.fa4d1729.js
      css/app.2b76ae88.css
      js/app.37cda7aa.js


  File                                      Size             Gzipped

  dist/js/chunk-vendors.fa4d1729.js         1959.07 KiB      550.60 KiB
  dist/js/dashboard-screen.a89ff066.js      1373.03 KiB      439.67 KiB
  dist/js/assets-screen.2abc119f.js         1323.29 KiB      423.07 KiB
  dist/js/chunk-4383bc45.5cbb2fae.js        1278.33 KiB      385.93 KiB
  dist/js/quote-requests.1ae634ca.js        1259.84 KiB      383.67 KiB
  dist/js/chunk-6028e72f.00719eec.js        1193.84 KiB      385.97 KiB
  dist/js/chunk-10c7cb18.28bd48bf.js        1167.36 KiB      357.80 KiB
  dist/js/chunk-39c79f62.1ae1e144.js        909.05 KiB       411.25 KiB
  dist/js/failure-sla-analytics-screen~s    862.02 KiB       295.95 KiB
  ales-analytics-screen~scheduled-work-a
  nalytics-screen~sla-analytics-sc~e9009
  d77.ebe8f5c6.js
  dist/js/scheduled-works-screen.c7e0a34    622.07 KiB       129.78 KiB
  c.js
  dist/js/screen-direct-app.037a4bf5.js     512.15 KiB       101.26 KiB
  dist/js/app.37cda7aa.js                   483.89 KiB       96.57 KiB
  dist/js/sales-screen.439359df.js          454.45 KiB       100.14 KiB
  dist/js/failures-screen.a22f1d2e.js       445.77 KiB       95.01 KiB
  dist/js/sales-quotes.58d0c8dc.js          437.46 KiB       93.30 KiB
  dist/js/chunk-3bfe8ab2.ae88083b.js        419.30 KiB       81.21 KiB
  dist/js/works-screen.8dced3bd.js          392.50 KiB       88.03 KiB
  dist/js/purchases-screen.15fa03ed.js      339.74 KiB       76.79 KiB
  dist/js/chunk-665c5b3d.352baeaa.js        315.71 KiB       63.29 KiB
  dist/js/chunk-7cf30e1c.4d5be205.js        302.03 KiB       59.60 KiB
  dist/js/chunk-53460c0c.0e90ddeb.js        299.51 KiB       57.46 KiB
  dist/js/chunk-34ddccd2.1755bbac.js        250.22 KiB       50.89 KiB
  dist/js/home-screen.76406a1a.js           231.10 KiB       42.23 KiB
  dist/js/chunk-690e231b.f3a04fc2.js        229.17 KiB       45.62 KiB
  dist/js/chunk-ef7e6422.f4c21bda.js        220.04 KiB       43.54 KiB
  dist/js/planner-screen.446a4f52.js        192.51 KiB       41.35 KiB
  dist/js/scheduled-work-analytics-scree    141.76 KiB       31.59 KiB
  n.629c7c0d.js
  dist/js/failure-sla-analytics-screen.d    123.39 KiB       27.93 KiB
  85b8698.js
  dist/js/chunk-450efd80.f43700ae.js        123.12 KiB       34.98 KiB
  dist/js/sla-analytics-screen.b5c0935e.    118.25 KiB       26.74 KiB
  js
  dist/js/sales-analytics-screen.12cfb3b    111.17 KiB       24.59 KiB
  b.js
  dist/js/chunk-419907eb.930e4e3b.js        88.65 KiB        17.88 KiB
  dist/js/utilities-screen.1d9c5fad.js      86.19 KiB        21.86 KiB
  dist/js/chunk-63a94b7e.658aa468.js        76.89 KiB        14.22 KiB
  dist/js/chunk-be6dc046.7cb06453.js        48.66 KiB        10.52 KiB
  dist/js/client-prices-old-cms-screen.c    47.74 KiB        12.57 KiB
  1703f99.js
  dist/js/chunk-21a87d13.aae23947.js        45.40 KiB        10.04 KiB
  dist/js/settings-screen.fc420194.js       44.27 KiB        10.29 KiB
  dist/js/iot-management-screen.f41fe6c0    38.16 KiB        9.70 KiB
  .js
  dist/js/chunk-3b8f94f9.01eab85f.js        37.80 KiB        10.08 KiB
  dist/js/chunk-61f33501.7a5aa6c8.js        36.74 KiB        10.66 KiB
  dist/js/webhooks-management-screen.c67    36.40 KiB        8.53 KiB
  0db40.js
  dist/js/chunk-530fae1c.dbfe5d5a.js        36.39 KiB        10.53 KiB
  dist/js/utility-types-management-scree    36.18 KiB        7.15 KiB
  n.8f562b6e.js
  dist/js/chunk-b070ee5e.eb54209f.js        35.11 KiB        8.50 KiB
  dist/js/chunk-dd6c9d34.5afa3e0b.js        34.89 KiB        8.16 KiB
  dist/precache-manifest.3945908eebee5b5    34.58 KiB        8.48 KiB
  ce3e2ee9ce75ccb98.js
  dist/js/personal-access-tokens-managem    34.06 KiB        7.81 KiB
  ent-screen.4e4f7ff2.js
  dist/js/webhook-logs-management-screen    33.68 KiB        7.88 KiB
  .bae050de.js
  dist/new-relic/new-relic-staging.js       33.31 KiB        10.18 KiB
  dist/new-relic/new-relic-production.js    33.27 KiB        10.17 KiB
  dist/js/chunk-2d8734ac.c0c76a2d.js        32.58 KiB        7.05 KiB
  dist/js/home-screen~planner-screen~quo    32.42 KiB        7.27 KiB
  te-requests.cb2571f4.js
  dist/js/chunk-3e219d7a.7a68b012.js        31.92 KiB        9.56 KiB
  dist/js/welcome-screen.b9292304.js        31.22 KiB        6.78 KiB
  dist/js/chunk-1c5abaf8.47c8bf45.js        30.99 KiB        9.36 KiB
  dist/js/chunk-308c474e.654d2550.js        30.08 KiB        7.35 KiB
  dist/js/chunk-30aa1886.ec1f6ec3.js        29.26 KiB        6.42 KiB
  dist/js/chunk-5fb56611.6e384a8f.js        27.65 KiB        6.47 KiB
  dist/js/chunk-1aca01f5.56d3a283.js        26.85 KiB        8.64 KiB
  dist/js/integrations-management-screen    26.75 KiB        7.70 KiB
  .25fb44e3.js
  dist/js/chunk-51cb4172.dcb4ce54.js        26.08 KiB        6.34 KiB
  dist/js/cost-center-management-screen.    25.58 KiB        5.84 KiB
  43c8e6f2.js
  dist/js/old-cms-screen.93ea7669.js        25.23 KiB        6.54 KiB
  dist/js/chunk-4adbcfb3.1bf13e46.js        25.02 KiB        5.73 KiB
  dist/js/chunk-01575096.8ebe0cc9.js        24.46 KiB        8.00 KiB
  dist/js/analytics-screen~home-screen.1    22.46 KiB        5.95 KiB
  6d75f9e.js
  dist/js/chunk-50ba1901.eabf133d.js        22.35 KiB        5.80 KiB
  dist/js/chunk-68fbe5e2.163830e4.js        22.21 KiB        5.52 KiB
  dist/js/other-cost-management-screen.5    21.93 KiB        5.31 KiB
  ceb6607.js
  dist/js/chunk-4ac35574.bad25295.js        21.85 KiB        5.64 KiB
  dist/js/chunk-7c6755ec.6bbab5ac.js        21.85 KiB        5.67 KiB
  dist/js/chunk-50dce618.6595ea89.js        21.54 KiB        5.05 KiB
  dist/js/chunk-0b963646.ca0a96f2.js        20.97 KiB        5.45 KiB
  dist/js/gatekeeper-screen.f7dfd739.js     20.94 KiB        4.96 KiB
  dist/js/chunk-7bdefadb.1bdd9ab3.js        20.69 KiB        5.00 KiB
  dist/js/chunk-28a68ae6.cb86de2e.js        20.44 KiB        4.62 KiB
  dist/js/cost-center-management-screen~    20.02 KiB        5.30 KiB
  gatekeeper-screen~other-cost-managemen
  t-screen~personal-access-tokens-~d5dea
  1e2.3c36c8c3.js
  dist/js/chunk-9ae46708.61656e80.js        19.81 KiB        4.86 KiB
  dist/js/chunk-8035c4a2.2b952fd4.js        19.78 KiB        7.02 KiB
  dist/js/chunk-c5f5e1a4.a777788e.js        19.72 KiB        4.96 KiB
  dist/js/chunk-d486d454.f1ba57ce.js        19.53 KiB        5.18 KiB
  dist/js/chunk-57dfac94.daf5853c.js        19.17 KiB        5.34 KiB
  dist/js/welcome-whats-new.bf0506f3.js     18.99 KiB        6.00 KiB
  dist/js/chunk-d667d8fc.17d8019e.js        18.78 KiB        4.75 KiB
  dist/js/chunk-39a5301c.78d4bdfb.js        18.60 KiB        6.76 KiB
  dist/js/chunk-7e2e62a3.1655a5da.js        18.46 KiB        4.44 KiB
  dist/js/chunk-6381b0f1.f675fb6c.js        18.33 KiB        4.39 KiB
  dist/js/chunk-34b9818a.7b144fd9.js        17.78 KiB        3.39 KiB
  dist/js/chunk-0ef381b3.d434ab51.js        17.30 KiB        4.19 KiB
  dist/js/analytics-screen.2910588c.js      17.11 KiB        4.38 KiB
  dist/js/chunk-9e9c9b90.5c5cdf13.js        17.06 KiB        6.44 KiB
  dist/js/chunk-1f7e8986.6ee82e85.js        16.44 KiB        3.96 KiB
  dist/js/chunk-ccf96632.e72938f3.js        16.35 KiB        4.38 KiB
  dist/js/chunk-508b5db4.77f60b7a.js        16.10 KiB        3.96 KiB
  dist/js/cost-center-management-screen~    15.09 KiB        5.22 KiB
  failure-sla-analytics-screen~failures-
  screen~gatekeeper-screen~other-c~668fa
  cfa.16620a7a.js
  dist/js/chunk-5a50fbae.4da8ace4.js        15.05 KiB        3.86 KiB
  dist/js/chunk-020eb630.1b162889.js        14.87 KiB        3.62 KiB
  dist/js/chunk-118d19aa.462a7587.js        14.51 KiB        4.16 KiB
  dist/js/chunk-3c04fc25.0e6b382a.js        14.44 KiB        3.94 KiB
  dist/js/hub-apps~hub-screen.84dfd87d.j    13.32 KiB        3.63 KiB
  s
  dist/js/chunk-4eec0cf6.d4be46d4.js        13.26 KiB        5.30 KiB
  dist/js/chunk-a1c9cdf6.418c8670.js        12.46 KiB        3.00 KiB
  dist/js/chunk-36c95e7d.a79121c4.js        12.17 KiB        3.50 KiB
  dist/js/chunk-4d4781c6.ff96ef78.js        12.00 KiB        3.16 KiB
  dist/js/chunk-6b42b25f.ca2741d1.js        11.93 KiB        2.95 KiB
  dist/js/chunk-39a10aa6.25b63ec7.js        11.19 KiB        2.52 KiB
  dist/js/chunk-6f6188f6.9f09317e.js        10.66 KiB        2.97 KiB
  dist/js/hub-screen.7ab52a12.js            10.51 KiB        2.87 KiB
  dist/js/account-blocked.de59dbff.js       10.24 KiB        3.78 KiB
  dist/js/login-screen.73f340df.js          10.17 KiB        4.04 KiB
  dist/js/hub-apps.29408e66.js              10.16 KiB        2.79 KiB
  dist/js/chunk-a3e2d22a.1863ef3d.js        9.91 KiB         2.86 KiB
  dist/js/chunk-a4692d46.8a5c1e1d.js        9.40 KiB         3.06 KiB
  dist/js/chunk-5b653a01.8f3d4028.js        8.88 KiB         2.96 KiB
  dist/js/chunk-053c745c.53de359d.js        8.83 KiB         2.71 KiB
  dist/js/chunk-d9620424.cac65432.js        8.38 KiB         2.16 KiB
  dist/js/chunk-76a05bde.565598bf.js        8.14 KiB         2.34 KiB
  dist/js/chunk-f2b884e2.5d1d6bca.js        7.63 KiB         2.39 KiB
  dist/js/chunk-27ecb80c.2e655fe2.js        7.23 KiB         2.25 KiB
  dist/js/chunk-3b33c162.06d82476.js        6.39 KiB         1.74 KiB
  dist/js/chunk-7edb60e6.50e82d7f.js        5.92 KiB         2.06 KiB
  dist/js/chunk-61bb3ffe.c89db51e.js        5.71 KiB         1.86 KiB
  dist/js/chunk-6acaf102.d210cc46.js        5.60 KiB         1.89 KiB
  dist/js/chunk-24f77d2a.6fc6d7e4.js        5.49 KiB         1.86 KiB
  dist/js/chunk-7b4fb17e.aa424460.js        5.16 KiB         1.68 KiB
  dist/js/chunk-9466aa38.05913d95.js        4.36 KiB         1.28 KiB
  dist/js/chunk-5c252a5e.ea5152d1.js        3.58 KiB         1.19 KiB
  dist/js/chunk-2d0d8057.3c3ed904.js        3.48 KiB         1.19 KiB
  dist/js/page-not-found-screen.ffa48cab    3.40 KiB         1.53 KiB
  .js
  dist/basic.js                             3.36 KiB         1.05 KiB
  dist/js/chunk-2d212ff2.6629aa81.js        3.00 KiB         1.13 KiB
  dist/js/chunk-2d2261a8.da626f13.js        2.97 KiB         1.21 KiB
  dist/js/chunk-2d0b1be8.d9984fd0.js        2.94 KiB         1.13 KiB
  dist/js/chunk-2d0e91af.ad0f37a9.js        2.64 KiB         1.14 KiB
  dist/js/chunk-2d0e1dae.cdc5bfc6.js        2.62 KiB         1.18 KiB
  dist/js/chunk-2d0e4a7c.6b07ec80.js        2.60 KiB         1.15 KiB
  dist/js/chunk-2d0ce796.5f2a3efe.js        2.52 KiB         1.16 KiB
  dist/js/chunk-2d0db486.34bed1c2.js        2.50 KiB         1.15 KiB
  dist/js/chunk-2d21b27e.07be6566.js        2.49 KiB         1.09 KiB
  dist/js/chunk-2d229616.f7ca2457.js        2.47 KiB         1.13 KiB
  dist/js/chunk-2d228e49.d768461f.js        2.41 KiB         1.07 KiB
  dist/js/chunk-2d22d238.2e039c12.js        2.40 KiB         1.11 KiB
  dist/js/chunk-2d0b2213.6a128350.js        2.38 KiB         1.03 KiB
  dist/js/chunk-2d0da6ab.74241921.js        2.19 KiB         1.05 KiB
  dist/js/chunk-2d0d622d.38de996c.js        2.13 KiB         0.97 KiB
  dist/js/chunk-2d0cba55.e7d6e534.js        2.07 KiB         1.00 KiB
  dist/js/chunk-f50c655a.1a63188f.js        2.00 KiB         0.87 KiB
  dist/js/chunk-2d0f0dec.d782f997.js        1.98 KiB         0.97 KiB
  dist/js/chunk-2d216de6.77705d1b.js        1.96 KiB         1.02 KiB
  dist/js/chunk-2d2132bb.b65fbc8c.js        1.96 KiB         0.94 KiB
  dist/js/chunk-2d0b2ee7.2a81427c.js        1.94 KiB         1.01 KiB
  dist/js/chunk-2d0cf17f.e3785b20.js        1.94 KiB         0.99 KiB
  dist/js/chunk-2d0bdb3c.439f6ea8.js        1.93 KiB         0.98 KiB
  dist/js/chunk-2d237f33.2a8c2cae.js        1.93 KiB         1.00 KiB
  dist/js/chunk-2d0e26c3.1dbaca88.js        1.93 KiB         0.97 KiB
  dist/js/chunk-2d2259d8.83888308.js        1.92 KiB         0.94 KiB
  dist/js/chunk-2d0d70e6.c3640bf9.js        1.91 KiB         0.98 KiB
  dist/js/chunk-2d0ea0ba.3e43d6b9.js        1.90 KiB         0.98 KiB
  dist/js/chunk-2d0d6a95.3d883ea9.js        1.90 KiB         0.93 KiB
  dist/js/chunk-2d0cca32.2bac9c9b.js        1.90 KiB         0.91 KiB
  dist/js/chunk-2d0d03e8.594e85b0.js        1.90 KiB         0.92 KiB
  dist/js/chunk-2d0d70c6.67724bf1.js        1.90 KiB         0.96 KiB
  dist/js/chunk-2d0c575a.9770dc11.js        1.90 KiB         0.94 KiB
  dist/js/chunk-2d0e9ba2.c8755efe.js        1.89 KiB         0.94 KiB
  dist/js/chunk-2d0b9447.463d5376.js        1.88 KiB         0.92 KiB
  dist/js/chunk-2d0a45e0.4ae886a3.js        1.87 KiB         0.91 KiB
  dist/js/chunk-2d217af6.ab91f521.js        1.87 KiB         1.01 KiB
  dist/js/chunk-2d0b23c4.8daecc20.js        1.86 KiB         0.93 KiB
  dist/js/chunk-2d2107bd.2b521a96.js        1.86 KiB         0.92 KiB
  dist/js/chunk-2d22e165.96d5bfa2.js        1.86 KiB         0.91 KiB
  dist/js/chunk-2d20f204.6b3c5220.js        1.85 KiB         0.97 KiB
  dist/js/chunk-2d21a5d7.22ef6e49.js        1.85 KiB         0.92 KiB
  dist/js/chunk-2d0e57ff.3ecd9637.js        1.85 KiB         0.89 KiB
  dist/js/analytics-customizations-scree    1.85 KiB         0.84 KiB
  n.e0fe19dc.js
  dist/js/chunk-2d2288f4.b828a075.js        1.85 KiB         0.89 KiB
  dist/js/chunk-77215428.c7d3206c.js        1.84 KiB         0.95 KiB
  dist/js/chunk-2d0cbca7.f3384819.js        1.83 KiB         0.94 KiB
  dist/js/chunk-2d0d0f3c.81b63e6b.js        1.80 KiB         0.91 KiB
  dist/js/chunk-2d0d3ea6.e6f28ebc.js        1.79 KiB         0.93 KiB
  dist/js/chunk-2d0e5eb9.8665eff2.js        1.79 KiB         0.91 KiB
  dist/js/chunk-6659b8d6.813c8251.js        1.78 KiB         0.80 KiB
  dist/js/chunk-2d20e85d.6479021d.js        1.77 KiB         0.87 KiB
  dist/js/chunk-2d20f558.03553899.js        1.76 KiB         0.86 KiB
  dist/service-worker.js                    1.06 KiB         0.62 KiB
  dist/css/app.2b76ae88.css                 378.39 KiB       61.84 KiB
  dist/css/scheduled-works-screen.ba0a61    155.10 KiB       14.58 KiB
  58.css
  dist/css/chunk-3bfe8ab2.2f1d1b51.css      139.17 KiB       12.78 KiB
  dist/css/assets-screen.a7373b67.css       118.65 KiB       11.75 KiB
  dist/css/chunk-6028e72f.4a41316f.css      104.44 KiB       10.12 KiB
  dist/css/screen-direct-app.6717f77b.cs    99.82 KiB        10.85 KiB
  s
  dist/css/sales-screen.d7a7bf84.css        93.86 KiB        10.74 KiB
  dist/css/failures-screen.cc022e9d.css     92.13 KiB        10.08 KiB
  dist/css/chunk-665c5b3d.6f32a93d.css      86.18 KiB        9.46 KiB
  dist/css/purchases-screen.115ab2bb.css    80.89 KiB        8.84 KiB
  dist/css/works-screen.29a80225.css        80.22 KiB        9.80 KiB
  dist/css/sales-quotes.6cccd27b.css        75.58 KiB        9.33 KiB
  dist/css/chunk-690e231b.d9747c83.css      75.35 KiB        7.71 KiB
  dist/css/chunk-7cf30e1c.afb182ba.css      73.27 KiB        7.30 KiB
  dist/css/chunk-34ddccd2.ef0662b6.css      71.71 KiB        8.30 KiB
  dist/css/chunk-53460c0c.a52c3b18.css      68.02 KiB        8.20 KiB
  dist/css/chunk-ef7e6422.0fccb828.css      66.52 KiB        6.50 KiB
  dist/css/planner-screen.d1190b74.css      54.42 KiB        5.77 KiB
  dist/css/dashboard-screen.708fcad3.css    49.77 KiB        10.98 KiB
  dist/css/chunk-39c79f62.12957f1f.css      47.66 KiB        3.78 KiB
  dist/css/chunk-4383bc45.ba2fcff7.css      44.18 KiB        5.47 KiB
  dist/css/home-screen.284a33d7.css         36.30 KiB        5.31 KiB
  dist/css/chunk-419907eb.5ec78603.css      33.21 KiB        3.71 KiB
  dist/css/utilities-screen.d3ee961c.css    32.37 KiB        3.99 KiB
  dist/css/chunk-be6dc046.35765605.css      30.19 KiB        3.28 KiB
  dist/css/scheduled-work-analytics-scre    28.08 KiB        3.82 KiB
  en.c9aac6ac.css
  dist/css/sla-analytics-screen.36a45b09    24.70 KiB        3.71 KiB
  .css
  dist/css/failure-sla-analytics-screen.    24.62 KiB        3.70 KiB
  84067e39.css
  dist/css/chunk-d667d8fc.8d816ee5.css      21.14 KiB        3.26 KiB
  dist/css/chunk-63a94b7e.78a99d21.css      19.97 KiB        2.57 KiB
  dist/css/chunk-3b8f94f9.7701ab0c.css      18.83 KiB        2.34 KiB
  dist/css/chunk-dd6c9d34.1073c1e5.css      18.49 KiB        2.68 KiB
  dist/css/chunk-51cb4172.6e71a9c2.css      18.20 KiB        2.24 KiB
  dist/css/chunk-308c474e.83fbcf0c.css      17.90 KiB        2.65 KiB
  dist/css/chunk-5fb56611.08c09e38.css      17.90 KiB        2.14 KiB
  dist/css/sales-analytics-screen.b9fd84    17.34 KiB        2.69 KiB
  22.css
  dist/css/chunk-1f7e8986.cf15ebf1.css      17.14 KiB        2.06 KiB
  dist/css/chunk-2d8734ac.61d7ff25.css      16.61 KiB        2.41 KiB
  dist/css/chunk-21a87d13.95c37db3.css      16.56 KiB        2.67 KiB
  dist/css/welcome-screen.69942b43.css      16.54 KiB        2.25 KiB
  dist/css/chunk-450efd80.e07aa99c.css      16.49 KiB        2.66 KiB
  dist/css/chunk-0b963646.923e8498.css      16.15 KiB        2.22 KiB
  dist/css/quote-requests.995f8917.css      16.14 KiB        2.94 KiB
  dist/css/iot-management-screen.76c6c32    15.46 KiB        2.39 KiB
  f.css
  dist/css/settings-screen.cd66366c.css     14.81 KiB        2.21 KiB
  dist/css/analytics-screen.86047d4b.css    14.08 KiB        1.96 KiB
  dist/css/chunk-b070ee5e.74ebddfa.css      13.80 KiB        2.68 KiB
  dist/css/chunk-4adbcfb3.5c2e84d7.css      13.78 KiB        2.47 KiB
  dist/css/chunk-c5f5e1a4.ac467400.css      13.47 KiB        2.41 KiB
  dist/css/chunk-68fbe5e2.2f79b79a.css      13.41 KiB        2.41 KiB
  dist/css/webhook-logs-management-scree    12.54 KiB        2.23 KiB
  n.81e7e6c7.css
  dist/css/chunk-4ac35574.d5fe5cd8.css      12.23 KiB        2.47 KiB
  dist/css/chunk-7c6755ec.d5fe5cd8.css      12.23 KiB        2.48 KiB
  dist/css/chunk-10c7cb18.b1d8a6af.css      12.18 KiB        2.15 KiB
  dist/css/chunk-1c5abaf8.9c1100f8.css      11.69 KiB        2.37 KiB
  dist/css/chunk-530fae1c.9c1100f8.css      11.69 KiB        2.37 KiB
  dist/css/chunk-61f33501.9c1100f8.css      11.69 KiB        2.37 KiB
  dist/css/webhooks-management-screen.86    11.67 KiB        2.03 KiB
  c0dc5c.css
  dist/css/chunk-30aa1886.87352850.css      11.60 KiB        2.34 KiB
  dist/css/chunk-3e219d7a.83a7bcd8.css      11.55 KiB        2.32 KiB
  dist/css/chunk-ccf96632.83a7bcd8.css      11.55 KiB        2.32 KiB
  dist/css/chunk-28a68ae6.1a22b2e9.css      11.50 KiB        2.28 KiB
  dist/css/utility-types-management-scre    10.98 KiB        1.83 KiB
  en.34bc8c5b.css
  dist/css/chunk-6f6188f6.d3df0277.css      10.24 KiB        2.03 KiB
  dist/css/chunk-a1c9cdf6.7ed727ff.css      10.20 KiB        1.40 KiB
  dist/css/hub-apps.7bb4dcac.css            9.56 KiB         2.31 KiB
  dist/css/chunk-50dce618.fd373a45.css      9.17 KiB         1.62 KiB
  dist/css/cost-center-management-screen    9.13 KiB         2.28 KiB
  ~gatekeeper-screen~other-cost-manageme
  nt-screen~personal-access-tokens-~d5de
  a1e2.1fc7f9ca.css
  dist/css/personal-access-tokens-manage    8.54 KiB         1.13 KiB
  ment-screen.b79c13ae.css
  dist/basic.css                            8.28 KiB         1.63 KiB
  dist/css/welcome-whats-new.8a4a581e.cs    7.88 KiB         2.08 KiB
  s
  dist/css/chunk-9466aa38.e6c50781.css      7.08 KiB         1.08 KiB
  dist/css/chunk-508b5db4.7e859d11.css      7.02 KiB         1.48 KiB
  dist/css/hub-screen.c776f36c.css          6.94 KiB         1.85 KiB
  dist/css/chunk-d9620424.573bddf9.css      6.92 KiB         1.09 KiB
  dist/css/integrations-management-scree    6.39 KiB         1.29 KiB
  n.ac07b63a.css
  dist/css/chunk-7bdefadb.c8376727.css      6.30 KiB         1.34 KiB
  dist/css/chunk-020eb630.3b468e91.css      6.04 KiB         1.22 KiB
  dist/css/old-cms-screen.0a49c550.css      5.89 KiB         0.87 KiB
  dist/css/chunk-3b33c162.b6e4f5bf.css      5.72 KiB         1.16 KiB
  dist/css/chunk-7e2e62a3.e2467bbf.css      5.69 KiB         1.50 KiB
  dist/css/chunk-6b42b25f.362a5c87.css      5.66 KiB         1.49 KiB
  dist/css/chunk-0ef381b3.0eed711f.css      5.61 KiB         1.47 KiB
  dist/css/chunk-8035c4a2.020f3881.css      5.48 KiB         1.12 KiB
  dist/css/chunk-50ba1901.033ea070.css      5.40 KiB         1.51 KiB
  dist/css/chunk-d486d454.033ea070.css      5.40 KiB         1.51 KiB
  dist/css/page-not-found-screen.cfdea92    5.22 KiB         1.09 KiB
  7.css
  dist/css/login-screen.b4ff8532.css        5.09 KiB         1.48 KiB
  dist/css/chunk-57dfac94.cc8aa3a8.css      5.01 KiB         1.40 KiB
  dist/css/chunk-118d19aa.1332469f.css      4.77 KiB         1.33 KiB
  dist/css/chunk-9ae46708.62210807.css      4.67 KiB         1.33 KiB
  dist/css/client-prices-old-cms-screen.    4.67 KiB         1.20 KiB
  eefa436a.css
  dist/css/chunk-4d4781c6.5c163df3.css      4.53 KiB         1.31 KiB
  dist/css/chunk-01575096.6a4d0725.css      4.47 KiB         1.28 KiB
  dist/css/chunk-1aca01f5.10a1a41a.css      4.47 KiB         1.28 KiB
  dist/css/chunk-7edb60e6.617f4701.css      4.34 KiB         1.27 KiB
  dist/css/chunk-6381b0f1.ffd1aed9.css      4.33 KiB         1.22 KiB
  dist/css/chunk-76a05bde.ffd1aed9.css      4.33 KiB         1.22 KiB
  dist/css/chunk-61bb3ffe.84ec0d1f.css      4.19 KiB         1.29 KiB
  dist/css/chunk-5a50fbae.346fe3e5.css      4.00 KiB         0.79 KiB
  dist/css/home-screen~planner-screen~qu    3.54 KiB         1.10 KiB
  ote-requests.c7cbd849.css
  dist/css/cost-center-management-screen    3.47 KiB         0.92 KiB
  ~failure-sla-analytics-screen~failures
  -screen~gatekeeper-screen~other-c~668f
  acfa.dac667ce.css
  dist/css/chunk-39a5301c.3dc0d519.css      3.38 KiB         1.03 KiB
  dist/css/chunk-vendors.b7d36435.css       3.37 KiB         0.66 KiB
  dist/css/failure-sla-analytics-screen~    2.83 KiB         0.89 KiB
  sales-analytics-screen~scheduled-work-
  analytics-screen~sla-analytics-sc~e900
  9d77.34a831d2.css
  dist/css/hub-apps~hub-screen.1f14f5e2.    2.80 KiB         0.93 KiB
  css
  dist/css/chunk-3c04fc25.ea85ca7f.css      2.80 KiB         0.90 KiB
  dist/css/chunk-36c95e7d.72e6313e.css      2.77 KiB         0.93 KiB
  dist/css/chunk-a3e2d22a.885d438a.css      2.66 KiB         0.85 KiB
  dist/css/account-blocked.7d55c5c5.css     2.56 KiB         0.84 KiB
  dist/css/chunk-4eec0cf6.1b6f5f32.css      2.19 KiB         0.71 KiB
  dist/css/chunk-6acaf102.4ac7edbc.css      2.19 KiB         0.73 KiB
  dist/css/chunk-7b4fb17e.95113aaf.css      2.19 KiB         0.73 KiB
  dist/css/chunk-24f77d2a.465795e1.css      2.17 KiB         0.73 KiB
  dist/css/chunk-f2b884e2.10059aea.css      2.16 KiB         0.73 KiB
  dist/css/chunk-27ecb80c.1ff176f0.css      2.16 KiB         0.72 KiB
  dist/css/chunk-a4692d46.0f5efdab.css      2.10 KiB         0.68 KiB
  dist/css/chunk-5b653a01.9928b22f.css      2.08 KiB         0.68 KiB
  dist/css/cost-center-management-screen    2.05 KiB         0.65 KiB
  .72a7aea9.css
  dist/css/analytics-customizations-scre    2.02 KiB         0.65 KiB
  en.07dc4344.css
  dist/css/chunk-5c252a5e.327d5b4d.css      2.00 KiB         0.68 KiB
  dist/css/chunk-f50c655a.4841d5d3.css      1.99 KiB         0.66 KiB
  dist/css/chunk-6659b8d6.a6e3afb4.css      1.81 KiB         0.59 KiB

  Images and other types of assets omitted.

 DONE  Build complete. The dist directory is ready to be deployed.
 INFO  Check out deployment instructions at https://cli.vuejs.org/guide/deployment.html
      
section_end:1625650845:step_script[0Ksection_start:1625650845:archive_cache[0K[0K[36;1mSaving cache for successful job[0;m
[0;m[32;1mCreating cache v0-104-13...[0;m
dist/: found 386 matching files and directories   [0;m 
node_modules/: found 157925 matching files and directories[0;m 
Uploading cache.zip to https://is-gitlab-runners-cache.s3.dualstack.eu-west-1.amazonaws.com/project/20143087/v0-104-13[0;m 
[32;1mCreated cache[0;m
section_end:1625650948:archive_cache[0Ksection_start:1625650948:cleanup_file_variables[0K[0K[36;1mCleaning up file based variables[0;m
[0;msection_end:1625650949:cleanup_file_variables[0K[32;1mJob succeeded
[0;m