[0KRunning with gitlab-runner 13.7.0 (943fc252)
[0;m[0K  on Web Core Client - Tests- docker+machine Gu_oFDiR
[0;msection_start:1629373329:resolve_secrets[0K[0K[36;1mResolving secrets[0;m
[0;msection_end:1629373329:resolve_secrets[0Ksection_start:1629373329:prepare_executor[0K[0K[36;1mPreparing the "docker+machine" executor[0;m
[0;m[0KUsing Docker executor with image node:12.16.1 ...
[0;m[0KPulling docker image node:12.16.1 ...
[0;m[0KUsing docker image sha256:88c089733a3b980b3517e8e2e8afa46b338f69d7562550cb3c2e9fd852a2fbac for node:12.16.1 with digest node@sha256:46f4c17e1edbde36d60a9f6362db7912cfe301bac89afef7cc92421ab3e7ca18 ...
[0;msection_end:1629373332:prepare_executor[0Ksection_start:1629373332:prepare_script[0K[0K[36;1mPreparing environment[0;m
[0;mRunning on runner-guofdir-project-20143087-concurrent-0 via runner-guofdir-IS-Pipeline-gitlab-runner-1629370287-324d9636...
section_end:1629373332:prepare_script[0Ksection_start:1629373332:get_sources[0K[0K[36;1mGetting source from Git repository[0;m
[0;m[32;1mFetching changes with git depth set to 1...[0;m
Initialized empty Git repository in /builds/infraspeak/web/web-core-client/.git/
[32;1mCreated fresh repository.[0;m
[32;1mChecking out 866fec53 as v0.108.5...[0;m

[32;1mSkipping Git submodules setup[0;m
section_end:1629373336:get_sources[0Ksection_start:1629373336:restore_cache[0K[0K[36;1mRestoring cache[0;m
[0;m[32;1mChecking cache for v0-108-5...[0;m
Downloading cache.zip from https://is-gitlab-runners-cache.s3.dualstack.eu-west-1.amazonaws.com/project/20143087/v0-108-5[0;m 
[32;1mSuccessfully extracted cache[0;m
section_end:1629373398:restore_cache[0Ksection_start:1629373398:step_script[0K[0K[36;1mExecuting "step_script" stage of the job script[0;m
[0;m[32;1m$ npm run build-production[0;m

> infraspeak-web-core-client@0.108.0 build-production /builds/infraspeak/web/web-core-client
> vue-cli-service build --mode production --dest dist


-  Building for production...
Starting type checking service...
Using 1 worker with 2048MB memory limit
Browserslist: caniuse-lite is outdated. Please run:
npx browserslist@latest --update-db

Why you should do it regularly:
https://github.com/browserslist/browserslist#browsers-data-updating
Browserslist: caniuse-lite is outdated. Please run:
npx browserslist@latest --update-db

Why you should do it regularly:
https://github.com/browserslist/browserslist#browsers-data-updating
 WARNING  Compiled with 20 warnings11:50:09 AM

Module Warning (from ./node_modules/eslint-loader/index.js):
error: Unexpected console statement (no-console) at src/components/chart/analytic/ChartAnalytic.vue:249:25:
  247 |                         this.isLoadingData = false
  248 | 
> 249 |                         console.error('error getting data: ', error)
      |                         ^
  250 |                     })
  251 |             }
  252 | 


error: Unexpected console statement (no-console) at src/components/chart/analytic/ChartAnalytic.vue:329:29:
  327 |                         })
  328 |                         .catch(error => {
> 329 |                             console.error('error exporting data: ', error)
      |                             ^
  330 |                         })
  331 |                         .finally(progressNoty.close)
  332 | 


2 errors found.

Module Warning (from ./node_modules/eslint-loader/index.js):
error: Unexpected console statement (no-console) at src/components/chart/analyticnew2/ChartAnalytic.vue:126:21:
  124 |                 })
  125 |                 .catch(error => {
> 126 |                     console.error('error exporting data: ', error)
      |                     ^
  127 |                 })
  128 |                 .finally(progressNoty.close)
  129 |         }


1 error found.

Module Warning (from ./node_modules/eslint-loader/index.js):
error: Unexpected console statement (no-console) at src/components/history/failure/HistoryFailure.vue:163:21:
  161 | 
  162 |                     })
> 163 |                     console.log(registryItem)
      |                     ^
  164 |                     break
  165 |                 case EnumFailureRegistryAction.FAILURE_REOPEN:
  166 |                     if (registry.description) {


1 error found.

You may use special comments to disable some warnings.
Use // eslint-disable-next-line to ignore the next line.
Use /* eslint-disable */ to ignore all warnings in a file.
 warning  in ./src/helpers/cookies.helper.ts

Module Warning (from ./node_modules/thread-loader/dist/cjs.js):

/builds/infraspeak/web/web-core-client/src/helpers/cookies.helper.ts
  40:5   error  Unexpected var, use let or const instead   no-var
  40:40  error  Extra semicolon                            semi
  41:5   error  Unexpected var, use let or const instead   no-var
  41:65  error  Extra semicolon                            semi
  42:5   error  Unexpected var, use let or const instead   no-var
  42:77  error  Missing space before function parentheses  space-before-function-paren
  43:69  error  Extra semicolon                            semi
  44:17  error  Extra semicolon                            semi
  46:35  error  Extra semicolon                            semi

✖ 9 problems (9 errors, 0 warnings)
  9 errors and 0 warnings potentially fixable with the `--fix` option.


 @ ./src/store/root/Root.store.ts 22:0-56 62:26-38
 @ ./src/plugins/analytics/analytics.plugin.ts
 @ ./src/main.ts
 @ multi ./src/main.ts

 warning  in ./src/models/Base.transformer.ts

Module Warning (from ./node_modules/thread-loader/dist/cjs.js):

/builds/infraspeak/web/web-core-client/src/models/Base.transformer.ts
  46:17  error  Unexpected console statement  no-console

✖ 1 problem (1 error, 0 warnings)


 @ ./src/models/entity/Entity.transformer.v3.ts 7:0-60 71:2-17
 @ ./src/api/entity.api.ts
 @ ./src/store/root/Root.store.ts
 @ ./src/plugins/analytics/analytics.plugin.ts
 @ ./src/main.ts
 @ multi ./src/main.ts

 warning  in ./src/store/root/Root.store.ts

Module Warning (from ./node_modules/thread-loader/dist/cjs.js):

/builds/infraspeak/web/web-core-client/src/store/root/Root.store.ts
  372:17  error  Unexpected console statement  no-console

✖ 1 problem (1 error, 0 warnings)


 @ ./src/plugins/analytics/analytics.plugin.ts 9:0-52 19:14-23 20:16-25 21:16-25 22:40-49 27:8-17 28:27-36 29:28-37 54:19-28 54:49-58
 @ ./src/main.ts
 @ multi ./src/main.ts

 warning  

chunk chunk-6f6188f6 [mini-css-extract-plugin]
Conflicting order. Following module has been added:
 * css ./node_modules/css-loader/dist/cjs.js??ref--8-oneOf-1-1!./node_modules/vue-loader/lib/loaders/stylePostLoader.js!./node_modules/postcss-loader/src??ref--8-oneOf-1-2!./node_modules/sass-loader/dist/cjs.js??ref--8-oneOf-1-3!./node_modules/cache-loader/dist/cjs.js??ref--0-0!./node_modules/vue-loader/lib??vue-loader-options!./src/components/common/tag/popover/IsTagPopover.vue?vue&type=style&index=0&lang=scss&
despite it was not able to fulfill desired ordering with these modules:
 * css ./node_modules/css-loader/dist/cjs.js??ref--8-oneOf-1-1!./node_modules/vue-loader/lib/loaders/stylePostLoader.js!./node_modules/postcss-loader/src??ref--8-oneOf-1-2!./node_modules/sass-loader/dist/cjs.js??ref--8-oneOf-1-3!./node_modules/cache-loader/dist/cjs.js??ref--0-0!./node_modules/vue-loader/lib??vue-loader-options!./src/components/common/field/IsField.vue?vue&type=style&index=0&lang=scss&
   - couldn't fulfill desired order of chunk group(s) client-prices-old-cms-screen, screen-direct-app, , , , , , , , , 
   - while fulfilling desired order of chunk group(s) dashboard-screen, assets-screen, failures-screen, scheduled-works-screen, purchases-screen, sales-screen, sales-quotes, works-screen, quote-requests, , , , , , , 

 warning  

chunk chunk-a1c9cdf6 [mini-css-extract-plugin]
Conflicting order. Following module has been added:
 * css ./node_modules/css-loader/dist/cjs.js??ref--8-oneOf-1-1!./node_modules/vue-loader/lib/loaders/stylePostLoader.js!./node_modules/postcss-loader/src??ref--8-oneOf-1-2!./node_modules/sass-loader/dist/cjs.js??ref--8-oneOf-1-3!./node_modules/cache-loader/dist/cjs.js??ref--0-0!./node_modules/vue-loader/lib??vue-loader-options!./src/components/summary/operator/SummaryOperator.vue?vue&type=style&index=0&id=51377b1a&lang=scss&scoped=true&
despite it was not able to fulfill desired ordering with these modules:
 * css ./node_modules/css-loader/dist/cjs.js??ref--8-oneOf-1-1!./node_modules/vue-loader/lib/loaders/stylePostLoader.js!./node_modules/postcss-loader/src??ref--8-oneOf-1-2!./node_modules/sass-loader/dist/cjs.js??ref--8-oneOf-1-3!./node_modules/cache-loader/dist/cjs.js??ref--0-0!./node_modules/vue-loader/lib??vue-loader-options!./src/components/common/time-picker/IsTimePicker.vue?vue&type=style&index=0&id=84536cda&lang=scss&scoped=true&
   - couldn't fulfill desired order of chunk group(s) , 
   - while fulfilling desired order of chunk group(s) planner-screen

 warning  

chunk chunk-a1c9cdf6 [mini-css-extract-plugin]
Conflicting order. Following module has been added:
 * css ./node_modules/css-loader/dist/cjs.js??ref--8-oneOf-1-1!./node_modules/vue-loader/lib/loaders/stylePostLoader.js!./node_modules/postcss-loader/src??ref--8-oneOf-1-2!./node_modules/sass-loader/dist/cjs.js??ref--8-oneOf-1-3!./node_modules/cache-loader/dist/cjs.js??ref--0-0!./node_modules/vue-loader/lib??vue-loader-options!./src/components/chip/operator/ChipOperator.vue?vue&type=style&index=0&id=05dd3048&lang=scss&scoped=true&
despite it was not able to fulfill desired ordering with these modules:
 * css ./node_modules/css-loader/dist/cjs.js??ref--8-oneOf-1-1!./node_modules/vue-loader/lib/loaders/stylePostLoader.js!./node_modules/postcss-loader/src??ref--8-oneOf-1-2!./node_modules/sass-loader/dist/cjs.js??ref--8-oneOf-1-3!./node_modules/cache-loader/dist/cjs.js??ref--0-0!./node_modules/vue-loader/lib??vue-loader-options!./src/components/common/time-picker/IsTimePicker.vue?vue&type=style&index=0&id=84536cda&lang=scss&scoped=true&
   - couldn't fulfill desired order of chunk group(s) , 
   - while fulfilling desired order of chunk group(s) planner-screen

 warning  

chunk chunk-b71cc588 [mini-css-extract-plugin]
Conflicting order. Following module has been added:
 * css ./node_modules/css-loader/dist/cjs.js??ref--8-oneOf-1-1!./node_modules/vue-loader/lib/loaders/stylePostLoader.js!./node_modules/postcss-loader/src??ref--8-oneOf-1-2!./node_modules/sass-loader/dist/cjs.js??ref--8-oneOf-1-3!./node_modules/cache-loader/dist/cjs.js??ref--0-0!./node_modules/vue-loader/lib??vue-loader-options!./src/components/common/section-title/IsSectionTitle.vue?vue&type=style&index=0&id=019ec60c&lang=scss&scoped=true&
despite it was not able to fulfill desired ordering with these modules:
 * css ./node_modules/css-loader/dist/cjs.js??ref--8-oneOf-1-1!./node_modules/vue-loader/lib/loaders/stylePostLoader.js!./node_modules/postcss-loader/src??ref--8-oneOf-1-2!./node_modules/sass-loader/dist/cjs.js??ref--8-oneOf-1-3!./node_modules/cache-loader/dist/cjs.js??ref--0-0!./node_modules/vue-loader/lib??vue-loader-options!./src/components/card/file/CardFile.vue?vue&type=style&index=0&lang=scss&
   - couldn't fulfill desired order of chunk group(s) assets-screen, 
   - while fulfilling desired order of chunk group(s) failures-screen, scheduled-works-screen, purchases-screen, sales-screen, sales-quotes, works-screen, quote-requests, screen-direct-app, , , , , , , , 
 * css ./node_modules/css-loader/dist/cjs.js??ref--8-oneOf-1-1!./node_modules/vue-loader/lib/loaders/stylePostLoader.js!./node_modules/postcss-loader/src??ref--8-oneOf-1-2!./node_modules/sass-loader/dist/cjs.js??ref--8-oneOf-1-3!./node_modules/cache-loader/dist/cjs.js??ref--0-0!./node_modules/vue-loader/lib??vue-loader-options!./src/components/tag/file/TagFile.vue?vue&type=style&index=0&id=0f740e49&lang=scss&scoped=true&
   - couldn't fulfill desired order of chunk group(s) assets-screen, 
   - while fulfilling desired order of chunk group(s) failures-screen, scheduled-works-screen, purchases-screen, sales-screen, sales-quotes, works-screen, quote-requests, screen-direct-app, , , , , , , , 
 * css ./node_modules/css-loader/dist/cjs.js??ref--8-oneOf-1-1!./node_modules/vue-loader/lib/loaders/stylePostLoader.js!./node_modules/postcss-loader/src??ref--8-oneOf-1-2!./node_modules/sass-loader/dist/cjs.js??ref--8-oneOf-1-3!./node_modules/cache-loader/dist/cjs.js??ref--0-0!./node_modules/vue-loader/lib??vue-loader-options!./src/components/common/popover-summary/IsPopoverSummary.vue?vue&type=style&index=0&lang=scss&
   - couldn't fulfill desired order of chunk group(s) assets-screen, 
   - while fulfilling desired order of chunk group(s) failures-screen, scheduled-works-screen, purchases-screen, sales-screen, sales-quotes, works-screen, quote-requests, screen-direct-app, , , , , , , , 
 * css ./node_modules/css-loader/dist/cjs.js??ref--8-oneOf-1-1!./node_modules/vue-loader/lib/loaders/stylePostLoader.js!./node_modules/postcss-loader/src??ref--8-oneOf-1-2!./node_modules/sass-loader/dist/cjs.js??ref--8-oneOf-1-3!./node_modules/cache-loader/dist/cjs.js??ref--0-0!./node_modules/vue-loader/lib??vue-loader-options!./src/components/tag-popover/contact/TagPopoverContact.vue?vue&type=style&index=0&lang=scss&
   - couldn't fulfill desired order of chunk group(s) assets-screen, 
   - while fulfilling desired order of chunk group(s) failures-screen, scheduled-works-screen, purchases-screen, sales-screen, sales-quotes, works-screen, quote-requests, screen-direct-app, , , , , , , , 
 * css ./node_modules/css-loader/dist/cjs.js??ref--8-oneOf-1-1!./node_modules/vue-loader/lib/loaders/stylePostLoader.js!./node_modules/postcss-loader/src??ref--8-oneOf-1-2!./node_modules/sass-loader/dist/cjs.js??ref--8-oneOf-1-3!./node_modules/cache-loader/dist/cjs.js??ref--0-0!./node_modules/vue-loader/lib??vue-loader-options!./src/components/summary/contact/SummaryContact.vue?vue&type=style&index=0&id=8bf1c9a2&lang=scss&scoped=true&
   - couldn't fulfill desired order of chunk group(s) assets-screen, screen-direct-app, , 
   - while fulfilling desired order of chunk group(s) failures-screen, scheduled-works-screen, purchases-screen, sales-screen, sales-quotes, works-screen, quote-requests, , , , , , , 
 * css ./node_modules/css-loader/dist/cjs.js??ref--8-oneOf-1-1!./node_modules/vue-loader/lib/loaders/stylePostLoader.js!./node_modules/postcss-loader/src??ref--8-oneOf-1-2!./node_modules/sass-loader/dist/cjs.js??ref--8-oneOf-1-3!./node_modules/cache-loader/dist/cjs.js??ref--0-0!./node_modules/vue-loader/lib??vue-loader-options!./src/components/summary/operator/SummaryOperator.vue?vue&type=style&index=0&id=51377b1a&lang=scss&scoped=true&
   - couldn't fulfill desired order of chunk group(s) assets-screen, failures-screen, scheduled-works-screen, works-screen, quote-requests, 
   - while fulfilling desired order of chunk group(s) purchases-screen, sales-screen, sales-quotes, screen-direct-app, , , , , , , , 

 warning  

chunk chunk-b71cc588 [mini-css-extract-plugin]
Conflicting order. Following module has been added:
 * css ./node_modules/css-loader/dist/cjs.js??ref--8-oneOf-1-1!./node_modules/vue-loader/lib/loaders/stylePostLoader.js!./node_modules/postcss-loader/src??ref--8-oneOf-1-2!./node_modules/sass-loader/dist/cjs.js??ref--8-oneOf-1-3!./node_modules/cache-loader/dist/cjs.js??ref--0-0!./node_modules/vue-loader/lib??vue-loader-options!./src/components/summary/contact/SummaryContact.vue?vue&type=style&index=0&id=8bf1c9a2&lang=scss&scoped=true&
despite it was not able to fulfill desired ordering with these modules:
 * css ./node_modules/css-loader/dist/cjs.js??ref--8-oneOf-1-1!./node_modules/vue-loader/lib/loaders/stylePostLoader.js!./node_modules/postcss-loader/src??ref--8-oneOf-1-2!./node_modules/sass-loader/dist/cjs.js??ref--8-oneOf-1-3!./node_modules/cache-loader/dist/cjs.js??ref--0-0!./node_modules/vue-loader/lib??vue-loader-options!./src/components/summary/operator/SummaryOperator.vue?vue&type=style&index=0&id=51377b1a&lang=scss&scoped=true&
   - couldn't fulfill desired order of chunk group(s) assets-screen, failures-screen, scheduled-works-screen, purchases-screen, sales-screen, works-screen, quote-requests, , , , , 
   - while fulfilling desired order of chunk group(s) sales-quotes, screen-direct-app, , , , 
 * css ./node_modules/css-loader/dist/cjs.js??ref--8-oneOf-1-1!./node_modules/vue-loader/lib/loaders/stylePostLoader.js!./node_modules/postcss-loader/src??ref--8-oneOf-1-2!./node_modules/sass-loader/dist/cjs.js??ref--8-oneOf-1-3!./node_modules/cache-loader/dist/cjs.js??ref--0-0!./node_modules/vue-loader/lib??vue-loader-options!./src/components/common/popover-summary/IsPopoverSummary.vue?vue&type=style&index=0&lang=scss&
   - couldn't fulfill desired order of chunk group(s) failures-screen, scheduled-works-screen, purchases-screen, sales-screen, sales-quotes, works-screen, quote-requests, , , , , , , 
   - while fulfilling desired order of chunk group(s) assets-screen, screen-direct-app, , 
 * css ./node_modules/css-loader/dist/cjs.js??ref--8-oneOf-1-1!./node_modules/vue-loader/lib/loaders/stylePostLoader.js!./node_modules/postcss-loader/src??ref--8-oneOf-1-2!./node_modules/sass-loader/dist/cjs.js??ref--8-oneOf-1-3!./node_modules/cache-loader/dist/cjs.js??ref--0-0!./node_modules/vue-loader/lib??vue-loader-options!./src/components/common/navigation-panel/IsNavigationPanel.vue?vue&type=style&index=0&lang=scss&
   - couldn't fulfill desired order of chunk group(s) failures-screen, scheduled-works-screen, purchases-screen, sales-screen, sales-quotes, works-screen, quote-requests, , , , , , , 
   - while fulfilling desired order of chunk group(s) assets-screen, screen-direct-app, , 
 * css ./node_modules/css-loader/dist/cjs.js??ref--8-oneOf-1-1!./node_modules/vue-loader/lib/loaders/stylePostLoader.js!./node_modules/postcss-loader/src??ref--8-oneOf-1-2!./node_modules/sass-loader/dist/cjs.js??ref--8-oneOf-1-3!./node_modules/cache-loader/dist/cjs.js??ref--0-0!./node_modules/vue-loader/lib??vue-loader-options!./src/components/card/file/CardFile.vue?vue&type=style&index=0&lang=scss&
   - couldn't fulfill desired order of chunk group(s) scheduled-works-screen, sales-quotes, 
   - while fulfilling desired order of chunk group(s) assets-screen, failures-screen, purchases-screen, sales-screen, works-screen, quote-requests, screen-direct-app, , , , , , , , 
 * css ./node_modules/css-loader/dist/cjs.js??ref--8-oneOf-1-1!./node_modules/vue-loader/lib/loaders/stylePostLoader.js!./node_modules/postcss-loader/src??ref--8-oneOf-1-2!./node_modules/sass-loader/dist/cjs.js??ref--8-oneOf-1-3!./node_modules/cache-loader/dist/cjs.js??ref--0-0!./node_modules/vue-loader/lib??vue-loader-options!./src/components/tag/file/TagFile.vue?vue&type=style&index=0&id=0f740e49&lang=scss&scoped=true&
   - couldn't fulfill desired order of chunk group(s) scheduled-works-screen, sales-quotes, 
   - while fulfilling desired order of chunk group(s) assets-screen, failures-screen, purchases-screen, sales-screen, works-screen, quote-requests, screen-direct-app, , , , , , , , 

 warning  

chunk chunk-b71cc588 [mini-css-extract-plugin]
Conflicting order. Following module has been added:
 * css ./node_modules/css-loader/dist/cjs.js??ref--8-oneOf-1-1!./node_modules/vue-loader/lib/loaders/stylePostLoader.js!./node_modules/postcss-loader/src??ref--8-oneOf-1-2!./node_modules/sass-loader/dist/cjs.js??ref--8-oneOf-1-3!./node_modules/cache-loader/dist/cjs.js??ref--0-0!./node_modules/vue-loader/lib??vue-loader-options!./src/components/summary/operator/SummaryOperator.vue?vue&type=style&index=0&id=51377b1a&lang=scss&scoped=true&
despite it was not able to fulfill desired ordering with these modules:
 * css ./node_modules/css-loader/dist/cjs.js??ref--8-oneOf-1-1!./node_modules/vue-loader/lib/loaders/stylePostLoader.js!./node_modules/postcss-loader/src??ref--8-oneOf-1-2!./node_modules/sass-loader/dist/cjs.js??ref--8-oneOf-1-3!./node_modules/cache-loader/dist/cjs.js??ref--0-0!./node_modules/vue-loader/lib??vue-loader-options!./src/components/common/navigation-panel/IsNavigationPanel.vue?vue&type=style&index=0&lang=scss&
   - couldn't fulfill desired order of chunk group(s) purchases-screen, sales-screen, sales-quotes, screen-direct-app, , , , , , , , 
   - while fulfilling desired order of chunk group(s) assets-screen, failures-screen, scheduled-works-screen, works-screen, quote-requests, 
 * css ./node_modules/css-loader/dist/cjs.js??ref--8-oneOf-1-1!./node_modules/vue-loader/lib/loaders/stylePostLoader.js!./node_modules/postcss-loader/src??ref--8-oneOf-1-2!./node_modules/sass-loader/dist/cjs.js??ref--8-oneOf-1-3!./node_modules/cache-loader/dist/cjs.js??ref--0-0!./node_modules/vue-loader/lib??vue-loader-options!./src/components/common/popover-summary/IsPopoverSummary.vue?vue&type=style&index=0&lang=scss&
   - couldn't fulfill desired order of chunk group(s) sales-quotes, screen-direct-app, , , , 
   - while fulfilling desired order of chunk group(s) assets-screen, failures-screen, scheduled-works-screen, purchases-screen, sales-screen, works-screen, quote-requests, , , , , 
 * css ./node_modules/css-loader/dist/cjs.js??ref--8-oneOf-1-1!./node_modules/vue-loader/lib/loaders/stylePostLoader.js!./node_modules/postcss-loader/src??ref--8-oneOf-1-2!./node_modules/sass-loader/dist/cjs.js??ref--8-oneOf-1-3!./node_modules/cache-loader/dist/cjs.js??ref--0-0!./node_modules/vue-loader/lib??vue-loader-options!./src/components/card/file/CardFile.vue?vue&type=style&index=0&lang=scss&
   - couldn't fulfill desired order of chunk group(s) sales-quotes, screen-direct-app, , , 
   - while fulfilling desired order of chunk group(s) assets-screen, failures-screen, scheduled-works-screen, purchases-screen, sales-screen, works-screen, quote-requests, , , , , , 
 * css ./node_modules/css-loader/dist/cjs.js??ref--8-oneOf-1-1!./node_modules/vue-loader/lib/loaders/stylePostLoader.js!./node_modules/postcss-loader/src??ref--8-oneOf-1-2!./node_modules/sass-loader/dist/cjs.js??ref--8-oneOf-1-3!./node_modules/cache-loader/dist/cjs.js??ref--0-0!./node_modules/vue-loader/lib??vue-loader-options!./src/components/tag/file/TagFile.vue?vue&type=style&index=0&id=0f740e49&lang=scss&scoped=true&
   - couldn't fulfill desired order of chunk group(s) sales-quotes, screen-direct-app, , , 
   - while fulfilling desired order of chunk group(s) assets-screen, failures-screen, scheduled-works-screen, purchases-screen, sales-screen, works-screen, quote-requests, , , , , , 
 * css ./node_modules/css-loader/dist/cjs.js??ref--8-oneOf-1-1!./node_modules/vue-loader/lib/loaders/stylePostLoader.js!./node_modules/postcss-loader/src??ref--8-oneOf-1-2!./node_modules/sass-loader/dist/cjs.js??ref--8-oneOf-1-3!./node_modules/cache-loader/dist/cjs.js??ref--0-0!./node_modules/vue-loader/lib??vue-loader-options!./src/components/tag-popover/contact/TagPopoverContact.vue?vue&type=style&index=0&lang=scss&
   - couldn't fulfill desired order of chunk group(s) , , 
   - while fulfilling desired order of chunk group(s) assets-screen, failures-screen, scheduled-works-screen, purchases-screen, sales-screen, sales-quotes, works-screen, quote-requests, screen-direct-app, , , , , , 

 warning  

chunk chunk-b71cc588 [mini-css-extract-plugin]
Conflicting order. Following module has been added:
 * css ./node_modules/css-loader/dist/cjs.js??ref--8-oneOf-1-1!./node_modules/vue-loader/lib/loaders/stylePostLoader.js!./node_modules/postcss-loader/src??ref--8-oneOf-1-2!./node_modules/sass-loader/dist/cjs.js??ref--8-oneOf-1-3!./node_modules/cache-loader/dist/cjs.js??ref--0-0!./node_modules/vue-loader/lib??vue-loader-options!./src/components/tag-popover/contact/TagPopoverContact.vue?vue&type=style&index=0&lang=scss&
despite it was not able to fulfill desired ordering with these modules:
 * css ./node_modules/css-loader/dist/cjs.js??ref--8-oneOf-1-1!./node_modules/vue-loader/lib/loaders/stylePostLoader.js!./node_modules/postcss-loader/src??ref--8-oneOf-1-2!./node_modules/sass-loader/dist/cjs.js??ref--8-oneOf-1-3!./node_modules/cache-loader/dist/cjs.js??ref--0-0!./node_modules/vue-loader/lib??vue-loader-options!./src/components/common/popover-summary/IsPopoverSummary.vue?vue&type=style&index=0&lang=scss&
   - couldn't fulfill desired order of chunk group(s) failures-screen, scheduled-works-screen, purchases-screen, sales-screen, sales-quotes, works-screen, quote-requests, screen-direct-app, , , , , , , , 
   - while fulfilling desired order of chunk group(s) assets-screen, 
 * css ./node_modules/css-loader/dist/cjs.js??ref--8-oneOf-1-1!./node_modules/vue-loader/lib/loaders/stylePostLoader.js!./node_modules/postcss-loader/src??ref--8-oneOf-1-2!./node_modules/sass-loader/dist/cjs.js??ref--8-oneOf-1-3!./node_modules/cache-loader/dist/cjs.js??ref--0-0!./node_modules/vue-loader/lib??vue-loader-options!./src/components/common/navigation-panel/IsNavigationPanel.vue?vue&type=style&index=0&lang=scss&
   - couldn't fulfill desired order of chunk group(s) failures-screen, scheduled-works-screen, purchases-screen, sales-screen, sales-quotes, works-screen, quote-requests, screen-direct-app, , , , , , , , 
   - while fulfilling desired order of chunk group(s) assets-screen, 
 * css ./node_modules/css-loader/dist/cjs.js??ref--8-oneOf-1-1!./node_modules/vue-loader/lib/loaders/stylePostLoader.js!./node_modules/postcss-loader/src??ref--8-oneOf-1-2!./node_modules/sass-loader/dist/cjs.js??ref--8-oneOf-1-3!./node_modules/cache-loader/dist/cjs.js??ref--0-0!./node_modules/vue-loader/lib??vue-loader-options!./src/components/card/file/CardFile.vue?vue&type=style&index=0&lang=scss&
   - couldn't fulfill desired order of chunk group(s) scheduled-works-screen, sales-quotes, screen-direct-app, , 
   - while fulfilling desired order of chunk group(s) assets-screen, failures-screen, purchases-screen, sales-screen, works-screen, quote-requests, , , , , , , 
 * css ./node_modules/css-loader/dist/cjs.js??ref--8-oneOf-1-1!./node_modules/vue-loader/lib/loaders/stylePostLoader.js!./node_modules/postcss-loader/src??ref--8-oneOf-1-2!./node_modules/sass-loader/dist/cjs.js??ref--8-oneOf-1-3!./node_modules/cache-loader/dist/cjs.js??ref--0-0!./node_modules/vue-loader/lib??vue-loader-options!./src/components/tag/file/TagFile.vue?vue&type=style&index=0&id=0f740e49&lang=scss&scoped=true&
   - couldn't fulfill desired order of chunk group(s) scheduled-works-screen, sales-quotes, screen-direct-app, , 
   - while fulfilling desired order of chunk group(s) assets-screen, failures-screen, purchases-screen, sales-screen, works-screen, quote-requests, , , , , , , 

 warning  

chunk chunk-b71cc588 [mini-css-extract-plugin]
Conflicting order. Following module has been added:
 * css ./node_modules/css-loader/dist/cjs.js??ref--8-oneOf-1-1!./node_modules/vue-loader/lib/loaders/stylePostLoader.js!./node_modules/postcss-loader/src??ref--8-oneOf-1-2!./node_modules/sass-loader/dist/cjs.js??ref--8-oneOf-1-3!./node_modules/cache-loader/dist/cjs.js??ref--0-0!./node_modules/vue-loader/lib??vue-loader-options!./src/components/common/popover-summary/IsPopoverSummary.vue?vue&type=style&index=0&lang=scss&
despite it was not able to fulfill desired ordering with these modules:
 * css ./node_modules/css-loader/dist/cjs.js??ref--8-oneOf-1-1!./node_modules/vue-loader/lib/loaders/stylePostLoader.js!./node_modules/postcss-loader/src??ref--8-oneOf-1-2!./node_modules/sass-loader/dist/cjs.js??ref--8-oneOf-1-3!./node_modules/cache-loader/dist/cjs.js??ref--0-0!./node_modules/vue-loader/lib??vue-loader-options!./src/components/common/navigation-panel/IsNavigationPanel.vue?vue&type=style&index=0&lang=scss&
   - couldn't fulfill desired order of chunk group(s) failures-screen, scheduled-works-screen, purchases-screen, sales-screen, sales-quotes, works-screen, quote-requests, screen-direct-app, , , , , , , , 
   - while fulfilling desired order of chunk group(s) assets-screen, 
 * css ./node_modules/css-loader/dist/cjs.js??ref--8-oneOf-1-1!./node_modules/vue-loader/lib/loaders/stylePostLoader.js!./node_modules/postcss-loader/src??ref--8-oneOf-1-2!./node_modules/sass-loader/dist/cjs.js??ref--8-oneOf-1-3!./node_modules/cache-loader/dist/cjs.js??ref--0-0!./node_modules/vue-loader/lib??vue-loader-options!./src/components/card/file/CardFile.vue?vue&type=style&index=0&lang=scss&
   - couldn't fulfill desired order of chunk group(s) scheduled-works-screen, sales-quotes, screen-direct-app, , 
   - while fulfilling desired order of chunk group(s) assets-screen, failures-screen, purchases-screen, sales-screen, works-screen, quote-requests, , , , , , , 
 * css ./node_modules/css-loader/dist/cjs.js??ref--8-oneOf-1-1!./node_modules/vue-loader/lib/loaders/stylePostLoader.js!./node_modules/postcss-loader/src??ref--8-oneOf-1-2!./node_modules/sass-loader/dist/cjs.js??ref--8-oneOf-1-3!./node_modules/cache-loader/dist/cjs.js??ref--0-0!./node_modules/vue-loader/lib??vue-loader-options!./src/components/tag/file/TagFile.vue?vue&type=style&index=0&id=0f740e49&lang=scss&scoped=true&
   - couldn't fulfill desired order of chunk group(s) scheduled-works-screen, sales-quotes, screen-direct-app, , 
   - while fulfilling desired order of chunk group(s) assets-screen, failures-screen, purchases-screen, sales-screen, works-screen, quote-requests, , , , , , , 

 warning  

chunk chunk-b71cc588 [mini-css-extract-plugin]
Conflicting order. Following module has been added:
 * css ./node_modules/css-loader/dist/cjs.js??ref--8-oneOf-1-1!./node_modules/vue-loader/lib/loaders/stylePostLoader.js!./node_modules/postcss-loader/src??ref--8-oneOf-1-2!./node_modules/sass-loader/dist/cjs.js??ref--8-oneOf-1-3!./node_modules/cache-loader/dist/cjs.js??ref--0-0!./node_modules/vue-loader/lib??vue-loader-options!./src/components/tag/file/TagFile.vue?vue&type=style&index=0&id=0f740e49&lang=scss&scoped=true&
despite it was not able to fulfill desired ordering with these modules:
 * css ./node_modules/css-loader/dist/cjs.js??ref--8-oneOf-1-1!./node_modules/vue-loader/lib/loaders/stylePostLoader.js!./node_modules/postcss-loader/src??ref--8-oneOf-1-2!./node_modules/sass-loader/dist/cjs.js??ref--8-oneOf-1-3!./node_modules/cache-loader/dist/cjs.js??ref--0-0!./node_modules/vue-loader/lib??vue-loader-options!./src/components/common/navigation-panel/IsNavigationPanel.vue?vue&type=style&index=0&lang=scss&
   - couldn't fulfill desired order of chunk group(s) failures-screen, scheduled-works-screen, purchases-screen, sales-screen, sales-quotes, works-screen, quote-requests, screen-direct-app, , , , , , , , 
   - while fulfilling desired order of chunk group(s) assets-screen, 

 warning  

chunk chunk-b71cc588 [mini-css-extract-plugin]
Conflicting order. Following module has been added:
 * css ./node_modules/css-loader/dist/cjs.js??ref--8-oneOf-1-1!./node_modules/vue-loader/lib/loaders/stylePostLoader.js!./node_modules/postcss-loader/src??ref--8-oneOf-1-2!./node_modules/sass-loader/dist/cjs.js??ref--8-oneOf-1-3!./node_modules/cache-loader/dist/cjs.js??ref--0-0!./node_modules/vue-loader/lib??vue-loader-options!./src/components/card/file/CardFile.vue?vue&type=style&index=0&lang=scss&
despite it was not able to fulfill desired ordering with these modules:
 * css ./node_modules/css-loader/dist/cjs.js??ref--8-oneOf-1-1!./node_modules/vue-loader/lib/loaders/stylePostLoader.js!./node_modules/postcss-loader/src??ref--8-oneOf-1-2!./node_modules/sass-loader/dist/cjs.js??ref--8-oneOf-1-3!./node_modules/cache-loader/dist/cjs.js??ref--0-0!./node_modules/vue-loader/lib??vue-loader-options!./src/components/common/navigation-panel/IsNavigationPanel.vue?vue&type=style&index=0&lang=scss&
   - couldn't fulfill desired order of chunk group(s) failures-screen, scheduled-works-screen, purchases-screen, sales-screen, sales-quotes, works-screen, quote-requests, screen-direct-app, , , , , , , , 
   - while fulfilling desired order of chunk group(s) assets-screen, 

 warning  

chunk home-screen~planner-screen [mini-css-extract-plugin]
Conflicting order. Following module has been added:
 * css ./node_modules/css-loader/dist/cjs.js??ref--8-oneOf-1-1!./node_modules/vue-loader/lib/loaders/stylePostLoader.js!./node_modules/postcss-loader/src??ref--8-oneOf-1-2!./node_modules/sass-loader/dist/cjs.js??ref--8-oneOf-1-3!./node_modules/cache-loader/dist/cjs.js??ref--0-0!./node_modules/vue-loader/lib??vue-loader-options!./src/components/common/profile-picture/IsProfilePicture.vue?vue&type=style&index=0&lang=scss&
despite it was not able to fulfill desired ordering with these modules:
 * css ./node_modules/css-loader/dist/cjs.js??ref--8-oneOf-1-1!./node_modules/vue-loader/lib/loaders/stylePostLoader.js!./node_modules/postcss-loader/src??ref--8-oneOf-1-2!./node_modules/sass-loader/dist/cjs.js??ref--8-oneOf-1-3!./node_modules/cache-loader/dist/cjs.js??ref--0-0!./node_modules/vue-loader/lib??vue-loader-options!./src/components/common/action-buttons/IsActionButtons.vue?vue&type=style&index=0&id=db3670b8&lang=scss&scoped=true&
   - couldn't fulfill desired order of chunk group(s) planner-screen
   - while fulfilling desired order of chunk group(s) home-screen

 warning  

chunk home-screen~planner-screen [mini-css-extract-plugin]
Conflicting order. Following module has been added:
 * css ./node_modules/css-loader/dist/cjs.js??ref--8-oneOf-1-1!./node_modules/vue-loader/lib/loaders/stylePostLoader.js!./node_modules/postcss-loader/src??ref--8-oneOf-1-2!./node_modules/sass-loader/dist/cjs.js??ref--8-oneOf-1-3!./node_modules/cache-loader/dist/cjs.js??ref--0-0!./node_modules/vue-loader/lib??vue-loader-options!./src/components/tag/new/TagNew.vue?vue&type=style&index=0&lang=scss&
despite it was not able to fulfill desired ordering with these modules:
 * css ./node_modules/css-loader/dist/cjs.js??ref--8-oneOf-1-1!./node_modules/vue-loader/lib/loaders/stylePostLoader.js!./node_modules/postcss-loader/src??ref--8-oneOf-1-2!./node_modules/sass-loader/dist/cjs.js??ref--8-oneOf-1-3!./node_modules/cache-loader/dist/cjs.js??ref--0-0!./node_modules/vue-loader/lib??vue-loader-options!./src/components/common/action-buttons/IsActionButtons.vue?vue&type=style&index=0&id=db3670b8&lang=scss&scoped=true&
   - couldn't fulfill desired order of chunk group(s) planner-screen
   - while fulfilling desired order of chunk group(s) home-screen

 warning  

asset size limit: The following asset(s) exceed the recommended size limit (244 KiB).
This can impact web performance.
Assets: 
  fonts/fa-light-300.1980e028.eot (484 KiB)
  fonts/fa-light-300.f056755c.woff (247 KiB)
  fonts/fa-light-300.5bdaa858.ttf (483 KiB)
  fonts/fa-solid-900.eb397dfa.eot (379 KiB)
  fonts/fa-solid-900.ba008862.ttf (378 KiB)
  img/fa-solid-900.bb8ecec4.svg (1.7 MiB)
  img/fa-light-300.4433b4f4.svg (2.31 MiB)
  css/app.ce9393d8.css (378 KiB)
  js/app.7c518c42.js (511 KiB)
  js/assets-screen.c0b22bd1.js (1.27 MiB)
  js/chunk-015ca484.6dd7ae66.js (1.14 MiB)
  js/chunk-4223e5c7.61b2a10a.js (904 KiB)
  js/chunk-6a6862cc.9c97b2a0.js (289 KiB)
  js/chunk-a20e3cee.bda98e11.js (401 KiB)
  js/chunk-b1080268.957845b9.js (300 KiB)
  js/chunk-cc0bc550.dd8dbeb6.js (295 KiB)
  js/chunk-vendors.2b89a1bc.js (1.91 MiB)
  js/dashboard-screen.a733c143.js (1.34 MiB)
  js/failure-sla-analytics-screen~sales-analytics-screen~scheduled-work-analytics-screen~sla-analytics-sc~e9009d77.78369b16.js (860 KiB)
  js/failures-screen.6a0e6498.js (440 KiB)
  js/purchases-screen.ea531fca.js (337 KiB)
  js/quote-requests.86e679e1.js (325 KiB)
  js/sales-quotes.80329d52.js (429 KiB)
  js/sales-screen.8da7b786.js (436 KiB)
  js/scheduled-works-screen.87144737.js (610 KiB)
  js/screen-direct-app.f47095be.js (504 KiB)
  js/works-screen.af6c6758.js (381 KiB)

 warning  

entrypoint size limit: The following entrypoint(s) combined asset size exceeds the recommended limit (244 KiB). This can impact web performance.
Entrypoints:
  app (2.78 MiB)
      css/chunk-vendors.b7d36435.css
      js/chunk-vendors.2b89a1bc.js
      css/app.ce9393d8.css
      js/app.7c518c42.js


  File                                      Size             Gzipped

  dist/js/chunk-vendors.2b89a1bc.js         1959.07 KiB      550.60 KiB
  dist/js/dashboard-screen.a733c143.js      1370.26 KiB      437.53 KiB
  dist/js/assets-screen.c0b22bd1.js         1299.81 KiB      415.36 KiB
  dist/js/chunk-015ca484.6dd7ae66.js        1167.56 KiB      377.46 KiB
  dist/js/chunk-4223e5c7.61b2a10a.js        904.34 KiB       410.04 KiB
  dist/js/failure-sla-analytics-screen~s    860.38 KiB       295.45 KiB
  ales-analytics-screen~scheduled-work-a
  nalytics-screen~sla-analytics-sc~e9009
  d77.78369b16.js
  dist/js/scheduled-works-screen.8714473    609.97 KiB       124.22 KiB
  7.js
  dist/js/app.7c518c42.js                   510.62 KiB       101.45 KiB
  dist/js/screen-direct-app.f47095be.js     504.27 KiB       96.88 KiB
  dist/js/failures-screen.6a0e6498.js       440.31 KiB       93.09 KiB
  dist/js/sales-screen.8da7b786.js          436.19 KiB       93.62 KiB
  dist/js/sales-quotes.80329d52.js          428.80 KiB       88.70 KiB
  dist/js/chunk-a20e3cee.bda98e11.js        401.37 KiB       74.38 KiB
  dist/js/works-screen.af6c6758.js          380.79 KiB       83.07 KiB
  dist/js/purchases-screen.ea531fca.js      336.54 KiB       73.56 KiB
  dist/js/quote-requests.86e679e1.js        325.46 KiB       70.55 KiB
  dist/js/chunk-b1080268.957845b9.js        300.07 KiB       56.67 KiB
  dist/js/chunk-cc0bc550.dd8dbeb6.js        295.14 KiB       56.36 KiB
  dist/js/chunk-6a6862cc.9c97b2a0.js        288.79 KiB       52.54 KiB
  dist/js/chunk-45b185b6.457e0356.js        233.70 KiB       45.32 KiB
  dist/js/chunk-257c6bb0.eec00a3a.js        227.78 KiB       44.67 KiB
  dist/js/chunk-7ee97fe6.45af087b.js        225.88 KiB       42.18 KiB
  dist/js/home-screen.4a12434e.js           219.76 KiB       37.69 KiB
  dist/js/chunk-295b756d.c4013b61.js        177.79 KiB       33.48 KiB
  dist/js/planner-screen.d2525e3a.js        163.37 KiB       32.38 KiB
  dist/js/scheduled-work-analytics-scree    147.28 KiB       32.76 KiB
  n.6f2d96b8.js
  dist/js/chunk-5175bc0a.94624d4d.js        137.82 KiB       26.07 KiB
  dist/js/failure-sla-analytics-screen.a    128.90 KiB       29.10 KiB
  ff12317.js
  dist/js/sla-analytics-screen.ba16e56e.    123.76 KiB       27.92 KiB
  js
  dist/js/sales-analytics-screen.523742a    116.77 KiB       25.80 KiB
  2.js
  dist/js/chunk-15538d07.cdf096e5.js        81.19 KiB        16.07 KiB
  dist/js/chunk-08f9fabb.6feaf7f8.js        78.92 KiB        14.79 KiB
  dist/js/utilities-screen.04f1cd2a.js      74.80 KiB        18.60 KiB
  dist/js/chunk-4a5f46a6.d396d799.js        69.84 KiB        23.51 KiB
  dist/js/home-screen~planner-screen.c1c    59.27 KiB        13.27 KiB
  f1dc3.js
  dist/js/utility-types-management-scree    57.95 KiB        13.26 KiB
  n.73deefb2.js
  dist/js/chunk-29dc80f4.6e35489c.js        57.06 KiB        12.02 KiB
  dist/js/webhook-logs-management-screen    55.79 KiB        13.62 KiB
  .0059b598.js
  dist/js/housekeeper-screen.71cb57f8.js    53.63 KiB        11.75 KiB
  dist/js/chunk-3593d783.30fd966a.js        51.24 KiB        10.48 KiB
  dist/js/chunk-1c4b6778.d35f9ce0.js        49.68 KiB        10.80 KiB
  dist/js/cost-center-management-screen.    48.04 KiB        11.73 KiB
  26f99e73.js
  dist/js/webhooks-management-screen.db8    47.58 KiB        10.55 KiB
  f50fc.js
  dist/js/personal-access-tokens-managem    45.24 KiB        9.89 KiB
  ent-screen.223f4eae.js
  dist/js/settings-screen.bb9d3401.js       45.21 KiB        10.49 KiB
  dist/js/other-cost-management-screen.6    43.70 KiB        11.14 KiB
  f715856.js
  dist/js/gatekeeper-screen.4089a182.js     42.71 KiB        10.80 KiB
  dist/js/chunk-6aa4d180.3e4a7523.js        41.26 KiB        9.25 KiB
  dist/js/analytics-screen.6400d289.js      39.54 KiB        9.81 KiB
  dist/js/iot-management-screen.922c79ea    38.16 KiB        9.70 KiB
  .js
  dist/js/chunk-3101a8ed.c51912a4.js        37.80 KiB        10.08 KiB
  dist/js/chunk-48f90dab.4901384d.js        37.75 KiB        10.74 KiB
  dist/js/chunk-651297da.f09f0af6.js        37.40 KiB        10.62 KiB
  dist/precache-manifest.6baad6df77a063e    37.10 KiB        8.96 KiB
  a33dd80f4bad3fcb8.js
  dist/js/chunk-b71cc588.a5d24abb.js        37.08 KiB        10.26 KiB
  dist/js/client-prices-old-cms-screen.4    36.85 KiB        8.44 KiB
  b2f8ec4.js
  dist/js/document-types-management-scre    36.12 KiB        8.07 KiB
  en.cd86625a.js
  dist/js/chunk-2d8734ac.afa28245.js        33.78 KiB        7.19 KiB
  dist/new-relic/new-relic-staging.js       33.31 KiB        10.18 KiB
  dist/new-relic/new-relic-production.js    33.27 KiB        10.17 KiB
  dist/js/chunk-d7484fde.e27e290f.js        32.96 KiB        9.66 KiB
  dist/js/chunk-95f15ef0.3dc93b40.js        32.00 KiB        9.45 KiB
  dist/js/welcome-screen.b04c71cf.js        31.22 KiB        6.78 KiB
  dist/js/chunk-39306457.21978452.js        30.48 KiB        6.90 KiB
  dist/js/chunk-30aa1886.99a9a75f.js        30.31 KiB        6.50 KiB
  dist/js/automations-screen-management.    30.21 KiB        8.59 KiB
  c586cf45.js
  dist/js/chunk-bb30e052.5517ea06.js        28.24 KiB        6.25 KiB
  dist/js/chunk-2848f8e7.69dfb7e3.js        27.94 KiB        8.74 KiB
  dist/js/chunk-5fb56611.bec5774e.js        27.62 KiB        6.48 KiB
  dist/js/integrations-management-screen    27.08 KiB        7.77 KiB
  .9d13eee8.js
  dist/js/chunk-4adbcfb3.5db354cb.js        26.14 KiB        5.81 KiB
  dist/js/chunk-4dc30ef1.c2032318.js        25.56 KiB        8.10 KiB
  dist/js/chunk-22748a4d.03310afc.js        25.34 KiB        6.27 KiB
  dist/js/old-cms-screen.f8526311.js        25.23 KiB        6.54 KiB
  dist/js/chunk-50ba1901.ab5d60f1.js        23.83 KiB        5.96 KiB
  dist/js/assets-and-staff-screen-manage    23.71 KiB        6.68 KiB
  ment.0e03ff5a.js
  dist/js/chunk-6c7a2187.7731bd61.js        23.70 KiB        5.61 KiB
  dist/js/chunk-b51dbd28.2516cfd3.js        23.51 KiB        5.79 KiB
  dist/js/chunk-68fbe5e2.101fabe7.js        23.29 KiB        5.61 KiB
  dist/js/chunk-4ac35574.f61e872f.js        22.99 KiB        5.73 KiB
  dist/js/chunk-7c6755ec.96e91753.js        22.89 KiB        5.76 KiB
  dist/js/chunk-50dce618.cc0d973b.js        22.67 KiB        5.15 KiB
  dist/js/chunk-0b963646.dec123aa.js        22.09 KiB        5.54 KiB
  dist/js/chunk-fa556e72.26ce099b.js        21.86 KiB        5.14 KiB
  dist/js/chunk-d486d454.2eeeea38.js        21.01 KiB        5.33 KiB
  dist/js/chunk-c5f5e1a4.1dfa749e.js        20.98 KiB        5.09 KiB
  dist/js/chunk-9ae46708.6a0e7064.js        20.98 KiB        4.99 KiB
  dist/js/chunk-28a68ae6.80605df3.js        20.44 KiB        4.62 KiB
  dist/js/chunk-2f39d752.008e91cb.js        20.29 KiB        5.44 KiB
  dist/js/chunk-84a82522.a2cbd220.js        20.04 KiB        4.82 KiB
  dist/js/chunk-cc5cf976.bc3d3767.js        19.78 KiB        7.02 KiB
  dist/js/chunk-7e2e62a3.1e8e5f46.js        19.62 KiB        4.55 KiB
  dist/js/chunk-cce56360.eaf75c0c.js        19.54 KiB        4.64 KiB
  dist/js/chunk-6381b0f1.b3b308a5.js        19.49 KiB        4.51 KiB
  dist/js/welcome-whats-new.4fb6fc1e.js     19.22 KiB        6.11 KiB
  dist/js/chunk-36dec880.e18644f7.js        18.60 KiB        6.76 KiB
  dist/js/chunk-9858c414.0744a302.js        17.56 KiB        4.05 KiB
  dist/js/chunk-508b5db4.2ef36c0e.js        17.23 KiB        4.05 KiB
  dist/js/chunk-0ca90d33.875fc7a4.js        17.12 KiB        3.17 KiB
  dist/js/chunk-9e9c9b90.5c5cdf13.js        17.06 KiB        6.44 KiB
  dist/js/chunk-52a1bff6.d634ca7e.js        16.84 KiB        4.00 KiB
  dist/js/chunk-118d19aa.e74da211.js        15.70 KiB        4.30 KiB
  dist/js/status-screen-management.e31b6    15.21 KiB        4.01 KiB
  5b3.js
  dist/js/chunk-020eb630.68a82cc1.js        14.84 KiB        3.62 KiB
  dist/js/assets-and-staff-screen-manage    14.22 KiB        3.63 KiB
  ment~automations-screen-management~sta
  tus-screen-management.f7c428ca.js
  dist/js/hub-apps~hub-screen.11984a3b.j    13.32 KiB        3.63 KiB
  s
  dist/js/chunk-06a692bd.11951a54.js        13.26 KiB        5.30 KiB
  dist/js/chunk-5439ff79.8585c342.js        13.24 KiB        3.32 KiB
  dist/js/cost-center-management-screen~    13.16 KiB        4.15 KiB
  document-types-management-screen~gatek
  eeper-screen~other-cost-manageme~7224f
  f35.90e50e9e.js
  dist/js/chunk-046a7c89.3270f818.js        13.13 KiB        3.25 KiB
  dist/js/chunk-6b42b25f.f653b7f2.js        13.05 KiB        3.04 KiB
  dist/js/chunk-36c95e7d.28887c7e.js        12.86 KiB        3.61 KiB
  dist/js/chunk-a1c9cdf6.bdbd107b.js        12.43 KiB        3.00 KiB
  dist/js/chunk-e7e30c8a.687f98e2.js        11.70 KiB        3.30 KiB
  dist/js/chunk-39a10aa6.c8b5fc96.js        11.28 KiB        2.54 KiB
  dist/js/client-prices-old-cms-screen~d    11.10 KiB        4.20 KiB
  ashboard-screen~failure-sla-analytics-
  screen~home-screen~personal-acce~2c8a6
  972.958150b9.js
  dist/js/chunk-c5542494.d9aaa8a6.js        10.75 KiB        2.68 KiB
  dist/js/chunk-6f6188f6.e9bf9701.js        10.66 KiB        2.97 KiB
  dist/js/hub-screen.d27e5619.js            10.51 KiB        2.87 KiB
  dist/js/account-blocked.aa7b7dad.js       10.24 KiB        3.78 KiB
  dist/js/login-screen.d841d7ea.js          10.17 KiB        4.04 KiB
  dist/js/hub-apps.78f5c865.js              10.16 KiB        2.79 KiB
  dist/js/chunk-4d5eb85b.6657625f.js        10.06 KiB        2.40 KiB
  dist/js/chunk-a4692d46.b7b46eb6.js        9.40 KiB         3.06 KiB
  dist/js/chunk-76a05bde.a9f2c3ad.js        9.26 KiB         2.43 KiB
  dist/js/chunk-5b653a01.ebfe8333.js        8.88 KiB         2.96 KiB
  dist/js/chunk-053c745c.3021c7c4.js        8.83 KiB         2.71 KiB
  dist/js/chunk-3d9e48d4.78d42fa3.js        8.71 KiB         2.31 KiB
  dist/js/chunk-f2b884e2.c1b589fb.js        7.63 KiB         2.39 KiB
  dist/js/chunk-406705d2.72b1b8ea.js        7.35 KiB         2.38 KiB
  dist/js/chunk-27ecb80c.e129294e.js        7.23 KiB         2.25 KiB
  dist/js/automations-screen-management~    7.06 KiB         2.09 KiB
  housekeeper-screen.e71b2aa9.js
  dist/js/chunk-3b33c162.cdea8cba.js        6.39 KiB         1.74 KiB
  dist/js/chunk-7edb60e6.d52bc19b.js        6.08 KiB         2.10 KiB
  dist/js/chunk-61bb3ffe.f9758f75.js        5.71 KiB         1.86 KiB
  dist/js/chunk-6acaf102.18294b0a.js        5.60 KiB         1.89 KiB
  dist/js/chunk-24f77d2a.05f910af.js        5.49 KiB         1.86 KiB
  dist/js/chunk-7b4fb17e.c8b0248f.js        4.86 KiB         1.60 KiB
  dist/js/chunk-9466aa38.253debbf.js        4.36 KiB         1.28 KiB
  dist/js/chunk-5c252a5e.2f514513.js        3.58 KiB         1.19 KiB
  dist/js/chunk-2d0d8057.3c3ed904.js        3.48 KiB         1.19 KiB
  dist/js/page-not-found-screen.e3ea9c10    3.40 KiB         1.53 KiB
  .js
  dist/basic.js                             3.36 KiB         1.05 KiB
  dist/js/chunk-2d212ff2.6629aa81.js        3.00 KiB         1.13 KiB
  dist/js/chunk-2d2261a8.da626f13.js        2.97 KiB         1.21 KiB
  dist/js/chunk-2d0b1be8.d9984fd0.js        2.94 KiB         1.13 KiB
  dist/js/chunk-2d0e91af.ad0f37a9.js        2.64 KiB         1.14 KiB
  dist/js/chunk-2d0e1dae.cdc5bfc6.js        2.62 KiB         1.18 KiB
  dist/js/chunk-2d0e4a7c.6b07ec80.js        2.60 KiB         1.15 KiB
  dist/js/chunk-2d0ce796.5f2a3efe.js        2.52 KiB         1.16 KiB
  dist/js/chunk-2d0db486.34bed1c2.js        2.50 KiB         1.15 KiB
  dist/js/chunk-2d21b27e.07be6566.js        2.49 KiB         1.09 KiB
  dist/js/chunk-2d229616.f7ca2457.js        2.47 KiB         1.13 KiB
  dist/js/chunk-2d228e49.d768461f.js        2.41 KiB         1.07 KiB
  dist/js/chunk-2d22d238.2e039c12.js        2.40 KiB         1.11 KiB
  dist/js/chunk-2d0b2213.6a128350.js        2.38 KiB         1.03 KiB
  dist/js/chunk-2d0da6ab.74241921.js        2.19 KiB         1.05 KiB
  dist/js/chunk-2d0d622d.38de996c.js        2.13 KiB         0.97 KiB
  dist/js/chunk-2d0cba55.e7d6e534.js        2.07 KiB         1.00 KiB
  dist/js/chunk-f50c655a.9635b8b5.js        2.00 KiB         0.87 KiB
  dist/js/chunk-2d0f0dec.d782f997.js        1.98 KiB         0.97 KiB
  dist/js/chunk-2d216de6.77705d1b.js        1.96 KiB         1.02 KiB
  dist/js/chunk-2d2132bb.b65fbc8c.js        1.96 KiB         0.94 KiB
  dist/js/chunk-2d0b2ee7.2a81427c.js        1.94 KiB         1.01 KiB
  dist/js/chunk-2d0cf17f.e3785b20.js        1.94 KiB         0.99 KiB
  dist/js/chunk-2d0bdb3c.439f6ea8.js        1.93 KiB         0.98 KiB
  dist/js/chunk-2d237f33.2a8c2cae.js        1.93 KiB         1.00 KiB
  dist/js/chunk-2d0e26c3.1dbaca88.js        1.93 KiB         0.97 KiB
  dist/js/chunk-2d2259d8.83888308.js        1.92 KiB         0.94 KiB
  dist/js/chunk-2d0d70e6.c3640bf9.js        1.91 KiB         0.98 KiB
  dist/js/chunk-2d0ea0ba.3e43d6b9.js        1.90 KiB         0.98 KiB
  dist/js/chunk-2d0d6a95.3d883ea9.js        1.90 KiB         0.93 KiB
  dist/js/chunk-2d0cca32.2bac9c9b.js        1.90 KiB         0.91 KiB
  dist/js/chunk-2d0d03e8.594e85b0.js        1.90 KiB         0.92 KiB
  dist/js/chunk-2d0d70c6.67724bf1.js        1.90 KiB         0.96 KiB
  dist/js/chunk-2d0c575a.9770dc11.js        1.90 KiB         0.94 KiB
  dist/js/chunk-2d0e9ba2.c8755efe.js        1.89 KiB         0.94 KiB
  dist/js/chunk-2d0b9447.463d5376.js        1.88 KiB         0.92 KiB
  dist/js/chunk-2d0a45e0.4ae886a3.js        1.87 KiB         0.91 KiB
  dist/js/chunk-2d217af6.ab91f521.js        1.87 KiB         1.01 KiB
  dist/js/chunk-2d0b23c4.8daecc20.js        1.86 KiB         0.93 KiB
  dist/js/chunk-2d2107bd.2b521a96.js        1.86 KiB         0.92 KiB
  dist/js/chunk-2d22e165.96d5bfa2.js        1.86 KiB         0.91 KiB
  dist/js/chunk-2d20f204.6b3c5220.js        1.85 KiB         0.97 KiB
  dist/js/chunk-2d21a5d7.22ef6e49.js        1.85 KiB         0.92 KiB
  dist/js/chunk-2d0e57ff.3ecd9637.js        1.85 KiB         0.89 KiB
  dist/js/analytics-customizations-scree    1.85 KiB         0.84 KiB
  n.f80f4746.js
  dist/js/chunk-2d2288f4.b828a075.js        1.85 KiB         0.89 KiB
  dist/js/chunk-77215428.c7d3206c.js        1.84 KiB         0.95 KiB
  dist/js/chunk-2d0cbca7.f3384819.js        1.83 KiB         0.94 KiB
  dist/js/chunk-2d0d0f3c.81b63e6b.js        1.80 KiB         0.91 KiB
  dist/js/chunk-2d0d3ea6.e6f28ebc.js        1.79 KiB         0.93 KiB
  dist/js/chunk-2d0e5eb9.8665eff2.js        1.79 KiB         0.91 KiB
  dist/js/chunk-6659b8d6.fd67a9cc.js        1.78 KiB         0.80 KiB
  dist/js/chunk-2d20e85d.6479021d.js        1.77 KiB         0.87 KiB
  dist/js/chunk-2d20f558.03553899.js        1.76 KiB         0.86 KiB
  dist/service-worker.js                    1.06 KiB         0.62 KiB
  dist/css/app.ce9393d8.css                 378.44 KiB       61.85 KiB
  dist/css/scheduled-works-screen.3d209d    138.74 KiB       13.09 KiB
  99.css
  dist/css/chunk-a20e3cee.d97f53cd.css      122.82 KiB       11.25 KiB
  dist/css/assets-screen.fc2b5dfc.css       102.01 KiB       10.03 KiB
  dist/css/chunk-015ca484.d35e8543.css      87.80 KiB        8.40 KiB
  dist/css/screen-direct-app.c601e385.cs    83.91 KiB        9.07 KiB
  s
  dist/css/sales-screen.9df28b74.css        77.83 KiB        9.15 KiB
  dist/css/failures-screen.8a84807a.css     76.19 KiB        8.66 KiB
  dist/css/chunk-257c6bb0.130f0acf.css      72.16 KiB        7.64 KiB
  dist/css/chunk-cc0bc550.3e2c124b.css      70.15 KiB        7.81 KiB
  dist/css/purchases-screen.d001fc3e.css    69.90 KiB        7.58 KiB
  dist/css/chunk-b1080268.12ef07b2.css      65.35 KiB        7.13 KiB
  dist/css/chunk-7ee97fe6.27c8cc62.css      64.37 KiB        6.42 KiB
  dist/css/works-screen.9cb0f997.css        62.29 KiB        7.96 KiB
  dist/css/sales-quotes.d29777a6.css        60.37 KiB        7.85 KiB
  dist/css/planner-screen.b8978e7a.css      57.13 KiB        6.01 KiB
  dist/css/dashboard-screen.d264db53.css    54.94 KiB        11.38 KiB
  dist/css/chunk-45b185b6.fd1cbb44.css      53.78 KiB        6.55 KiB
  dist/css/chunk-6a6862cc.6b686b4d.css      52.81 KiB        6.59 KiB
  dist/css/quote-requests.ac7e1cea.css      43.73 KiB        5.94 KiB
  dist/css/chunk-4223e5c7.d1daea4a.css      42.42 KiB        3.36 KiB
  dist/css/chunk-295b756d.15ed9aac.css      38.55 KiB        4.71 KiB
  dist/css/chunk-5175bc0a.8857c1a3.css      34.33 KiB        4.77 KiB
  dist/css/home-screen.906dd2d4.css         33.89 KiB        5.17 KiB
  dist/css/chunk-15538d07.1583e126.css      33.53 KiB        3.76 KiB
  dist/css/scheduled-work-analytics-scre    29.81 KiB        4.07 KiB
  en.6b1b09e3.css
  dist/css/utilities-screen.f36aae85.css    28.29 KiB        3.24 KiB
  dist/css/sla-analytics-screen.7652835d    26.42 KiB        3.96 KiB
  .css
  dist/css/failure-sla-analytics-screen.    26.35 KiB        3.95 KiB
  5e0c2ad5.css
  dist/css/chunk-6aa4d180.b924b1ef.css      24.10 KiB        2.76 KiB
  dist/css/chunk-b71cc588.ed289522.css      23.55 KiB        3.16 KiB
  dist/css/webhook-logs-management-scree    23.29 KiB        4.12 KiB
  n.c05a5a80.css
  dist/css/chunk-3593d783.250451ec.css      22.50 KiB        3.31 KiB
  dist/css/webhooks-management-screen.f6    22.41 KiB        3.96 KiB
  d50512.css
  dist/css/chunk-b51dbd28.eff986fb.css      21.14 KiB        3.26 KiB
  dist/css/chunk-08f9fabb.795730a8.css      19.97 KiB        2.57 KiB
  dist/css/personal-access-tokens-manage    19.29 KiB        3.15 KiB
  ment-screen.27b034fc.css
  dist/css/chunk-39306457.6ac5825e.css      19.28 KiB        2.41 KiB
  dist/css/sales-analytics-screen.c9b126    19.07 KiB        2.93 KiB
  18.css
  dist/css/chunk-3101a8ed.7701ab0c.css      18.83 KiB        2.34 KiB
  dist/css/chunk-bb30e052.35de80ab.css      18.52 KiB        2.70 KiB
  dist/css/chunk-6c7a2187.e9dd443f.css      17.92 KiB        2.67 KiB
  dist/css/chunk-5fb56611.08c09e38.css      17.90 KiB        2.14 KiB
  dist/css/chunk-9858c414.053ad301.css      17.14 KiB        2.06 KiB
  dist/css/chunk-29dc80f4.72a778cf.css      16.80 KiB        2.74 KiB
  dist/css/chunk-2d8734ac.61d7ff25.css      16.61 KiB        2.41 KiB
  dist/css/chunk-1c4b6778.2f98fdd8.css      16.56 KiB        2.67 KiB
  dist/css/welcome-screen.69942b43.css      16.54 KiB        2.25 KiB
  dist/css/housekeeper-screen.bd851918.c    16.34 KiB        2.74 KiB
  ss
  dist/css/chunk-0b963646.923e8498.css      16.15 KiB        2.22 KiB
  dist/css/utility-types-management-scre    15.96 KiB        2.86 KiB
  en.bb0e1839.css
  dist/css/iot-management-screen.76c6c32    15.46 KiB        2.39 KiB
  f.css
  dist/css/settings-screen.cd66366c.css     14.81 KiB        2.21 KiB
  dist/css/analytics-screen.86047d4b.css    14.08 KiB        1.96 KiB
  dist/css/chunk-4adbcfb3.5c2e84d7.css      13.78 KiB        2.47 KiB
  dist/css/chunk-c5f5e1a4.ac467400.css      13.47 KiB        2.41 KiB
  dist/css/chunk-68fbe5e2.2f79b79a.css      13.41 KiB        2.41 KiB
  dist/css/chunk-22748a4d.0442aedb.css      12.75 KiB        2.52 KiB
  dist/css/chunk-4ac35574.d5fe5cd8.css      12.23 KiB        2.47 KiB
  dist/css/chunk-7c6755ec.d5fe5cd8.css      12.23 KiB        2.48 KiB
  dist/css/integrations-management-scree    12.16 KiB        2.36 KiB
  n.23bb68ac.css
  dist/css/chunk-48f90dab.9c1100f8.css      11.69 KiB        2.37 KiB
  dist/css/chunk-651297da.9c1100f8.css      11.69 KiB        2.37 KiB
  dist/css/chunk-95f15ef0.9c1100f8.css      11.69 KiB        2.37 KiB
  dist/css/chunk-30aa1886.87352850.css      11.60 KiB        2.34 KiB
  dist/css/chunk-d7484fde.83a7bcd8.css      11.55 KiB        2.32 KiB
  dist/css/chunk-28a68ae6.1a22b2e9.css      11.50 KiB        2.28 KiB
  dist/css/chunk-6f6188f6.d3df0277.css      10.24 KiB        2.03 KiB
  dist/css/chunk-a1c9cdf6.7ed727ff.css      10.20 KiB        1.40 KiB
  dist/css/assets-and-staff-screen-manag    10.10 KiB        2.25 KiB
  ement~automations-screen-management~st
  atus-screen-management.f120779f.css
  dist/css/hub-apps.7bb4dcac.css            9.56 KiB         2.31 KiB
  dist/css/chunk-50dce618.fd373a45.css      9.17 KiB         1.62 KiB
  dist/css/automations-screen-management    8.96 KiB         1.74 KiB
  ~housekeeper-screen.e483b3bc.css
  dist/css/chunk-406705d2.e483b3bc.css      8.96 KiB         1.74 KiB
  dist/css/cost-center-management-screen    8.77 KiB         1.85 KiB
  .28287a90.css
  dist/css/automations-screen-management    8.51 KiB         1.62 KiB
  .61a0c47c.css
  dist/css/status-screen-management.b1b6    8.41 KiB         1.60 KiB
  574d.css
  dist/basic.css                            8.28 KiB         1.63 KiB
  dist/css/chunk-84a82522.9517b3ea.css      8.10 KiB         0.96 KiB
  dist/css/chunk-52a1bff6.8632fb44.css      8.00 KiB         1.58 KiB
  dist/css/welcome-whats-new.8a4a581e.cs    7.88 KiB         2.08 KiB
  s
  dist/css/chunk-9466aa38.e6c50781.css      7.08 KiB         1.08 KiB
  dist/css/chunk-508b5db4.7e859d11.css      7.02 KiB         1.48 KiB
  dist/css/hub-screen.c776f36c.css          6.94 KiB         1.85 KiB
  dist/css/document-types-management-scr    6.72 KiB         1.74 KiB
  een.6fc3d40a.css
  dist/css/gatekeeper-screen.6fc3d40a.cs    6.72 KiB         1.74 KiB
  s
  dist/css/other-cost-management-screen.    6.72 KiB         1.74 KiB
  6fc3d40a.css
  dist/css/chunk-fa556e72.afdd40da.css      6.30 KiB         1.34 KiB
  dist/css/chunk-020eb630.3b468e91.css      6.04 KiB         1.22 KiB
  dist/css/home-screen~planner-screen.e9    5.95 KiB         1.34 KiB
  f11cce.css
  dist/css/old-cms-screen.0a49c550.css      5.89 KiB         0.87 KiB
  dist/css/cost-center-management-screen    5.88 KiB         1.55 KiB
  ~document-types-management-screen~gate
  keeper-screen~other-cost-manageme~7224
  ff35.df99f5e7.css
  dist/css/chunk-3b33c162.b6e4f5bf.css      5.72 KiB         1.16 KiB
  dist/css/chunk-7e2e62a3.e2467bbf.css      5.69 KiB         1.50 KiB
  dist/css/chunk-6b42b25f.362a5c87.css      5.66 KiB         1.49 KiB
  dist/css/chunk-cce56360.0eed711f.css      5.61 KiB         1.47 KiB
  dist/css/chunk-cc5cf976.020f3881.css      5.48 KiB         1.12 KiB
  dist/css/chunk-50ba1901.033ea070.css      5.40 KiB         1.51 KiB
  dist/css/chunk-d486d454.033ea070.css      5.40 KiB         1.51 KiB
  dist/css/page-not-found-screen.cfdea92    5.22 KiB         1.09 KiB
  7.css
  dist/css/chunk-3d9e48d4.426f5ac6.css      5.10 KiB         1.11 KiB
  dist/css/login-screen.b4ff8532.css        5.09 KiB         1.48 KiB
  dist/css/chunk-2f39d752.cc8aa3a8.css      5.01 KiB         1.40 KiB
  dist/css/chunk-118d19aa.1332469f.css      4.77 KiB         1.33 KiB
  dist/css/chunk-9ae46708.62210807.css      4.67 KiB         1.33 KiB
  dist/css/client-prices-old-cms-screen.    4.67 KiB         1.20 KiB
  eefa436a.css
  dist/css/chunk-046a7c89.bc8f3dd1.css      4.53 KiB         1.31 KiB
  dist/css/chunk-2848f8e7.10a1a41a.css      4.47 KiB         1.28 KiB
  dist/css/chunk-4dc30ef1.6a4d0725.css      4.47 KiB         1.28 KiB
  dist/css/chunk-7edb60e6.617f4701.css      4.34 KiB         1.27 KiB
  dist/css/chunk-4d5eb85b.ffd1aed9.css      4.33 KiB         1.22 KiB
  dist/css/chunk-6381b0f1.ffd1aed9.css      4.33 KiB         1.22 KiB
  dist/css/chunk-76a05bde.ffd1aed9.css      4.33 KiB         1.22 KiB
  dist/css/chunk-c5542494.ffd1aed9.css      4.33 KiB         1.22 KiB
  dist/css/chunk-61bb3ffe.84ec0d1f.css      4.19 KiB         1.29 KiB
  dist/css/chunk-36dec880.3dc0d519.css      3.38 KiB         1.03 KiB
  dist/css/chunk-vendors.b7d36435.css       3.37 KiB         0.66 KiB
  dist/css/failure-sla-analytics-screen~    2.83 KiB         0.89 KiB
  sales-analytics-screen~scheduled-work-
  analytics-screen~sla-analytics-sc~e900
  9d77.34a831d2.css
  dist/css/assets-and-staff-screen-manag    2.82 KiB         0.87 KiB
  ement.21cc0cb2.css
  dist/css/hub-apps~hub-screen.1f14f5e2.    2.80 KiB         0.93 KiB
  css
  dist/css/chunk-e7e30c8a.ea85ca7f.css      2.80 KiB         0.90 KiB
  dist/css/chunk-36c95e7d.72e6313e.css      2.77 KiB         0.93 KiB
  dist/css/chunk-5439ff79.885d438a.css      2.66 KiB         0.85 KiB
  dist/css/account-blocked.7d55c5c5.css     2.56 KiB         0.84 KiB
  dist/css/chunk-06a692bd.1b6f5f32.css      2.19 KiB         0.71 KiB
  dist/css/chunk-6acaf102.4ac7edbc.css      2.19 KiB         0.73 KiB
  dist/css/chunk-7b4fb17e.95113aaf.css      2.19 KiB         0.73 KiB
  dist/css/chunk-24f77d2a.465795e1.css      2.17 KiB         0.73 KiB
  dist/css/chunk-f2b884e2.10059aea.css      2.16 KiB         0.73 KiB
  dist/css/chunk-27ecb80c.1ff176f0.css      2.16 KiB         0.72 KiB
  dist/css/chunk-a4692d46.0f5efdab.css      2.10 KiB         0.68 KiB
  dist/css/chunk-5b653a01.9928b22f.css      2.08 KiB         0.68 KiB
  dist/css/analytics-customizations-scre    2.02 KiB         0.65 KiB
  en.07dc4344.css
  dist/css/chunk-5c252a5e.327d5b4d.css      2.00 KiB         0.68 KiB
  dist/css/chunk-f50c655a.4841d5d3.css      1.99 KiB         0.66 KiB
  dist/css/chunk-6659b8d6.a6e3afb4.css      1.81 KiB         0.59 KiB

  Images and other types of assets omitted.

 DONE  Build complete. The dist directory is ready to be deployed.
 INFO  Check out deployment instructions at https://cli.vuejs.org/guide/deployment.html
      
section_end:1629373812:step_script[0Ksection_start:1629373812:archive_cache[0K[0K[36;1mSaving cache for successful job[0;m
[0;m[32;1mCreating cache v0-108-5...[0;m
dist/: found 411 matching files and directories   [0;m 
node_modules/: found 158266 matching files and directories[0;m 
Uploading cache.zip to https://is-gitlab-runners-cache.s3.dualstack.eu-west-1.amazonaws.com/project/20143087/v0-108-5[0;m 
[32;1mCreated cache[0;m
section_end:1629373918:archive_cache[0Ksection_start:1629373918:cleanup_file_variables[0K[0K[36;1mCleaning up file based variables[0;m
[0;msection_end:1629373919:cleanup_file_variables[0K[32;1mJob succeeded
[0;m