[0KRunning with gitlab-runner 13.7.0 (943fc252)
[0;m[0K  on Web Core Client - Tests- docker+machine Gu_oFDiR
[0;msection_start:1630494954:resolve_secrets[0K[0K[36;1mResolving secrets[0;m
[0;msection_end:1630494954:resolve_secrets[0Ksection_start:1630494954:prepare_executor[0K[0K[36;1mPreparing the "docker+machine" executor[0;m
[0;m[0KUsing Docker executor with image node:12.16.1 ...
[0;m[0KPulling docker image node:12.16.1 ...
[0;m[0KUsing docker image sha256:88c089733a3b980b3517e8e2e8afa46b338f69d7562550cb3c2e9fd852a2fbac for node:12.16.1 with digest node@sha256:46f4c17e1edbde36d60a9f6362db7912cfe301bac89afef7cc92421ab3e7ca18 ...
[0;msection_end:1630494956:prepare_executor[0Ksection_start:1630494956:prepare_script[0K[0K[36;1mPreparing environment[0;m
[0;mRunning on runner-guofdir-project-20143087-concurrent-0 via runner-guofdir-IS-Pipeline-gitlab-runner-1630493495-53aca492...
section_end:1630494957:prepare_script[0Ksection_start:1630494957:get_sources[0K[0K[36;1mGetting source from Git repository[0;m
[0;m[32;1mFetching changes with git depth set to 1...[0;m
Initialized empty Git repository in /builds/infraspeak/web/web-core-client/.git/
[32;1mCreated fresh repository.[0;m
[32;1mChecking out eee39aa6 as v0.109.2...[0;m

[32;1mSkipping Git submodules setup[0;m
section_end:1630494960:get_sources[0Ksection_start:1630494960:restore_cache[0K[0K[36;1mRestoring cache[0;m
[0;m[32;1mChecking cache for v0-109-2...[0;m
Downloading cache.zip from https://is-gitlab-runners-cache.s3.dualstack.eu-west-1.amazonaws.com/project/20143087/v0-109-2[0;m 
[32;1mSuccessfully extracted cache[0;m
section_end:1630495022:restore_cache[0Ksection_start:1630495022:step_script[0K[0K[36;1mExecuting "step_script" stage of the job script[0;m
[0;m[32;1m$ npm run build-production[0;m

> infraspeak-web-core-client@0.109.0 build-production /builds/infraspeak/web/web-core-client
> vue-cli-service build --mode production --dest dist


-  Building for production...
Starting type checking service...
Using 1 worker with 2048MB memory limit
Browserslist: caniuse-lite is outdated. Please run:
npx browserslist@latest --update-db

Why you should do it regularly:
https://github.com/browserslist/browserslist#browsers-data-updating
Browserslist: caniuse-lite is outdated. Please run:
npx browserslist@latest --update-db

Why you should do it regularly:
https://github.com/browserslist/browserslist#browsers-data-updating
 WARNING  Compiled with 19 warnings11:23:00 AM

Module Warning (from ./node_modules/eslint-loader/index.js):
error: Unexpected console statement (no-console) at src/components/chart/analytic/ChartAnalytic.vue:249:25:
  247 |                         this.isLoadingData = false
  248 | 
> 249 |                         console.error('error getting data: ', error)
      |                         ^
  250 |                     })
  251 |             }
  252 | 


error: Unexpected console statement (no-console) at src/components/chart/analytic/ChartAnalytic.vue:329:29:
  327 |                         })
  328 |                         .catch(error => {
> 329 |                             console.error('error exporting data: ', error)
      |                             ^
  330 |                         })
  331 |                         .finally(progressNoty.close)
  332 | 


2 errors found.

Module Warning (from ./node_modules/eslint-loader/index.js):
error: Unexpected console statement (no-console) at src/components/chart/analyticnew2/ChartAnalytic.vue:126:21:
  124 |                 })
  125 |                 .catch(error => {
> 126 |                     console.error('error exporting data: ', error)
      |                     ^
  127 |                 })
  128 |                 .finally(progressNoty.close)
  129 |         }


1 error found.

Module Warning (from ./node_modules/eslint-loader/index.js):
error: Unexpected console statement (no-console) at src/components/history/failure/HistoryFailure.vue:163:21:
  161 | 
  162 |                     })
> 163 |                     console.log(registryItem)
      |                     ^
  164 |                     break
  165 |                 case EnumFailureRegistryAction.FAILURE_REOPEN:
  166 |                     if (registry.description) {


1 error found.

You may use special comments to disable some warnings.
Use // eslint-disable-next-line to ignore the next line.
Use /* eslint-disable */ to ignore all warnings in a file.
 warning  in ./src/models/Base.transformer.ts

Module Warning (from ./node_modules/thread-loader/dist/cjs.js):

/builds/infraspeak/web/web-core-client/src/models/Base.transformer.ts
  46:17  error  Unexpected console statement  no-console

✖ 1 problem (1 error, 0 warnings)


 @ ./src/models/entity/Entity.transformer.v3.ts 7:0-60 71:2-17
 @ ./src/api/entity.api.ts
 @ ./src/store/root/Root.store.ts
 @ ./src/plugins/analytics/analytics.plugin.ts
 @ ./src/main.ts
 @ multi ./src/main.ts

 warning  in ./src/store/root/Root.store.ts

Module Warning (from ./node_modules/thread-loader/dist/cjs.js):

/builds/infraspeak/web/web-core-client/src/store/root/Root.store.ts
  375:17  error  Unexpected console statement  no-console

✖ 1 problem (1 error, 0 warnings)


 @ ./src/plugins/analytics/analytics.plugin.ts 9:0-52 19:14-23 20:16-25 21:16-25 22:40-49 27:8-17 28:27-36 29:28-37 54:19-28 54:49-58
 @ ./src/main.ts
 @ multi ./src/main.ts

 warning  

chunk chunk-6f6188f6 [mini-css-extract-plugin]
Conflicting order. Following module has been added:
 * css ./node_modules/css-loader/dist/cjs.js??ref--8-oneOf-1-1!./node_modules/vue-loader/lib/loaders/stylePostLoader.js!./node_modules/postcss-loader/src??ref--8-oneOf-1-2!./node_modules/sass-loader/dist/cjs.js??ref--8-oneOf-1-3!./node_modules/cache-loader/dist/cjs.js??ref--0-0!./node_modules/vue-loader/lib??vue-loader-options!./src/components/common/tag/popover/IsTagPopover.vue?vue&type=style&index=0&lang=scss&
despite it was not able to fulfill desired ordering with these modules:
 * css ./node_modules/css-loader/dist/cjs.js??ref--8-oneOf-1-1!./node_modules/vue-loader/lib/loaders/stylePostLoader.js!./node_modules/postcss-loader/src??ref--8-oneOf-1-2!./node_modules/sass-loader/dist/cjs.js??ref--8-oneOf-1-3!./node_modules/cache-loader/dist/cjs.js??ref--0-0!./node_modules/vue-loader/lib??vue-loader-options!./src/components/common/field/IsField.vue?vue&type=style&index=0&lang=scss&
   - couldn't fulfill desired order of chunk group(s) client-prices-old-cms-screen, screen-direct-app, , , , , , , , , 
   - while fulfilling desired order of chunk group(s) dashboard-screen, assets-screen, failures-screen, scheduled-works-screen, purchases-screen, sales-screen, sales-quotes, works-screen, quote-requests, , , , , , , 

 warning  

chunk chunk-a1c9cdf6 [mini-css-extract-plugin]
Conflicting order. Following module has been added:
 * css ./node_modules/css-loader/dist/cjs.js??ref--8-oneOf-1-1!./node_modules/vue-loader/lib/loaders/stylePostLoader.js!./node_modules/postcss-loader/src??ref--8-oneOf-1-2!./node_modules/sass-loader/dist/cjs.js??ref--8-oneOf-1-3!./node_modules/cache-loader/dist/cjs.js??ref--0-0!./node_modules/vue-loader/lib??vue-loader-options!./src/components/summary/operator/SummaryOperator.vue?vue&type=style&index=0&id=51377b1a&lang=scss&scoped=true&
despite it was not able to fulfill desired ordering with these modules:
 * css ./node_modules/css-loader/dist/cjs.js??ref--8-oneOf-1-1!./node_modules/vue-loader/lib/loaders/stylePostLoader.js!./node_modules/postcss-loader/src??ref--8-oneOf-1-2!./node_modules/sass-loader/dist/cjs.js??ref--8-oneOf-1-3!./node_modules/cache-loader/dist/cjs.js??ref--0-0!./node_modules/vue-loader/lib??vue-loader-options!./src/components/common/time-picker/IsTimePicker.vue?vue&type=style&index=0&id=84536cda&lang=scss&scoped=true&
   - couldn't fulfill desired order of chunk group(s) , 
   - while fulfilling desired order of chunk group(s) planner-screen

 warning  

chunk chunk-a1c9cdf6 [mini-css-extract-plugin]
Conflicting order. Following module has been added:
 * css ./node_modules/css-loader/dist/cjs.js??ref--8-oneOf-1-1!./node_modules/vue-loader/lib/loaders/stylePostLoader.js!./node_modules/postcss-loader/src??ref--8-oneOf-1-2!./node_modules/sass-loader/dist/cjs.js??ref--8-oneOf-1-3!./node_modules/cache-loader/dist/cjs.js??ref--0-0!./node_modules/vue-loader/lib??vue-loader-options!./src/components/chip/operator/ChipOperator.vue?vue&type=style&index=0&id=05dd3048&lang=scss&scoped=true&
despite it was not able to fulfill desired ordering with these modules:
 * css ./node_modules/css-loader/dist/cjs.js??ref--8-oneOf-1-1!./node_modules/vue-loader/lib/loaders/stylePostLoader.js!./node_modules/postcss-loader/src??ref--8-oneOf-1-2!./node_modules/sass-loader/dist/cjs.js??ref--8-oneOf-1-3!./node_modules/cache-loader/dist/cjs.js??ref--0-0!./node_modules/vue-loader/lib??vue-loader-options!./src/components/common/time-picker/IsTimePicker.vue?vue&type=style&index=0&id=84536cda&lang=scss&scoped=true&
   - couldn't fulfill desired order of chunk group(s) , 
   - while fulfilling desired order of chunk group(s) planner-screen

 warning  

chunk chunk-b71cc588 [mini-css-extract-plugin]
Conflicting order. Following module has been added:
 * css ./node_modules/css-loader/dist/cjs.js??ref--8-oneOf-1-1!./node_modules/vue-loader/lib/loaders/stylePostLoader.js!./node_modules/postcss-loader/src??ref--8-oneOf-1-2!./node_modules/sass-loader/dist/cjs.js??ref--8-oneOf-1-3!./node_modules/cache-loader/dist/cjs.js??ref--0-0!./node_modules/vue-loader/lib??vue-loader-options!./src/components/common/section-title/IsSectionTitle.vue?vue&type=style&index=0&id=019ec60c&lang=scss&scoped=true&
despite it was not able to fulfill desired ordering with these modules:
 * css ./node_modules/css-loader/dist/cjs.js??ref--8-oneOf-1-1!./node_modules/vue-loader/lib/loaders/stylePostLoader.js!./node_modules/postcss-loader/src??ref--8-oneOf-1-2!./node_modules/sass-loader/dist/cjs.js??ref--8-oneOf-1-3!./node_modules/cache-loader/dist/cjs.js??ref--0-0!./node_modules/vue-loader/lib??vue-loader-options!./src/components/card/file/CardFile.vue?vue&type=style&index=0&lang=scss&
   - couldn't fulfill desired order of chunk group(s) assets-screen, 
   - while fulfilling desired order of chunk group(s) failures-screen, scheduled-works-screen, purchases-screen, sales-screen, sales-quotes, works-screen, quote-requests, screen-direct-app, , , , , , , , 
 * css ./node_modules/css-loader/dist/cjs.js??ref--8-oneOf-1-1!./node_modules/vue-loader/lib/loaders/stylePostLoader.js!./node_modules/postcss-loader/src??ref--8-oneOf-1-2!./node_modules/sass-loader/dist/cjs.js??ref--8-oneOf-1-3!./node_modules/cache-loader/dist/cjs.js??ref--0-0!./node_modules/vue-loader/lib??vue-loader-options!./src/components/tag/file/TagFile.vue?vue&type=style&index=0&id=0f740e49&lang=scss&scoped=true&
   - couldn't fulfill desired order of chunk group(s) assets-screen, 
   - while fulfilling desired order of chunk group(s) failures-screen, scheduled-works-screen, purchases-screen, sales-screen, sales-quotes, works-screen, quote-requests, screen-direct-app, , , , , , , , 
 * css ./node_modules/css-loader/dist/cjs.js??ref--8-oneOf-1-1!./node_modules/vue-loader/lib/loaders/stylePostLoader.js!./node_modules/postcss-loader/src??ref--8-oneOf-1-2!./node_modules/sass-loader/dist/cjs.js??ref--8-oneOf-1-3!./node_modules/cache-loader/dist/cjs.js??ref--0-0!./node_modules/vue-loader/lib??vue-loader-options!./src/components/common/popover-summary/IsPopoverSummary.vue?vue&type=style&index=0&lang=scss&
   - couldn't fulfill desired order of chunk group(s) assets-screen, 
   - while fulfilling desired order of chunk group(s) failures-screen, scheduled-works-screen, purchases-screen, sales-screen, sales-quotes, works-screen, quote-requests, screen-direct-app, , , , , , , , 
 * css ./node_modules/css-loader/dist/cjs.js??ref--8-oneOf-1-1!./node_modules/vue-loader/lib/loaders/stylePostLoader.js!./node_modules/postcss-loader/src??ref--8-oneOf-1-2!./node_modules/sass-loader/dist/cjs.js??ref--8-oneOf-1-3!./node_modules/cache-loader/dist/cjs.js??ref--0-0!./node_modules/vue-loader/lib??vue-loader-options!./src/components/tag-popover/contact/TagPopoverContact.vue?vue&type=style&index=0&lang=scss&
   - couldn't fulfill desired order of chunk group(s) assets-screen, 
   - while fulfilling desired order of chunk group(s) failures-screen, scheduled-works-screen, purchases-screen, sales-screen, sales-quotes, works-screen, quote-requests, screen-direct-app, , , , , , , , 
 * css ./node_modules/css-loader/dist/cjs.js??ref--8-oneOf-1-1!./node_modules/vue-loader/lib/loaders/stylePostLoader.js!./node_modules/postcss-loader/src??ref--8-oneOf-1-2!./node_modules/sass-loader/dist/cjs.js??ref--8-oneOf-1-3!./node_modules/cache-loader/dist/cjs.js??ref--0-0!./node_modules/vue-loader/lib??vue-loader-options!./src/components/summary/contact/SummaryContact.vue?vue&type=style&index=0&id=8bf1c9a2&lang=scss&scoped=true&
   - couldn't fulfill desired order of chunk group(s) assets-screen, screen-direct-app, , 
   - while fulfilling desired order of chunk group(s) failures-screen, scheduled-works-screen, purchases-screen, sales-screen, sales-quotes, works-screen, quote-requests, , , , , , , 
 * css ./node_modules/css-loader/dist/cjs.js??ref--8-oneOf-1-1!./node_modules/vue-loader/lib/loaders/stylePostLoader.js!./node_modules/postcss-loader/src??ref--8-oneOf-1-2!./node_modules/sass-loader/dist/cjs.js??ref--8-oneOf-1-3!./node_modules/cache-loader/dist/cjs.js??ref--0-0!./node_modules/vue-loader/lib??vue-loader-options!./src/components/summary/operator/SummaryOperator.vue?vue&type=style&index=0&id=51377b1a&lang=scss&scoped=true&
   - couldn't fulfill desired order of chunk group(s) assets-screen, failures-screen, scheduled-works-screen, works-screen, quote-requests, 
   - while fulfilling desired order of chunk group(s) purchases-screen, sales-screen, sales-quotes, screen-direct-app, , , , , , , , 

 warning  

chunk chunk-b71cc588 [mini-css-extract-plugin]
Conflicting order. Following module has been added:
 * css ./node_modules/css-loader/dist/cjs.js??ref--8-oneOf-1-1!./node_modules/vue-loader/lib/loaders/stylePostLoader.js!./node_modules/postcss-loader/src??ref--8-oneOf-1-2!./node_modules/sass-loader/dist/cjs.js??ref--8-oneOf-1-3!./node_modules/cache-loader/dist/cjs.js??ref--0-0!./node_modules/vue-loader/lib??vue-loader-options!./src/components/summary/contact/SummaryContact.vue?vue&type=style&index=0&id=8bf1c9a2&lang=scss&scoped=true&
despite it was not able to fulfill desired ordering with these modules:
 * css ./node_modules/css-loader/dist/cjs.js??ref--8-oneOf-1-1!./node_modules/vue-loader/lib/loaders/stylePostLoader.js!./node_modules/postcss-loader/src??ref--8-oneOf-1-2!./node_modules/sass-loader/dist/cjs.js??ref--8-oneOf-1-3!./node_modules/cache-loader/dist/cjs.js??ref--0-0!./node_modules/vue-loader/lib??vue-loader-options!./src/components/summary/operator/SummaryOperator.vue?vue&type=style&index=0&id=51377b1a&lang=scss&scoped=true&
   - couldn't fulfill desired order of chunk group(s) assets-screen, failures-screen, scheduled-works-screen, purchases-screen, sales-screen, works-screen, quote-requests, , , , , 
   - while fulfilling desired order of chunk group(s) sales-quotes, screen-direct-app, , , , 
 * css ./node_modules/css-loader/dist/cjs.js??ref--8-oneOf-1-1!./node_modules/vue-loader/lib/loaders/stylePostLoader.js!./node_modules/postcss-loader/src??ref--8-oneOf-1-2!./node_modules/sass-loader/dist/cjs.js??ref--8-oneOf-1-3!./node_modules/cache-loader/dist/cjs.js??ref--0-0!./node_modules/vue-loader/lib??vue-loader-options!./src/components/common/popover-summary/IsPopoverSummary.vue?vue&type=style&index=0&lang=scss&
   - couldn't fulfill desired order of chunk group(s) failures-screen, scheduled-works-screen, purchases-screen, sales-screen, sales-quotes, works-screen, quote-requests, , , , , , , 
   - while fulfilling desired order of chunk group(s) assets-screen, screen-direct-app, , 
 * css ./node_modules/css-loader/dist/cjs.js??ref--8-oneOf-1-1!./node_modules/vue-loader/lib/loaders/stylePostLoader.js!./node_modules/postcss-loader/src??ref--8-oneOf-1-2!./node_modules/sass-loader/dist/cjs.js??ref--8-oneOf-1-3!./node_modules/cache-loader/dist/cjs.js??ref--0-0!./node_modules/vue-loader/lib??vue-loader-options!./src/components/common/navigation-panel/IsNavigationPanel.vue?vue&type=style&index=0&lang=scss&
   - couldn't fulfill desired order of chunk group(s) failures-screen, scheduled-works-screen, purchases-screen, sales-screen, sales-quotes, works-screen, quote-requests, , , , , , , 
   - while fulfilling desired order of chunk group(s) assets-screen, screen-direct-app, , 
 * css ./node_modules/css-loader/dist/cjs.js??ref--8-oneOf-1-1!./node_modules/vue-loader/lib/loaders/stylePostLoader.js!./node_modules/postcss-loader/src??ref--8-oneOf-1-2!./node_modules/sass-loader/dist/cjs.js??ref--8-oneOf-1-3!./node_modules/cache-loader/dist/cjs.js??ref--0-0!./node_modules/vue-loader/lib??vue-loader-options!./src/components/card/file/CardFile.vue?vue&type=style&index=0&lang=scss&
   - couldn't fulfill desired order of chunk group(s) scheduled-works-screen, sales-quotes, 
   - while fulfilling desired order of chunk group(s) assets-screen, failures-screen, purchases-screen, sales-screen, works-screen, quote-requests, screen-direct-app, , , , , , , , 
 * css ./node_modules/css-loader/dist/cjs.js??ref--8-oneOf-1-1!./node_modules/vue-loader/lib/loaders/stylePostLoader.js!./node_modules/postcss-loader/src??ref--8-oneOf-1-2!./node_modules/sass-loader/dist/cjs.js??ref--8-oneOf-1-3!./node_modules/cache-loader/dist/cjs.js??ref--0-0!./node_modules/vue-loader/lib??vue-loader-options!./src/components/tag/file/TagFile.vue?vue&type=style&index=0&id=0f740e49&lang=scss&scoped=true&
   - couldn't fulfill desired order of chunk group(s) scheduled-works-screen, sales-quotes, 
   - while fulfilling desired order of chunk group(s) assets-screen, failures-screen, purchases-screen, sales-screen, works-screen, quote-requests, screen-direct-app, , , , , , , , 

 warning  

chunk chunk-b71cc588 [mini-css-extract-plugin]
Conflicting order. Following module has been added:
 * css ./node_modules/css-loader/dist/cjs.js??ref--8-oneOf-1-1!./node_modules/vue-loader/lib/loaders/stylePostLoader.js!./node_modules/postcss-loader/src??ref--8-oneOf-1-2!./node_modules/sass-loader/dist/cjs.js??ref--8-oneOf-1-3!./node_modules/cache-loader/dist/cjs.js??ref--0-0!./node_modules/vue-loader/lib??vue-loader-options!./src/components/summary/operator/SummaryOperator.vue?vue&type=style&index=0&id=51377b1a&lang=scss&scoped=true&
despite it was not able to fulfill desired ordering with these modules:
 * css ./node_modules/css-loader/dist/cjs.js??ref--8-oneOf-1-1!./node_modules/vue-loader/lib/loaders/stylePostLoader.js!./node_modules/postcss-loader/src??ref--8-oneOf-1-2!./node_modules/sass-loader/dist/cjs.js??ref--8-oneOf-1-3!./node_modules/cache-loader/dist/cjs.js??ref--0-0!./node_modules/vue-loader/lib??vue-loader-options!./src/components/common/navigation-panel/IsNavigationPanel.vue?vue&type=style&index=0&lang=scss&
   - couldn't fulfill desired order of chunk group(s) purchases-screen, sales-screen, sales-quotes, screen-direct-app, , , , , , , , 
   - while fulfilling desired order of chunk group(s) assets-screen, failures-screen, scheduled-works-screen, works-screen, quote-requests, 
 * css ./node_modules/css-loader/dist/cjs.js??ref--8-oneOf-1-1!./node_modules/vue-loader/lib/loaders/stylePostLoader.js!./node_modules/postcss-loader/src??ref--8-oneOf-1-2!./node_modules/sass-loader/dist/cjs.js??ref--8-oneOf-1-3!./node_modules/cache-loader/dist/cjs.js??ref--0-0!./node_modules/vue-loader/lib??vue-loader-options!./src/components/common/popover-summary/IsPopoverSummary.vue?vue&type=style&index=0&lang=scss&
   - couldn't fulfill desired order of chunk group(s) sales-quotes, screen-direct-app, , , , 
   - while fulfilling desired order of chunk group(s) assets-screen, failures-screen, scheduled-works-screen, purchases-screen, sales-screen, works-screen, quote-requests, , , , , 
 * css ./node_modules/css-loader/dist/cjs.js??ref--8-oneOf-1-1!./node_modules/vue-loader/lib/loaders/stylePostLoader.js!./node_modules/postcss-loader/src??ref--8-oneOf-1-2!./node_modules/sass-loader/dist/cjs.js??ref--8-oneOf-1-3!./node_modules/cache-loader/dist/cjs.js??ref--0-0!./node_modules/vue-loader/lib??vue-loader-options!./src/components/card/file/CardFile.vue?vue&type=style&index=0&lang=scss&
   - couldn't fulfill desired order of chunk group(s) sales-quotes, screen-direct-app, , , 
   - while fulfilling desired order of chunk group(s) assets-screen, failures-screen, scheduled-works-screen, purchases-screen, sales-screen, works-screen, quote-requests, , , , , , 
 * css ./node_modules/css-loader/dist/cjs.js??ref--8-oneOf-1-1!./node_modules/vue-loader/lib/loaders/stylePostLoader.js!./node_modules/postcss-loader/src??ref--8-oneOf-1-2!./node_modules/sass-loader/dist/cjs.js??ref--8-oneOf-1-3!./node_modules/cache-loader/dist/cjs.js??ref--0-0!./node_modules/vue-loader/lib??vue-loader-options!./src/components/tag/file/TagFile.vue?vue&type=style&index=0&id=0f740e49&lang=scss&scoped=true&
   - couldn't fulfill desired order of chunk group(s) sales-quotes, screen-direct-app, , , 
   - while fulfilling desired order of chunk group(s) assets-screen, failures-screen, scheduled-works-screen, purchases-screen, sales-screen, works-screen, quote-requests, , , , , , 
 * css ./node_modules/css-loader/dist/cjs.js??ref--8-oneOf-1-1!./node_modules/vue-loader/lib/loaders/stylePostLoader.js!./node_modules/postcss-loader/src??ref--8-oneOf-1-2!./node_modules/sass-loader/dist/cjs.js??ref--8-oneOf-1-3!./node_modules/cache-loader/dist/cjs.js??ref--0-0!./node_modules/vue-loader/lib??vue-loader-options!./src/components/tag-popover/contact/TagPopoverContact.vue?vue&type=style&index=0&lang=scss&
   - couldn't fulfill desired order of chunk group(s) , , 
   - while fulfilling desired order of chunk group(s) assets-screen, failures-screen, scheduled-works-screen, purchases-screen, sales-screen, sales-quotes, works-screen, quote-requests, screen-direct-app, , , , , , 

 warning  

chunk chunk-b71cc588 [mini-css-extract-plugin]
Conflicting order. Following module has been added:
 * css ./node_modules/css-loader/dist/cjs.js??ref--8-oneOf-1-1!./node_modules/vue-loader/lib/loaders/stylePostLoader.js!./node_modules/postcss-loader/src??ref--8-oneOf-1-2!./node_modules/sass-loader/dist/cjs.js??ref--8-oneOf-1-3!./node_modules/cache-loader/dist/cjs.js??ref--0-0!./node_modules/vue-loader/lib??vue-loader-options!./src/components/tag-popover/contact/TagPopoverContact.vue?vue&type=style&index=0&lang=scss&
despite it was not able to fulfill desired ordering with these modules:
 * css ./node_modules/css-loader/dist/cjs.js??ref--8-oneOf-1-1!./node_modules/vue-loader/lib/loaders/stylePostLoader.js!./node_modules/postcss-loader/src??ref--8-oneOf-1-2!./node_modules/sass-loader/dist/cjs.js??ref--8-oneOf-1-3!./node_modules/cache-loader/dist/cjs.js??ref--0-0!./node_modules/vue-loader/lib??vue-loader-options!./src/components/common/popover-summary/IsPopoverSummary.vue?vue&type=style&index=0&lang=scss&
   - couldn't fulfill desired order of chunk group(s) failures-screen, scheduled-works-screen, purchases-screen, sales-screen, sales-quotes, works-screen, quote-requests, screen-direct-app, , , , , , , , 
   - while fulfilling desired order of chunk group(s) assets-screen, 
 * css ./node_modules/css-loader/dist/cjs.js??ref--8-oneOf-1-1!./node_modules/vue-loader/lib/loaders/stylePostLoader.js!./node_modules/postcss-loader/src??ref--8-oneOf-1-2!./node_modules/sass-loader/dist/cjs.js??ref--8-oneOf-1-3!./node_modules/cache-loader/dist/cjs.js??ref--0-0!./node_modules/vue-loader/lib??vue-loader-options!./src/components/common/navigation-panel/IsNavigationPanel.vue?vue&type=style&index=0&lang=scss&
   - couldn't fulfill desired order of chunk group(s) failures-screen, scheduled-works-screen, purchases-screen, sales-screen, sales-quotes, works-screen, quote-requests, screen-direct-app, , , , , , , , 
   - while fulfilling desired order of chunk group(s) assets-screen, 
 * css ./node_modules/css-loader/dist/cjs.js??ref--8-oneOf-1-1!./node_modules/vue-loader/lib/loaders/stylePostLoader.js!./node_modules/postcss-loader/src??ref--8-oneOf-1-2!./node_modules/sass-loader/dist/cjs.js??ref--8-oneOf-1-3!./node_modules/cache-loader/dist/cjs.js??ref--0-0!./node_modules/vue-loader/lib??vue-loader-options!./src/components/card/file/CardFile.vue?vue&type=style&index=0&lang=scss&
   - couldn't fulfill desired order of chunk group(s) scheduled-works-screen, sales-quotes, screen-direct-app, , 
   - while fulfilling desired order of chunk group(s) assets-screen, failures-screen, purchases-screen, sales-screen, works-screen, quote-requests, , , , , , , 
 * css ./node_modules/css-loader/dist/cjs.js??ref--8-oneOf-1-1!./node_modules/vue-loader/lib/loaders/stylePostLoader.js!./node_modules/postcss-loader/src??ref--8-oneOf-1-2!./node_modules/sass-loader/dist/cjs.js??ref--8-oneOf-1-3!./node_modules/cache-loader/dist/cjs.js??ref--0-0!./node_modules/vue-loader/lib??vue-loader-options!./src/components/tag/file/TagFile.vue?vue&type=style&index=0&id=0f740e49&lang=scss&scoped=true&
   - couldn't fulfill desired order of chunk group(s) scheduled-works-screen, sales-quotes, screen-direct-app, , 
   - while fulfilling desired order of chunk group(s) assets-screen, failures-screen, purchases-screen, sales-screen, works-screen, quote-requests, , , , , , , 

 warning  

chunk chunk-b71cc588 [mini-css-extract-plugin]
Conflicting order. Following module has been added:
 * css ./node_modules/css-loader/dist/cjs.js??ref--8-oneOf-1-1!./node_modules/vue-loader/lib/loaders/stylePostLoader.js!./node_modules/postcss-loader/src??ref--8-oneOf-1-2!./node_modules/sass-loader/dist/cjs.js??ref--8-oneOf-1-3!./node_modules/cache-loader/dist/cjs.js??ref--0-0!./node_modules/vue-loader/lib??vue-loader-options!./src/components/common/popover-summary/IsPopoverSummary.vue?vue&type=style&index=0&lang=scss&
despite it was not able to fulfill desired ordering with these modules:
 * css ./node_modules/css-loader/dist/cjs.js??ref--8-oneOf-1-1!./node_modules/vue-loader/lib/loaders/stylePostLoader.js!./node_modules/postcss-loader/src??ref--8-oneOf-1-2!./node_modules/sass-loader/dist/cjs.js??ref--8-oneOf-1-3!./node_modules/cache-loader/dist/cjs.js??ref--0-0!./node_modules/vue-loader/lib??vue-loader-options!./src/components/common/navigation-panel/IsNavigationPanel.vue?vue&type=style&index=0&lang=scss&
   - couldn't fulfill desired order of chunk group(s) failures-screen, scheduled-works-screen, purchases-screen, sales-screen, sales-quotes, works-screen, quote-requests, screen-direct-app, , , , , , , , 
   - while fulfilling desired order of chunk group(s) assets-screen, 
 * css ./node_modules/css-loader/dist/cjs.js??ref--8-oneOf-1-1!./node_modules/vue-loader/lib/loaders/stylePostLoader.js!./node_modules/postcss-loader/src??ref--8-oneOf-1-2!./node_modules/sass-loader/dist/cjs.js??ref--8-oneOf-1-3!./node_modules/cache-loader/dist/cjs.js??ref--0-0!./node_modules/vue-loader/lib??vue-loader-options!./src/components/card/file/CardFile.vue?vue&type=style&index=0&lang=scss&
   - couldn't fulfill desired order of chunk group(s) scheduled-works-screen, sales-quotes, screen-direct-app, , 
   - while fulfilling desired order of chunk group(s) assets-screen, failures-screen, purchases-screen, sales-screen, works-screen, quote-requests, , , , , , , 
 * css ./node_modules/css-loader/dist/cjs.js??ref--8-oneOf-1-1!./node_modules/vue-loader/lib/loaders/stylePostLoader.js!./node_modules/postcss-loader/src??ref--8-oneOf-1-2!./node_modules/sass-loader/dist/cjs.js??ref--8-oneOf-1-3!./node_modules/cache-loader/dist/cjs.js??ref--0-0!./node_modules/vue-loader/lib??vue-loader-options!./src/components/tag/file/TagFile.vue?vue&type=style&index=0&id=0f740e49&lang=scss&scoped=true&
   - couldn't fulfill desired order of chunk group(s) scheduled-works-screen, sales-quotes, screen-direct-app, , 
   - while fulfilling desired order of chunk group(s) assets-screen, failures-screen, purchases-screen, sales-screen, works-screen, quote-requests, , , , , , , 

 warning  

chunk chunk-b71cc588 [mini-css-extract-plugin]
Conflicting order. Following module has been added:
 * css ./node_modules/css-loader/dist/cjs.js??ref--8-oneOf-1-1!./node_modules/vue-loader/lib/loaders/stylePostLoader.js!./node_modules/postcss-loader/src??ref--8-oneOf-1-2!./node_modules/sass-loader/dist/cjs.js??ref--8-oneOf-1-3!./node_modules/cache-loader/dist/cjs.js??ref--0-0!./node_modules/vue-loader/lib??vue-loader-options!./src/components/tag/file/TagFile.vue?vue&type=style&index=0&id=0f740e49&lang=scss&scoped=true&
despite it was not able to fulfill desired ordering with these modules:
 * css ./node_modules/css-loader/dist/cjs.js??ref--8-oneOf-1-1!./node_modules/vue-loader/lib/loaders/stylePostLoader.js!./node_modules/postcss-loader/src??ref--8-oneOf-1-2!./node_modules/sass-loader/dist/cjs.js??ref--8-oneOf-1-3!./node_modules/cache-loader/dist/cjs.js??ref--0-0!./node_modules/vue-loader/lib??vue-loader-options!./src/components/common/navigation-panel/IsNavigationPanel.vue?vue&type=style&index=0&lang=scss&
   - couldn't fulfill desired order of chunk group(s) failures-screen, scheduled-works-screen, purchases-screen, sales-screen, sales-quotes, works-screen, quote-requests, screen-direct-app, , , , , , , , 
   - while fulfilling desired order of chunk group(s) assets-screen, 

 warning  

chunk chunk-b71cc588 [mini-css-extract-plugin]
Conflicting order. Following module has been added:
 * css ./node_modules/css-loader/dist/cjs.js??ref--8-oneOf-1-1!./node_modules/vue-loader/lib/loaders/stylePostLoader.js!./node_modules/postcss-loader/src??ref--8-oneOf-1-2!./node_modules/sass-loader/dist/cjs.js??ref--8-oneOf-1-3!./node_modules/cache-loader/dist/cjs.js??ref--0-0!./node_modules/vue-loader/lib??vue-loader-options!./src/components/card/file/CardFile.vue?vue&type=style&index=0&lang=scss&
despite it was not able to fulfill desired ordering with these modules:
 * css ./node_modules/css-loader/dist/cjs.js??ref--8-oneOf-1-1!./node_modules/vue-loader/lib/loaders/stylePostLoader.js!./node_modules/postcss-loader/src??ref--8-oneOf-1-2!./node_modules/sass-loader/dist/cjs.js??ref--8-oneOf-1-3!./node_modules/cache-loader/dist/cjs.js??ref--0-0!./node_modules/vue-loader/lib??vue-loader-options!./src/components/common/navigation-panel/IsNavigationPanel.vue?vue&type=style&index=0&lang=scss&
   - couldn't fulfill desired order of chunk group(s) failures-screen, scheduled-works-screen, purchases-screen, sales-screen, sales-quotes, works-screen, quote-requests, screen-direct-app, , , , , , , , 
   - while fulfilling desired order of chunk group(s) assets-screen, 

 warning  

chunk home-screen~planner-screen [mini-css-extract-plugin]
Conflicting order. Following module has been added:
 * css ./node_modules/css-loader/dist/cjs.js??ref--8-oneOf-1-1!./node_modules/vue-loader/lib/loaders/stylePostLoader.js!./node_modules/postcss-loader/src??ref--8-oneOf-1-2!./node_modules/sass-loader/dist/cjs.js??ref--8-oneOf-1-3!./node_modules/cache-loader/dist/cjs.js??ref--0-0!./node_modules/vue-loader/lib??vue-loader-options!./src/components/common/profile-picture/IsProfilePicture.vue?vue&type=style&index=0&lang=scss&
despite it was not able to fulfill desired ordering with these modules:
 * css ./node_modules/css-loader/dist/cjs.js??ref--8-oneOf-1-1!./node_modules/vue-loader/lib/loaders/stylePostLoader.js!./node_modules/postcss-loader/src??ref--8-oneOf-1-2!./node_modules/sass-loader/dist/cjs.js??ref--8-oneOf-1-3!./node_modules/cache-loader/dist/cjs.js??ref--0-0!./node_modules/vue-loader/lib??vue-loader-options!./src/components/common/action-buttons/IsActionButtons.vue?vue&type=style&index=0&id=db3670b8&lang=scss&scoped=true&
   - couldn't fulfill desired order of chunk group(s) planner-screen
   - while fulfilling desired order of chunk group(s) home-screen

 warning  

chunk home-screen~planner-screen [mini-css-extract-plugin]
Conflicting order. Following module has been added:
 * css ./node_modules/css-loader/dist/cjs.js??ref--8-oneOf-1-1!./node_modules/vue-loader/lib/loaders/stylePostLoader.js!./node_modules/postcss-loader/src??ref--8-oneOf-1-2!./node_modules/sass-loader/dist/cjs.js??ref--8-oneOf-1-3!./node_modules/cache-loader/dist/cjs.js??ref--0-0!./node_modules/vue-loader/lib??vue-loader-options!./src/components/tag/new/TagNew.vue?vue&type=style&index=0&lang=scss&
despite it was not able to fulfill desired ordering with these modules:
 * css ./node_modules/css-loader/dist/cjs.js??ref--8-oneOf-1-1!./node_modules/vue-loader/lib/loaders/stylePostLoader.js!./node_modules/postcss-loader/src??ref--8-oneOf-1-2!./node_modules/sass-loader/dist/cjs.js??ref--8-oneOf-1-3!./node_modules/cache-loader/dist/cjs.js??ref--0-0!./node_modules/vue-loader/lib??vue-loader-options!./src/components/common/action-buttons/IsActionButtons.vue?vue&type=style&index=0&id=db3670b8&lang=scss&scoped=true&
   - couldn't fulfill desired order of chunk group(s) planner-screen
   - while fulfilling desired order of chunk group(s) home-screen

 warning  

asset size limit: The following asset(s) exceed the recommended size limit (244 KiB).
This can impact web performance.
Assets: 
  fonts/fa-light-300.1980e028.eot (484 KiB)
  fonts/fa-light-300.f056755c.woff (247 KiB)
  fonts/fa-light-300.5bdaa858.ttf (483 KiB)
  fonts/fa-solid-900.eb397dfa.eot (379 KiB)
  fonts/fa-solid-900.ba008862.ttf (378 KiB)
  img/fa-solid-900.bb8ecec4.svg (1.7 MiB)
  img/fa-light-300.4433b4f4.svg (2.31 MiB)
  css/app.61082a4d.css (379 KiB)
  js/app.b42937e6.js (510 KiB)
  js/assets-screen.e053133a.js (1.27 MiB)
  js/chunk-1c8decde.9a11f663.js (299 KiB)
  js/chunk-26d4fe16.bedce5f0.js (1.14 MiB)
  js/chunk-3e673c6d.c6d1d83f.js (402 KiB)
  js/chunk-4223e5c7.7ec5e844.js (904 KiB)
  js/chunk-6a6862cc.23fdcb8d.js (291 KiB)
  js/chunk-b1080268.b60bff20.js (301 KiB)
  js/chunk-vendors.0701025b.js (1.91 MiB)
  js/dashboard-screen.de7577e1.js (1.34 MiB)
  js/failure-sla-analytics-screen~sales-analytics-screen~scheduled-work-analytics-screen~sla-analytics-sc~e9009d77.07a0ec1e.js (860 KiB)
  js/failures-screen.6708c370.js (440 KiB)
  js/purchases-screen.24dfaf43.js (337 KiB)
  js/quote-requests.dcbd3fb4.js (326 KiB)
  js/sales-quotes.f24f429b.js (430 KiB)
  js/sales-screen.0836983e.js (440 KiB)
  js/scheduled-works-screen.e190d031.js (610 KiB)
  js/screen-direct-app.7411c700.js (509 KiB)
  js/works-screen.77172fd3.js (381 KiB)

 warning  

entrypoint size limit: The following entrypoint(s) combined asset size exceeds the recommended limit (244 KiB). This can impact web performance.
Entrypoints:
  app (2.78 MiB)
      css/chunk-vendors.b7d36435.css
      js/chunk-vendors.0701025b.js
      css/app.61082a4d.css
      js/app.b42937e6.js


  File                                      Size             Gzipped

  dist/js/chunk-vendors.0701025b.js         1959.07 KiB      550.60 KiB
  dist/js/dashboard-screen.de7577e1.js      1370.26 KiB      437.53 KiB
  dist/js/assets-screen.e053133a.js         1300.31 KiB      415.42 KiB
  dist/js/chunk-26d4fe16.bedce5f0.js        1168.33 KiB      377.66 KiB
  dist/js/chunk-4223e5c7.7ec5e844.js        904.34 KiB       410.04 KiB
  dist/js/failure-sla-analytics-screen~s    860.38 KiB       295.45 KiB
  ales-analytics-screen~scheduled-work-a
  nalytics-screen~sla-analytics-sc~e9009
  d77.07a0ec1e.js
  dist/js/scheduled-works-screen.e190d03    610.23 KiB       124.25 KiB
  1.js
  dist/js/app.b42937e6.js                   510.39 KiB       101.52 KiB
  dist/js/screen-direct-app.7411c700.js     508.77 KiB       97.70 KiB
  dist/js/failures-screen.6708c370.js       440.47 KiB       93.13 KiB
  dist/js/sales-screen.0836983e.js          439.61 KiB       94.21 KiB
  dist/js/sales-quotes.f24f429b.js          430.47 KiB       88.89 KiB
  dist/js/chunk-3e673c6d.c6d1d83f.js        401.72 KiB       74.58 KiB
  dist/js/works-screen.77172fd3.js          380.74 KiB       83.07 KiB
  dist/js/purchases-screen.24dfaf43.js      336.77 KiB       73.61 KiB
  dist/js/quote-requests.dcbd3fb4.js        325.52 KiB       70.56 KiB
  dist/js/chunk-b1080268.b60bff20.js        300.77 KiB       56.84 KiB
  dist/js/chunk-1c8decde.9a11f663.js        298.95 KiB       57.14 KiB
  dist/js/chunk-6a6862cc.23fdcb8d.js        290.86 KiB       52.99 KiB
  dist/js/chunk-45b185b6.097c2cb0.js        233.88 KiB       45.43 KiB
  dist/js/chunk-257c6bb0.6a770f14.js        227.80 KiB       44.82 KiB
  dist/js/chunk-5cb49e88.7bb68de7.js        226.65 KiB       42.38 KiB
  dist/js/home-screen.222a0c2b.js           219.15 KiB       37.52 KiB
  dist/js/chunk-295b756d.f38e84ef.js        178.52 KiB       33.73 KiB
  dist/js/planner-screen.106aabb3.js        163.37 KiB       32.38 KiB
  dist/js/scheduled-work-analytics-scree    147.28 KiB       32.76 KiB
  n.3f50c1c0.js
  dist/js/chunk-5175bc0a.94b23354.js        138.53 KiB       26.33 KiB
  dist/js/failure-sla-analytics-screen.9    128.90 KiB       29.10 KiB
  1463bd2.js
  dist/js/sla-analytics-screen.162f3589.    123.76 KiB       27.92 KiB
  js
  dist/js/sales-analytics-screen.a2378ea    116.77 KiB       25.80 KiB
  5.js
  dist/js/chunk-15538d07.347d4fb0.js        81.28 KiB        16.09 KiB
  dist/js/chunk-4cf7609b.983103c9.js        79.11 KiB        14.79 KiB
  dist/js/utilities-screen.6ea21524.js      74.80 KiB        18.60 KiB
  dist/js/chunk-4a5f46a6.d396d799.js        69.84 KiB        23.51 KiB
  dist/js/integrations-management-screen    64.41 KiB        16.94 KiB
  .70a9be40.js
  dist/js/housekeeper-screen.625aa9b9.js    60.19 KiB        13.24 KiB
  dist/js/home-screen~planner-screen.b14    59.27 KiB        13.27 KiB
  02212.js
  dist/js/utility-types-management-scree    57.95 KiB        13.26 KiB
  n.180c933c.js
  dist/js/chunk-69765c1c.7aabb22e.js        57.12 KiB        12.04 KiB
  dist/js/webhook-logs-management-screen    55.79 KiB        13.62 KiB
  .4e0bb837.js
  dist/js/chunk-3593d783.c15961ba.js        51.24 KiB        10.48 KiB
  dist/js/chunk-1c4b6778.8d9bed17.js        49.80 KiB        10.79 KiB
  dist/js/cost-center-management-screen.    48.04 KiB        11.74 KiB
  0fbbd22e.js
  dist/js/webhooks-management-screen.0a3    47.58 KiB        10.55 KiB
  32367.js
  dist/js/personal-access-tokens-managem    45.24 KiB        9.89 KiB
  ent-screen.5083dd7f.js
  dist/js/other-cost-management-screen.d    43.70 KiB        11.14 KiB
  dddae53.js
  dist/js/gatekeeper-screen.be2bd0d0.js     42.71 KiB        10.80 KiB
  dist/js/settings-screen.d0b499ff.js       42.65 KiB        10.09 KiB
  dist/js/chunk-6aa4d180.2cf691ea.js        41.26 KiB        9.25 KiB
  dist/js/analytics-screen.5a1fd02b.js      39.54 KiB        9.81 KiB
  dist/js/iot-management-screen.2f3c28e1    38.16 KiB        9.70 KiB
  .js
  dist/js/chunk-48f90dab.186a8779.js        37.75 KiB        10.75 KiB
  dist/js/chunk-651297da.4079ca7a.js        37.40 KiB        10.62 KiB
  dist/js/chunk-b71cc588.cde874ef.js        37.08 KiB        10.26 KiB
  dist/js/client-prices-old-cms-screen.b    36.85 KiB        8.44 KiB
  14a4d96.js
  dist/precache-manifest.311eef1808e3c8b    36.49 KiB        8.86 KiB
  72accbccf9e7bb882.js
  dist/js/automations-screen-management.    36.45 KiB        9.85 KiB
  5d62b0bc.js
  dist/js/document-types-management-scre    36.13 KiB        8.07 KiB
  en.968ee8e3.js
  dist/js/chunk-2d8734ac.3174a8c7.js        33.78 KiB        7.19 KiB
  dist/new-relic/new-relic-staging.js       33.31 KiB        10.18 KiB
  dist/new-relic/new-relic-production.js    33.27 KiB        10.17 KiB
  dist/js/chunk-d7484fde.caa0c9c2.js        32.96 KiB        9.66 KiB
  dist/js/chunk-95f15ef0.4d02ea5f.js        32.00 KiB        9.45 KiB
  dist/js/welcome-screen.ad2e2993.js        31.22 KiB        6.78 KiB
  dist/js/chunk-39306457.bccff25a.js        30.48 KiB        6.90 KiB
  dist/js/chunk-30aa1886.01d4de19.js        30.31 KiB        6.50 KiB
  dist/js/chunk-bb30e052.c5661239.js        28.24 KiB        6.25 KiB
  dist/js/chunk-2848f8e7.26f9b0c3.js        27.94 KiB        8.74 KiB
  dist/js/chunk-5fb56611.ff46d4bf.js        27.85 KiB        6.51 KiB
  dist/js/chunk-71f66836.1911ece2.js        27.17 KiB        6.75 KiB
  dist/js/chunk-4adbcfb3.a9a06803.js        26.14 KiB        5.81 KiB
  dist/js/chunk-4dc30ef1.ef871789.js        25.56 KiB        8.10 KiB
  dist/js/chunk-22748a4d.edf74985.js        25.53 KiB        6.33 KiB
  dist/js/old-cms-screen.0cc5e2a0.js        25.23 KiB        6.54 KiB
  dist/js/chunk-50ba1901.d694569e.js        23.80 KiB        5.96 KiB
  dist/js/chunk-f14c77b2.f16e0ad1.js        23.70 KiB        5.61 KiB
  dist/js/chunk-68fbe5e2.f0906bc2.js        23.29 KiB        5.61 KiB
  dist/js/assets-and-staff-screen-manage    23.01 KiB        6.47 KiB
  ment.9a46c8a4.js
  dist/js/chunk-4ac35574.d9aa343e.js        22.98 KiB        5.71 KiB
  dist/js/chunk-7c6755ec.c19f4e55.js        22.93 KiB        5.77 KiB
  dist/js/chunk-50dce618.0bde84d2.js        22.67 KiB        5.15 KiB
  dist/js/chunk-0b963646.fbb9310a.js        22.09 KiB        5.54 KiB
  dist/js/chunk-fa556e72.3ae77cef.js        21.86 KiB        5.14 KiB
  dist/js/chunk-28a68ae6.68301812.js        21.16 KiB        4.83 KiB
  dist/js/chunk-d486d454.80753ce5.js        20.99 KiB        5.33 KiB
  dist/js/chunk-c5f5e1a4.72f808af.js        20.98 KiB        5.09 KiB
  dist/js/chunk-9ae46708.c45048b0.js        20.98 KiB        4.99 KiB
  dist/js/chunk-2f39d752.3df02095.js        20.29 KiB        5.44 KiB
  dist/js/chunk-84a82522.f25afad9.js        20.04 KiB        4.82 KiB
  dist/js/chunk-cc5cf976.37ab6fbf.js        19.78 KiB        7.02 KiB
  dist/js/welcome-whats-new.d36089db.js     19.68 KiB        6.22 KiB
  dist/js/chunk-7e2e62a3.06970a77.js        19.62 KiB        4.55 KiB
  dist/js/chunk-cce56360.bba0ba8f.js        19.54 KiB        4.64 KiB
  dist/js/chunk-6381b0f1.23e3d0ec.js        19.49 KiB        4.51 KiB
  dist/js/chunk-36dec880.a3414449.js        18.60 KiB        6.76 KiB
  dist/js/chunk-52a1bff6.9ea797b4.js        18.42 KiB        4.38 KiB
  dist/js/chunk-9858c414.b9b45665.js        17.56 KiB        4.05 KiB
  dist/js/chunk-0ca90d33.0d9d6ac6.js        17.26 KiB        3.20 KiB
  dist/js/chunk-508b5db4.7ed24d11.js        17.23 KiB        4.05 KiB
  dist/js/chunk-9e9c9b90.5c5cdf13.js        17.06 KiB        6.44 KiB
  dist/js/chunk-118d19aa.32e6d10d.js        15.70 KiB        4.30 KiB
  dist/js/status-screen-management.49b6e    15.62 KiB        4.11 KiB
  a26.js
  dist/js/assets-and-staff-screen-manage    14.92 KiB        3.83 KiB
  ment~automations-screen-management~sta
  tus-screen-management.8483210f.js
  dist/js/chunk-020eb630.ecf4c17a.js        14.84 KiB        3.62 KiB
  dist/js/hub-apps~hub-screen.0c0f5acb.j    13.32 KiB        3.63 KiB
  s
  dist/js/chunk-06a692bd.003d2855.js        13.26 KiB        5.30 KiB
  dist/js/chunk-5439ff79.7fb6650c.js        13.24 KiB        3.32 KiB
  dist/js/cost-center-management-screen~    13.16 KiB        4.15 KiB
  document-types-management-screen~gatek
  eeper-screen~other-cost-manageme~7224f
  f35.70a889ea.js
  dist/js/chunk-046a7c89.2a8df666.js        13.13 KiB        3.25 KiB
  dist/js/chunk-6b42b25f.d085668f.js        13.05 KiB        3.04 KiB
  dist/js/chunk-36c95e7d.f3cf754c.js        12.83 KiB        3.61 KiB
  dist/js/chunk-a1c9cdf6.fe8ff8b1.js        12.43 KiB        3.00 KiB
  dist/js/chunk-e7e30c8a.d61326dc.js        11.70 KiB        3.30 KiB
  dist/js/chunk-39a10aa6.f1ae177a.js        11.28 KiB        2.54 KiB
  dist/js/client-prices-old-cms-screen~d    11.28 KiB        4.24 KiB
  ashboard-screen~failure-sla-analytics-
  screen~home-screen~personal-acce~2c8a6
  972.255d4622.js
  dist/js/chunk-c5542494.c22bfa0d.js        10.75 KiB        2.68 KiB
  dist/js/chunk-6f6188f6.3883b23f.js        10.66 KiB        2.97 KiB
  dist/js/hub-screen.91f9bf97.js            10.51 KiB        2.87 KiB
  dist/js/account-blocked.07ff2d63.js       10.24 KiB        3.78 KiB
  dist/js/login-screen.7af42d9c.js          10.17 KiB        4.04 KiB
  dist/js/hub-apps.41399bdd.js              10.16 KiB        2.79 KiB
  dist/js/chunk-4d5eb85b.89822d63.js        10.06 KiB        2.40 KiB
  dist/js/chunk-a4692d46.446c1144.js        9.40 KiB         3.06 KiB
  dist/js/chunk-76a05bde.d6bb2d1a.js        9.26 KiB         2.43 KiB
  dist/js/chunk-5b653a01.940cc398.js        8.88 KiB         2.96 KiB
  dist/js/chunk-053c745c.474d6e67.js        8.83 KiB         2.71 KiB
  dist/js/chunk-3d9e48d4.40d2704a.js        8.18 KiB         2.29 KiB
  dist/js/chunk-f2b884e2.182572f3.js        7.63 KiB         2.39 KiB
  dist/js/chunk-406705d2.c4e6fb1b.js        7.35 KiB         2.38 KiB
  dist/js/chunk-27ecb80c.684e2b42.js        7.23 KiB         2.25 KiB
  dist/js/chunk-3b33c162.2212ebc0.js        6.39 KiB         1.74 KiB
  dist/js/chunk-61bb3ffe.d9b79190.js        6.17 KiB         1.99 KiB
  dist/js/chunk-7edb60e6.175ffa1e.js        6.08 KiB         2.10 KiB
  dist/js/chunk-6acaf102.409b4a61.js        5.66 KiB         1.92 KiB
  dist/js/chunk-24f77d2a.6d7c5161.js        5.54 KiB         1.88 KiB
  dist/js/chunk-7b4fb17e.d7b88ec4.js        4.86 KiB         1.60 KiB
  dist/js/chunk-9466aa38.6df6dc11.js        4.36 KiB         1.28 KiB
  dist/basic.js                             3.61 KiB         1.13 KiB
  dist/js/chunk-5c252a5e.74359ac3.js        3.58 KiB         1.19 KiB
  dist/js/chunk-2d0d8057.3c3ed904.js        3.48 KiB         1.19 KiB
  dist/js/page-not-found-screen.881ba2db    3.40 KiB         1.53 KiB
  .js
  dist/js/chunk-2d212ff2.6629aa81.js        3.00 KiB         1.13 KiB
  dist/js/chunk-2d2261a8.da626f13.js        2.97 KiB         1.21 KiB
  dist/js/chunk-2d0b1be8.d9984fd0.js        2.94 KiB         1.13 KiB
  dist/js/chunk-2d0e91af.ad0f37a9.js        2.64 KiB         1.14 KiB
  dist/js/chunk-2d0e1dae.cdc5bfc6.js        2.62 KiB         1.18 KiB
  dist/js/chunk-2d0e4a7c.6b07ec80.js        2.60 KiB         1.15 KiB
  dist/js/chunk-2d0ce796.5f2a3efe.js        2.52 KiB         1.16 KiB
  dist/js/chunk-2d0db486.34bed1c2.js        2.50 KiB         1.15 KiB
  dist/js/chunk-2d21b27e.07be6566.js        2.49 KiB         1.09 KiB
  dist/js/chunk-2d229616.f7ca2457.js        2.47 KiB         1.13 KiB
  dist/js/chunk-2d228e49.d768461f.js        2.41 KiB         1.07 KiB
  dist/js/chunk-2d22d238.2e039c12.js        2.40 KiB         1.11 KiB
  dist/js/chunk-2d0b2213.6a128350.js        2.38 KiB         1.03 KiB
  dist/js/chunk-2d0da6ab.74241921.js        2.19 KiB         1.05 KiB
  dist/js/chunk-2d0d622d.38de996c.js        2.13 KiB         0.97 KiB
  dist/js/chunk-2d0cba55.e7d6e534.js        2.07 KiB         1.00 KiB
  dist/js/chunk-f50c655a.6cf58faa.js        2.00 KiB         0.87 KiB
  dist/js/chunk-2d0f0dec.d782f997.js        1.98 KiB         0.97 KiB
  dist/js/chunk-2d216de6.77705d1b.js        1.96 KiB         1.02 KiB
  dist/js/chunk-2d2132bb.b65fbc8c.js        1.96 KiB         0.94 KiB
  dist/js/chunk-2d0b2ee7.2a81427c.js        1.94 KiB         1.01 KiB
  dist/js/chunk-2d0cf17f.e3785b20.js        1.94 KiB         0.99 KiB
  dist/js/chunk-2d0bdb3c.439f6ea8.js        1.93 KiB         0.98 KiB
  dist/js/chunk-2d237f33.2a8c2cae.js        1.93 KiB         1.00 KiB
  dist/js/chunk-2d0e26c3.1dbaca88.js        1.93 KiB         0.97 KiB
  dist/js/chunk-2d2259d8.83888308.js        1.92 KiB         0.94 KiB
  dist/js/chunk-2d0d70e6.c3640bf9.js        1.91 KiB         0.98 KiB
  dist/js/chunk-2d0ea0ba.3e43d6b9.js        1.90 KiB         0.98 KiB
  dist/js/chunk-2d0d6a95.3d883ea9.js        1.90 KiB         0.93 KiB
  dist/js/chunk-2d0cca32.2bac9c9b.js        1.90 KiB         0.91 KiB
  dist/js/chunk-2d0d03e8.594e85b0.js        1.90 KiB         0.92 KiB
  dist/js/chunk-2d0d70c6.67724bf1.js        1.90 KiB         0.96 KiB
  dist/js/chunk-2d0c575a.9770dc11.js        1.90 KiB         0.94 KiB
  dist/js/chunk-2d0e9ba2.c8755efe.js        1.89 KiB         0.94 KiB
  dist/js/chunk-2d0b9447.463d5376.js        1.88 KiB         0.92 KiB
  dist/js/chunk-2d0a45e0.4ae886a3.js        1.87 KiB         0.91 KiB
  dist/js/chunk-2d217af6.ab91f521.js        1.87 KiB         1.01 KiB
  dist/js/chunk-2d0b23c4.8daecc20.js        1.86 KiB         0.93 KiB
  dist/js/chunk-2d2107bd.2b521a96.js        1.86 KiB         0.92 KiB
  dist/js/chunk-2d22e165.96d5bfa2.js        1.86 KiB         0.91 KiB
  dist/js/chunk-2d20f204.6b3c5220.js        1.85 KiB         0.97 KiB
  dist/js/chunk-2d21a5d7.22ef6e49.js        1.85 KiB         0.92 KiB
  dist/js/chunk-2d0e57ff.3ecd9637.js        1.85 KiB         0.89 KiB
  dist/js/analytics-customizations-scree    1.85 KiB         0.84 KiB
  n.f37db3db.js
  dist/js/chunk-2d2288f4.b828a075.js        1.85 KiB         0.89 KiB
  dist/js/chunk-77215428.c7d3206c.js        1.84 KiB         0.95 KiB
  dist/js/chunk-2d0cbca7.f3384819.js        1.83 KiB         0.94 KiB
  dist/js/chunk-2d0d0f3c.81b63e6b.js        1.80 KiB         0.91 KiB
  dist/js/chunk-2d0d3ea6.e6f28ebc.js        1.79 KiB         0.93 KiB
  dist/js/chunk-2d0e5eb9.8665eff2.js        1.79 KiB         0.91 KiB
  dist/js/chunk-2d20e85d.6479021d.js        1.77 KiB         0.87 KiB
  dist/js/chunk-2d20f558.03553899.js        1.76 KiB         0.86 KiB
  dist/service-worker.js                    1.06 KiB         0.62 KiB
  dist/css/app.61082a4d.css                 378.58 KiB       61.94 KiB
  dist/css/scheduled-works-screen.ed9d44    134.88 KiB       13.13 KiB
  bc.css
  dist/css/chunk-3e673c6d.32e8897a.css      119.29 KiB       11.34 KiB
  dist/css/assets-screen.18f2ac55.css       97.25 KiB        10.08 KiB
  dist/css/chunk-26d4fe16.d17183ff.css      85.04 KiB        8.49 KiB
  dist/css/screen-direct-app.c6c4a564.cs    82.03 KiB        9.18 KiB
  s
  dist/css/sales-screen.f2dd4b24.css        76.16 KiB        9.24 KiB
  dist/css/failures-screen.b00f13b2.css     74.31 KiB        8.75 KiB
  dist/css/chunk-257c6bb0.2defc131.css      70.28 KiB        7.75 KiB
  dist/css/chunk-1c8decde.604d720c.css      68.49 KiB        7.93 KiB
  dist/css/purchases-screen.0865c962.css    68.25 KiB        7.69 KiB
  dist/css/chunk-b1080268.44a34c09.css      63.58 KiB        7.26 KiB
  dist/css/chunk-5cb49e88.c7f875cf.css      62.60 KiB        6.56 KiB
  dist/css/works-screen.4735e1b0.css        61.19 KiB        8.08 KiB
  dist/css/sales-quotes.b999a796.css        59.26 KiB        7.97 KiB
  dist/css/planner-screen.559e34f1.css      55.37 KiB        6.13 KiB
  dist/css/dashboard-screen.d19fcf4b.css    54.06 KiB        11.51 KiB
  dist/css/chunk-45b185b6.468ff5f0.css      52.68 KiB        6.68 KiB
  dist/css/chunk-6a6862cc.463cbf24.css      51.70 KiB        6.71 KiB
  dist/css/quote-requests.99915c2f.css      42.95 KiB        6.09 KiB
  dist/css/chunk-4223e5c7.da3a1609.css      40.55 KiB        3.48 KiB
  dist/css/chunk-295b756d.f28d3d28.css      37.56 KiB        4.85 KiB
  dist/css/chunk-5175bc0a.c5d04cda.css      33.67 KiB        4.92 KiB
  dist/css/home-screen.e9b223f6.css         33.45 KiB        5.33 KiB
  dist/css/chunk-15538d07.b23c8d28.css      32.54 KiB        3.90 KiB
  dist/css/scheduled-work-analytics-scre    29.25 KiB        4.21 KiB
  en.c63a2f2a.css
  dist/css/utilities-screen.447623ad.css    27.52 KiB        3.39 KiB
  dist/css/sla-analytics-screen.6f6d6e35    25.98 KiB        4.10 KiB
  .css
  dist/css/failure-sla-analytics-screen.    25.91 KiB        4.10 KiB
  a58058cc.css
  dist/css/integrations-management-scree    24.99 KiB        3.93 KiB
  n.84017b03.css
  dist/css/chunk-6aa4d180.6318e023.css      23.33 KiB        2.89 KiB
  dist/css/housekeeper-screen.68c02e6d.c    23.24 KiB        3.88 KiB
  ss
  dist/css/webhook-logs-management-scree    23.07 KiB        4.27 KiB
  n.f215a898.css
  dist/css/chunk-b71cc588.25781846.css      23.00 KiB        3.30 KiB
  dist/css/webhooks-management-screen.e6    22.19 KiB        4.11 KiB
  f16ecf.css
  dist/css/chunk-3593d783.e098da24.css      22.06 KiB        3.46 KiB
  dist/css/chunk-71f66836.aaa61fce.css      21.99 KiB        3.58 KiB
  dist/css/chunk-4cf7609b.1af9d45c.css      19.42 KiB        2.71 KiB
  dist/css/personal-access-tokens-manage    18.85 KiB        3.30 KiB
  ment-screen.434e52d8.css
  dist/css/sales-analytics-screen.2af066    18.63 KiB        3.07 KiB
  08.css
  dist/css/chunk-39306457.66cc5045.css      18.62 KiB        2.55 KiB
  dist/css/chunk-bb30e052.f2b29b2e.css      18.07 KiB        2.84 KiB
  dist/css/chunk-f14c77b2.b66ad3df.css      17.48 KiB        2.81 KiB
  dist/css/chunk-5fb56611.a00bc3cb.css      17.23 KiB        2.28 KiB
  dist/css/chunk-9858c414.c5d62eed.css      16.48 KiB        2.19 KiB
  dist/css/chunk-69765c1c.c50ae70b.css      16.47 KiB        2.89 KiB
  dist/css/welcome-screen.c7a493b3.css      16.43 KiB        2.39 KiB
  dist/css/chunk-1c4b6778.0bcc922d.css      16.22 KiB        2.82 KiB
  dist/css/chunk-2d8734ac.e1443aff.css      16.17 KiB        2.56 KiB
  dist/css/chunk-0b963646.c0683927.css      16.04 KiB        2.38 KiB
  dist/css/utility-types-management-scre    15.74 KiB        3.01 KiB
  en.eb5f7879.css
  dist/css/automations-screen-management    15.50 KiB        2.84 KiB
  .1034c308.css
  dist/css/iot-management-screen.64e60ef    15.13 KiB        2.53 KiB
  e.css
  dist/css/settings-screen.123d461f.css     14.37 KiB        2.35 KiB
  dist/css/analytics-screen.84520a41.css    13.64 KiB        2.10 KiB
  dist/css/chunk-4adbcfb3.185047ac.css      13.56 KiB        2.62 KiB
  dist/css/chunk-c5f5e1a4.e720f1d5.css      13.25 KiB        2.56 KiB
  dist/css/chunk-68fbe5e2.12db0600.css      13.19 KiB        2.56 KiB
  dist/css/chunk-22748a4d.6bcbbfce.css      12.64 KiB        2.67 KiB
  dist/css/chunk-4ac35574.f96ca8ea.css      12.12 KiB        2.62 KiB
  dist/css/chunk-7c6755ec.f96ca8ea.css      12.12 KiB        2.63 KiB
  dist/css/chunk-48f90dab.f43df20c.css      11.58 KiB        2.52 KiB
  dist/css/chunk-651297da.f43df20c.css      11.58 KiB        2.52 KiB
  dist/css/chunk-95f15ef0.f43df20c.css      11.58 KiB        2.52 KiB
  dist/css/chunk-30aa1886.b62790ec.css      11.49 KiB        2.49 KiB
  dist/css/chunk-d7484fde.fc8394bd.css      11.44 KiB        2.47 KiB
  dist/css/chunk-28a68ae6.3ed02b71.css      11.27 KiB        2.42 KiB
  dist/css/chunk-6f6188f6.35e7f738.css      10.13 KiB        2.17 KiB
  dist/css/assets-and-staff-screen-manag    9.99 KiB         2.40 KiB
  ement~automations-screen-management~st
  atus-screen-management.63fabaff.css
  dist/css/chunk-a1c9cdf6.0b54acfe.css      9.76 KiB         1.54 KiB
  dist/css/hub-apps.ebc10a01.css            9.45 KiB         2.44 KiB
  dist/css/chunk-406705d2.95aeddb1.css      8.85 KiB         1.88 KiB
  dist/css/chunk-50dce618.c3002e66.css      8.84 KiB         1.77 KiB
  dist/css/status-screen-management.5501    8.71 KiB         1.82 KiB
  4e54.css
  dist/css/cost-center-management-screen    8.55 KiB         1.99 KiB
  .de71882b.css
  dist/basic.css                            8.28 KiB         1.63 KiB
  dist/css/chunk-52a1bff6.31710ac1.css      7.78 KiB         1.72 KiB
  dist/css/welcome-whats-new.9792edfc.cs    7.77 KiB         2.22 KiB
  s
  dist/css/chunk-84a82522.bac5dab5.css      7.66 KiB         1.11 KiB
  dist/css/hub-screen.685a7d11.css          6.83 KiB         1.97 KiB
  dist/css/chunk-508b5db4.7609aac6.css      6.80 KiB         1.63 KiB
  dist/css/chunk-9466aa38.7abbe7fe.css      6.75 KiB         1.22 KiB
  dist/css/document-types-management-scr    6.61 KiB         1.89 KiB
  een.2ba838df.css
  dist/css/gatekeeper-screen.2ba838df.cs    6.61 KiB         1.89 KiB
  s
  dist/css/other-cost-management-screen.    6.61 KiB         1.89 KiB
  2ba838df.css
  dist/css/chunk-fa556e72.cd9a08db.css      6.08 KiB         1.49 KiB
  dist/css/chunk-020eb630.170b43c7.css      5.82 KiB         1.36 KiB
  dist/css/cost-center-management-screen    5.77 KiB         1.68 KiB
  ~document-types-management-screen~gate
  keeper-screen~other-cost-manageme~7224
  ff35.db1439f8.css
  dist/css/home-screen~planner-screen.80    5.73 KiB         1.48 KiB
  2b9a93.css
  dist/css/chunk-7e2e62a3.7f26e0bc.css      5.58 KiB         1.64 KiB
  dist/css/old-cms-screen.42d590b0.css      5.56 KiB         1.01 KiB
  dist/css/chunk-6b42b25f.673d0ca2.css      5.55 KiB         1.63 KiB
  dist/css/chunk-3b33c162.9cbced5b.css      5.50 KiB         1.30 KiB
  dist/css/chunk-cce56360.5e4e62d0.css      5.50 KiB         1.62 KiB
  dist/css/chunk-50ba1901.a642e5f9.css      5.31 KiB         1.66 KiB
  dist/css/chunk-d486d454.a642e5f9.css      5.31 KiB         1.66 KiB
  dist/css/chunk-cc5cf976.45e5822e.css      5.26 KiB         1.26 KiB
  dist/css/page-not-found-screen.877c17b    5.11 KiB         1.24 KiB
  b.css
  dist/css/login-screen.6793d535.css        4.98 KiB         1.62 KiB
  dist/css/chunk-2f39d752.8a856951.css      4.90 KiB         1.54 KiB
  dist/css/chunk-3d9e48d4.2bc6ea42.css      4.88 KiB         1.25 KiB
  dist/css/chunk-118d19aa.eb61305a.css      4.66 KiB         1.47 KiB
  dist/css/chunk-9ae46708.485d01df.css      4.56 KiB         1.47 KiB
  dist/css/client-prices-old-cms-screen.    4.56 KiB         1.34 KiB
  2f919bca.css
  dist/css/chunk-046a7c89.333ebf4c.css      4.42 KiB         1.46 KiB
  dist/css/chunk-2848f8e7.666a84c1.css      4.36 KiB         1.42 KiB
  dist/css/chunk-4dc30ef1.f96f8628.css      4.36 KiB         1.42 KiB
  dist/css/chunk-7edb60e6.8e9227c9.css      4.23 KiB         1.42 KiB
  dist/css/chunk-4d5eb85b.a486bbe8.css      4.22 KiB         1.36 KiB
  dist/css/chunk-6381b0f1.a486bbe8.css      4.22 KiB         1.36 KiB
  dist/css/chunk-76a05bde.a486bbe8.css      4.22 KiB         1.36 KiB
  dist/css/chunk-c5542494.a486bbe8.css      4.22 KiB         1.36 KiB
  dist/css/chunk-61bb3ffe.2dd8ba9f.css      4.08 KiB         1.42 KiB
  dist/css/chunk-vendors.b7d36435.css       3.37 KiB         0.66 KiB
  dist/css/chunk-36dec880.58e3228d.css      3.27 KiB         1.17 KiB
  dist/css/failure-sla-analytics-screen~    2.72 KiB         1.03 KiB
  sales-analytics-screen~scheduled-work-
  analytics-screen~sla-analytics-sc~e900
  9d77.649aeb44.css
  dist/css/assets-and-staff-screen-manag    2.69 KiB         1.00 KiB
  ement.28f1b8d9.css
  dist/css/hub-apps~hub-screen.ead1233c.    2.69 KiB         1.07 KiB
  css
  dist/css/chunk-e7e30c8a.c74d286e.css      2.69 KiB         1.05 KiB
  dist/css/chunk-36c95e7d.0951e525.css      2.68 KiB         1.08 KiB
  dist/css/chunk-5439ff79.0b34789b.css      2.55 KiB         0.99 KiB
  dist/css/account-blocked.91a595bb.css     2.45 KiB         0.99 KiB
  dist/css/chunk-06a692bd.8a39d98f.css      2.08 KiB         0.86 KiB
  dist/css/chunk-6acaf102.21cf0243.css      2.08 KiB         0.88 KiB
  dist/css/chunk-7b4fb17e.51f6d15f.css      2.08 KiB         0.88 KiB
  dist/css/chunk-24f77d2a.d7e39acd.css      2.06 KiB         0.87 KiB
  dist/css/chunk-f2b884e2.5b0bf337.css      2.05 KiB         0.87 KiB
  dist/css/chunk-27ecb80c.23dda757.css      2.05 KiB         0.87 KiB
  dist/css/chunk-a4692d46.238f7e60.css      1.99 KiB         0.83 KiB
  dist/css/chunk-5b653a01.9da3a220.css      1.97 KiB         0.83 KiB
  dist/css/analytics-customizations-scre    1.91 KiB         0.80 KiB
  en.31eedb11.css
  dist/css/chunk-5c252a5e.c2e6052a.css      1.89 KiB         0.82 KiB
  dist/css/chunk-f50c655a.b523d7b8.css      1.88 KiB         0.80 KiB

  Images and other types of assets omitted.

 DONE  Build complete. The dist directory is ready to be deployed.
 INFO  Check out deployment instructions at https://cli.vuejs.org/guide/deployment.html
      
section_end:1630495382:step_script[0Ksection_start:1630495382:archive_cache[0K[0K[36;1mSaving cache for successful job[0;m
[0;m[32;1mCreating cache v0-109-2...[0;m
dist/: found 405 matching files and directories   [0;m 
node_modules/: found 158252 matching files and directories[0;m 
Uploading cache.zip to https://is-gitlab-runners-cache.s3.dualstack.eu-west-1.amazonaws.com/project/20143087/v0-109-2[0;m 
[32;1mCreated cache[0;m
section_end:1630495468:archive_cache[0Ksection_start:1630495468:cleanup_file_variables[0K[0K[36;1mCleaning up file based variables[0;m
[0;msection_end:1630495469:cleanup_file_variables[0K[32;1mJob succeeded
[0;m