[0KRunning with gitlab-runner 13.2.2 (a998cacd)
[0;m[0K  on Web Core Client - Tests- docker+machine Gu_oFDiR
[0;msection_start:1603716396:prepare_executor[0K[0K[36;1mPreparing the "docker+machine" executor[0;m
[0;m[0KUsing Docker executor with image node:12.16.1 ...
[0;m[0KPulling docker image node:12.16.1 ...
[0;m[0KUsing docker image sha256:88c089733a3b980b3517e8e2e8afa46b338f69d7562550cb3c2e9fd852a2fbac for node:12.16.1 ...
[0;msection_end:1603716399:prepare_executor[0Ksection_start:1603716399:prepare_script[0K[0K[36;1mPreparing environment[0;m
[0;mRunning on runner-guofdir-project-20143087-concurrent-0 via runner-guofdir-IS-Pipeline-gitlab-runner-1603715606-85d06d87...
section_end:1603716400:prepare_script[0Ksection_start:1603716400:get_sources[0K[0K[36;1mGetting source from Git repository[0;m
[0;m[32;1mFetching changes with git depth set to 1...[0;m
Initialized empty Git repository in /builds/infraspeak/web/web-core-client/.git/
[32;1mCreated fresh repository.[0;m
[32;1mChecking out 5565ae83 as v0.88.3...[0;m

[32;1mSkipping Git submodules setup[0;m
section_end:1603716403:get_sources[0Ksection_start:1603716403:download_artifacts[0K[0K[36;1mDownloading artifacts[0;m
[0;m[32;1mDownloading artifacts for prepare:install (811953139)...[0;m
Downloading artifacts from coordinator... ok      [0;m  id[0;m=811953139 responseStatus[0;m=200 OK token[0;m=tXiT29Dw
section_end:1603716444:download_artifacts[0Ksection_start:1603716444:step_script[0K[0K[36;1mExecuting "step_script" stage of the job script[0;m
[0;m[32;1m$ npm run build-production[0;m

> infraspeak-web-core-client@0.81.0 build-production /builds/infraspeak/web/web-core-client
> vue-cli-service build --mode production --dest dist


-  Building for production...
Starting type checking service...
Using 1 worker with 2048MB memory limit
=============

WARNING: You are currently running a version of TypeScript which is not officially supported by typescript-estree.

You may find that it works just fine, or you may not.

SUPPORTED TYPESCRIPT VERSIONS: >=3.2.1 <3.6.0

YOUR TYPESCRIPT VERSION: 3.9.6

Please only submit bug reports when using the officially supported version.

=============
=============

WARNING: You are currently running a version of TypeScript which is not officially supported by typescript-estree.

You may find that it works just fine, or you may not.

SUPPORTED TYPESCRIPT VERSIONS: >=3.2.1 <3.6.0

YOUR TYPESCRIPT VERSION: 3.9.6

Please only submit bug reports when using the officially supported version.

=============
 WARNING  Compiled with 24 warnings12:52:20 PM

Module Warning (from ./node_modules/eslint-loader/index.js):
error: Unexpected console statement (no-console) at src/components/chart/analytic/ChartAnalytic.vue:250:25:
  248 |                         this.isLoadingData = false
  249 | 
> 250 |                         console.error('error getting data: ', error)
      |                         ^
  251 |                     })
  252 |             }
  253 | 


error: Unexpected console statement (no-console) at src/components/chart/analytic/ChartAnalytic.vue:330:29:
  328 |                         })
  329 |                         .catch(error => {
> 330 |                             console.error('error exporting data: ', error)
      |                             ^
  331 |                         })
  332 |                         .finally(progressNoty.close)
  333 | 


2 errors found.

You may use special comments to disable some warnings.
Use // eslint-disable-next-line to ignore the next line.
Use /* eslint-disable */ to ignore all warnings in a file.
 warning  in ./src/models/BaseTransformer.ts

Module Warning (from ./node_modules/thread-loader/dist/cjs.js):

/builds/infraspeak/web/web-core-client/src/models/BaseTransformer.ts
  18:13  error  Unexpected console statement  no-console
  40:9   error  Unexpected console statement  no-console

✖ 2 problems (2 errors, 0 warnings)


 @ ./src/models/extension/transformers/Extension.transformer.v3.ts 14:0-59 75:2-17
 @ ./src/api/extension.api.ts
 @ ./src/plugins/vuex/store/root/RootStore.ts
 @ ./src/plugins/vuex/vuex.plugin.ts
 @ ./src/main.ts
 @ multi ./src/main.ts

 warning  in ./src/plugins/vuex/store/root/RootStore.ts

Module Warning (from ./node_modules/thread-loader/dist/cjs.js):

/builds/infraspeak/web/web-core-client/src/plugins/vuex/store/root/RootStore.ts
  187:17  error  Unexpected console statement  no-console

✖ 1 problem (1 error, 0 warnings)


 @ ./src/plugins/vuex/vuex.plugin.ts 12:0-51 43:3-12
 @ ./src/main.ts
 @ multi ./src/main.ts

 warning  

chunk chunk-3016ec69 [mini-css-extract-plugin]
Conflicting order. Following module has been added:
 * css ./node_modules/css-loader/dist/cjs.js??ref--8-oneOf-1-1!./node_modules/vue-loader/lib/loaders/stylePostLoader.js!./node_modules/postcss-loader/src??ref--8-oneOf-1-2!./node_modules/sass-loader/dist/cjs.js??ref--8-oneOf-1-3!./node_modules/cache-loader/dist/cjs.js??ref--0-0!./node_modules/vue-loader/lib??vue-loader-options!./src/components/common/show-all/IsShowAll.vue?vue&type=style&index=0&id=07f4ed0d&lang=scss&scoped=true&
despite it was not able to fulfill desired ordering with these modules:
 * css ./node_modules/css-loader/dist/cjs.js??ref--8-oneOf-1-1!./node_modules/vue-loader/lib/loaders/stylePostLoader.js!./node_modules/postcss-loader/src??ref--8-oneOf-1-2!./node_modules/sass-loader/dist/cjs.js??ref--8-oneOf-1-3!./node_modules/cache-loader/dist/cjs.js??ref--0-0!./node_modules/vue-loader/lib??vue-loader-options!./src/components/common/popover-summary/IsPopoverSummary.vue?vue&type=style&index=0&lang=scss&
   - couldn't fulfill desired order of chunk group(s) sales-screen, assets-screen, purchases-screen, , , , , , 
   - while fulfilling desired order of chunk group(s) dashboard-screen, planner-screen, scheduled-works-screen, 

 warning  

chunk chunk-3016ec69 [mini-css-extract-plugin]
Conflicting order. Following module has been added:
 * css ./node_modules/css-loader/dist/cjs.js??ref--8-oneOf-1-1!./node_modules/vue-loader/lib/loaders/stylePostLoader.js!./node_modules/postcss-loader/src??ref--8-oneOf-1-2!./node_modules/sass-loader/dist/cjs.js??ref--8-oneOf-1-3!./node_modules/cache-loader/dist/cjs.js??ref--0-0!./node_modules/vue-loader/lib??vue-loader-options!./src/components/common/list/IsList.vue?vue&type=style&index=0&id=6d30eeb6&lang=scss&scoped=true&
despite it was not able to fulfill desired ordering with these modules:
 * css ./node_modules/css-loader/dist/cjs.js??ref--8-oneOf-1-1!./node_modules/vue-loader/lib/loaders/stylePostLoader.js!./node_modules/postcss-loader/src??ref--8-oneOf-1-2!./node_modules/sass-loader/dist/cjs.js??ref--8-oneOf-1-3!./node_modules/cache-loader/dist/cjs.js??ref--0-0!./node_modules/vue-loader/lib??vue-loader-options!./src/components/common/popover-summary/IsPopoverSummary.vue?vue&type=style&index=0&lang=scss&
   - couldn't fulfill desired order of chunk group(s) sales-screen, assets-screen, purchases-screen, , , , , , 
   - while fulfilling desired order of chunk group(s) dashboard-screen, planner-screen, scheduled-works-screen, 

 warning  

chunk chunk-475c1cfd [mini-css-extract-plugin]
Conflicting order. Following module has been added:
 * css ./node_modules/css-loader/dist/cjs.js??ref--8-oneOf-1-1!./node_modules/vue-loader/lib/loaders/stylePostLoader.js!./node_modules/postcss-loader/src??ref--8-oneOf-1-2!./node_modules/sass-loader/dist/cjs.js??ref--8-oneOf-1-3!./node_modules/cache-loader/dist/cjs.js??ref--0-0!./node_modules/vue-loader/lib??vue-loader-options!./src/components/summary/operator/SummaryOperator.vue?vue&type=style&index=0&id=51377b1a&lang=scss&scoped=true&
despite it was not able to fulfill desired ordering with these modules:
 * css ./node_modules/css-loader/dist/cjs.js??ref--8-oneOf-1-1!./node_modules/vue-loader/lib/loaders/stylePostLoader.js!./node_modules/postcss-loader/src??ref--8-oneOf-1-2!./node_modules/sass-loader/dist/cjs.js??ref--8-oneOf-1-3!./node_modules/cache-loader/dist/cjs.js??ref--0-0!./node_modules/vue-loader/lib??vue-loader-options!./src/components/common/field/IsField.vue?vue&type=style&index=0&lang=scss&
   - couldn't fulfill desired order of chunk group(s) failures-screen, sales-screen, purchases-screen, , , 
   - while fulfilling desired order of chunk group(s) assets-screen, scheduled-works-screen, , 
 * css ./node_modules/css-loader/dist/cjs.js??ref--8-oneOf-1-1!./node_modules/vue-loader/lib/loaders/stylePostLoader.js!./node_modules/postcss-loader/src??ref--8-oneOf-1-2!./node_modules/sass-loader/dist/cjs.js??ref--8-oneOf-1-3!./node_modules/cache-loader/dist/cjs.js??ref--0-0!./node_modules/vue-loader/lib??vue-loader-options!./src/components/common/progress-state/IsProgressState.vue?vue&type=style&index=0&id=127aa9e3&lang=scss&scoped=true&
   - couldn't fulfill desired order of chunk group(s) failures-screen, sales-screen, purchases-screen, , , 
   - while fulfilling desired order of chunk group(s) assets-screen, scheduled-works-screen, , 
 * css ./node_modules/css-loader/dist/cjs.js??ref--8-oneOf-1-1!./node_modules/vue-loader/lib/loaders/stylePostLoader.js!./node_modules/postcss-loader/src??ref--8-oneOf-1-2!./node_modules/sass-loader/dist/cjs.js??ref--8-oneOf-1-3!./node_modules/cache-loader/dist/cjs.js??ref--0-0!./node_modules/vue-loader/lib??vue-loader-options!./src/components/common/navigation-panel/IsNavigationPanel.vue?vue&type=style&index=0&lang=scss&
   - couldn't fulfill desired order of chunk group(s) failures-screen, sales-screen, purchases-screen, , , , 
   - while fulfilling desired order of chunk group(s) assets-screen, scheduled-works-screen, 
 * css ./node_modules/css-loader/dist/cjs.js??ref--8-oneOf-1-1!./node_modules/vue-loader/lib/loaders/stylePostLoader.js!./node_modules/postcss-loader/src??ref--8-oneOf-1-2!./node_modules/sass-loader/dist/cjs.js??ref--8-oneOf-1-3!./node_modules/cache-loader/dist/cjs.js??ref--0-0!./node_modules/vue-loader/lib??vue-loader-options!./src/components/common/section-title/IsSectionTitle.vue?vue&type=style&index=0&id=274a419c&lang=scss&scoped=true&
   - couldn't fulfill desired order of chunk group(s) failures-screen, sales-screen, purchases-screen, , , , 
   - while fulfilling desired order of chunk group(s) assets-screen, scheduled-works-screen, 
 * css ./node_modules/css-loader/dist/cjs.js??ref--8-oneOf-1-1!./node_modules/vue-loader/lib/loaders/stylePostLoader.js!./node_modules/postcss-loader/src??ref--8-oneOf-1-2!./node_modules/sass-loader/dist/cjs.js??ref--8-oneOf-1-3!./node_modules/cache-loader/dist/cjs.js??ref--0-0!./node_modules/vue-loader/lib??vue-loader-options!./src/components/common/card-collapse/IsCardCollapse.vue?vue&type=style&index=0&lang=scss&
   - couldn't fulfill desired order of chunk group(s) assets-screen, 
   - while fulfilling desired order of chunk group(s) failures-screen, sales-screen, scheduled-works-screen, purchases-screen, , , , 

 warning  

chunk chunk-475c1cfd [mini-css-extract-plugin]
Conflicting order. Following module has been added:
 * css ./node_modules/css-loader/dist/cjs.js??ref--8-oneOf-1-1!./node_modules/vue-loader/lib/loaders/stylePostLoader.js!./node_modules/postcss-loader/src??ref--8-oneOf-1-2!./node_modules/sass-loader/dist/cjs.js??ref--8-oneOf-1-3!./node_modules/cache-loader/dist/cjs.js??ref--0-0!./node_modules/vue-loader/lib??vue-loader-options!./src/components/common/section-title/IsSectionTitle.vue?vue&type=style&index=0&id=274a419c&lang=scss&scoped=true&
despite it was not able to fulfill desired ordering with these modules:
 * css ./node_modules/css-loader/dist/cjs.js??ref--8-oneOf-1-1!./node_modules/vue-loader/lib/loaders/stylePostLoader.js!./node_modules/postcss-loader/src??ref--8-oneOf-1-2!./node_modules/sass-loader/dist/cjs.js??ref--8-oneOf-1-3!./node_modules/cache-loader/dist/cjs.js??ref--0-0!./node_modules/vue-loader/lib??vue-loader-options!./src/components/common/field/IsField.vue?vue&type=style&index=0&lang=scss&
   - couldn't fulfill desired order of chunk group(s) assets-screen
   - while fulfilling desired order of chunk group(s) failures-screen, sales-screen, scheduled-works-screen, purchases-screen, , , , , 
 * css ./node_modules/css-loader/dist/cjs.js??ref--8-oneOf-1-1!./node_modules/vue-loader/lib/loaders/stylePostLoader.js!./node_modules/postcss-loader/src??ref--8-oneOf-1-2!./node_modules/sass-loader/dist/cjs.js??ref--8-oneOf-1-3!./node_modules/cache-loader/dist/cjs.js??ref--0-0!./node_modules/vue-loader/lib??vue-loader-options!./src/components/chip/operator/ChipOperator.vue?vue&type=style&index=0&id=656b7d89&lang=scss&scoped=true&
   - couldn't fulfill desired order of chunk group(s) assets-screen, scheduled-works-screen, 
   - while fulfilling desired order of chunk group(s) failures-screen, sales-screen, purchases-screen, , , , 
 * css ./node_modules/css-loader/dist/cjs.js??ref--8-oneOf-1-1!./node_modules/vue-loader/lib/loaders/stylePostLoader.js!./node_modules/postcss-loader/src??ref--8-oneOf-1-2!./node_modules/sass-loader/dist/cjs.js??ref--8-oneOf-1-3!./node_modules/cache-loader/dist/cjs.js??ref--0-0!./node_modules/vue-loader/lib??vue-loader-options!./src/components/common/progress-state/IsProgressState.vue?vue&type=style&index=0&id=127aa9e3&lang=scss&scoped=true&
   - couldn't fulfill desired order of chunk group(s) assets-screen, purchases-screen, 
   - while fulfilling desired order of chunk group(s) failures-screen, sales-screen, scheduled-works-screen, , , , 
 * css ./node_modules/css-loader/dist/cjs.js??ref--8-oneOf-1-1!./node_modules/vue-loader/lib/loaders/stylePostLoader.js!./node_modules/postcss-loader/src??ref--8-oneOf-1-2!./node_modules/sass-loader/dist/cjs.js??ref--8-oneOf-1-3!./node_modules/cache-loader/dist/cjs.js??ref--0-0!./node_modules/vue-loader/lib??vue-loader-options!./src/components/common/history-item/IsHistoryItem.vue?vue&type=style&index=0&lang=scss&
   - couldn't fulfill desired order of chunk group(s) assets-screen, 
   - while fulfilling desired order of chunk group(s) failures-screen, sales-screen, scheduled-works-screen, purchases-screen, , , , 
 * css ./node_modules/css-loader/dist/cjs.js??ref--8-oneOf-1-1!./node_modules/vue-loader/lib/loaders/stylePostLoader.js!./node_modules/postcss-loader/src??ref--8-oneOf-1-2!./node_modules/sass-loader/dist/cjs.js??ref--8-oneOf-1-3!./node_modules/cache-loader/dist/cjs.js??ref--0-0!./node_modules/vue-loader/lib??vue-loader-options!./src/components/common/history-item/IsHistoryItemHeader.vue?vue&type=style&index=0&lang=scss&
   - couldn't fulfill desired order of chunk group(s) assets-screen, 
   - while fulfilling desired order of chunk group(s) failures-screen, sales-screen, scheduled-works-screen, purchases-screen, , , , 
 * css ./node_modules/css-loader/dist/cjs.js??ref--8-oneOf-1-1!./node_modules/vue-loader/lib/loaders/stylePostLoader.js!./node_modules/postcss-loader/src??ref--8-oneOf-1-2!./node_modules/sass-loader/dist/cjs.js??ref--8-oneOf-1-3!./node_modules/cache-loader/dist/cjs.js??ref--0-0!./node_modules/vue-loader/lib??vue-loader-options!./src/components/common/card-collapse/IsCardCollapse.vue?vue&type=style&index=0&lang=scss&
   - couldn't fulfill desired order of chunk group(s) assets-screen, 
   - while fulfilling desired order of chunk group(s) failures-screen, sales-screen, scheduled-works-screen, purchases-screen, , , , 

 warning  

chunk chunk-475c1cfd [mini-css-extract-plugin]
Conflicting order. Following module has been added:
 * css ./node_modules/css-loader/dist/cjs.js??ref--8-oneOf-1-1!./node_modules/vue-loader/lib/loaders/stylePostLoader.js!./node_modules/postcss-loader/src??ref--8-oneOf-1-2!./node_modules/sass-loader/dist/cjs.js??ref--8-oneOf-1-3!./node_modules/cache-loader/dist/cjs.js??ref--0-0!./node_modules/vue-loader/lib??vue-loader-options!./src/components/common/navigation-panel/IsNavigationPanel.vue?vue&type=style&index=0&lang=scss&
despite it was not able to fulfill desired ordering with these modules:
 * css ./node_modules/css-loader/dist/cjs.js??ref--8-oneOf-1-1!./node_modules/vue-loader/lib/loaders/stylePostLoader.js!./node_modules/postcss-loader/src??ref--8-oneOf-1-2!./node_modules/sass-loader/dist/cjs.js??ref--8-oneOf-1-3!./node_modules/cache-loader/dist/cjs.js??ref--0-0!./node_modules/vue-loader/lib??vue-loader-options!./src/components/common/field/IsField.vue?vue&type=style&index=0&lang=scss&
   - couldn't fulfill desired order of chunk group(s) assets-screen
   - while fulfilling desired order of chunk group(s) failures-screen, sales-screen, scheduled-works-screen, purchases-screen, , , , , 
 * css ./node_modules/css-loader/dist/cjs.js??ref--8-oneOf-1-1!./node_modules/vue-loader/lib/loaders/stylePostLoader.js!./node_modules/postcss-loader/src??ref--8-oneOf-1-2!./node_modules/sass-loader/dist/cjs.js??ref--8-oneOf-1-3!./node_modules/cache-loader/dist/cjs.js??ref--0-0!./node_modules/vue-loader/lib??vue-loader-options!./src/components/chip/operator/ChipOperator.vue?vue&type=style&index=0&id=656b7d89&lang=scss&scoped=true&
   - couldn't fulfill desired order of chunk group(s) assets-screen, scheduled-works-screen, 
   - while fulfilling desired order of chunk group(s) failures-screen, sales-screen, purchases-screen, , , , 
 * css ./node_modules/css-loader/dist/cjs.js??ref--8-oneOf-1-1!./node_modules/vue-loader/lib/loaders/stylePostLoader.js!./node_modules/postcss-loader/src??ref--8-oneOf-1-2!./node_modules/sass-loader/dist/cjs.js??ref--8-oneOf-1-3!./node_modules/cache-loader/dist/cjs.js??ref--0-0!./node_modules/vue-loader/lib??vue-loader-options!./src/components/common/progress-state/IsProgressState.vue?vue&type=style&index=0&id=127aa9e3&lang=scss&scoped=true&
   - couldn't fulfill desired order of chunk group(s) assets-screen, purchases-screen, 
   - while fulfilling desired order of chunk group(s) failures-screen, sales-screen, scheduled-works-screen, , , , 
 * css ./node_modules/css-loader/dist/cjs.js??ref--8-oneOf-1-1!./node_modules/vue-loader/lib/loaders/stylePostLoader.js!./node_modules/postcss-loader/src??ref--8-oneOf-1-2!./node_modules/sass-loader/dist/cjs.js??ref--8-oneOf-1-3!./node_modules/cache-loader/dist/cjs.js??ref--0-0!./node_modules/vue-loader/lib??vue-loader-options!./src/components/common/history-item/IsHistoryItem.vue?vue&type=style&index=0&lang=scss&
   - couldn't fulfill desired order of chunk group(s) assets-screen, 
   - while fulfilling desired order of chunk group(s) failures-screen, sales-screen, scheduled-works-screen, purchases-screen, , , , 
 * css ./node_modules/css-loader/dist/cjs.js??ref--8-oneOf-1-1!./node_modules/vue-loader/lib/loaders/stylePostLoader.js!./node_modules/postcss-loader/src??ref--8-oneOf-1-2!./node_modules/sass-loader/dist/cjs.js??ref--8-oneOf-1-3!./node_modules/cache-loader/dist/cjs.js??ref--0-0!./node_modules/vue-loader/lib??vue-loader-options!./src/components/common/history-item/IsHistoryItemHeader.vue?vue&type=style&index=0&lang=scss&
   - couldn't fulfill desired order of chunk group(s) assets-screen, 
   - while fulfilling desired order of chunk group(s) failures-screen, sales-screen, scheduled-works-screen, purchases-screen, , , , 
 * css ./node_modules/css-loader/dist/cjs.js??ref--8-oneOf-1-1!./node_modules/vue-loader/lib/loaders/stylePostLoader.js!./node_modules/postcss-loader/src??ref--8-oneOf-1-2!./node_modules/sass-loader/dist/cjs.js??ref--8-oneOf-1-3!./node_modules/cache-loader/dist/cjs.js??ref--0-0!./node_modules/vue-loader/lib??vue-loader-options!./src/components/common/card-collapse/IsCardCollapse.vue?vue&type=style&index=0&lang=scss&
   - couldn't fulfill desired order of chunk group(s) assets-screen, 
   - while fulfilling desired order of chunk group(s) failures-screen, sales-screen, scheduled-works-screen, purchases-screen, , , , 

 warning  

chunk chunk-475c1cfd [mini-css-extract-plugin]
Conflicting order. Following module has been added:
 * css ./node_modules/css-loader/dist/cjs.js??ref--8-oneOf-1-1!./node_modules/vue-loader/lib/loaders/stylePostLoader.js!./node_modules/postcss-loader/src??ref--8-oneOf-1-2!./node_modules/sass-loader/dist/cjs.js??ref--8-oneOf-1-3!./node_modules/cache-loader/dist/cjs.js??ref--0-0!./node_modules/vue-loader/lib??vue-loader-options!./src/components/common/card-collapse/IsCardCollapse.vue?vue&type=style&index=0&lang=scss&
despite it was not able to fulfill desired ordering with these modules:
 * css ./node_modules/css-loader/dist/cjs.js??ref--8-oneOf-1-1!./node_modules/vue-loader/lib/loaders/stylePostLoader.js!./node_modules/postcss-loader/src??ref--8-oneOf-1-2!./node_modules/sass-loader/dist/cjs.js??ref--8-oneOf-1-3!./node_modules/cache-loader/dist/cjs.js??ref--0-0!./node_modules/vue-loader/lib??vue-loader-options!./src/components/card/file/CardFile.vue?vue&type=style&index=0&lang=scss&
   - couldn't fulfill desired order of chunk group(s) failures-screen, sales-screen, scheduled-works-screen, purchases-screen, , , , 
   - while fulfilling desired order of chunk group(s) assets-screen, 
 * css ./node_modules/css-loader/dist/cjs.js??ref--8-oneOf-1-1!./node_modules/vue-loader/lib/loaders/stylePostLoader.js!./node_modules/postcss-loader/src??ref--8-oneOf-1-2!./node_modules/sass-loader/dist/cjs.js??ref--8-oneOf-1-3!./node_modules/cache-loader/dist/cjs.js??ref--0-0!./node_modules/vue-loader/lib??vue-loader-options!./src/components/tag/file/TagFile.vue?vue&type=style&index=0&id=0f740e49&lang=scss&scoped=true&
   - couldn't fulfill desired order of chunk group(s) failures-screen, sales-screen, scheduled-works-screen, purchases-screen, , , , 
   - while fulfilling desired order of chunk group(s) assets-screen, 
 * css ./node_modules/css-loader/dist/cjs.js??ref--8-oneOf-1-1!./node_modules/vue-loader/lib/loaders/stylePostLoader.js!./node_modules/postcss-loader/src??ref--8-oneOf-1-2!./node_modules/sass-loader/dist/cjs.js??ref--8-oneOf-1-3!./node_modules/cache-loader/dist/cjs.js??ref--0-0!./node_modules/vue-loader/lib??vue-loader-options!./src/components/chip/operator/ChipOperator.vue?vue&type=style&index=0&id=656b7d89&lang=scss&scoped=true&
   - couldn't fulfill desired order of chunk group(s) failures-screen, sales-screen, scheduled-works-screen, purchases-screen, , , , 
   - while fulfilling desired order of chunk group(s) assets-screen, 
 * css ./node_modules/css-loader/dist/cjs.js??ref--8-oneOf-1-1!./node_modules/vue-loader/lib/loaders/stylePostLoader.js!./node_modules/postcss-loader/src??ref--8-oneOf-1-2!./node_modules/sass-loader/dist/cjs.js??ref--8-oneOf-1-3!./node_modules/cache-loader/dist/cjs.js??ref--0-0!./node_modules/vue-loader/lib??vue-loader-options!./src/components/common/field/IsField.vue?vue&type=style&index=0&lang=scss&
   - couldn't fulfill desired order of chunk group(s) failures-screen, sales-screen, purchases-screen, , , 
   - while fulfilling desired order of chunk group(s) assets-screen, scheduled-works-screen, , 
 * css ./node_modules/css-loader/dist/cjs.js??ref--8-oneOf-1-1!./node_modules/vue-loader/lib/loaders/stylePostLoader.js!./node_modules/postcss-loader/src??ref--8-oneOf-1-2!./node_modules/sass-loader/dist/cjs.js??ref--8-oneOf-1-3!./node_modules/cache-loader/dist/cjs.js??ref--0-0!./node_modules/vue-loader/lib??vue-loader-options!./src/components/common/progress-state/IsProgressState.vue?vue&type=style&index=0&id=127aa9e3&lang=scss&scoped=true&
   - couldn't fulfill desired order of chunk group(s) failures-screen, sales-screen, purchases-screen, , , 
   - while fulfilling desired order of chunk group(s) assets-screen, scheduled-works-screen, , 

 warning  

chunk chunk-475c1cfd [mini-css-extract-plugin]
Conflicting order. Following module has been added:
 * css ./node_modules/css-loader/dist/cjs.js??ref--8-oneOf-1-1!./node_modules/vue-loader/lib/loaders/stylePostLoader.js!./node_modules/postcss-loader/src??ref--8-oneOf-1-2!./node_modules/sass-loader/dist/cjs.js??ref--8-oneOf-1-3!./node_modules/cache-loader/dist/cjs.js??ref--0-0!./node_modules/vue-loader/lib??vue-loader-options!./src/components/chip/operator/ChipOperator.vue?vue&type=style&index=0&id=656b7d89&lang=scss&scoped=true&
despite it was not able to fulfill desired ordering with these modules:
 * css ./node_modules/css-loader/dist/cjs.js??ref--8-oneOf-1-1!./node_modules/vue-loader/lib/loaders/stylePostLoader.js!./node_modules/postcss-loader/src??ref--8-oneOf-1-2!./node_modules/sass-loader/dist/cjs.js??ref--8-oneOf-1-3!./node_modules/cache-loader/dist/cjs.js??ref--0-0!./node_modules/vue-loader/lib??vue-loader-options!./src/components/common/field/IsField.vue?vue&type=style&index=0&lang=scss&
   - couldn't fulfill desired order of chunk group(s) failures-screen, sales-screen, purchases-screen, , , 
   - while fulfilling desired order of chunk group(s) assets-screen, scheduled-works-screen, , 
 * css ./node_modules/css-loader/dist/cjs.js??ref--8-oneOf-1-1!./node_modules/vue-loader/lib/loaders/stylePostLoader.js!./node_modules/postcss-loader/src??ref--8-oneOf-1-2!./node_modules/sass-loader/dist/cjs.js??ref--8-oneOf-1-3!./node_modules/cache-loader/dist/cjs.js??ref--0-0!./node_modules/vue-loader/lib??vue-loader-options!./src/components/common/progress-state/IsProgressState.vue?vue&type=style&index=0&id=127aa9e3&lang=scss&scoped=true&
   - couldn't fulfill desired order of chunk group(s) failures-screen, sales-screen, assets-screen, purchases-screen, , , , 
   - while fulfilling desired order of chunk group(s) scheduled-works-screen, 
 * css ./node_modules/css-loader/dist/cjs.js??ref--8-oneOf-1-1!./node_modules/vue-loader/lib/loaders/stylePostLoader.js!./node_modules/postcss-loader/src??ref--8-oneOf-1-2!./node_modules/sass-loader/dist/cjs.js??ref--8-oneOf-1-3!./node_modules/cache-loader/dist/cjs.js??ref--0-0!./node_modules/vue-loader/lib??vue-loader-options!./src/components/common/history-item/IsHistoryItem.vue?vue&type=style&index=0&lang=scss&
   - couldn't fulfill desired order of chunk group(s) assets-screen, 
   - while fulfilling desired order of chunk group(s) failures-screen, sales-screen, scheduled-works-screen, purchases-screen, , , , 
 * css ./node_modules/css-loader/dist/cjs.js??ref--8-oneOf-1-1!./node_modules/vue-loader/lib/loaders/stylePostLoader.js!./node_modules/postcss-loader/src??ref--8-oneOf-1-2!./node_modules/sass-loader/dist/cjs.js??ref--8-oneOf-1-3!./node_modules/cache-loader/dist/cjs.js??ref--0-0!./node_modules/vue-loader/lib??vue-loader-options!./src/components/common/history-item/IsHistoryItemHeader.vue?vue&type=style&index=0&lang=scss&
   - couldn't fulfill desired order of chunk group(s) assets-screen, 
   - while fulfilling desired order of chunk group(s) failures-screen, sales-screen, scheduled-works-screen, purchases-screen, , , , 

 warning  

chunk chunk-475c1cfd [mini-css-extract-plugin]
Conflicting order. Following module has been added:
 * css ./node_modules/css-loader/dist/cjs.js??ref--8-oneOf-1-1!./node_modules/vue-loader/lib/loaders/stylePostLoader.js!./node_modules/postcss-loader/src??ref--8-oneOf-1-2!./node_modules/sass-loader/dist/cjs.js??ref--8-oneOf-1-3!./node_modules/cache-loader/dist/cjs.js??ref--0-0!./node_modules/vue-loader/lib??vue-loader-options!./src/components/common/history-item/IsHistoryItemHeader.vue?vue&type=style&index=0&lang=scss&
despite it was not able to fulfill desired ordering with these modules:
 * css ./node_modules/css-loader/dist/cjs.js??ref--8-oneOf-1-1!./node_modules/vue-loader/lib/loaders/stylePostLoader.js!./node_modules/postcss-loader/src??ref--8-oneOf-1-2!./node_modules/sass-loader/dist/cjs.js??ref--8-oneOf-1-3!./node_modules/cache-loader/dist/cjs.js??ref--0-0!./node_modules/vue-loader/lib??vue-loader-options!./src/components/card/file/CardFile.vue?vue&type=style&index=0&lang=scss&
   - couldn't fulfill desired order of chunk group(s) failures-screen, sales-screen, scheduled-works-screen, purchases-screen, , , , 
   - while fulfilling desired order of chunk group(s) assets-screen, 
 * css ./node_modules/css-loader/dist/cjs.js??ref--8-oneOf-1-1!./node_modules/vue-loader/lib/loaders/stylePostLoader.js!./node_modules/postcss-loader/src??ref--8-oneOf-1-2!./node_modules/sass-loader/dist/cjs.js??ref--8-oneOf-1-3!./node_modules/cache-loader/dist/cjs.js??ref--0-0!./node_modules/vue-loader/lib??vue-loader-options!./src/components/tag/file/TagFile.vue?vue&type=style&index=0&id=0f740e49&lang=scss&scoped=true&
   - couldn't fulfill desired order of chunk group(s) failures-screen, sales-screen, scheduled-works-screen, purchases-screen, , , , 
   - while fulfilling desired order of chunk group(s) assets-screen, 
 * css ./node_modules/css-loader/dist/cjs.js??ref--8-oneOf-1-1!./node_modules/vue-loader/lib/loaders/stylePostLoader.js!./node_modules/postcss-loader/src??ref--8-oneOf-1-2!./node_modules/sass-loader/dist/cjs.js??ref--8-oneOf-1-3!./node_modules/cache-loader/dist/cjs.js??ref--0-0!./node_modules/vue-loader/lib??vue-loader-options!./src/components/common/field/IsField.vue?vue&type=style&index=0&lang=scss&
   - couldn't fulfill desired order of chunk group(s) failures-screen, sales-screen, scheduled-works-screen, purchases-screen, , , , 
   - while fulfilling desired order of chunk group(s) assets-screen, 
 * css ./node_modules/css-loader/dist/cjs.js??ref--8-oneOf-1-1!./node_modules/vue-loader/lib/loaders/stylePostLoader.js!./node_modules/postcss-loader/src??ref--8-oneOf-1-2!./node_modules/sass-loader/dist/cjs.js??ref--8-oneOf-1-3!./node_modules/cache-loader/dist/cjs.js??ref--0-0!./node_modules/vue-loader/lib??vue-loader-options!./src/components/common/progress-state/IsProgressState.vue?vue&type=style&index=0&id=127aa9e3&lang=scss&scoped=true&
   - couldn't fulfill desired order of chunk group(s) failures-screen, sales-screen, scheduled-works-screen, purchases-screen, , , , 
   - while fulfilling desired order of chunk group(s) assets-screen, 

 warning  

chunk chunk-475c1cfd [mini-css-extract-plugin]
Conflicting order. Following module has been added:
 * css ./node_modules/css-loader/dist/cjs.js??ref--8-oneOf-1-1!./node_modules/vue-loader/lib/loaders/stylePostLoader.js!./node_modules/postcss-loader/src??ref--8-oneOf-1-2!./node_modules/sass-loader/dist/cjs.js??ref--8-oneOf-1-3!./node_modules/cache-loader/dist/cjs.js??ref--0-0!./node_modules/vue-loader/lib??vue-loader-options!./src/components/tag/file/TagFile.vue?vue&type=style&index=0&id=0f740e49&lang=scss&scoped=true&
despite it was not able to fulfill desired ordering with these modules:
 * css ./node_modules/css-loader/dist/cjs.js??ref--8-oneOf-1-1!./node_modules/vue-loader/lib/loaders/stylePostLoader.js!./node_modules/postcss-loader/src??ref--8-oneOf-1-2!./node_modules/sass-loader/dist/cjs.js??ref--8-oneOf-1-3!./node_modules/cache-loader/dist/cjs.js??ref--0-0!./node_modules/vue-loader/lib??vue-loader-options!./src/components/common/field/IsField.vue?vue&type=style&index=0&lang=scss&
   - couldn't fulfill desired order of chunk group(s) failures-screen, sales-screen, assets-screen, purchases-screen, , , , 
   - while fulfilling desired order of chunk group(s) scheduled-works-screen, 
 * css ./node_modules/css-loader/dist/cjs.js??ref--8-oneOf-1-1!./node_modules/vue-loader/lib/loaders/stylePostLoader.js!./node_modules/postcss-loader/src??ref--8-oneOf-1-2!./node_modules/sass-loader/dist/cjs.js??ref--8-oneOf-1-3!./node_modules/cache-loader/dist/cjs.js??ref--0-0!./node_modules/vue-loader/lib??vue-loader-options!./src/components/common/progress-state/IsProgressState.vue?vue&type=style&index=0&id=127aa9e3&lang=scss&scoped=true&
   - couldn't fulfill desired order of chunk group(s) failures-screen, sales-screen, assets-screen, purchases-screen, , , , 
   - while fulfilling desired order of chunk group(s) scheduled-works-screen, 
 * css ./node_modules/css-loader/dist/cjs.js??ref--8-oneOf-1-1!./node_modules/vue-loader/lib/loaders/stylePostLoader.js!./node_modules/postcss-loader/src??ref--8-oneOf-1-2!./node_modules/sass-loader/dist/cjs.js??ref--8-oneOf-1-3!./node_modules/cache-loader/dist/cjs.js??ref--0-0!./node_modules/vue-loader/lib??vue-loader-options!./src/components/common/history-item/IsHistoryItem.vue?vue&type=style&index=0&lang=scss&
   - couldn't fulfill desired order of chunk group(s) assets-screen, 
   - while fulfilling desired order of chunk group(s) failures-screen, sales-screen, scheduled-works-screen, purchases-screen, , , , 

 warning  

chunk chunk-475c1cfd [mini-css-extract-plugin]
Conflicting order. Following module has been added:
 * css ./node_modules/css-loader/dist/cjs.js??ref--8-oneOf-1-1!./node_modules/vue-loader/lib/loaders/stylePostLoader.js!./node_modules/postcss-loader/src??ref--8-oneOf-1-2!./node_modules/sass-loader/dist/cjs.js??ref--8-oneOf-1-3!./node_modules/cache-loader/dist/cjs.js??ref--0-0!./node_modules/vue-loader/lib??vue-loader-options!./src/components/common/progress-state/IsProgressState.vue?vue&type=style&index=0&id=127aa9e3&lang=scss&scoped=true&
despite it was not able to fulfill desired ordering with these modules:
 * css ./node_modules/css-loader/dist/cjs.js??ref--8-oneOf-1-1!./node_modules/vue-loader/lib/loaders/stylePostLoader.js!./node_modules/postcss-loader/src??ref--8-oneOf-1-2!./node_modules/sass-loader/dist/cjs.js??ref--8-oneOf-1-3!./node_modules/cache-loader/dist/cjs.js??ref--0-0!./node_modules/vue-loader/lib??vue-loader-options!./src/components/common/field/IsField.vue?vue&type=style&index=0&lang=scss&
   - couldn't fulfill desired order of chunk group(s) sales-screen, scheduled-works-screen, , , 
   - while fulfilling desired order of chunk group(s) failures-screen, assets-screen, purchases-screen, , 
 * css ./node_modules/css-loader/dist/cjs.js??ref--8-oneOf-1-1!./node_modules/vue-loader/lib/loaders/stylePostLoader.js!./node_modules/postcss-loader/src??ref--8-oneOf-1-2!./node_modules/sass-loader/dist/cjs.js??ref--8-oneOf-1-3!./node_modules/cache-loader/dist/cjs.js??ref--0-0!./node_modules/vue-loader/lib??vue-loader-options!./src/components/common/history-item/IsHistoryItem.vue?vue&type=style&index=0&lang=scss&
   - couldn't fulfill desired order of chunk group(s) assets-screen, 
   - while fulfilling desired order of chunk group(s) failures-screen, sales-screen, scheduled-works-screen, purchases-screen, , , , 
 * css ./node_modules/css-loader/dist/cjs.js??ref--8-oneOf-1-1!./node_modules/vue-loader/lib/loaders/stylePostLoader.js!./node_modules/postcss-loader/src??ref--8-oneOf-1-2!./node_modules/sass-loader/dist/cjs.js??ref--8-oneOf-1-3!./node_modules/cache-loader/dist/cjs.js??ref--0-0!./node_modules/vue-loader/lib??vue-loader-options!./src/components/card/file/CardFile.vue?vue&type=style&index=0&lang=scss&
   - couldn't fulfill desired order of chunk group(s) scheduled-works-screen, 
   - while fulfilling desired order of chunk group(s) failures-screen, sales-screen, assets-screen, purchases-screen, , , , 

 warning  

chunk chunk-475c1cfd [mini-css-extract-plugin]
Conflicting order. Following module has been added:
 * css ./node_modules/css-loader/dist/cjs.js??ref--8-oneOf-1-1!./node_modules/vue-loader/lib/loaders/stylePostLoader.js!./node_modules/postcss-loader/src??ref--8-oneOf-1-2!./node_modules/sass-loader/dist/cjs.js??ref--8-oneOf-1-3!./node_modules/cache-loader/dist/cjs.js??ref--0-0!./node_modules/vue-loader/lib??vue-loader-options!./src/components/common/field/IsField.vue?vue&type=style&index=0&lang=scss&
despite it was not able to fulfill desired ordering with these modules:
 * css ./node_modules/css-loader/dist/cjs.js??ref--8-oneOf-1-1!./node_modules/vue-loader/lib/loaders/stylePostLoader.js!./node_modules/postcss-loader/src??ref--8-oneOf-1-2!./node_modules/sass-loader/dist/cjs.js??ref--8-oneOf-1-3!./node_modules/cache-loader/dist/cjs.js??ref--0-0!./node_modules/vue-loader/lib??vue-loader-options!./src/components/common/history-item/IsHistoryItem.vue?vue&type=style&index=0&lang=scss&
   - couldn't fulfill desired order of chunk group(s) assets-screen, 
   - while fulfilling desired order of chunk group(s) failures-screen, sales-screen, scheduled-works-screen, purchases-screen, , , , 
 * css ./node_modules/css-loader/dist/cjs.js??ref--8-oneOf-1-1!./node_modules/vue-loader/lib/loaders/stylePostLoader.js!./node_modules/postcss-loader/src??ref--8-oneOf-1-2!./node_modules/sass-loader/dist/cjs.js??ref--8-oneOf-1-3!./node_modules/cache-loader/dist/cjs.js??ref--0-0!./node_modules/vue-loader/lib??vue-loader-options!./src/components/card/file/CardFile.vue?vue&type=style&index=0&lang=scss&
   - couldn't fulfill desired order of chunk group(s) scheduled-works-screen, 
   - while fulfilling desired order of chunk group(s) failures-screen, sales-screen, assets-screen, purchases-screen, , , , 

 warning  

chunk chunk-475c1cfd [mini-css-extract-plugin]
Conflicting order. Following module has been added:
 * css ./node_modules/css-loader/dist/cjs.js??ref--8-oneOf-1-1!./node_modules/vue-loader/lib/loaders/stylePostLoader.js!./node_modules/postcss-loader/src??ref--8-oneOf-1-2!./node_modules/sass-loader/dist/cjs.js??ref--8-oneOf-1-3!./node_modules/cache-loader/dist/cjs.js??ref--0-0!./node_modules/vue-loader/lib??vue-loader-options!./src/components/card/file/CardFile.vue?vue&type=style&index=0&lang=scss&
despite it was not able to fulfill desired ordering with these modules:
 * css ./node_modules/css-loader/dist/cjs.js??ref--8-oneOf-1-1!./node_modules/vue-loader/lib/loaders/stylePostLoader.js!./node_modules/postcss-loader/src??ref--8-oneOf-1-2!./node_modules/sass-loader/dist/cjs.js??ref--8-oneOf-1-3!./node_modules/cache-loader/dist/cjs.js??ref--0-0!./node_modules/vue-loader/lib??vue-loader-options!./src/components/common/history-item/IsHistoryItem.vue?vue&type=style&index=0&lang=scss&
   - couldn't fulfill desired order of chunk group(s) assets-screen, 
   - while fulfilling desired order of chunk group(s) failures-screen, sales-screen, scheduled-works-screen, purchases-screen, , , , 

 warning  

chunk chunk-4fd789b7 [mini-css-extract-plugin]
Conflicting order. Following module has been added:
 * css ./node_modules/css-loader/dist/cjs.js??ref--8-oneOf-1-1!./node_modules/vue-loader/lib/loaders/stylePostLoader.js!./node_modules/postcss-loader/src??ref--8-oneOf-1-2!./node_modules/sass-loader/dist/cjs.js??ref--8-oneOf-1-3!./node_modules/cache-loader/dist/cjs.js??ref--0-0!./node_modules/vue-loader/lib??vue-loader-options!./src/components/common/action-buttons/IsActionButtons.vue?vue&type=style&index=0&id=0b31a7e1&lang=scss&scoped=true&
despite it was not able to fulfill desired ordering with these modules:
 * css ./node_modules/css-loader/dist/cjs.js??ref--8-oneOf-1-1!./node_modules/vue-loader/lib/loaders/stylePostLoader.js!./node_modules/postcss-loader/src??ref--8-oneOf-1-2!./node_modules/sass-loader/dist/cjs.js??ref--8-oneOf-1-3!./node_modules/cache-loader/dist/cjs.js??ref--0-0!./node_modules/vue-loader/lib??vue-loader-options!./src/components/common/navigation-buttons/IsNavigationButtons.vue?vue&type=style&index=0&id=4db5351d&lang=scss&scoped=true&
   - couldn't fulfill desired order of chunk group(s) 
   - while fulfilling desired order of chunk group(s) planner-screen

 warning  

chunk chunk-4fd789b7 [mini-css-extract-plugin]
Conflicting order. Following module has been added:
 * css ./node_modules/css-loader/dist/cjs.js??ref--8-oneOf-1-1!./node_modules/vue-loader/lib/loaders/stylePostLoader.js!./node_modules/postcss-loader/src??ref--8-oneOf-1-2!./node_modules/sass-loader/dist/cjs.js??ref--8-oneOf-1-3!./node_modules/cache-loader/dist/cjs.js??ref--0-0!./node_modules/vue-loader/lib??vue-loader-options!./src/components/common/date-picker/IsDatePicker.vue?vue&type=style&index=0&lang=scss&
despite it was not able to fulfill desired ordering with these modules:
 * css ./node_modules/css-loader/dist/cjs.js??ref--8-oneOf-1-1!./node_modules/vue-loader/lib/loaders/stylePostLoader.js!./node_modules/postcss-loader/src??ref--8-oneOf-1-2!./node_modules/sass-loader/dist/cjs.js??ref--8-oneOf-1-3!./node_modules/cache-loader/dist/cjs.js??ref--0-0!./node_modules/vue-loader/lib??vue-loader-options!./src/components/common/navigation-buttons/IsNavigationButtons.vue?vue&type=style&index=0&id=4db5351d&lang=scss&scoped=true&
   - couldn't fulfill desired order of chunk group(s) 
   - while fulfilling desired order of chunk group(s) planner-screen

 warning  

chunk chunk-4fd789b7 [mini-css-extract-plugin]
Conflicting order. Following module has been added:
 * css ./node_modules/css-loader/dist/cjs.js??ref--8-oneOf-1-1!./node_modules/vue-loader/lib/loaders/stylePostLoader.js!./node_modules/postcss-loader/src??ref--8-oneOf-1-2!./node_modules/sass-loader/dist/cjs.js??ref--8-oneOf-1-3!./node_modules/cache-loader/dist/cjs.js??ref--0-0!./node_modules/vue-loader/lib??vue-loader-options!./src/components/common/navigation-buttons/IsNavigationButtons.vue?vue&type=style&index=0&id=4db5351d&lang=scss&scoped=true&
despite it was not able to fulfill desired ordering with these modules:
 * css ./node_modules/css-loader/dist/cjs.js??ref--8-oneOf-1-1!./node_modules/vue-loader/lib/loaders/stylePostLoader.js!./node_modules/postcss-loader/src??ref--8-oneOf-1-2!./node_modules/sass-loader/dist/cjs.js??ref--8-oneOf-1-3!./node_modules/cache-loader/dist/cjs.js??ref--0-0!./node_modules/vue-loader/lib??vue-loader-options!./src/components/chip/operator/ChipOperator.vue?vue&type=style&index=0&id=656b7d89&lang=scss&scoped=true&
   - couldn't fulfill desired order of chunk group(s) planner-screen
 * css ./node_modules/css-loader/dist/cjs.js??ref--8-oneOf-1-1!./node_modules/vue-loader/lib/loaders/stylePostLoader.js!./node_modules/postcss-loader/src??ref--8-oneOf-1-2!./node_modules/sass-loader/dist/cjs.js??ref--8-oneOf-1-3!./node_modules/cache-loader/dist/cjs.js??ref--0-0!./node_modules/vue-loader/lib??vue-loader-options!./src/components/summary/operator/SummaryOperator.vue?vue&type=style&index=0&id=51377b1a&lang=scss&scoped=true&
   - couldn't fulfill desired order of chunk group(s) planner-screen
 * css ./node_modules/css-loader/dist/cjs.js??ref--8-oneOf-1-1!./node_modules/vue-loader/lib/loaders/stylePostLoader.js!./node_modules/postcss-loader/src??ref--8-oneOf-1-2!./node_modules/sass-loader/dist/cjs.js??ref--8-oneOf-1-3!./node_modules/cache-loader/dist/cjs.js??ref--0-0!./node_modules/vue-loader/lib??vue-loader-options!./src/components/common/progress-state/IsProgressState.vue?vue&type=style&index=0&id=127aa9e3&lang=scss&scoped=true&
   - couldn't fulfill desired order of chunk group(s) planner-screen

 warning  

chunk chunk-4fd789b7 [mini-css-extract-plugin]
Conflicting order. Following module has been added:
 * css ./node_modules/css-loader/dist/cjs.js??ref--8-oneOf-1-1!./node_modules/vue-loader/lib/loaders/stylePostLoader.js!./node_modules/postcss-loader/src??ref--8-oneOf-1-2!./node_modules/sass-loader/dist/cjs.js??ref--8-oneOf-1-3!./node_modules/cache-loader/dist/cjs.js??ref--0-0!./node_modules/vue-loader/lib??vue-loader-options!./src/components/common/progress-state/IsProgressState.vue?vue&type=style&index=0&id=127aa9e3&lang=scss&scoped=true&
despite it was not able to fulfill desired ordering with these modules:
 * css ./node_modules/css-loader/dist/cjs.js??ref--8-oneOf-1-1!./node_modules/vue-loader/lib/loaders/stylePostLoader.js!./node_modules/postcss-loader/src??ref--8-oneOf-1-2!./node_modules/sass-loader/dist/cjs.js??ref--8-oneOf-1-3!./node_modules/cache-loader/dist/cjs.js??ref--0-0!./node_modules/vue-loader/lib??vue-loader-options!./src/components/chip/operator/ChipOperator.vue?vue&type=style&index=0&id=656b7d89&lang=scss&scoped=true&
   - couldn't fulfill desired order of chunk group(s) 
   - while fulfilling desired order of chunk group(s) planner-screen
 * css ./node_modules/css-loader/dist/cjs.js??ref--8-oneOf-1-1!./node_modules/vue-loader/lib/loaders/stylePostLoader.js!./node_modules/postcss-loader/src??ref--8-oneOf-1-2!./node_modules/sass-loader/dist/cjs.js??ref--8-oneOf-1-3!./node_modules/cache-loader/dist/cjs.js??ref--0-0!./node_modules/vue-loader/lib??vue-loader-options!./src/components/summary/operator/SummaryOperator.vue?vue&type=style&index=0&id=51377b1a&lang=scss&scoped=true&
   - couldn't fulfill desired order of chunk group(s) 
   - while fulfilling desired order of chunk group(s) planner-screen
 * css ./node_modules/css-loader/dist/cjs.js??ref--8-oneOf-1-1!./node_modules/vue-loader/lib/loaders/stylePostLoader.js!./node_modules/postcss-loader/src??ref--8-oneOf-1-2!./node_modules/sass-loader/dist/cjs.js??ref--8-oneOf-1-3!./node_modules/cache-loader/dist/cjs.js??ref--0-0!./node_modules/vue-loader/lib??vue-loader-options!./src/components/common/time-picker/IsTimePicker.vue?vue&type=style&index=0&id=84536cda&lang=scss&scoped=true&
   - couldn't fulfill desired order of chunk group(s) 
   - while fulfilling desired order of chunk group(s) planner-screen

 warning  

chunk chunk-4fd789b7 [mini-css-extract-plugin]
Conflicting order. Following module has been added:
 * css ./node_modules/css-loader/dist/cjs.js??ref--8-oneOf-1-1!./node_modules/vue-loader/lib/loaders/stylePostLoader.js!./node_modules/postcss-loader/src??ref--8-oneOf-1-2!./node_modules/sass-loader/dist/cjs.js??ref--8-oneOf-1-3!./node_modules/cache-loader/dist/cjs.js??ref--0-0!./node_modules/vue-loader/lib??vue-loader-options!./src/components/summary/operator/SummaryOperator.vue?vue&type=style&index=0&id=51377b1a&lang=scss&scoped=true&
despite it was not able to fulfill desired ordering with these modules:
 * css ./node_modules/css-loader/dist/cjs.js??ref--8-oneOf-1-1!./node_modules/vue-loader/lib/loaders/stylePostLoader.js!./node_modules/postcss-loader/src??ref--8-oneOf-1-2!./node_modules/sass-loader/dist/cjs.js??ref--8-oneOf-1-3!./node_modules/cache-loader/dist/cjs.js??ref--0-0!./node_modules/vue-loader/lib??vue-loader-options!./src/components/common/time-picker/IsTimePicker.vue?vue&type=style&index=0&id=84536cda&lang=scss&scoped=true&
   - couldn't fulfill desired order of chunk group(s) 
   - while fulfilling desired order of chunk group(s) planner-screen

 warning  

chunk chunk-4fd789b7 [mini-css-extract-plugin]
Conflicting order. Following module has been added:
 * css ./node_modules/css-loader/dist/cjs.js??ref--8-oneOf-1-1!./node_modules/vue-loader/lib/loaders/stylePostLoader.js!./node_modules/postcss-loader/src??ref--8-oneOf-1-2!./node_modules/sass-loader/dist/cjs.js??ref--8-oneOf-1-3!./node_modules/cache-loader/dist/cjs.js??ref--0-0!./node_modules/vue-loader/lib??vue-loader-options!./src/components/chip/operator/ChipOperator.vue?vue&type=style&index=0&id=656b7d89&lang=scss&scoped=true&
despite it was not able to fulfill desired ordering with these modules:
 * css ./node_modules/css-loader/dist/cjs.js??ref--8-oneOf-1-1!./node_modules/vue-loader/lib/loaders/stylePostLoader.js!./node_modules/postcss-loader/src??ref--8-oneOf-1-2!./node_modules/sass-loader/dist/cjs.js??ref--8-oneOf-1-3!./node_modules/cache-loader/dist/cjs.js??ref--0-0!./node_modules/vue-loader/lib??vue-loader-options!./src/components/common/time-picker/IsTimePicker.vue?vue&type=style&index=0&id=84536cda&lang=scss&scoped=true&
   - couldn't fulfill desired order of chunk group(s) 
   - while fulfilling desired order of chunk group(s) planner-screen

 warning  

chunk chunk-7ed7ad26 [mini-css-extract-plugin]
Conflicting order. Following module has been added:
 * css ./node_modules/css-loader/dist/cjs.js??ref--8-oneOf-1-1!./node_modules/vue-loader/lib/loaders/stylePostLoader.js!./node_modules/postcss-loader/src??ref--8-oneOf-1-2!./node_modules/sass-loader/dist/cjs.js??ref--8-oneOf-1-3!./node_modules/cache-loader/dist/cjs.js??ref--0-0!./node_modules/vue-loader/lib??vue-loader-options!./src/components/common/tag/popover/IsTagPopover.vue?vue&type=style&index=0&lang=scss&
despite it was not able to fulfill desired ordering with these modules:
 * css ./node_modules/css-loader/dist/cjs.js??ref--8-oneOf-1-1!./node_modules/vue-loader/lib/loaders/stylePostLoader.js!./node_modules/postcss-loader/src??ref--8-oneOf-1-2!./node_modules/sass-loader/dist/cjs.js??ref--8-oneOf-1-3!./node_modules/cache-loader/dist/cjs.js??ref--0-0!./node_modules/vue-loader/lib??vue-loader-options!./src/components/common/select/IsSelect.vue?vue&type=style&index=0&lang=scss&
   - couldn't fulfill desired order of chunk group(s) scheduled-works-screen, 
   - while fulfilling desired order of chunk group(s) failures-screen, sales-screen, assets-screen, planner-screen, purchases-screen, , , , , , , , , , , , 

 warning  

asset size limit: The following asset(s) exceed the recommended size limit (244 KiB).
This can impact web performance.
Assets: 
  fonts/fa-light-300.1980e028.eot (484 KiB)
  fonts/fa-light-300.f056755c.woff (247 KiB)
  fonts/fa-light-300.5bdaa858.ttf (483 KiB)
  img/fa-light-300.4433b4f4.svg (2.31 MiB)
  css/app.ec2186ad.css (384 KiB)
  js/app.ba11081a.js (449 KiB)
  js/assets-screen.bfdb2899.js (1.23 MiB)
  js/chunk-07c7b118.73cb0452.js (356 KiB)
  js/chunk-3f7e8d58.678bafb1.js (943 KiB)
  js/chunk-7589f13a.4d0f1ad5.js (1.14 MiB)
  js/chunk-vendors.f557784a.js (1.86 MiB)
  js/dashboard-screen.f9ecd782.js (468 KiB)
  js/dashboard-screen~utilities-screen.9093bbd7.js (849 KiB)
  js/failures-screen.b312234a.js (283 KiB)
  js/sales-screen.3b2808f1.js (268 KiB)
  js/scheduled-works-screen.970535b8.js (501 KiB)

 warning  

entrypoint size limit: The following entrypoint(s) combined asset size exceeds the recommended limit (244 KiB). This can impact web performance.
Entrypoints:
  app (2.68 MiB)
      css/chunk-vendors.b7d36435.css
      js/chunk-vendors.f557784a.js
      css/app.ec2186ad.css
      js/app.ba11081a.js


  File                                      Size             Gzipped

  dist/js/chunk-vendors.f557784a.js         1909.13 KiB      528.50 KiB
  dist/js/assets-screen.bfdb2899.js         1255.21 KiB      395.22 KiB
  dist/js/chunk-7589f13a.4d0f1ad5.js        1172.45 KiB      375.53 KiB
  dist/js/chunk-3f7e8d58.678bafb1.js        943.20 KiB       415.68 KiB
  dist/js/dashboard-screen~utilities-scr    848.68 KiB       292.33 KiB
  een.9093bbd7.js
  dist/js/scheduled-works-screen.970535b    500.63 KiB       89.17 KiB
  8.js
  dist/js/dashboard-screen.f9ecd782.js      468.25 KiB       126.18 KiB
  dist/js/app.ba11081a.js                   448.54 KiB       74.06 KiB
  dist/js/chunk-07c7b118.73cb0452.js        356.13 KiB       60.33 KiB
  dist/js/failures-screen.b312234a.js       282.68 KiB       48.58 KiB
  dist/js/sales-screen.3b2808f1.js          268.44 KiB       49.99 KiB
  dist/js/chunk-b0341208.dd042ba4.js        241.28 KiB       40.59 KiB
  dist/js/purchases-screen.7a1c333e.js      202.04 KiB       36.71 KiB
  dist/js/chunk-1d0b5459.674f095b.js        181.20 KiB       31.39 KiB
  dist/js/chunk-7999fecd.2251a0d5.js        176.45 KiB       31.49 KiB
  dist/js/home-screen.9556bdb7.js           158.89 KiB       28.72 KiB
  dist/js/chunk-3c228aa7.3be487a7.js        150.41 KiB       26.14 KiB
  dist/js/planner-screen.7d651f45.js        146.22 KiB       29.11 KiB
  dist/js/chunk-77774209.cff60b9c.js        95.90 KiB        17.61 KiB
  dist/js/utilities-screen.83b6a259.js      71.13 KiB        15.82 KiB
  dist/js/chunk-155c4dfa.3df544de.js        69.64 KiB        12.26 KiB
  dist/js/client-prices-old-cms-screen.7    60.70 KiB        12.72 KiB
  d1c08dc.js
  dist/js/chunk-6e688877.9f283694.js        52.01 KiB        10.70 KiB
  dist/js/utility-types-management-scree    49.21 KiB        9.32 KiB
  n.fd340229.js
  dist/js/chunk-312b3234.c3905575.js        47.25 KiB        9.18 KiB
  dist/js/chunk-e6858394.4e472a07.js        45.25 KiB        9.10 KiB
  dist/js/webhook-logs-management-screen    44.54 KiB        9.49 KiB
  .b92a0164.js
  dist/js/webhooks-management-screen.a50    44.15 KiB        9.62 KiB
  32c1e.js
  dist/js/personal-access-tokens-managem    42.98 KiB        8.86 KiB
  ent-screen.eeda3ff6.js
  dist/js/chunk-a8fa3700.efede57c.js        39.98 KiB        8.54 KiB
  dist/js/chunk-475c1cfd.bed436ab.js        39.79 KiB        8.33 KiB
  dist/js/chunk-680b1faa.717e9dcd.js        37.53 KiB        8.04 KiB
  dist/js/chunk-2c042338.3a724100.js        37.34 KiB        7.71 KiB
  dist/js/iot-management-screen.fdac6012    36.67 KiB        7.14 KiB
  .js
  dist/js/failures-screen~home-screen~pl    36.20 KiB        8.30 KiB
  anner-screen.e86e305a.js
  dist/js/analytics-screen.deb8cb1f.js      35.63 KiB        6.70 KiB
  dist/js/cost-center-management-screen.    34.82 KiB        7.51 KiB
  8a1ca2d5.js
  dist/js/settings-screen.17e26004.js       34.17 KiB        6.65 KiB
  dist/js/chunk-bbbd40a6.48e15da0.js        34.17 KiB        7.33 KiB
  dist/js/welcome-screen.27669bc2.js        33.05 KiB        7.08 KiB
  dist/js/chunk-4f62a092.1b164356.js        32.40 KiB        6.71 KiB
  dist/js/chunk-3a251fde.612d759a.js        31.94 KiB        7.01 KiB
  dist/js/chunk-8a8d5404.54f01b5c.js        31.91 KiB        7.67 KiB
  dist/js/chunk-45508166.fabf1ee8.js        31.90 KiB        6.65 KiB
  dist/js/chunk-af3e245e.6db194f5.js        31.88 KiB        6.16 KiB
  dist/js/chunk-655f70aa.8dff55ca.js        30.66 KiB        7.40 KiB
  dist/js/chunk-4d68c87e.de36ff12.js        30.29 KiB        6.75 KiB
  dist/js/chunk-3895189e.b7350049.js        29.43 KiB        6.48 KiB
  dist/js/chunk-7fb841d7.8526d4f9.js        29.08 KiB        6.28 KiB
  dist/js/chunk-f5000e4c.19681d46.js        29.01 KiB        6.99 KiB
  dist/js/chunk-2b828074.ddd33cb8.js        28.96 KiB        6.67 KiB
  dist/js/chunk-de9a31f4.35bb6460.js        28.73 KiB        6.18 KiB
  dist/js/chunk-374bd2eb.9dd01353.js        27.42 KiB        6.54 KiB
  dist/js/chunk-4fd789b7.241da1ce.js        26.74 KiB        5.18 KiB
  dist/js/chunk-9d0e5264.8f7dbdc7.js        26.67 KiB        5.44 KiB
  dist/precache-manifest.93ce14e447203b8    26.13 KiB        6.45 KiB
  c4a5ba2811ffeda33.js
  dist/js/chunk-64f6526a.de31494e.js        24.60 KiB        5.47 KiB
  dist/js/chunk-54797690.4f82de61.js        23.95 KiB        6.07 KiB
  dist/js/chunk-0e18d5e7.a288bdb5.js        23.06 KiB        5.07 KiB
  dist/js/risk-assessment-screen.88f9800    21.40 KiB        4.99 KiB
  7.js
  dist/js/chunk-6ac41814.cf900921.js        20.56 KiB        4.88 KiB
  dist/js/chunk-b2907c3e.1ecdaaff.js        19.63 KiB        3.98 KiB
  dist/js/integrations-management-screen    18.86 KiB        4.44 KiB
  .dbdd9209.js
  dist/js/chunk-493dcfb4.1cf40336.js        18.77 KiB        4.36 KiB
  dist/js/old-cms-screen.06b06db3.js        16.50 KiB        4.78 KiB
  dist/js/chunk-be924870.022aa6b9.js        15.69 KiB        3.63 KiB
  dist/js/chunk-7ec733c8.4e26c35e.js        15.16 KiB        3.34 KiB
  dist/js/chunk-94e0eada.d38d43ac.js        14.98 KiB        3.10 KiB
  dist/js/chunk-7b80101c.1fbc5361.js        14.86 KiB        3.39 KiB
  dist/js/assets-screen~cost-center-mana    14.76 KiB        4.64 KiB
  gement-screen~failures-screen~personal
  -access-tokens-management-screen~53da0
  ef1.0fd2a855.js
  dist/js/chunk-3016ec69.49f0a20a.js        14.67 KiB        3.61 KiB
  dist/js/chunk-4c900152.cb990117.js        13.59 KiB        3.47 KiB
  dist/js/chunk-2840fb22.2fa74a98.js        13.48 KiB        3.30 KiB
  dist/js/chunk-bea1e0a2.dde963e0.js        13.36 KiB        3.49 KiB
  dist/js/chunk-37fd62c6.b723052a.js        12.66 KiB        3.41 KiB
  dist/js/chunk-7ed7ad26.18d5d43f.js        12.30 KiB        3.53 KiB
  dist/js/chunk-f9aced80.4fff9b2f.js        11.08 KiB        2.98 KiB
  dist/js/chunk-36cedd90.f98c7b87.js        10.31 KiB        3.10 KiB
  dist/js/chunk-4733bfcd.bc0c9248.js        9.97 KiB         3.16 KiB
  dist/js/chunk-a4692d46.bf4f1f38.js        8.44 KiB         2.92 KiB
  dist/js/chunk-5b653a01.58932d79.js        8.13 KiB         2.86 KiB
  dist/js/chunk-7c25761a.3ec4aafd.js        8.04 KiB         2.61 KiB
  dist/js/chunk-13ebea97.45aad391.js        7.47 KiB         1.93 KiB
  dist/js/chunk-353cee98.2f62d504.js        7.14 KiB         2.45 KiB
  dist/js/chunk-63835dc7.7c3a8367.js        5.91 KiB         1.56 KiB
  dist/js/chunk-421f3692.0b2e9d98.js        4.78 KiB         1.21 KiB
  dist/js/chunk-0b30af83.e7e8cdb3.js        4.47 KiB         1.66 KiB
  dist/js/settings-page-not-found.c141eb    3.93 KiB         1.76 KiB
  38.js
  dist/js/chunk-2d0d8057.3c3ed904.js        3.53 KiB         1.23 KiB
  dist/basic.js                             3.36 KiB         1.05 KiB
  dist/js/chunk-2d212ff2.6629aa81.js        3.05 KiB         1.17 KiB
  dist/js/chunk-2d2261a8.da626f13.js        3.02 KiB         1.24 KiB
  dist/js/chunk-2d0b1be8.d9984fd0.js        2.99 KiB         1.16 KiB
  dist/js/chunk-764d722c.a231af13.js        2.89 KiB         1.21 KiB
  dist/js/chunk-2d0e91af.ad0f37a9.js        2.69 KiB         1.18 KiB
  dist/js/chunk-2d0e1dae.cdc5bfc6.js        2.67 KiB         1.22 KiB
  dist/js/chunk-2d0e4a7c.6b07ec80.js        2.65 KiB         1.19 KiB
  dist/js/chunk-2d0ce796.5f2a3efe.js        2.57 KiB         1.20 KiB
  dist/js/chunk-2d0db486.34bed1c2.js        2.55 KiB         1.19 KiB
  dist/js/chunk-2d21b27e.07be6566.js        2.54 KiB         1.13 KiB
  dist/js/chunk-2d229616.f7ca2457.js        2.52 KiB         1.17 KiB
  dist/js/chunk-f50c655a.f9eec023.js        2.51 KiB         1.08 KiB
  dist/js/chunk-2d228e49.d768461f.js        2.46 KiB         1.11 KiB
  dist/js/chunk-2d22d238.2e039c12.js        2.45 KiB         1.15 KiB
  dist/js/chunk-2d0b2213.6a128350.js        2.43 KiB         1.07 KiB
  dist/js/chunk-2d0da6ab.74241921.js        2.24 KiB         1.09 KiB
  dist/js/login-screen.cb759d29.js          2.21 KiB         1.02 KiB
  dist/js/chunk-2d0d622d.38de996c.js        2.18 KiB         1.01 KiB
  dist/js/chunk-2d0cba55.e7d6e534.js        2.12 KiB         1.04 KiB
  dist/js/chunk-2d0f0dec.d782f997.js        2.03 KiB         1.01 KiB
  dist/js/chunk-2d216de6.77705d1b.js        2.01 KiB         1.06 KiB
  dist/js/chunk-2d2132bb.b65fbc8c.js        2.01 KiB         0.97 KiB
  dist/js/chunk-2d0b2ee7.2a81427c.js        2.00 KiB         1.05 KiB
  dist/js/chunk-2d0cf17f.e3785b20.js        1.99 KiB         1.03 KiB
  dist/js/chunk-2d0bdb3c.439f6ea8.js        1.98 KiB         1.01 KiB
  dist/js/chunk-2d237f33.2a8c2cae.js        1.98 KiB         1.04 KiB
  dist/js/chunk-2d0e26c3.1dbaca88.js        1.98 KiB         1.01 KiB
  dist/js/chunk-2d2259d8.83888308.js        1.97 KiB         0.98 KiB
  dist/js/chunk-2d0d70e6.c3640bf9.js        1.96 KiB         1.01 KiB
  dist/js/chunk-2d0ea0ba.3e43d6b9.js        1.96 KiB         1.02 KiB
  dist/js/chunk-2d0d6a95.3d883ea9.js        1.95 KiB         0.96 KiB
  dist/js/chunk-2d0cca32.2bac9c9b.js        1.95 KiB         0.95 KiB
  dist/js/chunk-2d0d03e8.594e85b0.js        1.95 KiB         0.96 KiB
  dist/js/chunk-2d0d70c6.67724bf1.js        1.95 KiB         0.99 KiB
  dist/js/chunk-2d0c575a.9770dc11.js        1.95 KiB         0.97 KiB
  dist/js/chunk-2d0e9ba2.c8755efe.js        1.94 KiB         0.97 KiB
  dist/js/chunk-2d0b9447.463d5376.js        1.93 KiB         0.95 KiB
  dist/js/chunk-2d0a45e0.4ae886a3.js        1.92 KiB         0.95 KiB
  dist/js/chunk-2d217af6.ab91f521.js        1.92 KiB         1.05 KiB
  dist/js/chunk-2d0b23c4.8daecc20.js        1.91 KiB         0.97 KiB
  dist/js/chunk-2d2107bd.2b521a96.js        1.91 KiB         0.96 KiB
  dist/js/chunk-2d22e165.96d5bfa2.js        1.91 KiB         0.95 KiB
  dist/js/chunk-2d20f204.6b3c5220.js        1.90 KiB         1.00 KiB
  dist/js/chunk-2d21a5d7.22ef6e49.js        1.90 KiB         0.95 KiB
  dist/js/chunk-2d0e57ff.3ecd9637.js        1.90 KiB         0.93 KiB
  dist/js/chunk-2d2288f4.b828a075.js        1.90 KiB         0.92 KiB
  dist/js/chunk-2d221b7a.80874bff.js        1.89 KiB         0.99 KiB
  dist/js/chunk-2d0cbca7.f3384819.js        1.88 KiB         0.98 KiB
  dist/js/chunk-230de189.ece3cacb.js        1.86 KiB         0.91 KiB
  dist/js/chunk-2d0d0f3c.81b63e6b.js        1.85 KiB         0.95 KiB
  dist/js/chunk-2d0d3ea6.e6f28ebc.js        1.84 KiB         0.96 KiB
  dist/js/chunk-2d0e5eb9.8665eff2.js        1.84 KiB         0.94 KiB
  dist/js/chunk-2d20e85d.6479021d.js        1.82 KiB         0.91 KiB
  dist/js/chunk-2d20f558.03553899.js        1.81 KiB         0.90 KiB
  dist/js/settings-in-maintenance.faa38b    1.44 KiB         0.68 KiB
  77.js
  dist/service-worker.js                    1.06 KiB         0.62 KiB
  dist/css/app.ec2186ad.css                 383.88 KiB       64.75 KiB
  dist/css/scheduled-works-screen.59314a    46.75 KiB        7.25 KiB
  66.css
  dist/css/chunk-07c7b118.20728a3e.css      39.78 KiB        6.09 KiB
  dist/css/dashboard-screen.9d7e46d6.css    38.26 KiB        9.97 KiB
  dist/css/assets-screen.a71caf3e.css       30.57 KiB        5.33 KiB
  dist/css/chunk-1d0b5459.44a1121c.css      27.05 KiB        4.13 KiB
  dist/css/chunk-7589f13a.d8fc3930.css      24.19 KiB        4.33 KiB
  dist/css/chunk-3f7e8d58.a435ab13.css      22.52 KiB        3.99 KiB
  dist/css/failures-screen.4572ac76.css     19.23 KiB        3.55 KiB
  dist/css/chunk-475c1cfd.62477c17.css      18.57 KiB        3.24 KiB
  dist/css/sales-screen.5cd2ec2e.css        17.49 KiB        3.23 KiB
  dist/css/planner-screen.ae557370.css      16.86 KiB        3.31 KiB
  dist/css/chunk-77774209.a3e54048.css      16.33 KiB        2.82 KiB
  dist/css/chunk-b0341208.7fd83bce.css      16.02 KiB        2.99 KiB
  dist/css/utilities-screen.d79907f2.css    15.44 KiB        2.63 KiB
  dist/css/chunk-374bd2eb.5711bc3a.css      14.90 KiB        1.79 KiB
  dist/css/home-screen.a87e5f07.css         14.84 KiB        2.71 KiB
  dist/css/chunk-54797690.33fdec05.css      14.77 KiB        2.58 KiB
  dist/css/welcome-screen.87c7b51a.css      14.67 KiB        1.75 KiB
  dist/css/purchases-screen.94e5a82a.css    13.72 KiB        2.46 KiB
  dist/css/chunk-7999fecd.19a1ad56.css      12.28 KiB        2.25 KiB
  dist/css/webhook-logs-management-scree    11.57 KiB        2.25 KiB
  n.80f971f6.css
  dist/css/chunk-655f70aa.330aa16b.css      11.08 KiB        2.14 KiB
  dist/css/chunk-312b3234.48b3ce4e.css      10.92 KiB        2.05 KiB
  dist/css/chunk-a8fa3700.011cafd9.css      10.71 KiB        2.08 KiB
  dist/css/webhooks-management-screen.d0    10.70 KiB        2.07 KiB
  7555e6.css
  dist/css/client-prices-old-cms-screen.    10.66 KiB        1.97 KiB
  defcfac5.css
  dist/css/iot-management-screen.04cf36a    10.19 KiB        1.82 KiB
  a.css
  dist/css/utility-types-management-scre    10.01 KiB        1.93 KiB
  en.8012ce91.css
  dist/css/chunk-bbbd40a6.c4450790.css      9.92 KiB         1.92 KiB
  dist/css/chunk-680b1faa.3e53b741.css      9.86 KiB         1.93 KiB
  dist/css/chunk-4d68c87e.db67a011.css      9.76 KiB         1.89 KiB
  dist/css/chunk-8a8d5404.ee28b30a.css      9.58 KiB         1.87 KiB
  dist/css/chunk-6e688877.d2bf0b85.css      9.24 KiB         1.84 KiB
  dist/css/chunk-3c228aa7.f68d758a.css      8.95 KiB         1.52 KiB
  dist/css/chunk-155c4dfa.cdb43f6b.css      8.46 KiB         1.56 KiB
  dist/basic.css                            8.28 KiB         1.63 KiB
  dist/css/chunk-e6858394.ed0069c5.css      7.67 KiB         1.60 KiB
  dist/css/chunk-94e0eada.114b9b01.css      7.52 KiB         1.52 KiB
  dist/css/chunk-4f62a092.c51a21db.css      7.15 KiB         1.53 KiB
  dist/css/settings-screen.daf36c16.css     7.11 KiB         1.51 KiB
  dist/css/analytics-screen.de0a634e.css    6.95 KiB         1.36 KiB
  dist/css/chunk-7ed7ad26.e0bd3985.css      6.68 KiB         1.22 KiB
  dist/css/chunk-7ec733c8.4264824e.css      5.88 KiB         1.37 KiB
  dist/css/chunk-493dcfb4.790e930e.css      5.70 KiB         1.31 KiB
  dist/css/personal-access-tokens-manage    5.00 KiB         1.25 KiB
  ment-screen.f7047ff2.css
  dist/css/chunk-64f6526a.726ca909.css      4.43 KiB         1.06 KiB
  dist/css/chunk-4fd789b7.2efc2548.css      4.10 KiB         1.02 KiB
  dist/css/assets-screen~cost-center-man    4.05 KiB         1.04 KiB
  agement-screen~failures-screen~persona
  l-access-tokens-management-screen~53da
  0ef1.1a38ede6.css
  dist/css/chunk-f5000e4c.d31d701d.css      3.57 KiB         0.95 KiB
  dist/css/cost-center-management-screen    3.46 KiB         0.95 KiB
  .ec751c96.css
  dist/css/settings-page-not-found.741a6    3.46 KiB         0.58 KiB
  07e.css
  dist/css/chunk-2c042338.0039648a.css      3.40 KiB         0.91 KiB
  dist/css/chunk-vendors.b7d36435.css       3.37 KiB         0.66 KiB
  dist/css/chunk-f9aced80.cdad4c07.css      3.34 KiB         0.89 KiB
  dist/css/chunk-3a251fde.86d9c5a5.css      3.33 KiB         0.88 KiB
  dist/css/chunk-45508166.4083d1e9.css      3.22 KiB         0.84 KiB
  dist/css/chunk-6ac41814.cd569cae.css      3.22 KiB         0.84 KiB
  dist/css/chunk-7fb841d7.4083d1e9.css      3.22 KiB         0.84 KiB
  dist/css/chunk-de9a31f4.4083d1e9.css      3.22 KiB         0.84 KiB
  dist/css/chunk-2b828074.15cacaa5.css      3.19 KiB         0.84 KiB
  dist/css/chunk-3895189e.15cacaa5.css      3.19 KiB         0.84 KiB
  dist/css/risk-assessment-screen.2de07f    3.18 KiB         0.88 KiB
  27.css
  dist/css/chunk-7b80101c.512fe373.css      3.12 KiB         0.81 KiB
  dist/css/chunk-9d0e5264.93f22d5b.css      3.08 KiB         0.86 KiB
  dist/css/chunk-0e18d5e7.aa884dec.css      3.08 KiB         0.79 KiB
  dist/css/chunk-af3e245e.9b2adac3.css      3.08 KiB         0.79 KiB
  dist/css/chunk-bea1e0a2.6867c877.css      3.03 KiB         0.84 KiB
  dist/css/chunk-7c25761a.f6e5364b.css      2.99 KiB         0.88 KiB
  dist/css/integrations-management-scree    2.91 KiB         0.78 KiB
  n.5163963e.css
  dist/css/chunk-13ebea97.cf3d5f1e.css      2.22 KiB         0.62 KiB
  dist/css/chunk-36cedd90.3eb00792.css      1.86 KiB         0.55 KiB
  dist/css/failures-screen~home-screen~p    1.67 KiB         0.57 KiB
  lanner-screen.e93da536.css
  dist/css/chunk-3016ec69.ec58605b.css      1.65 KiB         0.53 KiB
  dist/css/chunk-be924870.79b7a0f8.css      1.29 KiB         0.47 KiB
  dist/css/chunk-63835dc7.5241ca1a.css      1.05 KiB         0.41 KiB
  dist/css/chunk-230de189.9df33e9d.css      0.43 KiB         0.20 KiB
  dist/css/chunk-4c900152.56a7d5e0.css      0.42 KiB         0.25 KiB
  dist/css/chunk-a4692d46.eb6b6e0e.css      0.36 KiB         0.18 KiB
  dist/css/chunk-5b653a01.8fa64d17.css      0.34 KiB         0.17 KiB
  dist/css/chunk-421f3692.3aba1420.css      0.26 KiB         0.17 KiB
  dist/css/chunk-f50c655a.6ce1c6d5.css      0.23 KiB         0.15 KiB
  dist/css/settings-in-maintenance.ef200    0.22 KiB         0.15 KiB
  bda.css
  dist/css/dashboard-screen~utilities-sc    0.18 KiB         0.12 KiB
  reen.de4ccf28.css
  dist/css/old-cms-screen.f0cf01ca.css      0.15 KiB         0.13 KiB
  dist/css/chunk-37fd62c6.05e4660c.css      0.14 KiB         0.10 KiB
  dist/css/chunk-353cee98.e14f1a69.css      0.11 KiB         0.09 KiB
  dist/css/chunk-4733bfcd.e14f1a69.css      0.11 KiB         0.09 KiB
  dist/css/chunk-764d722c.736eb056.css      0.05 KiB         0.07 KiB
  dist/css/chunk-0b30af83.b33f347a.css      0.05 KiB         0.07 KiB

  Images and other types of assets omitted.

 DONE  Build complete. The dist directory is ready to be deployed.
 INFO  Check out deployment instructions at https://cli.vuejs.org/guide/deployment.html
      
section_end:1603716741:step_script[0Ksection_start:1603716741:upload_artifacts_on_success[0K[0K[36;1mUploading artifacts for successful job[0;m
[0;m[32;1mUploading artifacts...[0;m
dist/: found 440 matching files and directories   [0;m 
Uploading artifacts as "archive" to coordinator... ok[0;m  id[0;m=811960445 responseStatus[0;m=201 Created token[0;m=qCyYG4tw
section_end:1603716747:upload_artifacts_on_success[0K[32;1mJob succeeded
[0;m