[0KRunning with gitlab-runner 13.2.2 (a998cacd)
[0;m[0K  on Web Core Client - Tests- docker+machine Gu_oFDiR
[0;msection_start:1607703786:prepare_executor[0K[0K[36;1mPreparing the "docker+machine" executor[0;m
[0;m[0KUsing Docker executor with image node:12.16.1 ...
[0;m[0KPulling docker image node:12.16.1 ...
[0;m[0KUsing docker image sha256:88c089733a3b980b3517e8e2e8afa46b338f69d7562550cb3c2e9fd852a2fbac for node:12.16.1 ...
[0;msection_end:1607703788:prepare_executor[0Ksection_start:1607703788:prepare_script[0K[0K[36;1mPreparing environment[0;m
[0;mRunning on runner-guofdir-project-20143087-concurrent-0 via runner-guofdir-IS-Pipeline-gitlab-runner-1607703263-3dcb8a8e...
section_end:1607703788:prepare_script[0Ksection_start:1607703788:get_sources[0K[0K[36;1mGetting source from Git repository[0;m
[0;m[32;1mFetching changes with git depth set to 1...[0;m
Initialized empty Git repository in /builds/infraspeak/web/web-core-client/.git/
[32;1mCreated fresh repository.[0;m
[32;1mChecking out a620bcf8 as v0.91.3...[0;m

[32;1mSkipping Git submodules setup[0;m
section_end:1607703791:get_sources[0Ksection_start:1607703791:restore_cache[0K[0K[36;1mRestoring cache[0;m
[0;m[32;1mChecking cache for v0-91-3...[0;m
Downloading cache.zip from https://is-gitlab-runners-cache.s3.dualstack.eu-west-1.amazonaws.com/project/20143087/v0-91-3[0;m 
[32;1mSuccessfully extracted cache[0;m
section_end:1607703825:restore_cache[0Ksection_start:1607703825:step_script[0K[0K[36;1mExecuting "step_script" stage of the job script[0;m
[0;m[32;1m$ npm run build-production[0;m

> infraspeak-web-core-client@0.91.0 build-production /builds/infraspeak/web/web-core-client
> vue-cli-service build --mode production --dest dist


-  Building for production...
Starting type checking service...
Using 1 worker with 2048MB memory limit
 WARNING  Compiled with 22 warnings4:29:10 PM

Module Warning (from ./node_modules/eslint-loader/index.js):
error: Expected a space after the ':' (@typescript-eslint/type-annotation-spacing) at src/components/common/popover-list/IsPopoverList.vue:64:27:
  62 | 
  63 |         @Prop({ type: Boolean, default: false })
> 64 |         readonly isInline!:boolean
     |                           ^
  65 | 
  66 |         @Prop({ type: String, default: '' })
  67 |         readonly buttonText!: string


1 error found.
1 error potentially fixable with the `--fix` option.

Module Warning (from ./node_modules/eslint-loader/index.js):
error: Unexpected console statement (no-console) at src/components/chart/analytic/ChartAnalytic.vue:251:25:
  249 |                         this.isLoadingData = false
  250 | 
> 251 |                         console.error('error getting data: ', error)
      |                         ^
  252 |                     })
  253 |             }
  254 | 


error: Unexpected console statement (no-console) at src/components/chart/analytic/ChartAnalytic.vue:331:29:
  329 |                         })
  330 |                         .catch(error => {
> 331 |                             console.error('error exporting data: ', error)
      |                             ^
  332 |                         })
  333 |                         .finally(progressNoty.close)
  334 | 


2 errors found.

Module Warning (from ./node_modules/eslint-loader/index.js):
warning: Attribute ":mobile-main-tab-name" should go before "@close" (vue/attributes-order) at src/components/modal/quote/ModalQuote.vue:10:9:
   8 |         @refresh="refresh"
   9 |         @close="close"
> 10 |         :mobile-main-tab-name="$t('redesign__modal-quote.details')"
     |         ^
  11 |         mobile-main-tab-icon="fal fa-info-circle"
  12 |         :mobile-secondary-tab-name="$t('redesign__modal-quote.history')"
  13 |         mobile-secondary-tab-icon="fal fa-history"


warning: Attribute "mobile-main-tab-icon" should go before "@close" (vue/attributes-order) at src/components/modal/quote/ModalQuote.vue:11:9:
   9 |         @close="close"
  10 |         :mobile-main-tab-name="$t('redesign__modal-quote.details')"
> 11 |         mobile-main-tab-icon="fal fa-info-circle"
     |         ^
  12 |         :mobile-secondary-tab-name="$t('redesign__modal-quote.history')"
  13 |         mobile-secondary-tab-icon="fal fa-history"
  14 |         show-mobile-navigation>


warning: Attribute ":mobile-secondary-tab-name" should go before "@close" (vue/attributes-order) at src/components/modal/quote/ModalQuote.vue:12:9:
  10 |         :mobile-main-tab-name="$t('redesign__modal-quote.details')"
  11 |         mobile-main-tab-icon="fal fa-info-circle"
> 12 |         :mobile-secondary-tab-name="$t('redesign__modal-quote.history')"
     |         ^
  13 |         mobile-secondary-tab-icon="fal fa-history"
  14 |         show-mobile-navigation>
  15 |         <template #actionBarLeft>


warning: Attribute "mobile-secondary-tab-icon" should go before "@close" (vue/attributes-order) at src/components/modal/quote/ModalQuote.vue:13:9:
  11 |         mobile-main-tab-icon="fal fa-info-circle"
  12 |         :mobile-secondary-tab-name="$t('redesign__modal-quote.history')"
> 13 |         mobile-secondary-tab-icon="fal fa-history"
     |         ^
  14 |         show-mobile-navigation>
  15 |         <template #actionBarLeft>
  16 |             <action-bar-quote


warning: Attribute "show-mobile-navigation" should go before "@close" (vue/attributes-order) at src/components/modal/quote/ModalQuote.vue:14:9:
  12 |         :mobile-secondary-tab-name="$t('redesign__modal-quote.history')"
  13 |         mobile-secondary-tab-icon="fal fa-history"
> 14 |         show-mobile-navigation>
     |         ^
  15 |         <template #actionBarLeft>
  16 |             <action-bar-quote
  17 |                 :quote-id="quoteId"


5 warnings found.
5 warnings potentially fixable with the `--fix` option.

You may use special comments to disable some warnings.
Use // eslint-disable-next-line to ignore the next line.
Use /* eslint-disable */ to ignore all warnings in a file.
 warning  in ./src/models/Base.transformer.ts

Module Warning (from ./node_modules/thread-loader/dist/cjs.js):

/builds/infraspeak/web/web-core-client/src/models/Base.transformer.ts
  17:13  error  Unexpected console statement  no-console
  39:9   error  Unexpected console statement  no-console

✖ 2 problems (2 errors, 0 warnings)


 @ ./src/models/extension/transformers/Integration.transformer.v3.ts 7:0-60 46:2-17
 @ ./src/api/configs/objectTransformerMap.ts
 @ ./src/api/helpers/JsonApiDeserializer.helper.ts
 @ ./src/plugins/axios/axios.plugin.ts
 @ ./src/plugins/authentication-token/AuthenticationToken.ts
 @ ./src/plugins/vue-router/router.plugin.ts
 @ ./src/main.ts
 @ multi ./src/main.ts

 warning  in ./src/models/material/Material.model.ts

Module Warning (from ./node_modules/thread-loader/dist/cjs.js):

/builds/infraspeak/web/web-core-client/src/models/material/Material.model.ts
  5:68  error  Multiple spaces found before '{'  no-multi-spaces

✖ 1 problem (1 error, 0 warnings)
  1 error and 0 warnings potentially fixable with the `--fix` option.


 @ ./src/models/material/transformers/Material.transformer.v3.ts 12:0-45 33:17-25
 @ ./src/api/configs/objectTransformerMap.ts
 @ ./src/api/helpers/JsonApiDeserializer.helper.ts
 @ ./src/plugins/axios/axios.plugin.ts
 @ ./src/plugins/authentication-token/AuthenticationToken.ts
 @ ./src/plugins/vue-router/router.plugin.ts
 @ ./src/main.ts
 @ multi ./src/main.ts

 warning  in ./src/plugins/vuex/store/root/RootStore.ts

Module Warning (from ./node_modules/thread-loader/dist/cjs.js):

/builds/infraspeak/web/web-core-client/src/plugins/vuex/store/root/RootStore.ts
  207:17  error  Unexpected console statement  no-console

✖ 1 problem (1 error, 0 warnings)


 @ ./src/plugins/vuex/vuex.plugin.ts 4:0-51 37:3-12
 @ ./src/main.ts
 @ multi ./src/main.ts

 warning  in ./src/views/quotes/configs/availableColumnsAccepted.config.ts

Module Warning (from ./node_modules/thread-loader/dist/cjs.js):

/builds/infraspeak/web/web-core-client/src/views/quotes/configs/availableColumnsAccepted.config.ts
  8:23  error  Extra space before value for key 'converted-at'  key-spacing

✖ 1 problem (1 error, 0 warnings)
  1 error and 0 warnings potentially fixable with the `--fix` option.


 @ ./src/views/quotes/ScreenQuotes.store.ts 37:0-91 195:25-59
 @ ./node_modules/cache-loader/dist/cjs.js??ref--14-0!./node_modules/thread-loader/dist/cjs.js!./node_modules/babel-loader/lib!./node_modules/ts-loader??ref--14-3!./node_modules/cache-loader/dist/cjs.js??ref--0-0!./node_modules/vue-loader/lib??vue-loader-options!./src/views/quotes/ScreenQuotes.vue?vue&type=script&lang=ts&
 @ ./src/views/quotes/ScreenQuotes.vue?vue&type=script&lang=ts&
 @ ./src/views/quotes/ScreenQuotes.vue
 @ ./src/plugins/vue-router/router.plugin.ts
 @ ./src/main.ts
 @ multi ./src/main.ts

 warning  

chunk chunk-79cc4ed7 [mini-css-extract-plugin]
Conflicting order. Following module has been added:
 * css ./node_modules/css-loader/dist/cjs.js??ref--8-oneOf-1-1!./node_modules/vue-loader/lib/loaders/stylePostLoader.js!./node_modules/postcss-loader/src??ref--8-oneOf-1-2!./node_modules/sass-loader/dist/cjs.js??ref--8-oneOf-1-3!./node_modules/cache-loader/dist/cjs.js??ref--0-0!./node_modules/vue-loader/lib??vue-loader-options!./src/components/common/tag/popover/IsTagPopover.vue?vue&type=style&index=0&lang=scss&
despite it was not able to fulfill desired ordering with these modules:
 * css ./node_modules/css-loader/dist/cjs.js??ref--8-oneOf-1-1!./node_modules/vue-loader/lib/loaders/stylePostLoader.js!./node_modules/postcss-loader/src??ref--8-oneOf-1-2!./node_modules/sass-loader/dist/cjs.js??ref--8-oneOf-1-3!./node_modules/cache-loader/dist/cjs.js??ref--0-0!./node_modules/vue-loader/lib??vue-loader-options!./src/components/common/select/IsSelect.vue?vue&type=style&index=0&lang=scss&
   - couldn't fulfill desired order of chunk group(s) scheduled-works-screen, , 
   - while fulfilling desired order of chunk group(s) dashboard-screen, failures-screen, sales-screen, sales-quotes, assets-screen, purchases-screen, client-prices-old-cms-screen, , , , , , , , , , , , 

 warning  

chunk chunk-d561b53a [mini-css-extract-plugin]
Conflicting order. Following module has been added:
 * css ./node_modules/css-loader/dist/cjs.js??ref--8-oneOf-1-1!./node_modules/vue-loader/lib/loaders/stylePostLoader.js!./node_modules/postcss-loader/src??ref--8-oneOf-1-2!./node_modules/sass-loader/dist/cjs.js??ref--8-oneOf-1-3!./node_modules/cache-loader/dist/cjs.js??ref--0-0!./node_modules/vue-loader/lib??vue-loader-options!./src/components/common/action-buttons/IsActionButtons.vue?vue&type=style&index=0&id=0b31a7e1&lang=scss&scoped=true&
despite it was not able to fulfill desired ordering with these modules:
 * css ./node_modules/css-loader/dist/cjs.js??ref--8-oneOf-1-1!./node_modules/vue-loader/lib/loaders/stylePostLoader.js!./node_modules/postcss-loader/src??ref--8-oneOf-1-2!./node_modules/sass-loader/dist/cjs.js??ref--8-oneOf-1-3!./node_modules/cache-loader/dist/cjs.js??ref--0-0!./node_modules/vue-loader/lib??vue-loader-options!./src/components/common/navigation-buttons/IsNavigationButtons.vue?vue&type=style&index=0&id=76168aaa&lang=scss&scoped=true&
   - couldn't fulfill desired order of chunk group(s) 
   - while fulfilling desired order of chunk group(s) planner-screen

 warning  

chunk chunk-d561b53a [mini-css-extract-plugin]
Conflicting order. Following module has been added:
 * css ./node_modules/css-loader/dist/cjs.js??ref--8-oneOf-1-1!./node_modules/vue-loader/lib/loaders/stylePostLoader.js!./node_modules/postcss-loader/src??ref--8-oneOf-1-2!./node_modules/sass-loader/dist/cjs.js??ref--8-oneOf-1-3!./node_modules/cache-loader/dist/cjs.js??ref--0-0!./node_modules/vue-loader/lib??vue-loader-options!./src/components/common/date-picker/IsDatePicker.vue?vue&type=style&index=0&lang=scss&
despite it was not able to fulfill desired ordering with these modules:
 * css ./node_modules/css-loader/dist/cjs.js??ref--8-oneOf-1-1!./node_modules/vue-loader/lib/loaders/stylePostLoader.js!./node_modules/postcss-loader/src??ref--8-oneOf-1-2!./node_modules/sass-loader/dist/cjs.js??ref--8-oneOf-1-3!./node_modules/cache-loader/dist/cjs.js??ref--0-0!./node_modules/vue-loader/lib??vue-loader-options!./src/components/common/navigation-buttons/IsNavigationButtons.vue?vue&type=style&index=0&id=76168aaa&lang=scss&scoped=true&
   - couldn't fulfill desired order of chunk group(s) 
   - while fulfilling desired order of chunk group(s) planner-screen

 warning  

chunk chunk-d561b53a [mini-css-extract-plugin]
Conflicting order. Following module has been added:
 * css ./node_modules/css-loader/dist/cjs.js??ref--8-oneOf-1-1!./node_modules/vue-loader/lib/loaders/stylePostLoader.js!./node_modules/postcss-loader/src??ref--8-oneOf-1-2!./node_modules/sass-loader/dist/cjs.js??ref--8-oneOf-1-3!./node_modules/cache-loader/dist/cjs.js??ref--0-0!./node_modules/vue-loader/lib??vue-loader-options!./src/components/common/select/IsSelect.vue?vue&type=style&index=0&lang=scss&
despite it was not able to fulfill desired ordering with these modules:
 * css ./node_modules/css-loader/dist/cjs.js??ref--8-oneOf-1-1!./node_modules/vue-loader/lib/loaders/stylePostLoader.js!./node_modules/postcss-loader/src??ref--8-oneOf-1-2!./node_modules/sass-loader/dist/cjs.js??ref--8-oneOf-1-3!./node_modules/cache-loader/dist/cjs.js??ref--0-0!./node_modules/vue-loader/lib??vue-loader-options!./src/components/chip/operator/ChipOperator.vue?vue&type=style&index=0&id=656b7d89&lang=scss&scoped=true&
   - couldn't fulfill desired order of chunk group(s) 
   - while fulfilling desired order of chunk group(s) planner-screen
 * css ./node_modules/css-loader/dist/cjs.js??ref--8-oneOf-1-1!./node_modules/vue-loader/lib/loaders/stylePostLoader.js!./node_modules/postcss-loader/src??ref--8-oneOf-1-2!./node_modules/sass-loader/dist/cjs.js??ref--8-oneOf-1-3!./node_modules/cache-loader/dist/cjs.js??ref--0-0!./node_modules/vue-loader/lib??vue-loader-options!./src/components/summary/operator/SummaryOperator.vue?vue&type=style&index=0&id=51377b1a&lang=scss&scoped=true&
   - couldn't fulfill desired order of chunk group(s) 
   - while fulfilling desired order of chunk group(s) planner-screen
 * css ./node_modules/css-loader/dist/cjs.js??ref--8-oneOf-1-1!./node_modules/vue-loader/lib/loaders/stylePostLoader.js!./node_modules/postcss-loader/src??ref--8-oneOf-1-2!./node_modules/sass-loader/dist/cjs.js??ref--8-oneOf-1-3!./node_modules/cache-loader/dist/cjs.js??ref--0-0!./node_modules/vue-loader/lib??vue-loader-options!./src/components/common/time-picker/IsTimePicker.vue?vue&type=style&index=0&id=84536cda&lang=scss&scoped=true&
   - couldn't fulfill desired order of chunk group(s) 
   - while fulfilling desired order of chunk group(s) planner-screen
 * css ./node_modules/css-loader/dist/cjs.js??ref--8-oneOf-1-1!./node_modules/vue-loader/lib/loaders/stylePostLoader.js!./node_modules/postcss-loader/src??ref--8-oneOf-1-2!./node_modules/sass-loader/dist/cjs.js??ref--8-oneOf-1-3!./node_modules/cache-loader/dist/cjs.js??ref--0-0!./node_modules/vue-loader/lib??vue-loader-options!./src/components/common/navigation-buttons/IsNavigationButtons.vue?vue&type=style&index=0&id=76168aaa&lang=scss&scoped=true&
   - couldn't fulfill desired order of chunk group(s) 
   - while fulfilling desired order of chunk group(s) planner-screen

 warning  

chunk chunk-d561b53a [mini-css-extract-plugin]
Conflicting order. Following module has been added:
 * css ./node_modules/css-loader/dist/cjs.js??ref--8-oneOf-1-1!./node_modules/vue-loader/lib/loaders/stylePostLoader.js!./node_modules/postcss-loader/src??ref--8-oneOf-1-2!./node_modules/sass-loader/dist/cjs.js??ref--8-oneOf-1-3!./node_modules/cache-loader/dist/cjs.js??ref--0-0!./node_modules/vue-loader/lib??vue-loader-options!./src/components/common/navigation-buttons/IsNavigationButtons.vue?vue&type=style&index=0&id=76168aaa&lang=scss&scoped=true&
despite it was not able to fulfill desired ordering with these modules:
 * css ./node_modules/css-loader/dist/cjs.js??ref--8-oneOf-1-1!./node_modules/vue-loader/lib/loaders/stylePostLoader.js!./node_modules/postcss-loader/src??ref--8-oneOf-1-2!./node_modules/sass-loader/dist/cjs.js??ref--8-oneOf-1-3!./node_modules/cache-loader/dist/cjs.js??ref--0-0!./node_modules/vue-loader/lib??vue-loader-options!./src/components/chip/operator/ChipOperator.vue?vue&type=style&index=0&id=656b7d89&lang=scss&scoped=true&
   - couldn't fulfill desired order of chunk group(s) planner-screen
 * css ./node_modules/css-loader/dist/cjs.js??ref--8-oneOf-1-1!./node_modules/vue-loader/lib/loaders/stylePostLoader.js!./node_modules/postcss-loader/src??ref--8-oneOf-1-2!./node_modules/sass-loader/dist/cjs.js??ref--8-oneOf-1-3!./node_modules/cache-loader/dist/cjs.js??ref--0-0!./node_modules/vue-loader/lib??vue-loader-options!./src/components/summary/operator/SummaryOperator.vue?vue&type=style&index=0&id=51377b1a&lang=scss&scoped=true&
   - couldn't fulfill desired order of chunk group(s) planner-screen
 * css ./node_modules/css-loader/dist/cjs.js??ref--8-oneOf-1-1!./node_modules/vue-loader/lib/loaders/stylePostLoader.js!./node_modules/postcss-loader/src??ref--8-oneOf-1-2!./node_modules/sass-loader/dist/cjs.js??ref--8-oneOf-1-3!./node_modules/cache-loader/dist/cjs.js??ref--0-0!./node_modules/vue-loader/lib??vue-loader-options!./src/components/common/progress-state/IsProgressState.vue?vue&type=style&index=0&id=127aa9e3&lang=scss&scoped=true&
   - couldn't fulfill desired order of chunk group(s) planner-screen

 warning  

chunk chunk-d561b53a [mini-css-extract-plugin]
Conflicting order. Following module has been added:
 * css ./node_modules/css-loader/dist/cjs.js??ref--8-oneOf-1-1!./node_modules/vue-loader/lib/loaders/stylePostLoader.js!./node_modules/postcss-loader/src??ref--8-oneOf-1-2!./node_modules/sass-loader/dist/cjs.js??ref--8-oneOf-1-3!./node_modules/cache-loader/dist/cjs.js??ref--0-0!./node_modules/vue-loader/lib??vue-loader-options!./src/components/common/progress-state/IsProgressState.vue?vue&type=style&index=0&id=127aa9e3&lang=scss&scoped=true&
despite it was not able to fulfill desired ordering with these modules:
 * css ./node_modules/css-loader/dist/cjs.js??ref--8-oneOf-1-1!./node_modules/vue-loader/lib/loaders/stylePostLoader.js!./node_modules/postcss-loader/src??ref--8-oneOf-1-2!./node_modules/sass-loader/dist/cjs.js??ref--8-oneOf-1-3!./node_modules/cache-loader/dist/cjs.js??ref--0-0!./node_modules/vue-loader/lib??vue-loader-options!./src/components/chip/operator/ChipOperator.vue?vue&type=style&index=0&id=656b7d89&lang=scss&scoped=true&
   - couldn't fulfill desired order of chunk group(s) 
   - while fulfilling desired order of chunk group(s) planner-screen
 * css ./node_modules/css-loader/dist/cjs.js??ref--8-oneOf-1-1!./node_modules/vue-loader/lib/loaders/stylePostLoader.js!./node_modules/postcss-loader/src??ref--8-oneOf-1-2!./node_modules/sass-loader/dist/cjs.js??ref--8-oneOf-1-3!./node_modules/cache-loader/dist/cjs.js??ref--0-0!./node_modules/vue-loader/lib??vue-loader-options!./src/components/summary/operator/SummaryOperator.vue?vue&type=style&index=0&id=51377b1a&lang=scss&scoped=true&
   - couldn't fulfill desired order of chunk group(s) 
   - while fulfilling desired order of chunk group(s) planner-screen
 * css ./node_modules/css-loader/dist/cjs.js??ref--8-oneOf-1-1!./node_modules/vue-loader/lib/loaders/stylePostLoader.js!./node_modules/postcss-loader/src??ref--8-oneOf-1-2!./node_modules/sass-loader/dist/cjs.js??ref--8-oneOf-1-3!./node_modules/cache-loader/dist/cjs.js??ref--0-0!./node_modules/vue-loader/lib??vue-loader-options!./src/components/common/time-picker/IsTimePicker.vue?vue&type=style&index=0&id=84536cda&lang=scss&scoped=true&
   - couldn't fulfill desired order of chunk group(s) 
   - while fulfilling desired order of chunk group(s) planner-screen

 warning  

chunk chunk-d561b53a [mini-css-extract-plugin]
Conflicting order. Following module has been added:
 * css ./node_modules/css-loader/dist/cjs.js??ref--8-oneOf-1-1!./node_modules/vue-loader/lib/loaders/stylePostLoader.js!./node_modules/postcss-loader/src??ref--8-oneOf-1-2!./node_modules/sass-loader/dist/cjs.js??ref--8-oneOf-1-3!./node_modules/cache-loader/dist/cjs.js??ref--0-0!./node_modules/vue-loader/lib??vue-loader-options!./src/components/summary/operator/SummaryOperator.vue?vue&type=style&index=0&id=51377b1a&lang=scss&scoped=true&
despite it was not able to fulfill desired ordering with these modules:
 * css ./node_modules/css-loader/dist/cjs.js??ref--8-oneOf-1-1!./node_modules/vue-loader/lib/loaders/stylePostLoader.js!./node_modules/postcss-loader/src??ref--8-oneOf-1-2!./node_modules/sass-loader/dist/cjs.js??ref--8-oneOf-1-3!./node_modules/cache-loader/dist/cjs.js??ref--0-0!./node_modules/vue-loader/lib??vue-loader-options!./src/components/common/time-picker/IsTimePicker.vue?vue&type=style&index=0&id=84536cda&lang=scss&scoped=true&
   - couldn't fulfill desired order of chunk group(s) 
   - while fulfilling desired order of chunk group(s) planner-screen

 warning  

chunk chunk-d561b53a [mini-css-extract-plugin]
Conflicting order. Following module has been added:
 * css ./node_modules/css-loader/dist/cjs.js??ref--8-oneOf-1-1!./node_modules/vue-loader/lib/loaders/stylePostLoader.js!./node_modules/postcss-loader/src??ref--8-oneOf-1-2!./node_modules/sass-loader/dist/cjs.js??ref--8-oneOf-1-3!./node_modules/cache-loader/dist/cjs.js??ref--0-0!./node_modules/vue-loader/lib??vue-loader-options!./src/components/chip/operator/ChipOperator.vue?vue&type=style&index=0&id=656b7d89&lang=scss&scoped=true&
despite it was not able to fulfill desired ordering with these modules:
 * css ./node_modules/css-loader/dist/cjs.js??ref--8-oneOf-1-1!./node_modules/vue-loader/lib/loaders/stylePostLoader.js!./node_modules/postcss-loader/src??ref--8-oneOf-1-2!./node_modules/sass-loader/dist/cjs.js??ref--8-oneOf-1-3!./node_modules/cache-loader/dist/cjs.js??ref--0-0!./node_modules/vue-loader/lib??vue-loader-options!./src/components/common/time-picker/IsTimePicker.vue?vue&type=style&index=0&id=84536cda&lang=scss&scoped=true&
   - couldn't fulfill desired order of chunk group(s) 
   - while fulfilling desired order of chunk group(s) planner-screen

 warning  

chunk chunk-d634c212 [mini-css-extract-plugin]
Conflicting order. Following module has been added:
 * css ./node_modules/css-loader/dist/cjs.js??ref--8-oneOf-1-1!./node_modules/vue-loader/lib/loaders/stylePostLoader.js!./node_modules/postcss-loader/src??ref--8-oneOf-1-2!./node_modules/sass-loader/dist/cjs.js??ref--8-oneOf-1-3!./node_modules/cache-loader/dist/cjs.js??ref--0-0!./node_modules/vue-loader/lib??vue-loader-options!./src/components/tag/file/TagFile.vue?vue&type=style&index=0&id=0f740e49&lang=scss&scoped=true&
despite it was not able to fulfill desired ordering with these modules:
 * css ./node_modules/css-loader/dist/cjs.js??ref--8-oneOf-1-1!./node_modules/vue-loader/lib/loaders/stylePostLoader.js!./node_modules/postcss-loader/src??ref--8-oneOf-1-2!./node_modules/sass-loader/dist/cjs.js??ref--8-oneOf-1-3!./node_modules/cache-loader/dist/cjs.js??ref--0-0!./node_modules/vue-loader/lib??vue-loader-options!./src/components/common/field/IsField.vue?vue&type=style&index=0&lang=scss&
   - couldn't fulfill desired order of chunk group(s) failures-screen, sales-screen, sales-quotes, purchases-screen, , , , , 
   - while fulfilling desired order of chunk group(s) assets-screen, scheduled-works-screen, , 
 * css ./node_modules/css-loader/dist/cjs.js??ref--8-oneOf-1-1!./node_modules/vue-loader/lib/loaders/stylePostLoader.js!./node_modules/postcss-loader/src??ref--8-oneOf-1-2!./node_modules/sass-loader/dist/cjs.js??ref--8-oneOf-1-3!./node_modules/cache-loader/dist/cjs.js??ref--0-0!./node_modules/vue-loader/lib??vue-loader-options!./src/components/common/card-collapse/IsCardCollapse.vue?vue&type=style&index=0&lang=scss&
   - couldn't fulfill desired order of chunk group(s) assets-screen, , 
   - while fulfilling desired order of chunk group(s) failures-screen, sales-screen, sales-quotes, scheduled-works-screen, purchases-screen, , , , , 

 warning  

chunk chunk-d634c212 [mini-css-extract-plugin]
Conflicting order. Following module has been added:
 * css ./node_modules/css-loader/dist/cjs.js??ref--8-oneOf-1-1!./node_modules/vue-loader/lib/loaders/stylePostLoader.js!./node_modules/postcss-loader/src??ref--8-oneOf-1-2!./node_modules/sass-loader/dist/cjs.js??ref--8-oneOf-1-3!./node_modules/cache-loader/dist/cjs.js??ref--0-0!./node_modules/vue-loader/lib??vue-loader-options!./src/components/common/field/IsField.vue?vue&type=style&index=0&lang=scss&
despite it was not able to fulfill desired ordering with these modules:
 * css ./node_modules/css-loader/dist/cjs.js??ref--8-oneOf-1-1!./node_modules/vue-loader/lib/loaders/stylePostLoader.js!./node_modules/postcss-loader/src??ref--8-oneOf-1-2!./node_modules/sass-loader/dist/cjs.js??ref--8-oneOf-1-3!./node_modules/cache-loader/dist/cjs.js??ref--0-0!./node_modules/vue-loader/lib??vue-loader-options!./src/components/card/file/CardFile.vue?vue&type=style&index=0&lang=scss&
   - couldn't fulfill desired order of chunk group(s) assets-screen, scheduled-works-screen, , 
   - while fulfilling desired order of chunk group(s) failures-screen, sales-screen, sales-quotes, purchases-screen, , , , , 
 * css ./node_modules/css-loader/dist/cjs.js??ref--8-oneOf-1-1!./node_modules/vue-loader/lib/loaders/stylePostLoader.js!./node_modules/postcss-loader/src??ref--8-oneOf-1-2!./node_modules/sass-loader/dist/cjs.js??ref--8-oneOf-1-3!./node_modules/cache-loader/dist/cjs.js??ref--0-0!./node_modules/vue-loader/lib??vue-loader-options!./src/components/common/card-collapse/IsCardCollapse.vue?vue&type=style&index=0&lang=scss&
   - couldn't fulfill desired order of chunk group(s) assets-screen, scheduled-works-screen, , 
   - while fulfilling desired order of chunk group(s) failures-screen, sales-screen, sales-quotes, purchases-screen, , , , , 

 warning  

chunk chunk-d634c212 [mini-css-extract-plugin]
Conflicting order. Following module has been added:
 * css ./node_modules/css-loader/dist/cjs.js??ref--8-oneOf-1-1!./node_modules/vue-loader/lib/loaders/stylePostLoader.js!./node_modules/postcss-loader/src??ref--8-oneOf-1-2!./node_modules/sass-loader/dist/cjs.js??ref--8-oneOf-1-3!./node_modules/cache-loader/dist/cjs.js??ref--0-0!./node_modules/vue-loader/lib??vue-loader-options!./src/components/card/file/CardFile.vue?vue&type=style&index=0&lang=scss&
despite it was not able to fulfill desired ordering with these modules:
 * css ./node_modules/css-loader/dist/cjs.js??ref--8-oneOf-1-1!./node_modules/vue-loader/lib/loaders/stylePostLoader.js!./node_modules/postcss-loader/src??ref--8-oneOf-1-2!./node_modules/sass-loader/dist/cjs.js??ref--8-oneOf-1-3!./node_modules/cache-loader/dist/cjs.js??ref--0-0!./node_modules/vue-loader/lib??vue-loader-options!./src/components/common/card-collapse/IsCardCollapse.vue?vue&type=style&index=0&lang=scss&
   - couldn't fulfill desired order of chunk group(s) assets-screen, , 
   - while fulfilling desired order of chunk group(s) failures-screen, sales-screen, sales-quotes, scheduled-works-screen, purchases-screen, , , , , 

 warning  

chunk chunk-e7435c28 [mini-css-extract-plugin]
Conflicting order. Following module has been added:
 * css ./node_modules/css-loader/dist/cjs.js??ref--8-oneOf-1-1!./node_modules/vue-loader/lib/loaders/stylePostLoader.js!./node_modules/postcss-loader/src??ref--8-oneOf-1-2!./node_modules/sass-loader/dist/cjs.js??ref--8-oneOf-1-3!./node_modules/cache-loader/dist/cjs.js??ref--0-0!./node_modules/vue-loader/lib??vue-loader-options!./src/components/common/show-all/IsShowAll.vue?vue&type=style&index=0&id=59795ca0&lang=scss&scoped=true&
despite it was not able to fulfill desired ordering with these modules:
 * css ./node_modules/css-loader/dist/cjs.js??ref--8-oneOf-1-1!./node_modules/vue-loader/lib/loaders/stylePostLoader.js!./node_modules/postcss-loader/src??ref--8-oneOf-1-2!./node_modules/sass-loader/dist/cjs.js??ref--8-oneOf-1-3!./node_modules/cache-loader/dist/cjs.js??ref--0-0!./node_modules/vue-loader/lib??vue-loader-options!./src/components/common/popover-summary/IsPopoverSummary.vue?vue&type=style&index=0&lang=scss&
   - couldn't fulfill desired order of chunk group(s) sales-screen, sales-quotes, assets-screen, purchases-screen, , , , , , , 
   - while fulfilling desired order of chunk group(s) dashboard-screen, planner-screen, scheduled-works-screen, 

 warning  

chunk chunk-e7435c28 [mini-css-extract-plugin]
Conflicting order. Following module has been added:
 * css ./node_modules/css-loader/dist/cjs.js??ref--8-oneOf-1-1!./node_modules/vue-loader/lib/loaders/stylePostLoader.js!./node_modules/postcss-loader/src??ref--8-oneOf-1-2!./node_modules/sass-loader/dist/cjs.js??ref--8-oneOf-1-3!./node_modules/cache-loader/dist/cjs.js??ref--0-0!./node_modules/vue-loader/lib??vue-loader-options!./src/components/common/list/IsList.vue?vue&type=style&index=0&id=2fe9468a&lang=scss&scoped=true&
despite it was not able to fulfill desired ordering with these modules:
 * css ./node_modules/css-loader/dist/cjs.js??ref--8-oneOf-1-1!./node_modules/vue-loader/lib/loaders/stylePostLoader.js!./node_modules/postcss-loader/src??ref--8-oneOf-1-2!./node_modules/sass-loader/dist/cjs.js??ref--8-oneOf-1-3!./node_modules/cache-loader/dist/cjs.js??ref--0-0!./node_modules/vue-loader/lib??vue-loader-options!./src/components/common/popover-summary/IsPopoverSummary.vue?vue&type=style&index=0&lang=scss&
   - couldn't fulfill desired order of chunk group(s) sales-screen, sales-quotes, assets-screen, purchases-screen, , , , , , , 
   - while fulfilling desired order of chunk group(s) dashboard-screen, planner-screen, scheduled-works-screen, 

 warning  

asset size limit: The following asset(s) exceed the recommended size limit (244 KiB).
This can impact web performance.
Assets: 
  fonts/fa-light-300.1980e028.eot (484 KiB)
  fonts/fa-light-300.f056755c.woff (247 KiB)
  fonts/fa-light-300.5bdaa858.ttf (483 KiB)
  img/fa-light-300.4433b4f4.svg (2.31 MiB)
  css/app.bb9a50d6.css (387 KiB)
  js/app.3610101f.js (377 KiB)
  js/assets-screen.f693f6e7.js (1.23 MiB)
  js/chunk-4726f47d.9bbbef31.js (930 KiB)
  js/chunk-4dcc7a6b.71f318a9.js (359 KiB)
  js/chunk-bb999db6.b4c7291e.js (1.14 MiB)
  js/chunk-vendors.dfdfd373.js (1.87 MiB)
  js/dashboard-screen.773986f0.js (1.28 MiB)
  js/failures-screen.652f08c6.js (311 KiB)
  js/sales-quotes.5feaba78.js (272 KiB)
  js/sales-screen.470650fd.js (288 KiB)
  js/scheduled-works-screen.ed0eb3dc.js (499 KiB)
  js/utilities-screen.b41516c8.js (916 KiB)

 warning  

entrypoint size limit: The following entrypoint(s) combined asset size exceeds the recommended limit (244 KiB). This can impact web performance.
Entrypoints:
  app (2.62 MiB)
      css/chunk-vendors.b7d36435.css
      js/chunk-vendors.dfdfd373.js
      css/app.bb9a50d6.css
      js/app.3610101f.js


  File                                      Size             Gzipped

  dist/js/chunk-vendors.dfdfd373.js         1913.09 KiB      531.30 KiB
  dist/js/dashboard-screen.773986f0.js      1307.52 KiB      423.23 KiB
  dist/js/assets-screen.f693f6e7.js         1255.12 KiB      401.07 KiB
  dist/js/chunk-bb999db6.b4c7291e.js        1170.53 KiB      379.50 KiB
  dist/js/chunk-4726f47d.9bbbef31.js        929.80 KiB       415.13 KiB
  dist/js/utilities-screen.b41516c8.js      915.75 KiB       309.60 KiB
  dist/js/scheduled-works-screen.ed0eb3d    499.16 KiB       96.55 KiB
  c.js
  dist/js/app.3610101f.js                   376.84 KiB       73.26 KiB
  dist/js/chunk-4dcc7a6b.71f318a9.js        358.99 KiB       66.76 KiB
  dist/js/failures-screen.652f08c6.js       310.66 KiB       59.62 KiB
  dist/js/sales-screen.470650fd.js          288.39 KiB       58.84 KiB
  dist/js/sales-quotes.5feaba78.js          272.42 KiB       52.55 KiB
  dist/js/chunk-3de9c1f7.0fd6c332.js        227.15 KiB       41.92 KiB
  dist/js/purchases-screen.f41cb596.js      225.95 KiB       45.16 KiB
  dist/js/chunk-d95db4f2.cf90d2bc.js        197.92 KiB       35.39 KiB
  dist/js/chunk-77e20208.c5d789dd.js        196.90 KiB       37.95 KiB
  dist/js/chunk-0b43c956.e7546573.js        187.91 KiB       35.70 KiB
  dist/js/chunk-1c2e6994.8a641bde.js        168.42 KiB       31.83 KiB
  dist/js/home-screen.eb2e347a.js           140.19 KiB       25.77 KiB
  dist/js/planner-screen.3353d02e.js        119.08 KiB       24.72 KiB
  dist/js/chunk-ddbb33f8.7e215bbb.js        62.27 KiB        12.67 KiB
  dist/js/chunk-da00d6a8.dc839679.js        60.75 KiB        11.72 KiB
  dist/js/chunk-9147ca4a.a449510d.js        50.83 KiB        10.80 KiB
  dist/js/utility-types-management-scree    49.04 KiB        9.74 KiB
  n.5ab5acde.js
  dist/js/chunk-20760106.bc74b361.js        48.84 KiB        10.25 KiB
  dist/js/webhooks-management-screen.3f8    45.38 KiB        10.35 KiB
  4429a.js
  dist/js/home-screen~planner-screen.a8c    44.18 KiB        10.47 KiB
  35971.js
  dist/js/personal-access-tokens-managem    43.68 KiB        9.53 KiB
  ent-screen.bf6dd80e.js
  dist/js/webhook-logs-management-screen    42.75 KiB        9.79 KiB
  .c4aa9137.js
  dist/js/chunk-7478afab.e988a746.js        42.29 KiB        8.98 KiB
  dist/js/chunk-23cfe543.747e7ba1.js        42.21 KiB        8.95 KiB
  dist/js/chunk-78357e56.e1f830de.js        42.16 KiB        9.16 KiB
  dist/js/client-prices-old-cms-screen.f    41.41 KiB        9.71 KiB
  74b2c77.js
  dist/js/chunk-79259847.7bbf81d5.js        40.20 KiB        8.88 KiB
  dist/js/chunk-b9635814.27e79e14.js        39.85 KiB        8.74 KiB
  dist/js/gatekeeper-screen.947bc821.js     38.63 KiB        9.04 KiB
  dist/js/cost-center-management-screen.    37.71 KiB        8.25 KiB
  1c8cfa34.js
  dist/js/iot-management-screen.3e27c735    35.72 KiB        7.41 KiB
  .js
  dist/js/chunk-c7c4771e.6e488c8e.js        35.54 KiB        7.77 KiB
  dist/js/chunk-2db9adc6.0faaa9f9.js        35.24 KiB        7.83 KiB
  dist/js/chunk-d561b53a.ae7dc57a.js        32.80 KiB        6.79 KiB
  dist/js/chunk-39112bb4.0dcb4981.js        32.70 KiB        7.56 KiB
  dist/js/chunk-59a55588.117420a2.js        32.52 KiB        7.49 KiB
  dist/js/chunk-4be5c13b.56c2a855.js        31.43 KiB        6.97 KiB
  dist/js/chunk-d3d37354.bd436c5d.js        31.28 KiB        7.18 KiB
  dist/js/welcome-screen.c4772b02.js        31.08 KiB        6.81 KiB
  dist/js/chunk-5ebfa264.1db1df6a.js        30.76 KiB        7.09 KiB
  dist/js/settings-screen.47e2c581.js       29.86 KiB        6.15 KiB
  dist/js/chunk-18320270.1ed729b3.js        29.08 KiB        6.76 KiB
  dist/js/analytics-screen.33f505c4.js      29.02 KiB        6.12 KiB
  dist/js/chunk-0b1f6a46.cd511fe4.js        28.85 KiB        6.84 KiB
  dist/js/old-cms-screen.bd21d1bb.js        28.71 KiB        7.45 KiB
  dist/js/chunk-f8bc1b16.57b28926.js        28.10 KiB        6.80 KiB
  dist/precache-manifest.d97e849d430fb2e    26.37 KiB        6.57 KiB
  ff2a40d7a51219a51.js
  dist/js/chunk-1dc37202.98abb76f.js        25.77 KiB        6.08 KiB
  dist/js/chunk-5e21f4f2.8a60642d.js        25.33 KiB        5.74 KiB
  dist/js/chunk-99842156.1e8b38d7.js        25.22 KiB        5.89 KiB
  dist/js/chunk-9d0e5264.3dcd7c9b.js        23.82 KiB        5.02 KiB
  dist/js/chunk-3f7113d3.df8378a4.js        22.71 KiB        5.58 KiB
  dist/js/chunk-01bbaa1e.f5d75770.js        22.16 KiB        4.82 KiB
  dist/js/chunk-3ba983e8.b3f1faa2.js        21.73 KiB        4.97 KiB
  dist/js/chunk-01e6782c.22f880aa.js        21.70 KiB        5.71 KiB
  dist/js/chunk-47d30cec.5041038e.js        20.75 KiB        4.96 KiB
  dist/js/chunk-bc35bfdc.0761b143.js        19.60 KiB        4.83 KiB
  dist/js/chunk-c6f82e6e.c9dada58.js        19.30 KiB        5.03 KiB
  dist/js/chunk-0c0bea2b.4974f1aa.js        19.02 KiB        4.50 KiB
  dist/js/chunk-9e9c9b90.5c5cdf13.js        17.11 KiB        6.48 KiB
  dist/js/chunk-99552c98.575be5bb.js        16.75 KiB        4.31 KiB
  dist/js/chunk-d634c212.5a70fe31.js        16.63 KiB        4.12 KiB
  dist/js/chunk-16d9d3a3.55be8dcd.js        16.42 KiB        3.99 KiB
  dist/js/chunk-60e5bb5e.cf12e454.js        16.27 KiB        4.49 KiB
  dist/js/integrations-management-screen    16.14 KiB        4.16 KiB
  .ca415bb9.js
  dist/js/chunk-79cc4ed7.21f51d6a.js        15.25 KiB        4.08 KiB
  dist/js/chunk-104f7d1f.c839ca1d.js        14.38 KiB        3.17 KiB
  dist/js/cost-center-management-screen~    14.34 KiB        4.48 KiB
  failures-screen~gatekeeper-screen~pers
  onal-access-tokens-management-sc~086ff
  a64.8420abc1.js
  dist/js/chunk-e91082e4.7aa8e083.js        13.79 KiB        3.21 KiB
  dist/js/chunk-e7435c28.7c2a5ee2.js        12.21 KiB        3.14 KiB
  dist/js/chunk-74dd5440.bcabc836.js        11.53 KiB        3.25 KiB
  dist/js/chunk-fc836bf2.b6b3b33d.js        10.61 KiB        3.24 KiB
  dist/js/chunk-7a9e9fc3.c0b2e32e.js        10.41 KiB        2.38 KiB
  dist/js/chunk-23982f8a.2b107142.js        8.62 KiB         2.76 KiB
  dist/js/chunk-a4692d46.8545455b.js        8.11 KiB         2.77 KiB
  dist/js/chunk-5b653a01.c55192d7.js        7.80 KiB         2.71 KiB
  dist/js/welcome-whats-new.914b7c23.js     6.16 KiB         1.85 KiB
  dist/js/chunk-4a08f971.7f133e5e.js        6.03 KiB         1.70 KiB
  dist/js/chunk-1d8a3259.5e72b2ac.js        6.02 KiB         1.70 KiB
  dist/js/chunk-153b0c86.cdcef208.js        5.68 KiB         1.82 KiB
  dist/js/chunk-0667512e.953fee58.js        4.52 KiB         1.54 KiB
  dist/js/chunk-c00805f6.7fe7c787.js        4.02 KiB         1.50 KiB
  dist/js/chunk-2d0d8057.3c3ed904.js        3.53 KiB         1.23 KiB
  dist/js/settings-page-not-found.a4a453    3.46 KiB         1.56 KiB
  98.js
  dist/basic.js                             3.36 KiB         1.05 KiB
  dist/js/chunk-2d212ff2.6629aa81.js        3.05 KiB         1.17 KiB
  dist/js/chunk-2d2261a8.da626f13.js        3.02 KiB         1.24 KiB
  dist/js/chunk-2d0b1be8.d9984fd0.js        2.99 KiB         1.16 KiB
  dist/js/chunk-3176da20.b9cb158f.js        2.99 KiB         1.11 KiB
  dist/js/chunk-2d0e91af.ad0f37a9.js        2.69 KiB         1.18 KiB
  dist/js/chunk-2d0e1dae.cdc5bfc6.js        2.67 KiB         1.22 KiB
  dist/js/chunk-2d0e4a7c.6b07ec80.js        2.65 KiB         1.19 KiB
  dist/js/chunk-2d0ce796.5f2a3efe.js        2.57 KiB         1.20 KiB
  dist/js/chunk-2d0db486.34bed1c2.js        2.55 KiB         1.19 KiB
  dist/js/chunk-2d21b27e.07be6566.js        2.54 KiB         1.13 KiB
  dist/js/chunk-421f3692.79032e91.js        2.53 KiB         0.96 KiB
  dist/js/chunk-2d229616.f7ca2457.js        2.52 KiB         1.17 KiB
  dist/js/chunk-2d228e49.d768461f.js        2.46 KiB         1.11 KiB
  dist/js/chunk-2d22d238.2e039c12.js        2.45 KiB         1.15 KiB
  dist/js/chunk-2d0b2213.6a128350.js        2.43 KiB         1.07 KiB
  dist/js/chunk-764d722c.b39687b7.js        2.42 KiB         1.03 KiB
  dist/js/chunk-2d0da6ab.74241921.js        2.24 KiB         1.09 KiB
  dist/js/chunk-2d0d622d.38de996c.js        2.18 KiB         1.01 KiB
  dist/js/chunk-2d0cba55.e7d6e534.js        2.12 KiB         1.04 KiB
  dist/js/chunk-f50c655a.87fba00a.js        2.05 KiB         0.90 KiB
  dist/js/chunk-2d0f0dec.d782f997.js        2.03 KiB         1.01 KiB
  dist/js/chunk-2d216de6.77705d1b.js        2.01 KiB         1.06 KiB
  dist/js/chunk-2d2132bb.b65fbc8c.js        2.01 KiB         0.97 KiB
  dist/js/chunk-2d0b2ee7.2a81427c.js        2.00 KiB         1.05 KiB
  dist/js/chunk-2d0cf17f.e3785b20.js        1.99 KiB         1.03 KiB
  dist/js/chunk-2d0bdb3c.439f6ea8.js        1.98 KiB         1.01 KiB
  dist/js/chunk-2d237f33.2a8c2cae.js        1.98 KiB         1.04 KiB
  dist/js/chunk-2d0e26c3.1dbaca88.js        1.98 KiB         1.01 KiB
  dist/js/chunk-2d2259d8.83888308.js        1.97 KiB         0.98 KiB
  dist/js/chunk-2d0d70e6.c3640bf9.js        1.96 KiB         1.01 KiB
  dist/js/chunk-2d0ea0ba.3e43d6b9.js        1.96 KiB         1.02 KiB
  dist/js/chunk-2d0d6a95.3d883ea9.js        1.95 KiB         0.96 KiB
  dist/js/chunk-2d0cca32.2bac9c9b.js        1.95 KiB         0.95 KiB
  dist/js/chunk-2d0d03e8.594e85b0.js        1.95 KiB         0.96 KiB
  dist/js/chunk-2d0d70c6.67724bf1.js        1.95 KiB         0.99 KiB
  dist/js/chunk-2d0c575a.9770dc11.js        1.95 KiB         0.97 KiB
  dist/js/chunk-2d0e9ba2.c8755efe.js        1.94 KiB         0.97 KiB
  dist/js/chunk-2d0b9447.463d5376.js        1.93 KiB         0.95 KiB
  dist/js/chunk-2d0a45e0.4ae886a3.js        1.92 KiB         0.95 KiB
  dist/js/chunk-2d217af6.ab91f521.js        1.92 KiB         1.05 KiB
  dist/js/chunk-2d0b23c4.8daecc20.js        1.91 KiB         0.97 KiB
  dist/js/chunk-2d2107bd.2b521a96.js        1.91 KiB         0.96 KiB
  dist/js/chunk-2d22e165.96d5bfa2.js        1.91 KiB         0.95 KiB
  dist/js/chunk-2d20f204.6b3c5220.js        1.90 KiB         1.00 KiB
  dist/js/chunk-2d21a5d7.22ef6e49.js        1.90 KiB         0.95 KiB
  dist/js/chunk-2d0e57ff.3ecd9637.js        1.90 KiB         0.93 KiB
  dist/js/chunk-2d2288f4.b828a075.js        1.90 KiB         0.92 KiB
  dist/js/chunk-77215428.c7d3206c.js        1.89 KiB         0.99 KiB
  dist/js/chunk-2d0cbca7.f3384819.js        1.88 KiB         0.98 KiB
  dist/js/chunk-2d0d0f3c.81b63e6b.js        1.85 KiB         0.95 KiB
  dist/js/chunk-2d0d3ea6.e6f28ebc.js        1.84 KiB         0.96 KiB
  dist/js/chunk-2d0e5eb9.8665eff2.js        1.84 KiB         0.94 KiB
  dist/js/chunk-2d20e85d.6479021d.js        1.82 KiB         0.91 KiB
  dist/js/chunk-2d20f558.03553899.js        1.81 KiB         0.90 KiB
  dist/js/login-screen.950a6ed9.js          1.74 KiB         0.83 KiB
  dist/js/chunk-2d2374d5.d7d93686.js        1.70 KiB         0.79 KiB
  dist/service-worker.js                    1.06 KiB         0.62 KiB
  dist/js/settings-in-maintenance.0f2c45    0.97 KiB         0.49 KiB
  91.js
  dist/css/app.bb9a50d6.css                 386.77 KiB       65.17 KiB
  dist/css/scheduled-works-screen.8b0ddb    71.80 KiB        10.58 KiB
  f5.css
  dist/css/chunk-4dcc7a6b.48c388ca.css      61.80 KiB        8.94 KiB
  dist/css/assets-screen.350b4531.css       51.47 KiB        8.26 KiB
  dist/css/chunk-bb999db6.a9562073.css      42.48 KiB        6.91 KiB
  dist/css/sales-screen.efb002cd.css        39.74 KiB        6.45 KiB
  dist/css/chunk-0b43c956.b6271a48.css      36.96 KiB        5.54 KiB
  dist/css/purchases-screen.d9edfaa8.css    36.83 KiB        5.70 KiB
  dist/css/failures-screen.d879bdaf.css     36.61 KiB        5.97 KiB
  dist/css/dashboard-screen.187f9b1a.css    34.70 KiB        9.63 KiB
  dist/css/sales-quotes.a9d1a1a7.css        31.92 KiB        5.45 KiB
  dist/css/chunk-77e20208.df197891.css      31.89 KiB        5.22 KiB
  dist/css/chunk-1c2e6994.eeb73304.css      29.11 KiB        4.54 KiB
  dist/css/chunk-3de9c1f7.c990e3a4.css      26.29 KiB        4.34 KiB
  dist/css/chunk-d95db4f2.502f8fae.css      24.18 KiB        4.21 KiB
  dist/css/planner-screen.c02cc627.css      23.86 KiB        4.32 KiB
  dist/css/chunk-4726f47d.16bc1406.css      23.04 KiB        4.05 KiB
  dist/css/home-screen.3b30e5d7.css         16.45 KiB        2.95 KiB
  dist/css/utilities-screen.ab92ab23.css    16.09 KiB        2.77 KiB
  dist/css/chunk-01e6782c.97b6d19e.css      16.00 KiB        2.74 KiB
  dist/css/chunk-f8bc1b16.5929ec87.css      15.29 KiB        1.85 KiB
  dist/css/welcome-screen.4d258227.css      14.76 KiB        1.75 KiB
  dist/css/webhook-logs-management-scree    13.62 KiB        2.62 KiB
  n.06977a2a.css
  dist/css/webhooks-management-screen.8b    12.75 KiB        2.44 KiB
  954bd1.css
  dist/css/utility-types-management-scre    12.06 KiB        2.31 KiB
  en.9e2bb343.css
  dist/css/chunk-ddbb33f8.60da194a.css      11.63 KiB        2.06 KiB
  dist/css/chunk-9147ca4a.a9f642a8.css      11.04 KiB        2.05 KiB
  dist/css/chunk-78357e56.96f9da1f.css      10.56 KiB        2.03 KiB
  dist/css/chunk-79259847.96f9da1f.css      10.56 KiB        2.03 KiB
  dist/css/chunk-b9635814.96f9da1f.css      10.56 KiB        2.03 KiB
  dist/css/chunk-2db9adc6.7867a2ba.css      10.41 KiB        1.99 KiB
  dist/css/chunk-39112bb4.e3246fe9.css      10.41 KiB        1.99 KiB
  dist/css/chunk-59a55588.e3246fe9.css      10.41 KiB        1.99 KiB
  dist/css/chunk-d3d37354.e3246fe9.css      10.41 KiB        1.99 KiB
  dist/css/iot-management-screen.6ac0cde    10.30 KiB        1.83 KiB
  4.css
  dist/css/chunk-da00d6a8.b89dd10e.css      9.47 KiB         1.68 KiB
  dist/css/chunk-d634c212.3822fb7e.css      9.03 KiB         1.73 KiB
  dist/basic.css                            8.28 KiB         1.63 KiB
  dist/css/chunk-7478afab.18ad5f74.css      7.70 KiB         1.62 KiB
  dist/css/chunk-4be5c13b.762a8ffc.css      7.56 KiB         1.60 KiB
  dist/css/chunk-e91082e4.e4c6ac8a.css      7.54 KiB         1.54 KiB
  dist/css/settings-screen.8c6a3f2d.css     7.18 KiB         1.50 KiB
  dist/css/chunk-104f7d1f.3427f8eb.css      7.07 KiB         1.60 KiB
  dist/css/analytics-screen.c2766dcd.css    7.05 KiB         1.37 KiB
  dist/css/chunk-79cc4ed7.20af370f.css      6.95 KiB         1.27 KiB
  dist/css/chunk-99552c98.4076563c.css      6.94 KiB         1.36 KiB
  dist/css/chunk-01bbaa1e.34f756c5.css      6.83 KiB         1.22 KiB
  dist/css/personal-access-tokens-manage    6.48 KiB         1.56 KiB
  ment-screen.97a077a0.css
  dist/css/chunk-1dc37202.a8174f9d.css      5.69 KiB         1.31 KiB
  dist/css/cost-center-management-screen    5.25 KiB         1.31 KiB
  .4d3971ff.css
  dist/css/gatekeeper-screen.912a12b6.cs    4.97 KiB         1.24 KiB
  s
  dist/css/chunk-5e21f4f2.42faa689.css      4.82 KiB         1.12 KiB
  dist/css/chunk-99842156.d9cb4870.css      4.42 KiB         1.06 KiB
  dist/css/chunk-d561b53a.bd712542.css      4.30 KiB         1.09 KiB
  dist/css/chunk-3f7113d3.ed82dc24.css      4.14 KiB         1.02 KiB
  dist/css/cost-center-management-screen    4.13 KiB         1.04 KiB
  ~failures-screen~gatekeeper-screen~per
  sonal-access-tokens-management-sc~086f
  fa64.a17662e9.css
  dist/css/client-prices-old-cms-screen.    3.94 KiB         0.91 KiB
  3495c943.css
  dist/css/chunk-c7c4771e.69e1990b.css      3.79 KiB         0.97 KiB
  dist/css/chunk-c6f82e6e.4b8d8604.css      3.76 KiB         0.95 KiB
  dist/css/chunk-5ebfa264.16c24b29.css      3.72 KiB         0.94 KiB
  dist/css/chunk-bc35bfdc.946db26b.css      3.63 KiB         0.92 KiB
  dist/css/chunk-0c0bea2b.29911df0.css      3.62 KiB         0.89 KiB
  dist/css/chunk-47d30cec.0eb57fe3.css      3.61 KiB         0.90 KiB
  dist/css/chunk-0b1f6a46.a94ca244.css      3.58 KiB         0.90 KiB
  dist/css/chunk-18320270.a94ca244.css      3.58 KiB         0.90 KiB
  dist/css/chunk-3ba983e8.05724f23.css      3.57 KiB         0.90 KiB
  dist/css/settings-page-not-found.741a6    3.46 KiB         0.58 KiB
  07e.css
  dist/css/chunk-74dd5440.685d06a1.css      3.42 KiB         0.90 KiB
  dist/css/chunk-vendors.b7d36435.css       3.37 KiB         0.66 KiB
  dist/css/chunk-60e5bb5e.fe5508df.css      3.28 KiB         0.84 KiB
  dist/css/chunk-20760106.082aa179.css      3.27 KiB         0.88 KiB
  dist/css/chunk-9d0e5264.93f22d5b.css      3.08 KiB         0.86 KiB
  dist/css/chunk-23982f8a.afc6d752.css      3.01 KiB         0.88 KiB
  dist/css/integrations-management-scree    2.99 KiB         0.78 KiB
  n.1fbfe4fc.css
  dist/css/chunk-23cfe543.0f008fe0.css      2.70 KiB         0.77 KiB
  dist/css/chunk-4a08f971.fb988400.css      2.22 KiB         0.62 KiB
  dist/css/chunk-153b0c86.a86419d7.css      2.03 KiB         0.63 KiB
  dist/css/chunk-fc836bf2.d579bc2d.css      1.96 KiB         0.58 KiB
  dist/css/welcome-whats-new.efc4568c.cs    1.93 KiB         0.64 KiB
  s
  dist/css/chunk-1d8a3259.402c21a8.css      1.82 KiB         0.52 KiB
  dist/css/home-screen~planner-screen.e9    1.67 KiB         0.57 KiB
  3da536.css
  dist/css/chunk-e7435c28.45a0dd3e.css      1.65 KiB         0.53 KiB
  dist/css/chunk-16d9d3a3.79b7a0f8.css      1.29 KiB         0.47 KiB
  dist/css/old-cms-screen.7c282f78.css      0.57 KiB         0.31 KiB
  dist/css/chunk-3176da20.9df33e9d.css      0.43 KiB         0.20 KiB
  dist/css/chunk-a4692d46.eb6b6e0e.css      0.36 KiB         0.18 KiB
  dist/css/chunk-5b653a01.8fa64d17.css      0.34 KiB         0.17 KiB
  dist/css/chunk-421f3692.3aba1420.css      0.26 KiB         0.17 KiB
  dist/css/chunk-f50c655a.6ce1c6d5.css      0.23 KiB         0.15 KiB
  dist/css/settings-in-maintenance.ef200    0.22 KiB         0.15 KiB
  bda.css
  dist/css/chunk-764d722c.736eb056.css      0.05 KiB         0.07 KiB
  dist/css/chunk-c00805f6.d6557951.css      0.05 KiB         0.07 KiB

  Images and other types of assets omitted.

 DONE  Build complete. The dist directory is ready to be deployed.
 INFO  Check out deployment instructions at https://cli.vuejs.org/guide/deployment.html
      
section_end:1607704152:step_script[0Ksection_start:1607704152:archive_cache[0K[0K[36;1mSaving cache[0;m
[0;m[32;1mCreating cache v0-91-3...[0;m
dist/: found 449 matching files and directories   [0;m 
node_modules/: found 105692 matching files and directories[0;m 
Uploading cache.zip to https://is-gitlab-runners-cache.s3.dualstack.eu-west-1.amazonaws.com/project/20143087/v0-91-3[0;m 
[32;1mCreated cache[0;m
section_end:1607704222:archive_cache[0K[32;1mJob succeeded
[0;m