[0KRunning with gitlab-runner 13.6.0 (8fa89735)
[0;m[0K  on Web Core Client - Tests- docker+machine Gu_oFDiR
[0;msection_start:1609955945:prepare_executor[0K[0K[36;1mPreparing the "docker+machine" executor[0;m
[0;m[0KUsing Docker executor with image node:12.16.1 ...
[0;m[0KPulling docker image node:12.16.1 ...
[0;m[0KUsing docker image sha256:88c089733a3b980b3517e8e2e8afa46b338f69d7562550cb3c2e9fd852a2fbac for node:12.16.1 with digest node@sha256:46f4c17e1edbde36d60a9f6362db7912cfe301bac89afef7cc92421ab3e7ca18 ...
[0;msection_end:1609955948:prepare_executor[0Ksection_start:1609955948:prepare_script[0K[0K[36;1mPreparing environment[0;m
[0;mRunning on runner-guofdir-project-20143087-concurrent-0 via runner-guofdir-IS-Pipeline-gitlab-runner-1609954661-a9d06c70...
section_end:1609955948:prepare_script[0Ksection_start:1609955948:get_sources[0K[0K[36;1mGetting source from Git repository[0;m
[0;m[32;1mFetching changes with git depth set to 1...[0;m
Initialized empty Git repository in /builds/infraspeak/web/web-core-client/.git/
[32;1mCreated fresh repository.[0;m
[32;1mChecking out 304887e7 as v0.92.11...[0;m

[32;1mSkipping Git submodules setup[0;m
section_end:1609955951:get_sources[0Ksection_start:1609955951:restore_cache[0K[0K[36;1mRestoring cache[0;m
[0;m[32;1mChecking cache for v0-92-11...[0;m
Downloading cache.zip from https://is-gitlab-runners-cache.s3.dualstack.eu-west-1.amazonaws.com/project/20143087/v0-92-11[0;m 
[32;1mSuccessfully extracted cache[0;m
section_end:1609955985:restore_cache[0Ksection_start:1609955985:step_script[0K[0K[36;1mExecuting "step_script" stage of the job script[0;m
[0;m[32;1m$ npm run build-production[0;m

> infraspeak-web-core-client@0.92.0 build-production /builds/infraspeak/web/web-core-client
> vue-cli-service build --mode production --dest dist


-  Building for production...
Starting type checking service...
Using 1 worker with 2048MB memory limit
 WARNING  Compiled with 21 warnings6:05:12 PM

Module Warning (from ./node_modules/eslint-loader/index.js):
error: Expected a space after the ':' (@typescript-eslint/type-annotation-spacing) at src/components/common/popover-list/IsPopoverList.vue:64:27:
  62 | 
  63 |         @Prop({ type: Boolean, default: false })
> 64 |         readonly isInline!:boolean
     |                           ^
  65 | 
  66 |         @Prop({ type: String, default: '' })
  67 |         readonly buttonText!: string


1 error found.
1 error potentially fixable with the `--fix` option.

Module Warning (from ./node_modules/eslint-loader/index.js):
error: Unexpected console statement (no-console) at src/components/chart/analytic/ChartAnalytic.vue:251:25:
  249 |                         this.isLoadingData = false
  250 | 
> 251 |                         console.error('error getting data: ', error)
      |                         ^
  252 |                     })
  253 |             }
  254 | 


error: Unexpected console statement (no-console) at src/components/chart/analytic/ChartAnalytic.vue:331:29:
  329 |                         })
  330 |                         .catch(error => {
> 331 |                             console.error('error exporting data: ', error)
      |                             ^
  332 |                         })
  333 |                         .finally(progressNoty.close)
  334 | 


2 errors found.

You may use special comments to disable some warnings.
Use // eslint-disable-next-line to ignore the next line.
Use /* eslint-disable */ to ignore all warnings in a file.
 warning  in ./src/helpers/download.helper.ts

Module Warning (from ./node_modules/thread-loader/dist/cjs.js):

/builds/infraspeak/web/web-core-client/src/helpers/download.helper.ts
  20:21  error  Unexpected console statement  no-console

✖ 1 problem (1 error, 0 warnings)


 @ ./node_modules/cache-loader/dist/cjs.js??ref--14-0!./node_modules/thread-loader/dist/cjs.js!./node_modules/babel-loader/lib!./node_modules/ts-loader??ref--14-3!./node_modules/cache-loader/dist/cjs.js??ref--0-0!./node_modules/vue-loader/lib??vue-loader-options!./src/components/dropdown/asset-report/DropdownAssetReport.vue?vue&type=script&lang=ts& 12:0-70 88:23-34 89:8-20
 @ ./src/components/dropdown/asset-report/DropdownAssetReport.vue?vue&type=script&lang=ts&
 @ ./src/components/dropdown/asset-report/DropdownAssetReport.vue
 @ ./node_modules/cache-loader/dist/cjs.js??ref--14-0!./node_modules/thread-loader/dist/cjs.js!./node_modules/babel-loader/lib!./node_modules/ts-loader??ref--14-3!./node_modules/cache-loader/dist/cjs.js??ref--0-0!./node_modules/vue-loader/lib??vue-loader-options!./src/views/assets/ScreenAssets.vue?vue&type=script&lang=ts&
 @ ./src/views/assets/ScreenAssets.vue?vue&type=script&lang=ts&
 @ ./src/views/assets/ScreenAssets.vue
 @ ./src/plugins/vue-router/router.plugin.ts
 @ ./src/main.ts
 @ multi ./src/main.ts

 warning  in ./src/models/Base.transformer.ts

Module Warning (from ./node_modules/thread-loader/dist/cjs.js):

/builds/infraspeak/web/web-core-client/src/models/Base.transformer.ts
  17:13  error  Unexpected console statement  no-console
  39:9   error  Unexpected console statement  no-console

✖ 2 problems (2 errors, 0 warnings)


 @ ./src/models/extension/transformers/Integration.transformer.v3.ts 7:0-60 46:2-17
 @ ./src/api/configs/objectTransformerMap.ts
 @ ./src/api/helpers/JsonApiDeserializer.helper.ts
 @ ./src/plugins/axios/axios.plugin.ts
 @ ./src/plugins/authentication-token/AuthenticationToken.ts
 @ ./src/plugins/vue-router/router.plugin.ts
 @ ./src/main.ts
 @ multi ./src/main.ts

 warning  in ./src/models/material/Material.model.ts

Module Warning (from ./node_modules/thread-loader/dist/cjs.js):

/builds/infraspeak/web/web-core-client/src/models/material/Material.model.ts
  5:68  error  Multiple spaces found before '{'  no-multi-spaces

✖ 1 problem (1 error, 0 warnings)
  1 error and 0 warnings potentially fixable with the `--fix` option.


 @ ./src/models/material/transformers/Material.transformer.v3.ts 12:0-45 33:17-25
 @ ./src/api/configs/objectTransformerMap.ts
 @ ./src/api/helpers/JsonApiDeserializer.helper.ts
 @ ./src/plugins/axios/axios.plugin.ts
 @ ./src/plugins/authentication-token/AuthenticationToken.ts
 @ ./src/plugins/vue-router/router.plugin.ts
 @ ./src/main.ts
 @ multi ./src/main.ts

 warning  in ./src/plugins/vuex/store/root/RootStore.ts

Module Warning (from ./node_modules/thread-loader/dist/cjs.js):

/builds/infraspeak/web/web-core-client/src/plugins/vuex/store/root/RootStore.ts
  244:17  error  Unexpected console statement  no-console

✖ 1 problem (1 error, 0 warnings)


 @ ./src/plugins/vuex/vuex.plugin.ts 4:0-51 37:3-12
 @ ./src/main.ts
 @ multi ./src/main.ts

 warning  in ./src/views/quotes/configs/availableColumnsAccepted.config.ts

Module Warning (from ./node_modules/thread-loader/dist/cjs.js):

/builds/infraspeak/web/web-core-client/src/views/quotes/configs/availableColumnsAccepted.config.ts
  8:23  error  Extra space before value for key 'converted-at'  key-spacing

✖ 1 problem (1 error, 0 warnings)
  1 error and 0 warnings potentially fixable with the `--fix` option.


 @ ./src/views/quotes/ScreenQuotes.store.ts 38:0-91 196:25-59
 @ ./node_modules/cache-loader/dist/cjs.js??ref--14-0!./node_modules/thread-loader/dist/cjs.js!./node_modules/babel-loader/lib!./node_modules/ts-loader??ref--14-3!./node_modules/cache-loader/dist/cjs.js??ref--0-0!./node_modules/vue-loader/lib??vue-loader-options!./src/views/quotes/ScreenQuotes.vue?vue&type=script&lang=ts&
 @ ./src/views/quotes/ScreenQuotes.vue?vue&type=script&lang=ts&
 @ ./src/views/quotes/ScreenQuotes.vue
 @ ./src/plugins/vue-router/router.plugin.ts
 @ ./src/main.ts
 @ multi ./src/main.ts

 warning  

chunk chunk-0c1b95ce [mini-css-extract-plugin]
Conflicting order. Following module has been added:
 * css ./node_modules/css-loader/dist/cjs.js??ref--8-oneOf-1-1!./node_modules/vue-loader/lib/loaders/stylePostLoader.js!./node_modules/postcss-loader/src??ref--8-oneOf-1-2!./node_modules/sass-loader/dist/cjs.js??ref--8-oneOf-1-3!./node_modules/cache-loader/dist/cjs.js??ref--0-0!./node_modules/vue-loader/lib??vue-loader-options!./src/components/tag/file/TagFile.vue?vue&type=style&index=0&id=0f740e49&lang=scss&scoped=true&
despite it was not able to fulfill desired ordering with these modules:
 * css ./node_modules/css-loader/dist/cjs.js??ref--8-oneOf-1-1!./node_modules/vue-loader/lib/loaders/stylePostLoader.js!./node_modules/postcss-loader/src??ref--8-oneOf-1-2!./node_modules/sass-loader/dist/cjs.js??ref--8-oneOf-1-3!./node_modules/cache-loader/dist/cjs.js??ref--0-0!./node_modules/vue-loader/lib??vue-loader-options!./src/components/common/field/IsField.vue?vue&type=style&index=0&lang=scss&
   - couldn't fulfill desired order of chunk group(s) failures-screen, sales-screen, sales-quotes, purchases-screen, , , , , 
   - while fulfilling desired order of chunk group(s) assets-screen, scheduled-works-screen, , 
 * css ./node_modules/css-loader/dist/cjs.js??ref--8-oneOf-1-1!./node_modules/vue-loader/lib/loaders/stylePostLoader.js!./node_modules/postcss-loader/src??ref--8-oneOf-1-2!./node_modules/sass-loader/dist/cjs.js??ref--8-oneOf-1-3!./node_modules/cache-loader/dist/cjs.js??ref--0-0!./node_modules/vue-loader/lib??vue-loader-options!./src/components/common/card-collapse/IsCardCollapse.vue?vue&type=style&index=0&lang=scss&
   - couldn't fulfill desired order of chunk group(s) assets-screen, , 
   - while fulfilling desired order of chunk group(s) failures-screen, sales-screen, sales-quotes, scheduled-works-screen, purchases-screen, , , , , 

 warning  

chunk chunk-0c1b95ce [mini-css-extract-plugin]
Conflicting order. Following module has been added:
 * css ./node_modules/css-loader/dist/cjs.js??ref--8-oneOf-1-1!./node_modules/vue-loader/lib/loaders/stylePostLoader.js!./node_modules/postcss-loader/src??ref--8-oneOf-1-2!./node_modules/sass-loader/dist/cjs.js??ref--8-oneOf-1-3!./node_modules/cache-loader/dist/cjs.js??ref--0-0!./node_modules/vue-loader/lib??vue-loader-options!./src/components/common/field/IsField.vue?vue&type=style&index=0&lang=scss&
despite it was not able to fulfill desired ordering with these modules:
 * css ./node_modules/css-loader/dist/cjs.js??ref--8-oneOf-1-1!./node_modules/vue-loader/lib/loaders/stylePostLoader.js!./node_modules/postcss-loader/src??ref--8-oneOf-1-2!./node_modules/sass-loader/dist/cjs.js??ref--8-oneOf-1-3!./node_modules/cache-loader/dist/cjs.js??ref--0-0!./node_modules/vue-loader/lib??vue-loader-options!./src/components/card/file/CardFile.vue?vue&type=style&index=0&lang=scss&
   - couldn't fulfill desired order of chunk group(s) assets-screen, scheduled-works-screen, , 
   - while fulfilling desired order of chunk group(s) failures-screen, sales-screen, sales-quotes, purchases-screen, , , , , 
 * css ./node_modules/css-loader/dist/cjs.js??ref--8-oneOf-1-1!./node_modules/vue-loader/lib/loaders/stylePostLoader.js!./node_modules/postcss-loader/src??ref--8-oneOf-1-2!./node_modules/sass-loader/dist/cjs.js??ref--8-oneOf-1-3!./node_modules/cache-loader/dist/cjs.js??ref--0-0!./node_modules/vue-loader/lib??vue-loader-options!./src/components/common/card-collapse/IsCardCollapse.vue?vue&type=style&index=0&lang=scss&
   - couldn't fulfill desired order of chunk group(s) assets-screen, scheduled-works-screen, , 
   - while fulfilling desired order of chunk group(s) failures-screen, sales-screen, sales-quotes, purchases-screen, , , , , 

 warning  

chunk chunk-0c1b95ce [mini-css-extract-plugin]
Conflicting order. Following module has been added:
 * css ./node_modules/css-loader/dist/cjs.js??ref--8-oneOf-1-1!./node_modules/vue-loader/lib/loaders/stylePostLoader.js!./node_modules/postcss-loader/src??ref--8-oneOf-1-2!./node_modules/sass-loader/dist/cjs.js??ref--8-oneOf-1-3!./node_modules/cache-loader/dist/cjs.js??ref--0-0!./node_modules/vue-loader/lib??vue-loader-options!./src/components/card/file/CardFile.vue?vue&type=style&index=0&lang=scss&
despite it was not able to fulfill desired ordering with these modules:
 * css ./node_modules/css-loader/dist/cjs.js??ref--8-oneOf-1-1!./node_modules/vue-loader/lib/loaders/stylePostLoader.js!./node_modules/postcss-loader/src??ref--8-oneOf-1-2!./node_modules/sass-loader/dist/cjs.js??ref--8-oneOf-1-3!./node_modules/cache-loader/dist/cjs.js??ref--0-0!./node_modules/vue-loader/lib??vue-loader-options!./src/components/common/card-collapse/IsCardCollapse.vue?vue&type=style&index=0&lang=scss&
   - couldn't fulfill desired order of chunk group(s) assets-screen, , 
   - while fulfilling desired order of chunk group(s) failures-screen, sales-screen, sales-quotes, scheduled-works-screen, purchases-screen, , , , , 

 warning  

chunk chunk-27db0bf6 [mini-css-extract-plugin]
Conflicting order. Following module has been added:
 * css ./node_modules/css-loader/dist/cjs.js??ref--8-oneOf-1-1!./node_modules/vue-loader/lib/loaders/stylePostLoader.js!./node_modules/postcss-loader/src??ref--8-oneOf-1-2!./node_modules/sass-loader/dist/cjs.js??ref--8-oneOf-1-3!./node_modules/cache-loader/dist/cjs.js??ref--0-0!./node_modules/vue-loader/lib??vue-loader-options!./src/components/common/tag/popover/IsTagPopover.vue?vue&type=style&index=0&lang=scss&
despite it was not able to fulfill desired ordering with these modules:
 * css ./node_modules/css-loader/dist/cjs.js??ref--8-oneOf-1-1!./node_modules/vue-loader/lib/loaders/stylePostLoader.js!./node_modules/postcss-loader/src??ref--8-oneOf-1-2!./node_modules/sass-loader/dist/cjs.js??ref--8-oneOf-1-3!./node_modules/cache-loader/dist/cjs.js??ref--0-0!./node_modules/vue-loader/lib??vue-loader-options!./src/components/common/select/IsSelect.vue?vue&type=style&index=0&lang=scss&
   - couldn't fulfill desired order of chunk group(s) scheduled-works-screen, 
   - while fulfilling desired order of chunk group(s) failures-screen, sales-screen, sales-quotes, assets-screen, planner-screen, purchases-screen, , , , , , , , , , , , , , 

 warning  

chunk chunk-2c88b3ba [mini-css-extract-plugin]
Conflicting order. Following module has been added:
 * css ./node_modules/css-loader/dist/cjs.js??ref--8-oneOf-1-1!./node_modules/vue-loader/lib/loaders/stylePostLoader.js!./node_modules/postcss-loader/src??ref--8-oneOf-1-2!./node_modules/sass-loader/dist/cjs.js??ref--8-oneOf-1-3!./node_modules/cache-loader/dist/cjs.js??ref--0-0!./node_modules/vue-loader/lib??vue-loader-options!./src/components/common/show-all/IsShowAll.vue?vue&type=style&index=0&id=59795ca0&lang=scss&scoped=true&
despite it was not able to fulfill desired ordering with these modules:
 * css ./node_modules/css-loader/dist/cjs.js??ref--8-oneOf-1-1!./node_modules/vue-loader/lib/loaders/stylePostLoader.js!./node_modules/postcss-loader/src??ref--8-oneOf-1-2!./node_modules/sass-loader/dist/cjs.js??ref--8-oneOf-1-3!./node_modules/cache-loader/dist/cjs.js??ref--0-0!./node_modules/vue-loader/lib??vue-loader-options!./src/components/common/popover-summary/IsPopoverSummary.vue?vue&type=style&index=0&lang=scss&
   - couldn't fulfill desired order of chunk group(s) sales-screen, sales-quotes, assets-screen, purchases-screen, , , , , , , 
   - while fulfilling desired order of chunk group(s) dashboard-screen, planner-screen, scheduled-works-screen, 

 warning  

chunk chunk-2c88b3ba [mini-css-extract-plugin]
Conflicting order. Following module has been added:
 * css ./node_modules/css-loader/dist/cjs.js??ref--8-oneOf-1-1!./node_modules/vue-loader/lib/loaders/stylePostLoader.js!./node_modules/postcss-loader/src??ref--8-oneOf-1-2!./node_modules/sass-loader/dist/cjs.js??ref--8-oneOf-1-3!./node_modules/cache-loader/dist/cjs.js??ref--0-0!./node_modules/vue-loader/lib??vue-loader-options!./src/components/common/list/IsList.vue?vue&type=style&index=0&id=2fe9468a&lang=scss&scoped=true&
despite it was not able to fulfill desired ordering with these modules:
 * css ./node_modules/css-loader/dist/cjs.js??ref--8-oneOf-1-1!./node_modules/vue-loader/lib/loaders/stylePostLoader.js!./node_modules/postcss-loader/src??ref--8-oneOf-1-2!./node_modules/sass-loader/dist/cjs.js??ref--8-oneOf-1-3!./node_modules/cache-loader/dist/cjs.js??ref--0-0!./node_modules/vue-loader/lib??vue-loader-options!./src/components/common/popover-summary/IsPopoverSummary.vue?vue&type=style&index=0&lang=scss&
   - couldn't fulfill desired order of chunk group(s) sales-screen, sales-quotes, assets-screen, purchases-screen, , , , , , , 
   - while fulfilling desired order of chunk group(s) dashboard-screen, planner-screen, scheduled-works-screen, 

 warning  

chunk chunk-eba35eee [mini-css-extract-plugin]
Conflicting order. Following module has been added:
 * css ./node_modules/css-loader/dist/cjs.js??ref--8-oneOf-1-1!./node_modules/vue-loader/lib/loaders/stylePostLoader.js!./node_modules/postcss-loader/src??ref--8-oneOf-1-2!./node_modules/sass-loader/dist/cjs.js??ref--8-oneOf-1-3!./node_modules/cache-loader/dist/cjs.js??ref--0-0!./node_modules/vue-loader/lib??vue-loader-options!./src/components/common/action-buttons/IsActionButtons.vue?vue&type=style&index=0&id=0b31a7e1&lang=scss&scoped=true&
despite it was not able to fulfill desired ordering with these modules:
 * css ./node_modules/css-loader/dist/cjs.js??ref--8-oneOf-1-1!./node_modules/vue-loader/lib/loaders/stylePostLoader.js!./node_modules/postcss-loader/src??ref--8-oneOf-1-2!./node_modules/sass-loader/dist/cjs.js??ref--8-oneOf-1-3!./node_modules/cache-loader/dist/cjs.js??ref--0-0!./node_modules/vue-loader/lib??vue-loader-options!./src/components/common/navigation-buttons/IsNavigationButtons.vue?vue&type=style&index=0&id=76168aaa&lang=scss&scoped=true&
   - couldn't fulfill desired order of chunk group(s) 
   - while fulfilling desired order of chunk group(s) planner-screen

 warning  

chunk chunk-eba35eee [mini-css-extract-plugin]
Conflicting order. Following module has been added:
 * css ./node_modules/css-loader/dist/cjs.js??ref--8-oneOf-1-1!./node_modules/vue-loader/lib/loaders/stylePostLoader.js!./node_modules/postcss-loader/src??ref--8-oneOf-1-2!./node_modules/sass-loader/dist/cjs.js??ref--8-oneOf-1-3!./node_modules/cache-loader/dist/cjs.js??ref--0-0!./node_modules/vue-loader/lib??vue-loader-options!./src/components/common/date-picker/IsDatePicker.vue?vue&type=style&index=0&lang=scss&
despite it was not able to fulfill desired ordering with these modules:
 * css ./node_modules/css-loader/dist/cjs.js??ref--8-oneOf-1-1!./node_modules/vue-loader/lib/loaders/stylePostLoader.js!./node_modules/postcss-loader/src??ref--8-oneOf-1-2!./node_modules/sass-loader/dist/cjs.js??ref--8-oneOf-1-3!./node_modules/cache-loader/dist/cjs.js??ref--0-0!./node_modules/vue-loader/lib??vue-loader-options!./src/components/common/navigation-buttons/IsNavigationButtons.vue?vue&type=style&index=0&id=76168aaa&lang=scss&scoped=true&
   - couldn't fulfill desired order of chunk group(s) 
   - while fulfilling desired order of chunk group(s) planner-screen

 warning  

chunk chunk-eba35eee [mini-css-extract-plugin]
Conflicting order. Following module has been added:
 * css ./node_modules/css-loader/dist/cjs.js??ref--8-oneOf-1-1!./node_modules/vue-loader/lib/loaders/stylePostLoader.js!./node_modules/postcss-loader/src??ref--8-oneOf-1-2!./node_modules/sass-loader/dist/cjs.js??ref--8-oneOf-1-3!./node_modules/cache-loader/dist/cjs.js??ref--0-0!./node_modules/vue-loader/lib??vue-loader-options!./src/components/common/navigation-buttons/IsNavigationButtons.vue?vue&type=style&index=0&id=76168aaa&lang=scss&scoped=true&
despite it was not able to fulfill desired ordering with these modules:
 * css ./node_modules/css-loader/dist/cjs.js??ref--8-oneOf-1-1!./node_modules/vue-loader/lib/loaders/stylePostLoader.js!./node_modules/postcss-loader/src??ref--8-oneOf-1-2!./node_modules/sass-loader/dist/cjs.js??ref--8-oneOf-1-3!./node_modules/cache-loader/dist/cjs.js??ref--0-0!./node_modules/vue-loader/lib??vue-loader-options!./src/components/chip/operator/ChipOperator.vue?vue&type=style&index=0&id=656b7d89&lang=scss&scoped=true&
   - couldn't fulfill desired order of chunk group(s) planner-screen
 * css ./node_modules/css-loader/dist/cjs.js??ref--8-oneOf-1-1!./node_modules/vue-loader/lib/loaders/stylePostLoader.js!./node_modules/postcss-loader/src??ref--8-oneOf-1-2!./node_modules/sass-loader/dist/cjs.js??ref--8-oneOf-1-3!./node_modules/cache-loader/dist/cjs.js??ref--0-0!./node_modules/vue-loader/lib??vue-loader-options!./src/components/summary/operator/SummaryOperator.vue?vue&type=style&index=0&id=51377b1a&lang=scss&scoped=true&
   - couldn't fulfill desired order of chunk group(s) planner-screen
 * css ./node_modules/css-loader/dist/cjs.js??ref--8-oneOf-1-1!./node_modules/vue-loader/lib/loaders/stylePostLoader.js!./node_modules/postcss-loader/src??ref--8-oneOf-1-2!./node_modules/sass-loader/dist/cjs.js??ref--8-oneOf-1-3!./node_modules/cache-loader/dist/cjs.js??ref--0-0!./node_modules/vue-loader/lib??vue-loader-options!./src/components/common/progress-state/IsProgressState.vue?vue&type=style&index=0&id=127aa9e3&lang=scss&scoped=true&
   - couldn't fulfill desired order of chunk group(s) planner-screen

 warning  

chunk chunk-eba35eee [mini-css-extract-plugin]
Conflicting order. Following module has been added:
 * css ./node_modules/css-loader/dist/cjs.js??ref--8-oneOf-1-1!./node_modules/vue-loader/lib/loaders/stylePostLoader.js!./node_modules/postcss-loader/src??ref--8-oneOf-1-2!./node_modules/sass-loader/dist/cjs.js??ref--8-oneOf-1-3!./node_modules/cache-loader/dist/cjs.js??ref--0-0!./node_modules/vue-loader/lib??vue-loader-options!./src/components/common/progress-state/IsProgressState.vue?vue&type=style&index=0&id=127aa9e3&lang=scss&scoped=true&
despite it was not able to fulfill desired ordering with these modules:
 * css ./node_modules/css-loader/dist/cjs.js??ref--8-oneOf-1-1!./node_modules/vue-loader/lib/loaders/stylePostLoader.js!./node_modules/postcss-loader/src??ref--8-oneOf-1-2!./node_modules/sass-loader/dist/cjs.js??ref--8-oneOf-1-3!./node_modules/cache-loader/dist/cjs.js??ref--0-0!./node_modules/vue-loader/lib??vue-loader-options!./src/components/chip/operator/ChipOperator.vue?vue&type=style&index=0&id=656b7d89&lang=scss&scoped=true&
   - couldn't fulfill desired order of chunk group(s) 
   - while fulfilling desired order of chunk group(s) planner-screen
 * css ./node_modules/css-loader/dist/cjs.js??ref--8-oneOf-1-1!./node_modules/vue-loader/lib/loaders/stylePostLoader.js!./node_modules/postcss-loader/src??ref--8-oneOf-1-2!./node_modules/sass-loader/dist/cjs.js??ref--8-oneOf-1-3!./node_modules/cache-loader/dist/cjs.js??ref--0-0!./node_modules/vue-loader/lib??vue-loader-options!./src/components/summary/operator/SummaryOperator.vue?vue&type=style&index=0&id=51377b1a&lang=scss&scoped=true&
   - couldn't fulfill desired order of chunk group(s) 
   - while fulfilling desired order of chunk group(s) planner-screen
 * css ./node_modules/css-loader/dist/cjs.js??ref--8-oneOf-1-1!./node_modules/vue-loader/lib/loaders/stylePostLoader.js!./node_modules/postcss-loader/src??ref--8-oneOf-1-2!./node_modules/sass-loader/dist/cjs.js??ref--8-oneOf-1-3!./node_modules/cache-loader/dist/cjs.js??ref--0-0!./node_modules/vue-loader/lib??vue-loader-options!./src/components/common/time-picker/IsTimePicker.vue?vue&type=style&index=0&id=84536cda&lang=scss&scoped=true&
   - couldn't fulfill desired order of chunk group(s) 
   - while fulfilling desired order of chunk group(s) planner-screen

 warning  

chunk chunk-eba35eee [mini-css-extract-plugin]
Conflicting order. Following module has been added:
 * css ./node_modules/css-loader/dist/cjs.js??ref--8-oneOf-1-1!./node_modules/vue-loader/lib/loaders/stylePostLoader.js!./node_modules/postcss-loader/src??ref--8-oneOf-1-2!./node_modules/sass-loader/dist/cjs.js??ref--8-oneOf-1-3!./node_modules/cache-loader/dist/cjs.js??ref--0-0!./node_modules/vue-loader/lib??vue-loader-options!./src/components/summary/operator/SummaryOperator.vue?vue&type=style&index=0&id=51377b1a&lang=scss&scoped=true&
despite it was not able to fulfill desired ordering with these modules:
 * css ./node_modules/css-loader/dist/cjs.js??ref--8-oneOf-1-1!./node_modules/vue-loader/lib/loaders/stylePostLoader.js!./node_modules/postcss-loader/src??ref--8-oneOf-1-2!./node_modules/sass-loader/dist/cjs.js??ref--8-oneOf-1-3!./node_modules/cache-loader/dist/cjs.js??ref--0-0!./node_modules/vue-loader/lib??vue-loader-options!./src/components/common/time-picker/IsTimePicker.vue?vue&type=style&index=0&id=84536cda&lang=scss&scoped=true&
   - couldn't fulfill desired order of chunk group(s) 
   - while fulfilling desired order of chunk group(s) planner-screen

 warning  

chunk chunk-eba35eee [mini-css-extract-plugin]
Conflicting order. Following module has been added:
 * css ./node_modules/css-loader/dist/cjs.js??ref--8-oneOf-1-1!./node_modules/vue-loader/lib/loaders/stylePostLoader.js!./node_modules/postcss-loader/src??ref--8-oneOf-1-2!./node_modules/sass-loader/dist/cjs.js??ref--8-oneOf-1-3!./node_modules/cache-loader/dist/cjs.js??ref--0-0!./node_modules/vue-loader/lib??vue-loader-options!./src/components/chip/operator/ChipOperator.vue?vue&type=style&index=0&id=656b7d89&lang=scss&scoped=true&
despite it was not able to fulfill desired ordering with these modules:
 * css ./node_modules/css-loader/dist/cjs.js??ref--8-oneOf-1-1!./node_modules/vue-loader/lib/loaders/stylePostLoader.js!./node_modules/postcss-loader/src??ref--8-oneOf-1-2!./node_modules/sass-loader/dist/cjs.js??ref--8-oneOf-1-3!./node_modules/cache-loader/dist/cjs.js??ref--0-0!./node_modules/vue-loader/lib??vue-loader-options!./src/components/common/time-picker/IsTimePicker.vue?vue&type=style&index=0&id=84536cda&lang=scss&scoped=true&
   - couldn't fulfill desired order of chunk group(s) 
   - while fulfilling desired order of chunk group(s) planner-screen

 warning  

asset size limit: The following asset(s) exceed the recommended size limit (244 KiB).
This can impact web performance.
Assets: 
  fonts/fa-light-300.1980e028.eot (484 KiB)
  fonts/fa-light-300.f056755c.woff (247 KiB)
  fonts/fa-light-300.5bdaa858.ttf (483 KiB)
  fonts/fa-solid-900.eb397dfa.eot (379 KiB)
  fonts/fa-solid-900.ba008862.ttf (378 KiB)
  img/fa-solid-900.bb8ecec4.svg (1.7 MiB)
  img/fa-light-300.4433b4f4.svg (2.31 MiB)
  css/app.5680f2e5.css (374 KiB)
  js/app.75e670e9.js (384 KiB)
  js/assets-screen.6263a401.js (1.23 MiB)
  js/chunk-1d183564.34feff75.js (373 KiB)
  js/chunk-c6159650.99bbef1e.js (929 KiB)
  js/chunk-d392ad22.596eaf33.js (1.14 MiB)
  js/chunk-vendors.dfdfd373.js (1.87 MiB)
  js/dashboard-screen.f7b03279.js (473 KiB)
  js/dashboard-screen~utilities-screen.02bafe40.js (848 KiB)
  js/failures-screen.8f7b81fc.js (314 KiB)
  js/sales-quotes.f4808939.js (284 KiB)
  js/sales-screen.a85622c9.js (298 KiB)
  js/scheduled-works-screen.4009033f.js (521 KiB)

 warning  

entrypoint size limit: The following entrypoint(s) combined asset size exceeds the recommended limit (244 KiB). This can impact web performance.
Entrypoints:
  app (2.61 MiB)
      css/chunk-vendors.b7d36435.css
      js/chunk-vendors.dfdfd373.js
      css/app.5680f2e5.css
      js/app.75e670e9.js


  File                                      Size             Gzipped

  dist/js/chunk-vendors.dfdfd373.js         1913.09 KiB      531.30 KiB
  dist/js/assets-screen.6263a401.js         1255.99 KiB      401.50 KiB
  dist/js/chunk-d392ad22.596eaf33.js        1171.38 KiB      379.89 KiB
  dist/js/chunk-c6159650.99bbef1e.js        928.80 KiB       415.16 KiB
  dist/js/dashboard-screen~utilities-scr    847.81 KiB       292.06 KiB
  een.02bafe40.js
  dist/js/scheduled-works-screen.4009033    520.54 KiB       100.50 KiB
  f.js
  dist/js/dashboard-screen.f7b03279.js      472.69 KiB       128.88 KiB
  dist/js/app.75e670e9.js                   383.85 KiB       74.95 KiB
  dist/js/chunk-1d183564.34feff75.js        372.82 KiB       69.00 KiB
  dist/js/failures-screen.8f7b81fc.js       313.56 KiB       60.27 KiB
  dist/js/sales-screen.a85622c9.js          297.81 KiB       60.48 KiB
  dist/js/sales-quotes.f4808939.js          283.88 KiB       54.46 KiB
  dist/js/chunk-830db9a8.5c4ad602.js        229.00 KiB       42.51 KiB
  dist/js/purchases-screen.4f5ad577.js      226.15 KiB       45.60 KiB
  dist/js/chunk-61555acf.e6075521.js        205.93 KiB       39.79 KiB
  dist/js/chunk-2be64d95.a83f38e9.js        200.90 KiB       36.15 KiB
  dist/js/chunk-73bbe39a.41dc1e4d.js        175.13 KiB       32.83 KiB
  dist/js/chunk-bfcecc3a.0f1f1877.js        168.34 KiB       32.19 KiB
  dist/js/home-screen.48bb8a00.js           150.43 KiB       27.17 KiB
  dist/js/chunk-367eb109.3f06e18b.js        131.47 KiB       36.69 KiB
  dist/js/planner-screen.798412c7.js        114.19 KiB       23.63 KiB
  dist/js/chunk-34c101ab.6df117ba.js        77.84 KiB        14.08 KiB
  dist/js/utilities-screen.e6ce7471.js      68.21 KiB        15.74 KiB
  dist/js/chunk-63859938.02f68383.js        67.99 KiB        14.35 KiB
  dist/js/chunk-609269fb.a8d694c7.js        62.83 KiB        12.81 KiB
  dist/js/client-prices-old-cms-screen.e    56.63 KiB        12.70 KiB
  eb36c84.js
  dist/js/chunk-5776d0a6.4d96f571.js        55.83 KiB        12.11 KiB
  dist/js/chunk-67c6a07d.e351c8c7.js        53.94 KiB        11.43 KiB
  dist/js/utility-types-management-scree    49.04 KiB        9.74 KiB
  n.e595bfc7.js
  dist/js/webhooks-management-screen.d5e    45.30 KiB        10.34 KiB
  878c7.js
  dist/js/home-screen~planner-screen.c96    44.64 KiB        10.57 KiB
  6102e.js
  dist/js/chunk-0ef30494.0d8cc397.js        43.94 KiB        9.54 KiB
  dist/js/personal-access-tokens-managem    43.61 KiB        9.51 KiB
  ent-screen.aaaddbd9.js
  dist/js/webhook-logs-management-screen    42.66 KiB        9.78 KiB
  .d35dbb0a.js
  dist/js/chunk-39611e5e.b75b1d46.js        40.79 KiB        8.80 KiB
  dist/js/chunk-3fabc138.0e2cdd8b.js        39.64 KiB        8.86 KiB
  dist/js/gatekeeper-screen.575c61e4.js     38.85 KiB        9.09 KiB
  dist/js/cost-center-management-screen.    37.63 KiB        8.24 KiB
  fda50f8a.js
  dist/js/chunk-c470fd48.56e10005.js        36.95 KiB        8.24 KiB
  dist/js/iot-management-screen.5a9f3bfb    35.82 KiB        7.43 KiB
  .js
  dist/js/chunk-c7c4771e.8525c839.js        35.64 KiB        7.81 KiB
  dist/js/chunk-0cce51c9.d9a1bcc9.js        34.23 KiB        7.74 KiB
  dist/js/chunk-f4bee576.4e47f2ad.js        31.53 KiB        6.99 KiB
  dist/js/chunk-51215347.33d8353b.js        31.49 KiB        7.66 KiB
  dist/js/chunk-d3d37354.a7ce9f06.js        31.38 KiB        7.21 KiB
  dist/js/chunk-9ac07faa.00aa7088.js        31.17 KiB        7.54 KiB
  dist/js/welcome-screen.6fa2fc01.js        31.08 KiB        6.81 KiB
  dist/js/settings-screen.c0df9be4.js       30.37 KiB        6.23 KiB
  dist/js/chunk-02248cae.0f9193ef.js        29.75 KiB        7.15 KiB
  dist/js/analytics-screen.77f13db0.js      29.30 KiB        6.15 KiB
  dist/js/chunk-18320270.7edcab71.js        29.18 KiB        6.79 KiB
  dist/js/chunk-88cfd0a0.a135d6e6.js        29.03 KiB        6.16 KiB
  dist/js/chunk-70323638.09f1c295.js        29.00 KiB        6.16 KiB
  dist/js/chunk-0b1f6a46.73b96136.js        28.95 KiB        6.86 KiB
  dist/js/old-cms-screen.8c751f34.js        28.73 KiB        7.46 KiB
  dist/js/chunk-6582138a.90207b1a.js        28.25 KiB        6.99 KiB
  dist/precache-manifest.6f5da62b7da4a3d    28.10 KiB        6.96 KiB
  4d71b02ce82b398e5.js
  dist/js/chunk-f8bc1b16.5edfc097.js        28.10 KiB        6.80 KiB
  dist/js/chunk-f4ea4e06.52ba2e5a.js        27.29 KiB        6.36 KiB
  dist/js/chunk-1c1fd70d.4bd3767a.js        26.57 KiB        6.15 KiB
  dist/js/chunk-5e21f4f2.f8353d84.js        25.33 KiB        5.74 KiB
  dist/js/chunk-801acd24.9fb26f3e.js        25.33 KiB        6.09 KiB
  dist/js/chunk-5e2582c6.201fe565.js        24.98 KiB        5.97 KiB
  dist/js/chunk-eba35eee.ef8c5857.js        23.95 KiB        5.03 KiB
  dist/js/chunk-9d0e5264.7cc2ddb7.js        23.82 KiB        5.02 KiB
  dist/js/chunk-0b02e536.6596cf5e.js        22.71 KiB        5.58 KiB
  dist/js/chunk-01e6782c.a27310d4.js        21.70 KiB        5.71 KiB
  dist/js/chunk-17dae254.0a24f3fd.js        20.37 KiB        5.03 KiB
  dist/js/chunk-93be9b3e.d0ab3abd.js        19.64 KiB        4.98 KiB
  dist/js/chunk-d79d18fe.bc9243fc.js        18.72 KiB        6.92 KiB
  dist/js/hub-apps~hub-screen.a3488d6c.j    18.39 KiB        5.18 KiB
  s
  dist/js/chunk-0c1b95ce.5f8cd601.js        17.45 KiB        4.36 KiB
  dist/js/chunk-c2813122.97376dd1.js        16.42 KiB        3.99 KiB
  dist/js/integrations-management-screen    16.14 KiB        4.16 KiB
  .f0828899.js
  dist/js/chunk-b2907c3e.ee341571.js        14.95 KiB        3.42 KiB
  dist/js/chunk-104f7d1f.b452e240.js        14.38 KiB        3.17 KiB
  dist/js/cost-center-management-screen~    14.34 KiB        4.48 KiB
  failures-screen~gatekeeper-screen~pers
  onal-access-tokens-management-sc~086ff
  a64.66228f97.js
  dist/js/chunk-27db0bf6.77188a0a.js        13.99 KiB        3.88 KiB
  dist/js/chunk-bb25ec40.b12d1185.js        13.79 KiB        3.21 KiB
  dist/js/chunk-18c6143e.975f881d.js        13.13 KiB        3.60 KiB
  dist/js/chunk-8cd2346a.d9e10da4.js        13.05 KiB        3.11 KiB
  dist/js/chunk-2c88b3ba.ab471301.js        12.21 KiB        3.14 KiB
  dist/js/chunk-51e32235.42211ab4.js        11.04 KiB        3.42 KiB
  dist/js/hub-screen.baaa1234.js            10.56 KiB        2.91 KiB
  dist/js/chunk-4ad0957e.72ff1bb2.js        9.51 KiB         3.11 KiB
  dist/js/chunk-23982f8a.0ae52bab.js        8.62 KiB         2.76 KiB
  dist/js/chunk-86e2282c.43b538fc.js        8.23 KiB         2.71 KiB
  dist/js/chunk-0301be46.a693ae22.js        8.20 KiB         2.85 KiB
  dist/js/chunk-a4692d46.688963f5.js        8.11 KiB         2.77 KiB
  dist/js/chunk-5b653a01.2d6a50d5.js        7.80 KiB         2.71 KiB
  dist/js/welcome-whats-new.e90ec965.js     6.16 KiB         1.85 KiB
  dist/js/chunk-153b0c86.08cddd9f.js        6.12 KiB         1.98 KiB
  dist/js/chunk-83ce9646.a0b9f172.js        6.03 KiB         1.70 KiB
  dist/js/chunk-1d8a3259.b0ffca4f.js        6.02 KiB         1.70 KiB
  dist/js/hub-apps.f0f46d1f.js              5.54 KiB         1.72 KiB
  dist/js/chunk-c00805f6.630ee64f.js        4.06 KiB         1.52 KiB
  dist/js/chunk-2d0d8057.3c3ed904.js        3.53 KiB         1.23 KiB
  dist/js/settings-page-not-found.89b875    3.46 KiB         1.56 KiB
  67.js
  dist/basic.js                             3.36 KiB         1.05 KiB
  dist/js/chunk-2d212ff2.6629aa81.js        3.05 KiB         1.17 KiB
  dist/js/chunk-2d2261a8.da626f13.js        3.02 KiB         1.24 KiB
  dist/js/chunk-2d0b1be8.d9984fd0.js        2.99 KiB         1.16 KiB
  dist/js/chunk-4603aef0.2ad9f51b.js        2.99 KiB         1.11 KiB
  dist/js/chunk-2d0e91af.ad0f37a9.js        2.69 KiB         1.18 KiB
  dist/js/chunk-2d0e1dae.cdc5bfc6.js        2.67 KiB         1.22 KiB
  dist/js/chunk-2d0e4a7c.6b07ec80.js        2.65 KiB         1.19 KiB
  dist/js/chunk-2d0ce796.5f2a3efe.js        2.57 KiB         1.20 KiB
  dist/js/chunk-2d0db486.34bed1c2.js        2.55 KiB         1.19 KiB
  dist/js/chunk-2d21b27e.07be6566.js        2.54 KiB         1.13 KiB
  dist/js/chunk-421f3692.7ffc89e3.js        2.53 KiB         0.96 KiB
  dist/js/chunk-2d229616.f7ca2457.js        2.52 KiB         1.17 KiB
  dist/js/chunk-2d228e49.d768461f.js        2.46 KiB         1.11 KiB
  dist/js/chunk-2d22d238.2e039c12.js        2.45 KiB         1.15 KiB
  dist/js/chunk-2d0b2213.6a128350.js        2.43 KiB         1.07 KiB
  dist/js/chunk-764d722c.dc3ad249.js        2.42 KiB         1.03 KiB
  dist/js/chunk-2d0da6ab.74241921.js        2.24 KiB         1.09 KiB
  dist/js/chunk-2d0d622d.38de996c.js        2.18 KiB         1.01 KiB
  dist/js/chunk-2d0cba55.e7d6e534.js        2.12 KiB         1.04 KiB
  dist/js/chunk-f50c655a.9263b31e.js        2.05 KiB         0.90 KiB
  dist/js/chunk-2d0f0dec.d782f997.js        2.03 KiB         1.01 KiB
  dist/js/chunk-2d216de6.77705d1b.js        2.01 KiB         1.06 KiB
  dist/js/chunk-2d2132bb.b65fbc8c.js        2.01 KiB         0.97 KiB
  dist/js/chunk-2d0b2ee7.2a81427c.js        2.00 KiB         1.05 KiB
  dist/js/chunk-2d0cf17f.e3785b20.js        1.99 KiB         1.03 KiB
  dist/js/chunk-2d0bdb3c.439f6ea8.js        1.98 KiB         1.01 KiB
  dist/js/chunk-2d237f33.2a8c2cae.js        1.98 KiB         1.04 KiB
  dist/js/chunk-2d0e26c3.1dbaca88.js        1.98 KiB         1.01 KiB
  dist/js/chunk-2d2259d8.83888308.js        1.97 KiB         0.98 KiB
  dist/js/chunk-2d0d70e6.c3640bf9.js        1.96 KiB         1.01 KiB
  dist/js/chunk-2d0ea0ba.3e43d6b9.js        1.96 KiB         1.02 KiB
  dist/js/chunk-2d0d6a95.3d883ea9.js        1.95 KiB         0.96 KiB
  dist/js/chunk-2d0cca32.2bac9c9b.js        1.95 KiB         0.95 KiB
  dist/js/chunk-2d0d03e8.594e85b0.js        1.95 KiB         0.96 KiB
  dist/js/chunk-2d0d70c6.67724bf1.js        1.95 KiB         0.99 KiB
  dist/js/chunk-2d0c575a.9770dc11.js        1.95 KiB         0.97 KiB
  dist/js/chunk-2d0e9ba2.c8755efe.js        1.94 KiB         0.97 KiB
  dist/js/chunk-2d0b9447.463d5376.js        1.93 KiB         0.95 KiB
  dist/js/chunk-2d0a45e0.4ae886a3.js        1.92 KiB         0.95 KiB
  dist/js/chunk-2d217af6.ab91f521.js        1.92 KiB         1.05 KiB
  dist/js/chunk-2d0b23c4.8daecc20.js        1.91 KiB         0.97 KiB
  dist/js/chunk-2d2107bd.2b521a96.js        1.91 KiB         0.96 KiB
  dist/js/chunk-2d22e165.96d5bfa2.js        1.91 KiB         0.95 KiB
  dist/js/chunk-2d20f204.6b3c5220.js        1.90 KiB         1.00 KiB
  dist/js/chunk-2d21a5d7.22ef6e49.js        1.90 KiB         0.95 KiB
  dist/js/chunk-2d0e57ff.3ecd9637.js        1.90 KiB         0.93 KiB
  dist/js/chunk-2d2288f4.b828a075.js        1.90 KiB         0.92 KiB
  dist/js/chunk-77215428.c7d3206c.js        1.89 KiB         0.99 KiB
  dist/js/chunk-2d0cbca7.f3384819.js        1.88 KiB         0.98 KiB
  dist/js/chunk-2d0d0f3c.81b63e6b.js        1.85 KiB         0.95 KiB
  dist/js/chunk-2d0d3ea6.e6f28ebc.js        1.84 KiB         0.96 KiB
  dist/js/chunk-2d0e5eb9.8665eff2.js        1.84 KiB         0.94 KiB
  dist/js/chunk-2d20e85d.6479021d.js        1.82 KiB         0.91 KiB
  dist/js/chunk-2d20f558.03553899.js        1.81 KiB         0.90 KiB
  dist/js/login-screen.80ef6478.js          1.74 KiB         0.83 KiB
  dist/service-worker.js                    1.06 KiB         0.62 KiB
  dist/js/settings-in-maintenance.24c623    0.97 KiB         0.49 KiB
  74.js
  dist/css/app.5680f2e5.css                 373.92 KiB       60.91 KiB
  dist/css/scheduled-works-screen.05d95c    72.22 KiB        10.65 KiB
  c3.css
  dist/css/chunk-1d183564.5e956488.css      62.22 KiB        9.01 KiB
  dist/css/assets-screen.9aa80407.css       51.35 KiB        8.24 KiB
  dist/css/chunk-d392ad22.26733b5d.css      42.36 KiB        6.89 KiB
  dist/css/dashboard-screen.7f0575ba.css    41.46 KiB        10.64 KiB
  dist/css/sales-screen.b3e6a9c8.css        40.63 KiB        6.51 KiB
  dist/css/purchases-screen.37738a73.css    36.83 KiB        5.70 KiB
  dist/css/failures-screen.d879bdaf.css     36.61 KiB        5.97 KiB
  dist/css/chunk-61555acf.8fc3d567.css      32.78 KiB        5.27 KiB
  dist/css/sales-quotes.9856dd67.css        31.92 KiB        5.45 KiB
  dist/css/chunk-73bbe39a.78ab05b0.css      30.00 KiB        4.54 KiB
  dist/css/chunk-bfcecc3a.d5f89de7.css      29.11 KiB        4.54 KiB
  dist/css/chunk-830db9a8.83c4e3e3.css      26.29 KiB        4.34 KiB
  dist/css/chunk-2be64d95.64968e20.css      24.18 KiB        4.21 KiB
  dist/css/chunk-c6159650.16bc1406.css      23.04 KiB        4.05 KiB
  dist/css/planner-screen.44286f6d.css      17.03 KiB        3.33 KiB
  dist/css/home-screen.127a04ae.css         16.45 KiB        2.95 KiB
  dist/css/chunk-01e6782c.97b6d19e.css      16.00 KiB        2.74 KiB
  dist/css/utilities-screen.920a574e.css    15.91 KiB        2.71 KiB
  dist/css/chunk-f8bc1b16.5929ec87.css      15.29 KiB        1.85 KiB
  dist/css/welcome-screen.4d258227.css      14.76 KiB        1.75 KiB
  dist/css/chunk-9ac07faa.c6e3dca5.css      13.89 KiB        2.48 KiB
  dist/css/webhook-logs-management-scree    13.62 KiB        2.62 KiB
  n.8664eade.css
  dist/css/webhooks-management-screen.41    12.75 KiB        2.44 KiB
  35a6bf.css
  dist/css/utility-types-management-scre    12.06 KiB        2.31 KiB
  en.9e2bb343.css
  dist/css/chunk-609269fb.60da194a.css      11.63 KiB        2.06 KiB
  dist/css/chunk-3fabc138.3a398c1f.css      11.37 KiB        2.18 KiB
  dist/css/chunk-67c6a07d.3cd15d62.css      11.04 KiB        2.05 KiB
  dist/css/chunk-0ef30494.a4d13c0f.css      10.88 KiB        2.10 KiB
  dist/css/client-prices-old-cms-screen.    10.88 KiB        2.02 KiB
  243ae99d.css
  dist/css/chunk-367eb109.d6e8269d.css      10.57 KiB        2.09 KiB
  dist/css/chunk-0cce51c9.22250371.css      10.57 KiB        2.02 KiB
  dist/css/chunk-c470fd48.92d51cbd.css      10.51 KiB        2.03 KiB
  dist/css/chunk-d3d37354.e3246fe9.css      10.41 KiB        1.99 KiB
  dist/css/iot-management-screen.6ac0cde    10.30 KiB        1.83 KiB
  4.css
  dist/css/chunk-51215347.5d52c47b.css      10.23 KiB        1.97 KiB
  dist/css/chunk-63859938.4151e35d.css      10.22 KiB        1.90 KiB
  dist/css/chunk-34c101ab.14eee899.css      9.89 KiB         1.76 KiB
  dist/css/chunk-5776d0a6.21b220e4.css      9.65 KiB         1.93 KiB
  dist/css/chunk-0c1b95ce.73e1820f.css      9.03 KiB         1.73 KiB
  dist/basic.css                            8.28 KiB         1.63 KiB
  dist/css/chunk-39611e5e.18ad5f74.css      7.70 KiB         1.62 KiB
  dist/css/chunk-f4bee576.6698c340.css      7.56 KiB         1.60 KiB
  dist/css/chunk-bb25ec40.0f36f163.css      7.54 KiB         1.54 KiB
  dist/css/settings-screen.f706df8b.css     7.18 KiB         1.50 KiB
  dist/css/chunk-104f7d1f.3427f8eb.css      7.07 KiB         1.60 KiB
  dist/css/analytics-screen.c2766dcd.css    7.05 KiB         1.37 KiB
  dist/css/chunk-27db0bf6.20af370f.css      6.95 KiB         1.27 KiB
  dist/css/personal-access-tokens-manage    6.48 KiB         1.56 KiB
  ment-screen.9528ab9a.css
  dist/css/chunk-1c1fd70d.ea5598d1.css      5.69 KiB         1.31 KiB
  dist/css/cost-center-management-screen    5.25 KiB         1.31 KiB
  .ccb0f785.css
  dist/css/hub-screen.4f04143e.css          5.16 KiB         1.32 KiB
  dist/css/gatekeeper-screen.912a12b6.cs    4.97 KiB         1.24 KiB
  s
  dist/css/chunk-5e21f4f2.42faa689.css      4.82 KiB         1.12 KiB
  dist/css/chunk-eba35eee.d976703d.css      4.19 KiB         1.05 KiB
  dist/css/chunk-0b02e536.b2a15c13.css      4.14 KiB         1.02 KiB
  dist/css/cost-center-management-screen    4.13 KiB         1.04 KiB
  ~failures-screen~gatekeeper-screen~per
  sonal-access-tokens-management-sc~086f
  fa64.a17662e9.css
  dist/css/chunk-6582138a.a2b79de1.css      3.87 KiB         0.99 KiB
  dist/css/chunk-c7c4771e.69e1990b.css      3.79 KiB         0.97 KiB
  dist/css/chunk-02248cae.96b9b0d0.css      3.72 KiB         0.94 KiB
  dist/css/chunk-5e2582c6.0eb57fe3.css      3.61 KiB         0.90 KiB
  dist/css/chunk-801acd24.0eb57fe3.css      3.61 KiB         0.90 KiB
  dist/css/chunk-93be9b3e.d11b488b.css      3.61 KiB         0.90 KiB
  dist/css/chunk-f4ea4e06.0eb57fe3.css      3.61 KiB         0.90 KiB
  dist/css/chunk-0b1f6a46.a94ca244.css      3.58 KiB         0.90 KiB
  dist/css/chunk-18320270.a94ca244.css      3.58 KiB         0.90 KiB
  dist/css/hub-apps.b152c119.css            3.53 KiB         0.97 KiB
  dist/css/chunk-8cd2346a.fe3f5c39.css      3.51 KiB         0.87 KiB
  dist/css/chunk-17dae254.a9c0c8eb.css      3.47 KiB         0.85 KiB
  dist/css/chunk-70323638.e5e99ae5.css      3.47 KiB         0.85 KiB
  dist/css/chunk-88cfd0a0.e5e99ae5.css      3.47 KiB         0.85 KiB
  dist/css/settings-page-not-found.741a6    3.46 KiB         0.58 KiB
  07e.css
  dist/css/chunk-18c6143e.685d06a1.css      3.42 KiB         0.90 KiB
  dist/css/chunk-vendors.b7d36435.css       3.37 KiB         0.66 KiB
  dist/css/chunk-9d0e5264.93f22d5b.css      3.08 KiB         0.86 KiB
  dist/css/chunk-23982f8a.afc6d752.css      3.01 KiB         0.88 KiB
  dist/css/integrations-management-scree    2.99 KiB         0.78 KiB
  n.1fbfe4fc.css
  dist/css/chunk-83ce9646.2a02a7a8.css      2.22 KiB         0.62 KiB
  dist/css/chunk-153b0c86.a86419d7.css      2.03 KiB         0.63 KiB
  dist/css/chunk-4ad0957e.d579bc2d.css      1.96 KiB         0.58 KiB
  dist/css/welcome-whats-new.96355f76.cs    1.92 KiB         0.64 KiB
  s
  dist/css/chunk-1d8a3259.402c21a8.css      1.82 KiB         0.52 KiB
  dist/css/home-screen~planner-screen.e9    1.67 KiB         0.57 KiB
  3da536.css
  dist/css/chunk-2c88b3ba.21a4b42c.css      1.65 KiB         0.53 KiB
  dist/css/chunk-0301be46.dfda00ef.css      1.63 KiB         0.52 KiB
  dist/css/chunk-c2813122.79b7a0f8.css      1.29 KiB         0.47 KiB
  dist/css/hub-apps~hub-screen.0f0dcc4b.    1.13 KiB         0.41 KiB
  css
  dist/css/old-cms-screen.7c282f78.css      0.57 KiB         0.31 KiB
  dist/css/chunk-4603aef0.9df33e9d.css      0.43 KiB         0.20 KiB
  dist/css/chunk-a4692d46.eb6b6e0e.css      0.36 KiB         0.18 KiB
  dist/css/chunk-5b653a01.8fa64d17.css      0.34 KiB         0.17 KiB
  dist/css/chunk-421f3692.3aba1420.css      0.26 KiB         0.17 KiB
  dist/css/chunk-f50c655a.6ce1c6d5.css      0.23 KiB         0.15 KiB
  dist/css/settings-in-maintenance.ef200    0.22 KiB         0.15 KiB
  bda.css
  dist/css/dashboard-screen~utilities-sc    0.18 KiB         0.12 KiB
  reen.de4ccf28.css
  dist/css/chunk-51e32235.e14f1a69.css      0.11 KiB         0.09 KiB
  dist/css/chunk-86e2282c.e14f1a69.css      0.11 KiB         0.09 KiB
  dist/css/chunk-764d722c.736eb056.css      0.05 KiB         0.07 KiB
  dist/css/chunk-c00805f6.d6557951.css      0.05 KiB         0.07 KiB

  Images and other types of assets omitted.

 DONE  Build complete. The dist directory is ready to be deployed.
 INFO  Check out deployment instructions at https://cli.vuejs.org/guide/deployment.html
      
section_end:1609956314:step_script[0Ksection_start:1609956314:archive_cache[0K[0K[36;1mSaving cache for successful job[0;m
[0;m[32;1mCreating cache v0-92-11...[0;m
dist/: found 473 matching files and directories   [0;m 
node_modules/: found 105969 matching files and directories[0;m 
Uploading cache.zip to https://is-gitlab-runners-cache.s3.dualstack.eu-west-1.amazonaws.com/project/20143087/v0-92-11[0;m 
[32;1mCreated cache[0;m
section_end:1609956384:archive_cache[0Ksection_start:1609956384:cleanup_file_variables[0K[0K[36;1mCleaning up file based variables[0;m
[0;msection_end:1609956384:cleanup_file_variables[0K[32;1mJob succeeded
[0;m