[0KRunning with gitlab-runner 13.7.0 (943fc252)
[0;m[0K  on Web Core Client - Tests- docker+machine Gu_oFDiR
[0;msection_start:1611662526:prepare_executor[0K[0K[36;1mPreparing the "docker+machine" executor[0;m
[0;m[0KUsing Docker executor with image node:12.16.1 ...
[0;m[0KPulling docker image node:12.16.1 ...
[0;m[0KUsing docker image sha256:88c089733a3b980b3517e8e2e8afa46b338f69d7562550cb3c2e9fd852a2fbac for node:12.16.1 with digest node@sha256:46f4c17e1edbde36d60a9f6362db7912cfe301bac89afef7cc92421ab3e7ca18 ...
[0;msection_end:1611662528:prepare_executor[0Ksection_start:1611662528:prepare_script[0K[0K[36;1mPreparing environment[0;m
[0;mRunning on runner-guofdir-project-20143087-concurrent-0 via runner-guofdir-IS-Pipeline-gitlab-runner-1611661831-c373b5d6...
section_end:1611662529:prepare_script[0Ksection_start:1611662529:get_sources[0K[0K[36;1mGetting source from Git repository[0;m
[0;m[32;1mFetching changes with git depth set to 1...[0;m
Initialized empty Git repository in /builds/infraspeak/web/web-core-client/.git/
[32;1mCreated fresh repository.[0;m
[32;1mChecking out 44d76eef as v0.93.3...[0;m

[32;1mSkipping Git submodules setup[0;m
section_end:1611662532:get_sources[0Ksection_start:1611662532:restore_cache[0K[0K[36;1mRestoring cache[0;m
[0;m[32;1mChecking cache for v0-93-3...[0;m
Downloading cache.zip from https://is-gitlab-runners-cache.s3.dualstack.eu-west-1.amazonaws.com/project/20143087/v0-93-3[0;m 
[32;1mSuccessfully extracted cache[0;m
section_end:1611662566:restore_cache[0Ksection_start:1611662566:step_script[0K[0K[36;1mExecuting "step_script" stage of the job script[0;m
[0;m[32;1m$ npm run build-production[0;m

> infraspeak-web-core-client@0.93.0 build-production /builds/infraspeak/web/web-core-client
> vue-cli-service build --mode production --dest dist


-  Building for production...
Starting type checking service...
Using 1 worker with 2048MB memory limit
 WARNING  Compiled with 13 warnings12:08:31 PM

Module Warning (from ./node_modules/eslint-loader/index.js):
error: Unexpected console statement (no-console) at src/components/chart/analytic/ChartAnalytic.vue:249:25:
  247 |                         this.isLoadingData = false
  248 | 
> 249 |                         console.error('error getting data: ', error)
      |                         ^
  250 |                     })
  251 |             }
  252 | 


error: Unexpected console statement (no-console) at src/components/chart/analytic/ChartAnalytic.vue:329:29:
  327 |                         })
  328 |                         .catch(error => {
> 329 |                             console.error('error exporting data: ', error)
      |                             ^
  330 |                         })
  331 |                         .finally(progressNoty.close)
  332 | 


2 errors found.

Module Warning (from ./node_modules/eslint-loader/index.js):
warning: `<template>` require directive (vue/no-lone-template) at src/components/side-dialog/clients-reports/SideDialogClientsReports.vue:6:9:
  4 |         size="small"
  5 |         @close="$refs.actionButtons.cancel()">
> 6 |         <template>
    |         ^
  7 |             <el-form
  8 |                 ref="form"
  9 |                 :model="form">


1 warning found.

You may use special comments to disable some warnings.
Use // eslint-disable-next-line to ignore the next line.
Use /* eslint-disable */ to ignore all warnings in a file.
 warning  in ./src/helpers/download.helper.ts

Module Warning (from ./node_modules/thread-loader/dist/cjs.js):

/builds/infraspeak/web/web-core-client/src/helpers/download.helper.ts
  27:21  error  Unexpected console statement  no-console

✖ 1 problem (1 error, 0 warnings)


 @ ./node_modules/cache-loader/dist/cjs.js??ref--14-0!./node_modules/thread-loader/dist/cjs.js!./node_modules/babel-loader/lib!./node_modules/ts-loader??ref--14-3!./node_modules/cache-loader/dist/cjs.js??ref--0-0!./node_modules/vue-loader/lib??vue-loader-options!./src/components/modal/report-preview/ModalReportPreview.vue?vue&type=script&lang=ts& 20:0-57 105:8-20
 @ ./src/components/modal/report-preview/ModalReportPreview.vue?vue&type=script&lang=ts&
 @ ./src/components/modal/report-preview/ModalReportPreview.vue
 @ ./node_modules/cache-loader/dist/cjs.js??ref--14-0!./node_modules/thread-loader/dist/cjs.js!./node_modules/babel-loader/lib!./node_modules/ts-loader??ref--14-3!./node_modules/cache-loader/dist/cjs.js??ref--0-0!./node_modules/vue-loader/lib??vue-loader-options!./src/views/home/ScreenHome.vue?vue&type=script&lang=ts&
 @ ./src/views/home/ScreenHome.vue?vue&type=script&lang=ts&
 @ ./src/views/home/ScreenHome.vue
 @ ./src/plugins/vue-router/router.plugin.ts
 @ ./src/main.ts
 @ multi ./src/main.ts

 warning  in ./src/models/Base.transformer.ts

Module Warning (from ./node_modules/thread-loader/dist/cjs.js):

/builds/infraspeak/web/web-core-client/src/models/Base.transformer.ts
  100:17  error  Unexpected console statement  no-console
  116:9   error  Unexpected console statement  no-console

✖ 2 problems (2 errors, 0 warnings)


 @ ./src/models/extension/transformers/Extension.transformer.v3.ts 8:0-60 69:2-17
 @ ./src/api/extension.api.ts
 @ ./src/store/root/RootStore.ts
 @ ./src/store/index.ts
 @ ./src/main.ts
 @ multi ./src/main.ts

 warning  in ./src/store/root/RootStore.ts

Module Warning (from ./node_modules/thread-loader/dist/cjs.js):

/builds/infraspeak/web/web-core-client/src/store/root/RootStore.ts
  262:17  error  Unexpected console statement  no-console

✖ 1 problem (1 error, 0 warnings)


 @ ./src/store/index.ts 4:0-45 38:3-12
 @ ./src/main.ts
 @ multi ./src/main.ts

 warning  

chunk chunk-0c1b95ce [mini-css-extract-plugin]
Conflicting order. Following module has been added:
 * css ./node_modules/css-loader/dist/cjs.js??ref--8-oneOf-1-1!./node_modules/vue-loader/lib/loaders/stylePostLoader.js!./node_modules/postcss-loader/src??ref--8-oneOf-1-2!./node_modules/sass-loader/dist/cjs.js??ref--8-oneOf-1-3!./node_modules/cache-loader/dist/cjs.js??ref--0-0!./node_modules/vue-loader/lib??vue-loader-options!./src/components/tag/file/TagFile.vue?vue&type=style&index=0&id=0f740e49&lang=scss&scoped=true&
despite it was not able to fulfill desired ordering with these modules:
 * css ./node_modules/css-loader/dist/cjs.js??ref--8-oneOf-1-1!./node_modules/vue-loader/lib/loaders/stylePostLoader.js!./node_modules/postcss-loader/src??ref--8-oneOf-1-2!./node_modules/sass-loader/dist/cjs.js??ref--8-oneOf-1-3!./node_modules/cache-loader/dist/cjs.js??ref--0-0!./node_modules/vue-loader/lib??vue-loader-options!./src/components/common/field/IsField.vue?vue&type=style&index=0&lang=scss&
   - couldn't fulfill desired order of chunk group(s) failures-screen, sales-screen, sales-quotes, purchases-screen, , , , , 
   - while fulfilling desired order of chunk group(s) assets-screen, scheduled-works-screen, , 
 * css ./node_modules/css-loader/dist/cjs.js??ref--8-oneOf-1-1!./node_modules/vue-loader/lib/loaders/stylePostLoader.js!./node_modules/postcss-loader/src??ref--8-oneOf-1-2!./node_modules/sass-loader/dist/cjs.js??ref--8-oneOf-1-3!./node_modules/cache-loader/dist/cjs.js??ref--0-0!./node_modules/vue-loader/lib??vue-loader-options!./src/components/common/card-collapse/IsCardCollapse.vue?vue&type=style&index=0&lang=scss&
   - couldn't fulfill desired order of chunk group(s) assets-screen, , 
   - while fulfilling desired order of chunk group(s) failures-screen, sales-screen, sales-quotes, scheduled-works-screen, purchases-screen, , , , , 

 warning  

chunk chunk-0c1b95ce [mini-css-extract-plugin]
Conflicting order. Following module has been added:
 * css ./node_modules/css-loader/dist/cjs.js??ref--8-oneOf-1-1!./node_modules/vue-loader/lib/loaders/stylePostLoader.js!./node_modules/postcss-loader/src??ref--8-oneOf-1-2!./node_modules/sass-loader/dist/cjs.js??ref--8-oneOf-1-3!./node_modules/cache-loader/dist/cjs.js??ref--0-0!./node_modules/vue-loader/lib??vue-loader-options!./src/components/common/field/IsField.vue?vue&type=style&index=0&lang=scss&
despite it was not able to fulfill desired ordering with these modules:
 * css ./node_modules/css-loader/dist/cjs.js??ref--8-oneOf-1-1!./node_modules/vue-loader/lib/loaders/stylePostLoader.js!./node_modules/postcss-loader/src??ref--8-oneOf-1-2!./node_modules/sass-loader/dist/cjs.js??ref--8-oneOf-1-3!./node_modules/cache-loader/dist/cjs.js??ref--0-0!./node_modules/vue-loader/lib??vue-loader-options!./src/components/card/file/CardFile.vue?vue&type=style&index=0&lang=scss&
   - couldn't fulfill desired order of chunk group(s) assets-screen, scheduled-works-screen, , 
   - while fulfilling desired order of chunk group(s) failures-screen, sales-screen, sales-quotes, purchases-screen, , , , , 
 * css ./node_modules/css-loader/dist/cjs.js??ref--8-oneOf-1-1!./node_modules/vue-loader/lib/loaders/stylePostLoader.js!./node_modules/postcss-loader/src??ref--8-oneOf-1-2!./node_modules/sass-loader/dist/cjs.js??ref--8-oneOf-1-3!./node_modules/cache-loader/dist/cjs.js??ref--0-0!./node_modules/vue-loader/lib??vue-loader-options!./src/components/common/card-collapse/IsCardCollapse.vue?vue&type=style&index=0&lang=scss&
   - couldn't fulfill desired order of chunk group(s) assets-screen, scheduled-works-screen, , 
   - while fulfilling desired order of chunk group(s) failures-screen, sales-screen, sales-quotes, purchases-screen, , , , , 

 warning  

chunk chunk-0c1b95ce [mini-css-extract-plugin]
Conflicting order. Following module has been added:
 * css ./node_modules/css-loader/dist/cjs.js??ref--8-oneOf-1-1!./node_modules/vue-loader/lib/loaders/stylePostLoader.js!./node_modules/postcss-loader/src??ref--8-oneOf-1-2!./node_modules/sass-loader/dist/cjs.js??ref--8-oneOf-1-3!./node_modules/cache-loader/dist/cjs.js??ref--0-0!./node_modules/vue-loader/lib??vue-loader-options!./src/components/card/file/CardFile.vue?vue&type=style&index=0&lang=scss&
despite it was not able to fulfill desired ordering with these modules:
 * css ./node_modules/css-loader/dist/cjs.js??ref--8-oneOf-1-1!./node_modules/vue-loader/lib/loaders/stylePostLoader.js!./node_modules/postcss-loader/src??ref--8-oneOf-1-2!./node_modules/sass-loader/dist/cjs.js??ref--8-oneOf-1-3!./node_modules/cache-loader/dist/cjs.js??ref--0-0!./node_modules/vue-loader/lib??vue-loader-options!./src/components/common/card-collapse/IsCardCollapse.vue?vue&type=style&index=0&lang=scss&
   - couldn't fulfill desired order of chunk group(s) assets-screen, , 
   - while fulfilling desired order of chunk group(s) failures-screen, sales-screen, sales-quotes, scheduled-works-screen, purchases-screen, , , , , 

 warning  

chunk chunk-2a904ca0 [mini-css-extract-plugin]
Conflicting order. Following module has been added:
 * css ./node_modules/css-loader/dist/cjs.js??ref--8-oneOf-1-1!./node_modules/vue-loader/lib/loaders/stylePostLoader.js!./node_modules/postcss-loader/src??ref--8-oneOf-1-2!./node_modules/sass-loader/dist/cjs.js??ref--8-oneOf-1-3!./node_modules/cache-loader/dist/cjs.js??ref--0-0!./node_modules/vue-loader/lib??vue-loader-options!./src/components/common/tag/squircle/IsTagSquircle.vue?vue&type=style&index=0&lang=scss&
despite it was not able to fulfill desired ordering with these modules:
 * css ./node_modules/css-loader/dist/cjs.js??ref--8-oneOf-1-1!./node_modules/vue-loader/lib/loaders/stylePostLoader.js!./node_modules/postcss-loader/src??ref--8-oneOf-1-2!./node_modules/sass-loader/dist/cjs.js??ref--8-oneOf-1-3!./node_modules/cache-loader/dist/cjs.js??ref--0-0!./node_modules/vue-loader/lib??vue-loader-options!./src/components/common/tag/popover/IsTagPopover.vue?vue&type=style&index=0&lang=scss&
   - couldn't fulfill desired order of chunk group(s) failures-screen, sales-screen, sales-quotes, assets-screen, planner-screen, purchases-screen, , , , , , , , , , , , , , 
   - while fulfilling desired order of chunk group(s) scheduled-works-screen, , 

 warning  

chunk chunk-2a904ca0 [mini-css-extract-plugin]
Conflicting order. Following module has been added:
 * css ./node_modules/css-loader/dist/cjs.js??ref--8-oneOf-1-1!./node_modules/vue-loader/lib/loaders/stylePostLoader.js!./node_modules/postcss-loader/src??ref--8-oneOf-1-2!./node_modules/sass-loader/dist/cjs.js??ref--8-oneOf-1-3!./node_modules/cache-loader/dist/cjs.js??ref--0-0!./node_modules/vue-loader/lib??vue-loader-options!./src/components/common/tag/popover/IsTagPopover.vue?vue&type=style&index=0&lang=scss&
despite it was not able to fulfill desired ordering with these modules:
 * css ./node_modules/css-loader/dist/cjs.js??ref--8-oneOf-1-1!./node_modules/vue-loader/lib/loaders/stylePostLoader.js!./node_modules/postcss-loader/src??ref--8-oneOf-1-2!./node_modules/sass-loader/dist/cjs.js??ref--8-oneOf-1-3!./node_modules/cache-loader/dist/cjs.js??ref--0-0!./node_modules/vue-loader/lib??vue-loader-options!./src/components/common/select/IsSelect.vue?vue&type=style&index=0&lang=scss&
   - couldn't fulfill desired order of chunk group(s) scheduled-works-screen, 
   - while fulfilling desired order of chunk group(s) failures-screen, sales-screen, sales-quotes, assets-screen, planner-screen, purchases-screen, , , , , , , , , , , , , , , 

 warning  

chunk chunk-66b5bea2 [mini-css-extract-plugin]
Conflicting order. Following module has been added:
 * css ./node_modules/css-loader/dist/cjs.js??ref--8-oneOf-1-1!./node_modules/vue-loader/lib/loaders/stylePostLoader.js!./node_modules/postcss-loader/src??ref--8-oneOf-1-2!./node_modules/sass-loader/dist/cjs.js??ref--8-oneOf-1-3!./node_modules/cache-loader/dist/cjs.js??ref--0-0!./node_modules/vue-loader/lib??vue-loader-options!./src/components/common/action-buttons/IsActionButtons.vue?vue&type=style&index=0&id=2dcba52c&lang=scss&scoped=true&
despite it was not able to fulfill desired ordering with these modules:
 * css ./node_modules/css-loader/dist/cjs.js??ref--8-oneOf-1-1!./node_modules/vue-loader/lib/loaders/stylePostLoader.js!./node_modules/postcss-loader/src??ref--8-oneOf-1-2!./node_modules/sass-loader/dist/cjs.js??ref--8-oneOf-1-3!./node_modules/cache-loader/dist/cjs.js??ref--0-0!./node_modules/vue-loader/lib??vue-loader-options!./src/components/common/tree/IsTree.vue?vue&type=style&index=0&lang=scss&
   - couldn't fulfill desired order of chunk group(s) 
   - while fulfilling desired order of chunk group(s) , , , , , 

 warning  

asset size limit: The following asset(s) exceed the recommended size limit (244 KiB).
This can impact web performance.
Assets: 
  fonts/fa-light-300.1980e028.eot (484 KiB)
  fonts/fa-light-300.f056755c.woff (247 KiB)
  fonts/fa-light-300.5bdaa858.ttf (483 KiB)
  fonts/fa-solid-900.eb397dfa.eot (379 KiB)
  fonts/fa-solid-900.ba008862.ttf (378 KiB)
  img/fa-solid-900.bb8ecec4.svg (1.7 MiB)
  img/fa-light-300.4433b4f4.svg (2.31 MiB)
  css/app.1eeee101.css (374 KiB)
  js/app.ec162c2b.js (391 KiB)
  js/assets-screen.b19fea06.js (1.23 MiB)
  js/chunk-18ad4df5.1c81876e.js (930 KiB)
  js/chunk-86427388.7f077caa.js (1.14 MiB)
  js/chunk-cd58b82e.90d14c10.js (378 KiB)
  js/chunk-vendors.9fad4437.js (1.87 MiB)
  js/dashboard-screen.894bb2fe.js (1.28 MiB)
  js/failures-screen.90ae8c5a.js (320 KiB)
  js/sales-quotes.05cdaf9b.js (286 KiB)
  js/sales-screen.eae356a6.js (310 KiB)
  js/scheduled-works-screen.316ab302.js (531 KiB)
  js/utilities-screen.56a27330.js (920 KiB)

 warning  

entrypoint size limit: The following entrypoint(s) combined asset size exceeds the recommended limit (244 KiB). This can impact web performance.
Entrypoints:
  app (2.62 MiB)
      css/chunk-vendors.b7d36435.css
      js/chunk-vendors.9fad4437.js
      css/app.1eeee101.css
      js/app.ec162c2b.js


  File                                      Size             Gzipped

  dist/js/chunk-vendors.9fad4437.js         1913.44 KiB      531.50 KiB
  dist/js/dashboard-screen.894bb2fe.js      1314.02 KiB      424.87 KiB
  dist/js/assets-screen.b19fea06.js         1264.32 KiB      403.06 KiB
  dist/js/chunk-86427388.7f077caa.js        1172.46 KiB      380.35 KiB
  dist/js/chunk-18ad4df5.1c81876e.js        930.45 KiB       415.84 KiB
  dist/js/utilities-screen.56a27330.js      920.04 KiB       311.05 KiB
  dist/js/scheduled-works-screen.316ab30    531.45 KiB       101.69 KiB
  2.js
  dist/js/app.ec162c2b.js                   391.37 KiB       76.61 KiB
  dist/js/chunk-cd58b82e.90d14c10.js        377.66 KiB       70.32 KiB
  dist/js/failures-screen.90ae8c5a.js       320.32 KiB       61.82 KiB
  dist/js/sales-screen.eae356a6.js          309.95 KiB       62.06 KiB
  dist/js/sales-quotes.05cdaf9b.js          285.66 KiB       54.49 KiB
  dist/js/purchases-screen.4432569d.js      232.42 KiB       46.36 KiB
  dist/js/chunk-bce02d8e.28d90bc9.js        229.94 KiB       42.84 KiB
  dist/js/chunk-0fbbe637.07fadd4a.js        225.10 KiB       43.48 KiB
  dist/js/chunk-61b7a0ad.bf1d1e80.js        197.00 KiB       35.84 KiB
  dist/js/chunk-c0a2dc74.3c26a9f5.js        168.46 KiB       32.59 KiB
  dist/js/home-screen.349c84c1.js           159.75 KiB       29.08 KiB
  dist/js/chunk-63a1d121.0bb6c0c8.js        154.15 KiB       29.69 KiB
  dist/js/planner-screen.d1110a0d.js        152.98 KiB       30.44 KiB
  dist/js/chunk-4486c5a2.0e7a5560.js        131.80 KiB       36.96 KiB
  dist/js/chunk-3b788f7b.b9e90805.js        86.20 KiB        15.67 KiB
  dist/js/chunk-12367d24.f1bf43d9.js        66.16 KiB        13.77 KiB
  dist/js/chunk-6b224221.ab48be88.js        61.07 KiB        13.69 KiB
  dist/js/client-prices-old-cms-screen.7    60.86 KiB        13.76 KiB
  9c8b33f.js
  dist/js/chunk-7d725c88.cd6261d6.js        56.10 KiB        12.18 KiB
  dist/js/chunk-6105c39a.f4141b11.js        52.40 KiB        11.27 KiB
  dist/js/utility-types-management-scree    49.04 KiB        9.74 KiB
  n.af4777f2.js
  dist/js/webhooks-management-screen.489    46.10 KiB        10.49 KiB
  336aa.js
  dist/js/chunk-5917aee6.6e41f938.js        45.00 KiB        9.99 KiB
  dist/js/chunk-06cca24f.b2f72008.js        44.27 KiB        9.83 KiB
  dist/js/personal-access-tokens-managem    43.92 KiB        9.59 KiB
  ent-screen.3d0ada45.js
  dist/js/chunk-c59649ea.b026d222.js        43.85 KiB        10.06 KiB
  dist/js/webhook-logs-management-screen    43.42 KiB        9.93 KiB
  .b6702dee.js
  dist/js/chunk-1aa397d0.9eb66c4c.js        41.16 KiB        9.41 KiB
  dist/js/iot-management-screen.b2e42d02    40.03 KiB        8.60 KiB
  .js
  dist/js/chunk-689eb5c9.f904b625.js        39.95 KiB        8.94 KiB
  dist/js/gatekeeper-screen.7bc9cbfb.js     38.89 KiB        9.10 KiB
  dist/js/chunk-4c78ca10.e6410a4c.js        38.59 KiB        8.55 KiB
  dist/js/chunk-07283c6a.0a2d6e56.js        38.45 KiB        8.87 KiB
  dist/js/cost-center-management-screen.    37.67 KiB        8.25 KiB
  686ae64b.js
  dist/js/chunk-3d3852f5.24a6ffe8.js        36.73 KiB        9.20 KiB
  dist/js/chunk-74403f67.da490997.js        36.41 KiB        9.11 KiB
  dist/js/analytics-screen.701ff426.js      36.30 KiB        8.06 KiB
  dist/js/chunk-3ad5b3eb.c9e26b5e.js        35.74 KiB        8.07 KiB
  dist/js/chunk-773b74ae.c485e1d1.js        35.60 KiB        8.36 KiB
  dist/js/chunk-04e56ccc.78967add.js        35.26 KiB        8.78 KiB
  dist/js/home-screen~planner-screen.b10    35.17 KiB        7.49 KiB
  4d4a6.js
  dist/js/chunk-282a3f2f.979bd7d3.js        33.87 KiB        8.02 KiB
  dist/js/chunk-11b294ce.54157249.js        33.16 KiB        7.96 KiB
  dist/js/chunk-0d67be38.48ed6821.js        31.59 KiB        6.79 KiB
  dist/js/welcome-screen.651790ac.js        31.08 KiB        6.81 KiB
  dist/js/settings-screen.08f4f3a1.js       30.37 KiB        6.22 KiB
  dist/js/chunk-a30d5e00.2b9c49ed.js        29.02 KiB        6.17 KiB
  dist/js/old-cms-screen.3bd0ffab.js        28.75 KiB        7.47 KiB
  dist/precache-manifest.87a7135519e4c10    28.57 KiB        7.08 KiB
  e72ec5a52c949d24b.js
  dist/js/chunk-06d8447d.612d26b1.js        28.12 KiB        6.80 KiB
  dist/js/chunk-f888fec0.d37b39b5.js        26.66 KiB        6.62 KiB
  dist/js/chunk-3d2e91e2.03fb48dd.js        26.30 KiB        6.50 KiB
  dist/js/chunk-3d4f720c.4a4e5870.js        25.36 KiB        5.74 KiB
  dist/js/chunk-12895fc6.55e70681.js        23.85 KiB        5.04 KiB
  dist/js/chunk-4f487265.3df50ec7.js        22.76 KiB        6.15 KiB
  dist/js/chunk-4036b492.7d767965.js        22.73 KiB        5.59 KiB
  dist/js/chunk-4c417638.18c94c2e.js        22.22 KiB        4.55 KiB
  dist/js/chunk-25d9c1b6.b51f2c4a.js        21.69 KiB        5.55 KiB
  dist/js/chunk-65b54d69.49b2f387.js        20.96 KiB        5.51 KiB
  dist/js/chunk-7883eeca.8c85d71a.js        19.35 KiB        4.61 KiB
  dist/js/chunk-d79d18fe.bc9243fc.js        18.72 KiB        6.92 KiB
  dist/js/hub-apps~hub-screen.d1aefb65.j    18.56 KiB        5.24 KiB
  s
  dist/js/chunk-2a904ca0.9a249356.js        18.17 KiB        5.04 KiB
  dist/js/chunk-0c1b95ce.1a9637a6.js        17.55 KiB        4.37 KiB
  dist/js/integrations-management-screen    16.42 KiB        4.20 KiB
  .b8443a50.js
  dist/js/chunk-23b557d9.911083fc.js        16.19 KiB        4.51 KiB
  dist/js/chunk-0ca3a491.a632d0f9.js        15.54 KiB        3.80 KiB
  dist/js/chunk-66b5bea2.9c086c2e.js        15.41 KiB        3.55 KiB
  dist/js/chunk-1229fa4c.bb32389f.js        15.23 KiB        4.57 KiB
  dist/js/chunk-b2907c3e.e1f1ab15.js        14.95 KiB        3.42 KiB
  dist/js/dashboard-screen~home-screen~p    14.60 KiB        4.52 KiB
  lanner-screen.b02870dd.js
  dist/js/chunk-104f7d1f.b6ccb21f.js        14.38 KiB        3.17 KiB
  dist/js/assets-screen~cost-center-mana    14.38 KiB        4.49 KiB
  gement-screen~failures-screen~gatekeep
  er-screen~personal-access-tokens~bb65b
  e9d.7fc187b8.js
  dist/js/chunk-7b987caa.b00d20d8.js        13.79 KiB        3.20 KiB
  dist/js/chunk-e8385d18.ab1ca9b4.js        13.60 KiB        3.43 KiB
  dist/js/chunk-091d813e.52ae8da0.js        13.18 KiB        3.77 KiB
  dist/js/chunk-18c6143e.74056a33.js        13.13 KiB        3.60 KiB
  dist/js/chunk-6666581b.3e3b3a38.js        13.07 KiB        3.12 KiB
  dist/js/chunk-813d24de.4d611b36.js        12.42 KiB        3.88 KiB
  dist/js/chunk-20acba4a.17113007.js        10.81 KiB        3.54 KiB
  dist/js/hub-screen.3e08f1f3.js            10.55 KiB        2.91 KiB
  dist/js/hub-apps.1ddbaed0.js              10.48 KiB        2.88 KiB
  dist/js/welcome-whats-new.0bc64c07.js     10.40 KiB        2.79 KiB
  dist/js/account-blocked.ea291759.js       10.25 KiB        3.81 KiB
  dist/js/chunk-2bf791cc.f2f2a75d.js        9.57 KiB         3.29 KiB
  dist/js/chunk-23982f8a.016b33de.js        8.62 KiB         2.76 KiB
  dist/js/chunk-a4692d46.972e619e.js        8.11 KiB         2.76 KiB
  dist/js/chunk-5b653a01.c49a97d2.js        7.79 KiB         2.70 KiB
  dist/js/chunk-4a08f971.30770d8e.js        6.03 KiB         1.70 KiB
  dist/js/chunk-1d8a3259.2959100a.js        6.01 KiB         1.69 KiB
  dist/js/chunk-61bb3ffe.00645c34.js        5.68 KiB         1.88 KiB
  dist/js/chunk-6d5961ae.2abc08f5.js        4.24 KiB         1.87 KiB
  dist/js/chunk-aae61cec.27608a18.js        4.05 KiB         1.52 KiB
  dist/js/chunk-2d0d8057.3c3ed904.js        3.53 KiB         1.23 KiB
  dist/js/settings-page-not-found.a51e31    3.46 KiB         1.56 KiB
  57.js
  dist/basic.js                             3.36 KiB         1.05 KiB
  dist/js/chunk-2d212ff2.6629aa81.js        3.05 KiB         1.17 KiB
  dist/js/chunk-2d2261a8.da626f13.js        3.02 KiB         1.24 KiB
  dist/js/chunk-2d0b1be8.d9984fd0.js        2.99 KiB         1.16 KiB
  dist/js/chunk-2d0e91af.ad0f37a9.js        2.69 KiB         1.18 KiB
  dist/js/chunk-2d0e1dae.cdc5bfc6.js        2.67 KiB         1.22 KiB
  dist/js/chunk-2d0e4a7c.6b07ec80.js        2.65 KiB         1.19 KiB
  dist/js/chunk-2d0ce796.5f2a3efe.js        2.57 KiB         1.20 KiB
  dist/js/chunk-2d0db486.34bed1c2.js        2.55 KiB         1.19 KiB
  dist/js/chunk-2d21b27e.07be6566.js        2.54 KiB         1.13 KiB
  dist/js/chunk-421f3692.e4b72745.js        2.53 KiB         0.96 KiB
  dist/js/chunk-2d229616.f7ca2457.js        2.52 KiB         1.17 KiB
  dist/js/chunk-2d228e49.d768461f.js        2.46 KiB         1.11 KiB
  dist/js/chunk-2d22d238.2e039c12.js        2.45 KiB         1.15 KiB
  dist/js/chunk-2d0b2213.6a128350.js        2.43 KiB         1.07 KiB
  dist/js/chunk-7f881f28.4fac1ee6.js        2.42 KiB         1.03 KiB
  dist/js/chunk-2d0da6ab.74241921.js        2.24 KiB         1.09 KiB
  dist/js/chunk-2d0d622d.38de996c.js        2.18 KiB         1.01 KiB
  dist/js/chunk-2d0cba55.e7d6e534.js        2.12 KiB         1.04 KiB
  dist/js/chunk-f50c655a.845d14c7.js        2.05 KiB         0.90 KiB
  dist/js/chunk-2d0f0dec.d782f997.js        2.03 KiB         1.01 KiB
  dist/js/chunk-2d216de6.77705d1b.js        2.01 KiB         1.06 KiB
  dist/js/chunk-2d2132bb.b65fbc8c.js        2.01 KiB         0.97 KiB
  dist/js/chunk-2d0b2ee7.2a81427c.js        2.00 KiB         1.05 KiB
  dist/js/chunk-2d0cf17f.e3785b20.js        1.99 KiB         1.03 KiB
  dist/js/chunk-2d0bdb3c.439f6ea8.js        1.98 KiB         1.01 KiB
  dist/js/chunk-2d237f33.2a8c2cae.js        1.98 KiB         1.04 KiB
  dist/js/chunk-2d0e26c3.1dbaca88.js        1.98 KiB         1.01 KiB
  dist/js/chunk-2d2259d8.83888308.js        1.97 KiB         0.98 KiB
  dist/js/chunk-2d0d70e6.c3640bf9.js        1.96 KiB         1.01 KiB
  dist/js/chunk-2d0ea0ba.3e43d6b9.js        1.96 KiB         1.02 KiB
  dist/js/chunk-2d0d6a95.3d883ea9.js        1.95 KiB         0.96 KiB
  dist/js/chunk-2d0cca32.2bac9c9b.js        1.95 KiB         0.95 KiB
  dist/js/chunk-2d0d03e8.594e85b0.js        1.95 KiB         0.96 KiB
  dist/js/chunk-2d0d70c6.67724bf1.js        1.95 KiB         0.99 KiB
  dist/js/chunk-2d0c575a.9770dc11.js        1.95 KiB         0.97 KiB
  dist/js/chunk-2d0e9ba2.c8755efe.js        1.94 KiB         0.97 KiB
  dist/js/chunk-2d0b9447.463d5376.js        1.93 KiB         0.95 KiB
  dist/js/chunk-2d0a45e0.4ae886a3.js        1.92 KiB         0.95 KiB
  dist/js/chunk-2d217af6.ab91f521.js        1.92 KiB         1.05 KiB
  dist/js/chunk-2d0b23c4.8daecc20.js        1.91 KiB         0.97 KiB
  dist/js/chunk-2d2107bd.2b521a96.js        1.91 KiB         0.96 KiB
  dist/js/chunk-2d22e165.96d5bfa2.js        1.91 KiB         0.95 KiB
  dist/js/chunk-2d20f204.6b3c5220.js        1.90 KiB         1.00 KiB
  dist/js/chunk-2d21a5d7.22ef6e49.js        1.90 KiB         0.95 KiB
  dist/js/chunk-2d0e57ff.3ecd9637.js        1.90 KiB         0.93 KiB
  dist/js/chunk-2d2288f4.b828a075.js        1.90 KiB         0.92 KiB
  dist/js/chunk-77215428.c7d3206c.js        1.89 KiB         0.99 KiB
  dist/js/chunk-2d0cbca7.f3384819.js        1.88 KiB         0.98 KiB
  dist/js/chunk-2d0d0f3c.81b63e6b.js        1.85 KiB         0.95 KiB
  dist/js/chunk-2d0d3ea6.e6f28ebc.js        1.84 KiB         0.96 KiB
  dist/js/chunk-2d0e5eb9.8665eff2.js        1.84 KiB         0.94 KiB
  dist/js/chunk-2d20e85d.6479021d.js        1.82 KiB         0.91 KiB
  dist/js/chunk-2d20f558.03553899.js        1.81 KiB         0.90 KiB
  dist/js/login-screen.3366ab89.js          1.74 KiB         0.83 KiB
  dist/service-worker.js                    1.06 KiB         0.62 KiB
  dist/js/settings-in-maintenance.4a3f57    0.97 KiB         0.49 KiB
  62.js
  dist/css/app.1eeee101.css                 373.92 KiB       60.91 KiB
  dist/css/scheduled-works-screen.cbb6aa    71.11 KiB        10.48 KiB
  31.css
  dist/css/chunk-cd58b82e.b0d926c5.css      58.17 KiB        8.46 KiB
  dist/css/assets-screen.d1b9aae5.css       49.57 KiB        8.00 KiB
  dist/css/dashboard-screen.68df4fd5.css    41.11 KiB        10.62 KiB
  dist/css/sales-screen.3a46291a.css        39.52 KiB        6.35 KiB
  dist/css/chunk-86427388.261609ee.css      37.65 KiB        6.22 KiB
  dist/css/failures-screen.17470601.css     37.46 KiB        6.09 KiB
  dist/css/purchases-screen.ca038377.css    35.00 KiB        5.43 KiB
  dist/css/sales-quotes.c970360d.css        29.44 KiB        5.07 KiB
  dist/css/chunk-0fbbe637.73813263.css      28.72 KiB        4.67 KiB
  dist/css/chunk-bce02d8e.410d900e.css      27.15 KiB        4.46 KiB
  dist/css/chunk-63a1d121.b8d684b9.css      26.87 KiB        4.14 KiB
  dist/css/chunk-c0a2dc74.02ed455b.css      24.35 KiB        3.84 KiB
  dist/css/chunk-18ad4df5.bfc2909d.css      24.18 KiB        4.28 KiB
  dist/css/planner-screen.cf70cf2e.css      21.99 KiB        3.98 KiB
  dist/css/chunk-61b7a0ad.6306d044.css      18.77 KiB        3.39 KiB
  dist/css/home-screen.e73ed919.css         18.47 KiB        3.31 KiB
  dist/css/utilities-screen.e6a0d359.css    17.23 KiB        3.00 KiB
  dist/css/chunk-4f487265.03d3a82d.css      16.00 KiB        2.74 KiB
  dist/css/chunk-06d8447d.98aeeecb.css      15.29 KiB        1.85 KiB
  dist/css/chunk-74403f67.00f9bd2b.css      15.02 KiB        2.71 KiB
  dist/css/welcome-screen.4d258227.css      14.76 KiB        1.75 KiB
  dist/css/webhook-logs-management-scree    13.62 KiB        2.62 KiB
  n.c43e6e4e.css
  dist/css/webhooks-management-screen.66    12.75 KiB        2.44 KiB
  dc5cbd.css
  dist/css/chunk-c59649ea.2fc50da9.css      12.50 KiB        2.41 KiB
  dist/css/chunk-12367d24.054e5208.css      12.29 KiB        2.19 KiB
  dist/css/utility-types-management-scre    12.06 KiB        2.31 KiB
  en.9e2bb343.css
  dist/css/chunk-06cca24f.25d25026.css      12.02 KiB        2.34 KiB
  dist/css/client-prices-old-cms-screen.    12.02 KiB        2.28 KiB
  70837329.css
  dist/css/chunk-4486c5a2.645f99e2.css      11.71 KiB        2.36 KiB
  dist/css/chunk-07283c6a.682d43ce.css      11.71 KiB        2.27 KiB
  dist/css/chunk-1aa397d0.58ac000a.css      11.65 KiB        2.28 KiB
  dist/css/chunk-773b74ae.94b3d05a.css      11.55 KiB        2.23 KiB
  dist/css/iot-management-screen.973fc65    11.44 KiB        2.08 KiB
  e.css
  dist/css/chunk-3d3852f5.85ca5c84.css      11.36 KiB        2.21 KiB
  dist/css/chunk-7d725c88.1836f193.css      11.36 KiB        2.13 KiB
  dist/css/chunk-6b224221.d5b67ba5.css      10.78 KiB        2.18 KiB
  dist/css/chunk-3b788f7b.05b9cf81.css      10.62 KiB        1.89 KiB
  dist/css/chunk-4c78ca10.2f4f7cc6.css      10.46 KiB        1.94 KiB
  dist/css/chunk-6105c39a.dff2040a.css      9.20 KiB         2.04 KiB
  dist/css/chunk-0c1b95ce.73e1820f.css      9.03 KiB         1.73 KiB
  dist/css/chunk-5917aee6.6b2ec715.css      8.84 KiB         1.87 KiB
  dist/css/chunk-3ad5b3eb.1440d81e.css      8.70 KiB         1.85 KiB
  dist/basic.css                            8.28 KiB         1.63 KiB
  dist/css/chunk-2a904ca0.dfaaf28a.css      8.08 KiB         1.57 KiB
  dist/css/hub-apps.9844812e.css            7.72 KiB         1.80 KiB
  dist/css/chunk-7b987caa.d7c045ed.css      7.54 KiB         1.54 KiB
  dist/css/settings-screen.abd8fbab.css     7.18 KiB         1.50 KiB
  dist/css/chunk-104f7d1f.3427f8eb.css      7.07 KiB         1.60 KiB
  dist/css/analytics-screen.833fb265.css    7.05 KiB         1.37 KiB
  dist/css/chunk-7883eeca.93279e2a.css      6.76 KiB         1.50 KiB
  dist/css/personal-access-tokens-manage    6.48 KiB         1.55 KiB
  ment-screen.e13a234c.css
  dist/css/welcome-whats-new.b2850f89.cs    5.81 KiB         1.51 KiB
  s
  dist/css/cost-center-management-screen    5.25 KiB         1.31 KiB
  .f028c7bf.css
  dist/css/hub-screen.4f04143e.css          5.16 KiB         1.32 KiB
  dist/css/gatekeeper-screen.912a12b6.cs    4.97 KiB         1.24 KiB
  s
  dist/css/chunk-689eb5c9.fe9f2bf8.css      4.93 KiB         1.24 KiB
  dist/css/chunk-04e56ccc.61755bf5.css      4.86 KiB         1.21 KiB
  dist/css/chunk-3d4f720c.164acfa3.css      4.82 KiB         1.12 KiB
  dist/css/chunk-11b294ce.c65011dc.css      4.71 KiB         1.17 KiB
  dist/css/chunk-282a3f2f.c65011dc.css      4.71 KiB         1.17 KiB
  dist/css/chunk-4036b492.2145d79f.css      4.14 KiB         1.02 KiB
  dist/css/assets-screen~cost-center-man    4.13 KiB         1.04 KiB
  agement-screen~failures-screen~gatekee
  per-screen~personal-access-tokens~bb65
  be9d.a17662e9.css
  dist/css/chunk-0d67be38.6f8f4945.css      4.12 KiB         1.01 KiB
  dist/css/chunk-3d2e91e2.9dbefa65.css      3.61 KiB         0.89 KiB
  dist/css/chunk-65b54d69.bee03889.css      3.61 KiB         0.89 KiB
  dist/css/chunk-f888fec0.9dbefa65.css      3.61 KiB         0.89 KiB
  dist/css/chunk-6666581b.ea6e4cc6.css      3.51 KiB         0.87 KiB
  dist/css/chunk-25d9c1b6.56911b4b.css      3.47 KiB         0.85 KiB
  dist/css/chunk-a30d5e00.e0bcf9fa.css      3.47 KiB         0.85 KiB
  dist/css/settings-page-not-found.741a6    3.46 KiB         0.58 KiB
  07e.css
  dist/css/chunk-18c6143e.685d06a1.css      3.42 KiB         0.90 KiB
  dist/css/chunk-vendors.b7d36435.css       3.37 KiB         0.66 KiB
  dist/css/chunk-23b557d9.6bfacdd2.css      3.37 KiB         0.86 KiB
  dist/css/chunk-4c417638.f6b48bda.css      3.13 KiB         0.80 KiB
  dist/css/chunk-12895fc6.df5da351.css      3.08 KiB         0.86 KiB
  dist/css/chunk-23982f8a.afc6d752.css      3.01 KiB         0.88 KiB
  dist/css/integrations-management-scree    2.99 KiB         0.78 KiB
  n.cda864ab.css
  dist/css/chunk-4a08f971.fb988400.css      2.22 KiB         0.62 KiB
  dist/css/chunk-61bb3ffe.4b367608.css      2.07 KiB         0.65 KiB
  dist/css/chunk-20acba4a.e0a7dc93.css      1.96 KiB         0.58 KiB
  dist/css/chunk-1d8a3259.402c21a8.css      1.82 KiB         0.52 KiB
  dist/css/dashboard-screen~home-screen~    1.67 KiB         0.57 KiB
  planner-screen.e93da536.css
  dist/css/chunk-2bf791cc.890d34f4.css      1.63 KiB         0.52 KiB
  dist/css/chunk-66b5bea2.d6bd846f.css      1.29 KiB         0.47 KiB
  dist/css/chunk-1229fa4c.ad3f94e8.css      1.25 KiB         0.47 KiB
  dist/css/chunk-813d24de.33ca3eba.css      1.25 KiB         0.47 KiB
  dist/css/hub-apps~hub-screen.59b86726.    1.06 KiB         0.41 KiB
  css
  dist/css/chunk-091d813e.cfcddede.css      0.92 KiB         0.33 KiB
  dist/css/account-blocked.df783ce2.css     0.82 KiB         0.34 KiB
  dist/css/chunk-0ca3a491.5a4a3b8a.css      0.58 KiB         0.19 KiB
  dist/css/old-cms-screen.879b229b.css      0.57 KiB         0.31 KiB
  dist/css/chunk-6d5961ae.b12ac32e.css      0.43 KiB         0.20 KiB
  dist/css/chunk-a4692d46.eb6b6e0e.css      0.36 KiB         0.18 KiB
  dist/css/chunk-5b653a01.8fa64d17.css      0.34 KiB         0.17 KiB
  dist/css/chunk-421f3692.3aba1420.css      0.26 KiB         0.17 KiB
  dist/css/chunk-e8385d18.1a1d508c.css      0.24 KiB         0.15 KiB
  dist/css/chunk-f50c655a.6ce1c6d5.css      0.23 KiB         0.15 KiB
  dist/css/settings-in-maintenance.ef200    0.22 KiB         0.15 KiB
  bda.css
  dist/css/chunk-7f881f28.2f279e35.css      0.05 KiB         0.07 KiB
  dist/css/chunk-aae61cec.d05d21d4.css      0.05 KiB         0.07 KiB

  Images and other types of assets omitted.

 DONE  Build complete. The dist directory is ready to be deployed.
 INFO  Check out deployment instructions at https://cli.vuejs.org/guide/deployment.html
      
section_end:1611662913:step_script[0Ksection_start:1611662913:archive_cache[0K[0K[36;1mSaving cache for successful job[0;m
[0;m[32;1mCreating cache v0-93-3...[0;m
dist/: found 481 matching files and directories   [0;m 
node_modules/: found 106043 matching files and directories[0;m 
Uploading cache.zip to https://is-gitlab-runners-cache.s3.dualstack.eu-west-1.amazonaws.com/project/20143087/v0-93-3[0;m 
[32;1mCreated cache[0;m
section_end:1611662991:archive_cache[0Ksection_start:1611662991:cleanup_file_variables[0K[0K[36;1mCleaning up file based variables[0;m
[0;msection_end:1611662992:cleanup_file_variables[0K[32;1mJob succeeded
[0;m